<testsuites id="" name="" tests="469" failures="469" skipped="0" errors="0" time="339.15988300000004">
<testsuite name="visual-regression/design-consistency.spec.ts" timestamp="2025-10-27T02:13:43.818Z" hostname="chromium" tests="67" failures="67" skipped="0" time="0.282" errors="0">
<testcase name="Visual Regression - Design Consistency › mobile-small (375x667) › Biometric Enrollment - matches design baseline" classname="visual-regression/design-consistency.spec.ts" time="0.004">
<failure message="design-consistency.spec.ts:59:9 Biometric Enrollment - matches design baseline" type="FAILURE">
<![CDATA[  [chromium] › visual-regression/design-consistency.spec.ts:59:9 › Visual Regression - Design Consistency › mobile-small (375x667) › Biometric Enrollment - matches design baseline 

    Error: browserType.launch: Executable doesn't exist at /home/codespace/.cache/ms-playwright/chromium_headless_shell-1194/chrome-linux/headless_shell
    ╔═════════════════════════════════════════════════════════════════════════╗
    ║ Looks like Playwright Test or Playwright was just installed or updated. ║
    ║ Please run the following command to download new browsers:              ║
    ║                                                                         ║
    ║     npx playwright install                                              ║
    ║                                                                         ║
    ║ <3 Playwright Team                                                      ║
    ╚═════════════════════════════════════════════════════════════════════════╝

    attachment #1: trace (application/zip) ─────────────────────────────────────────────────────────
    ../../test-results/visual-regression-design-c-2751f-t---matches-design-baseline-chromium/trace.zip
    Usage:

        npx playwright show-trace ../../test-results/visual-regression-design-c-2751f-t---matches-design-baseline-chromium/trace.zip

    ────────────────────────────────────────────────────────────────────────────────────────────────
]]>
</failure>
<system-out>
<![CDATA[
[[ATTACHMENT|visual-regression-design-c-2751f-t---matches-design-baseline-chromium/trace.zip]]
]]>
</system-out>
</testcase>
<testcase name="Visual Regression - Design Consistency › mobile-small (375x667) › Onboarding - matches design baseline" classname="visual-regression/design-consistency.spec.ts" time="0.004">
<failure message="design-consistency.spec.ts:59:9 Onboarding - matches design baseline" type="FAILURE">
<![CDATA[  [chromium] › visual-regression/design-consistency.spec.ts:59:9 › Visual Regression - Design Consistency › mobile-small (375x667) › Onboarding - matches design baseline 

    Error: browserType.launch: Executable doesn't exist at /home/codespace/.cache/ms-playwright/chromium_headless_shell-1194/chrome-linux/headless_shell
    ╔═════════════════════════════════════════════════════════════════════════╗
    ║ Looks like Playwright Test or Playwright was just installed or updated. ║
    ║ Please run the following command to download new browsers:              ║
    ║                                                                         ║
    ║     npx playwright install                                              ║
    ║                                                                         ║
    ║ <3 Playwright Team                                                      ║
    ╚═════════════════════════════════════════════════════════════════════════╝

    attachment #1: trace (application/zip) ─────────────────────────────────────────────────────────
    ../../test-results/visual-regression-design-c-afc69-g---matches-design-baseline-chromium/trace.zip
    Usage:

        npx playwright show-trace ../../test-results/visual-regression-design-c-afc69-g---matches-design-baseline-chromium/trace.zip

    ────────────────────────────────────────────────────────────────────────────────────────────────
]]>
</failure>
<system-out>
<![CDATA[
[[ATTACHMENT|visual-regression-design-c-afc69-g---matches-design-baseline-chromium/trace.zip]]
]]>
</system-out>
</testcase>
<testcase name="Visual Regression - Design Consistency › mobile-small (375x667) › Create Password - matches design baseline" classname="visual-regression/design-consistency.spec.ts" time="0.004">
<failure message="design-consistency.spec.ts:59:9 Create Password - matches design baseline" type="FAILURE">
<![CDATA[  [chromium] › visual-regression/design-consistency.spec.ts:59:9 › Visual Regression - Design Consistency › mobile-small (375x667) › Create Password - matches design baseline 

    Error: browserType.launch: Executable doesn't exist at /home/codespace/.cache/ms-playwright/chromium_headless_shell-1194/chrome-linux/headless_shell
    ╔═════════════════════════════════════════════════════════════════════════╗
    ║ Looks like Playwright Test or Playwright was just installed or updated. ║
    ║ Please run the following command to download new browsers:              ║
    ║                                                                         ║
    ║     npx playwright install                                              ║
    ║                                                                         ║
    ║ <3 Playwright Team                                                      ║
    ╚═════════════════════════════════════════════════════════════════════════╝

    attachment #1: trace (application/zip) ─────────────────────────────────────────────────────────
    ../../test-results/visual-regression-design-c-3e099-d---matches-design-baseline-chromium/trace.zip
    Usage:

        npx playwright show-trace ../../test-results/visual-regression-design-c-3e099-d---matches-design-baseline-chromium/trace.zip

    ────────────────────────────────────────────────────────────────────────────────────────────────
]]>
</failure>
<system-out>
<![CDATA[
[[ATTACHMENT|visual-regression-design-c-3e099-d---matches-design-baseline-chromium/trace.zip]]
]]>
</system-out>
</testcase>
<testcase name="Visual Regression - Design Consistency › mobile-small (375x667) › Setup Biometrics - matches design baseline" classname="visual-regression/design-consistency.spec.ts" time="0.004">
<failure message="design-consistency.spec.ts:59:9 Setup Biometrics - matches design baseline" type="FAILURE">
<![CDATA[  [chromium] › visual-regression/design-consistency.spec.ts:59:9 › Visual Regression - Design Consistency › mobile-small (375x667) › Setup Biometrics - matches design baseline 

    Error: browserType.launch: Executable doesn't exist at /home/codespace/.cache/ms-playwright/chromium_headless_shell-1194/chrome-linux/headless_shell
    ╔═════════════════════════════════════════════════════════════════════════╗
    ║ Looks like Playwright Test or Playwright was just installed or updated. ║
    ║ Please run the following command to download new browsers:              ║
    ║                                                                         ║
    ║     npx playwright install                                              ║
    ║                                                                         ║
    ║ <3 Playwright Team                                                      ║
    ╚═════════════════════════════════════════════════════════════════════════╝

    attachment #1: trace (application/zip) ─────────────────────────────────────────────────────────
    ../../test-results/visual-regression-design-c-eec72-s---matches-design-baseline-chromium/trace.zip
    Usage:

        npx playwright show-trace ../../test-results/visual-regression-design-c-eec72-s---matches-design-baseline-chromium/trace.zip

    ────────────────────────────────────────────────────────────────────────────────────────────────
]]>
</failure>
<system-out>
<![CDATA[
[[ATTACHMENT|visual-regression-design-c-eec72-s---matches-design-baseline-chromium/trace.zip]]
]]>
</system-out>
</testcase>
<testcase name="Visual Regression - Design Consistency › mobile-small (375x667) › Generate Seed Phrase - matches design baseline" classname="visual-regression/design-consistency.spec.ts" time="0.004">
<failure message="design-consistency.spec.ts:59:9 Generate Seed Phrase - matches design baseline" type="FAILURE">
<![CDATA[  [chromium] › visual-regression/design-consistency.spec.ts:59:9 › Visual Regression - Design Consistency › mobile-small (375x667) › Generate Seed Phrase - matches design baseline 

    Error: browserType.launch: Executable doesn't exist at /home/codespace/.cache/ms-playwright/chromium_headless_shell-1194/chrome-linux/headless_shell
    ╔═════════════════════════════════════════════════════════════════════════╗
    ║ Looks like Playwright Test or Playwright was just installed or updated. ║
    ║ Please run the following command to download new browsers:              ║
    ║                                                                         ║
    ║     npx playwright install                                              ║
    ║                                                                         ║
    ║ <3 Playwright Team                                                      ║
    ╚═════════════════════════════════════════════════════════════════════════╝

    attachment #1: trace (application/zip) ─────────────────────────────────────────────────────────
    ../../test-results/visual-regression-design-c-c1a7d-e---matches-design-baseline-chromium/trace.zip
    Usage:

        npx playwright show-trace ../../test-results/visual-regression-design-c-c1a7d-e---matches-design-baseline-chromium/trace.zip

    ────────────────────────────────────────────────────────────────────────────────────────────────
]]>
</failure>
<system-out>
<![CDATA[
[[ATTACHMENT|visual-regression-design-c-c1a7d-e---matches-design-baseline-chromium/trace.zip]]
]]>
</system-out>
</testcase>
<testcase name="Visual Regression - Design Consistency › mobile-small (375x667) › Verify Seed Phrase - matches design baseline" classname="visual-regression/design-consistency.spec.ts" time="0.004">
<failure message="design-consistency.spec.ts:59:9 Verify Seed Phrase - matches design baseline" type="FAILURE">
<![CDATA[  [chromium] › visual-regression/design-consistency.spec.ts:59:9 › Visual Regression - Design Consistency › mobile-small (375x667) › Verify Seed Phrase - matches design baseline 

    Error: browserType.launch: Executable doesn't exist at /home/codespace/.cache/ms-playwright/chromium_headless_shell-1194/chrome-linux/headless_shell
    ╔═════════════════════════════════════════════════════════════════════════╗
    ║ Looks like Playwright Test or Playwright was just installed or updated. ║
    ║ Please run the following command to download new browsers:              ║
    ║                                                                         ║
    ║     npx playwright install                                              ║
    ║                                                                         ║
    ║ <3 Playwright Team                                                      ║
    ╚═════════════════════════════════════════════════════════════════════════╝

    attachment #1: trace (application/zip) ─────────────────────────────────────────────────────────
    ../../test-results/visual-regression-design-c-a97b6-e---matches-design-baseline-chromium/trace.zip
    Usage:

        npx playwright show-trace ../../test-results/visual-regression-design-c-a97b6-e---matches-design-baseline-chromium/trace.zip

    ────────────────────────────────────────────────────────────────────────────────────────────────
]]>
</failure>
<system-out>
<![CDATA[
[[ATTACHMENT|visual-regression-design-c-a97b6-e---matches-design-baseline-chromium/trace.zip]]
]]>
</system-out>
</testcase>
<testcase name="Visual Regression - Design Consistency › mobile-small (375x667) › Set Passcode - matches design baseline" classname="visual-regression/design-consistency.spec.ts" time="0.004">
<failure message="design-consistency.spec.ts:59:9 Set Passcode - matches design baseline" type="FAILURE">
<![CDATA[  [chromium] › visual-regression/design-consistency.spec.ts:59:9 › Visual Regression - Design Consistency › mobile-small (375x667) › Set Passcode - matches design baseline 

    Error: browserType.launch: Executable doesn't exist at /home/codespace/.cache/ms-playwright/chromium_headless_shell-1194/chrome-linux/headless_shell
    ╔═════════════════════════════════════════════════════════════════════════╗
    ║ Looks like Playwright Test or Playwright was just installed or updated. ║
    ║ Please run the following command to download new browsers:              ║
    ║                                                                         ║
    ║     npx playwright install                                              ║
    ║                                                                         ║
    ║ <3 Playwright Team                                                      ║
    ╚═════════════════════════════════════════════════════════════════════════╝

    attachment #1: trace (application/zip) ─────────────────────────────────────────────────────────
    ../../test-results/visual-regression-design-c-1d784-e---matches-design-baseline-chromium/trace.zip
    Usage:

        npx playwright show-trace ../../test-results/visual-regression-design-c-1d784-e---matches-design-baseline-chromium/trace.zip

    ────────────────────────────────────────────────────────────────────────────────────────────────
]]>
</failure>
<system-out>
<![CDATA[
[[ATTACHMENT|visual-regression-design-c-1d784-e---matches-design-baseline-chromium/trace.zip]]
]]>
</system-out>
</testcase>
<testcase name="Visual Regression - Design Consistency › mobile-small (375x667) › Lock Page - matches design baseline" classname="visual-regression/design-consistency.spec.ts" time="0.005">
<failure message="design-consistency.spec.ts:59:9 Lock Page - matches design baseline" type="FAILURE">
<![CDATA[  [chromium] › visual-regression/design-consistency.spec.ts:59:9 › Visual Regression - Design Consistency › mobile-small (375x667) › Lock Page - matches design baseline 

    Error: browserType.launch: Executable doesn't exist at /home/codespace/.cache/ms-playwright/chromium_headless_shell-1194/chrome-linux/headless_shell
    ╔═════════════════════════════════════════════════════════════════════════╗
    ║ Looks like Playwright Test or Playwright was just installed or updated. ║
    ║ Please run the following command to download new browsers:              ║
    ║                                                                         ║
    ║     npx playwright install                                              ║
    ║                                                                         ║
    ║ <3 Playwright Team                                                      ║
    ╚═════════════════════════════════════════════════════════════════════════╝

    attachment #1: trace (application/zip) ─────────────────────────────────────────────────────────
    ../../test-results/visual-regression-design-c-3a010-e---matches-design-baseline-chromium/trace.zip
    Usage:

        npx playwright show-trace ../../test-results/visual-regression-design-c-3a010-e---matches-design-baseline-chromium/trace.zip

    ────────────────────────────────────────────────────────────────────────────────────────────────
]]>
</failure>
<system-out>
<![CDATA[
[[ATTACHMENT|visual-regression-design-c-3a010-e---matches-design-baseline-chromium/trace.zip]]
]]>
</system-out>
</testcase>
<testcase name="Visual Regression - Design Consistency › mobile-small (375x667) › Credentials - matches design baseline" classname="visual-regression/design-consistency.spec.ts" time="0.004">
<failure message="design-consistency.spec.ts:59:9 Credentials - matches design baseline" type="FAILURE">
<![CDATA[  [chromium] › visual-regression/design-consistency.spec.ts:59:9 › Visual Regression - Design Consistency › mobile-small (375x667) › Credentials - matches design baseline 

    Error: browserType.launch: Executable doesn't exist at /home/codespace/.cache/ms-playwright/chromium_headless_shell-1194/chrome-linux/headless_shell
    ╔═════════════════════════════════════════════════════════════════════════╗
    ║ Looks like Playwright Test or Playwright was just installed or updated. ║
    ║ Please run the following command to download new browsers:              ║
    ║                                                                         ║
    ║     npx playwright install                                              ║
    ║                                                                         ║
    ║ <3 Playwright Team                                                      ║
    ╚═════════════════════════════════════════════════════════════════════════╝

    attachment #1: trace (application/zip) ─────────────────────────────────────────────────────────
    ../../test-results/visual-regression-design-c-eb966-s---matches-design-baseline-chromium/trace.zip
    Usage:

        npx playwright show-trace ../../test-results/visual-regression-design-c-eb966-s---matches-design-baseline-chromium/trace.zip

    ────────────────────────────────────────────────────────────────────────────────────────────────
]]>
</failure>
<system-out>
<![CDATA[
[[ATTACHMENT|visual-regression-design-c-eb966-s---matches-design-baseline-chromium/trace.zip]]
]]>
</system-out>
</testcase>
<testcase name="Visual Regression - Design Consistency › mobile-small (375x667) › Identifiers - matches design baseline" classname="visual-regression/design-consistency.spec.ts" time="0.004">
<failure message="design-consistency.spec.ts:59:9 Identifiers - matches design baseline" type="FAILURE">
<![CDATA[  [chromium] › visual-regression/design-consistency.spec.ts:59:9 › Visual Regression - Design Consistency › mobile-small (375x667) › Identifiers - matches design baseline 

    Error: browserType.launch: Executable doesn't exist at /home/codespace/.cache/ms-playwright/chromium_headless_shell-1194/chrome-linux/headless_shell
    ╔═════════════════════════════════════════════════════════════════════════╗
    ║ Looks like Playwright Test or Playwright was just installed or updated. ║
    ║ Please run the following command to download new browsers:              ║
    ║                                                                         ║
    ║     npx playwright install                                              ║
    ║                                                                         ║
    ║ <3 Playwright Team                                                      ║
    ╚═════════════════════════════════════════════════════════════════════════╝

    attachment #1: trace (application/zip) ─────────────────────────────────────────────────────────
    ../../test-results/visual-regression-design-c-eb810-s---matches-design-baseline-chromium/trace.zip
    Usage:

        npx playwright show-trace ../../test-results/visual-regression-design-c-eb810-s---matches-design-baseline-chromium/trace.zip

    ────────────────────────────────────────────────────────────────────────────────────────────────
]]>
</failure>
<system-out>
<![CDATA[
[[ATTACHMENT|visual-regression-design-c-eb810-s---matches-design-baseline-chromium/trace.zip]]
]]>
</system-out>
</testcase>
<testcase name="Visual Regression - Design Consistency › mobile-small (375x667) › Connections - matches design baseline" classname="visual-regression/design-consistency.spec.ts" time="0.005">
<failure message="design-consistency.spec.ts:59:9 Connections - matches design baseline" type="FAILURE">
<![CDATA[  [chromium] › visual-regression/design-consistency.spec.ts:59:9 › Visual Regression - Design Consistency › mobile-small (375x667) › Connections - matches design baseline 

    Error: browserType.launch: Executable doesn't exist at /home/codespace/.cache/ms-playwright/chromium_headless_shell-1194/chrome-linux/headless_shell
    ╔═════════════════════════════════════════════════════════════════════════╗
    ║ Looks like Playwright Test or Playwright was just installed or updated. ║
    ║ Please run the following command to download new browsers:              ║
    ║                                                                         ║
    ║     npx playwright install                                              ║
    ║                                                                         ║
    ║ <3 Playwright Team                                                      ║
    ╚═════════════════════════════════════════════════════════════════════════╝

    attachment #1: trace (application/zip) ─────────────────────────────────────────────────────────
    ../../test-results/visual-regression-design-c-47ea2-s---matches-design-baseline-chromium/trace.zip
    Usage:

        npx playwright show-trace ../../test-results/visual-regression-design-c-47ea2-s---matches-design-baseline-chromium/trace.zip

    ────────────────────────────────────────────────────────────────────────────────────────────────
]]>
</failure>
<system-out>
<![CDATA[
[[ATTACHMENT|visual-regression-design-c-47ea2-s---matches-design-baseline-chromium/trace.zip]]
]]>
</system-out>
</testcase>
<testcase name="Visual Regression - Design Consistency › mobile-small (375x667) › Notifications - matches design baseline" classname="visual-regression/design-consistency.spec.ts" time="0.004">
<failure message="design-consistency.spec.ts:59:9 Notifications - matches design baseline" type="FAILURE">
<![CDATA[  [chromium] › visual-regression/design-consistency.spec.ts:59:9 › Visual Regression - Design Consistency › mobile-small (375x667) › Notifications - matches design baseline 

    Error: browserType.launch: Executable doesn't exist at /home/codespace/.cache/ms-playwright/chromium_headless_shell-1194/chrome-linux/headless_shell
    ╔═════════════════════════════════════════════════════════════════════════╗
    ║ Looks like Playwright Test or Playwright was just installed or updated. ║
    ║ Please run the following command to download new browsers:              ║
    ║                                                                         ║
    ║     npx playwright install                                              ║
    ║                                                                         ║
    ║ <3 Playwright Team                                                      ║
    ╚═════════════════════════════════════════════════════════════════════════╝

    attachment #1: trace (application/zip) ─────────────────────────────────────────────────────────
    ../../test-results/visual-regression-design-c-95a73-s---matches-design-baseline-chromium/trace.zip
    Usage:

        npx playwright show-trace ../../test-results/visual-regression-design-c-95a73-s---matches-design-baseline-chromium/trace.zip

    ────────────────────────────────────────────────────────────────────────────────────────────────
]]>
</failure>
<system-out>
<![CDATA[
[[ATTACHMENT|visual-regression-design-c-95a73-s---matches-design-baseline-chromium/trace.zip]]
]]>
</system-out>
</testcase>
<testcase name="Visual Regression - Design Consistency › mobile-small (375x667) › Menu - matches design baseline" classname="visual-regression/design-consistency.spec.ts" time="0.005">
<failure message="design-consistency.spec.ts:59:9 Menu - matches design baseline" type="FAILURE">
<![CDATA[  [chromium] › visual-regression/design-consistency.spec.ts:59:9 › Visual Regression - Design Consistency › mobile-small (375x667) › Menu - matches design baseline 

    Error: browserType.launch: Executable doesn't exist at /home/codespace/.cache/ms-playwright/chromium_headless_shell-1194/chrome-linux/headless_shell
    ╔═════════════════════════════════════════════════════════════════════════╗
    ║ Looks like Playwright Test or Playwright was just installed or updated. ║
    ║ Please run the following command to download new browsers:              ║
    ║                                                                         ║
    ║     npx playwright install                                              ║
    ║                                                                         ║
    ║ <3 Playwright Team                                                      ║
    ╚═════════════════════════════════════════════════════════════════════════╝

    attachment #1: trace (application/zip) ─────────────────────────────────────────────────────────
    ../../test-results/visual-regression-design-c-67878-u---matches-design-baseline-chromium/trace.zip
    Usage:

        npx playwright show-trace ../../test-results/visual-regression-design-c-67878-u---matches-design-baseline-chromium/trace.zip

    ────────────────────────────────────────────────────────────────────────────────────────────────
]]>
</failure>
<system-out>
<![CDATA[
[[ATTACHMENT|visual-regression-design-c-67878-u---matches-design-baseline-chromium/trace.zip]]
]]>
</system-out>
</testcase>
<testcase name="Visual Regression - Design Consistency › mobile-small (375x667) › Scan - matches design baseline" classname="visual-regression/design-consistency.spec.ts" time="0.005">
<failure message="design-consistency.spec.ts:59:9 Scan - matches design baseline" type="FAILURE">
<![CDATA[  [chromium] › visual-regression/design-consistency.spec.ts:59:9 › Visual Regression - Design Consistency › mobile-small (375x667) › Scan - matches design baseline 

    Error: browserType.launch: Executable doesn't exist at /home/codespace/.cache/ms-playwright/chromium_headless_shell-1194/chrome-linux/headless_shell
    ╔═════════════════════════════════════════════════════════════════════════╗
    ║ Looks like Playwright Test or Playwright was just installed or updated. ║
    ║ Please run the following command to download new browsers:              ║
    ║                                                                         ║
    ║     npx playwright install                                              ║
    ║                                                                         ║
    ║ <3 Playwright Team                                                      ║
    ╚═════════════════════════════════════════════════════════════════════════╝

    attachment #1: trace (application/zip) ─────────────────────────────────────────────────────────
    ../../test-results/visual-regression-design-c-eed57-n---matches-design-baseline-chromium/trace.zip
    Usage:

        npx playwright show-trace ../../test-results/visual-regression-design-c-eed57-n---matches-design-baseline-chromium/trace.zip

    ────────────────────────────────────────────────────────────────────────────────────────────────
]]>
</failure>
<system-out>
<![CDATA[
[[ATTACHMENT|visual-regression-design-c-eed57-n---matches-design-baseline-chromium/trace.zip]]
]]>
</system-out>
</testcase>
<testcase name="Visual Regression - Design Consistency › mobile-medium (393x852) › Biometric Enrollment - matches design baseline" classname="visual-regression/design-consistency.spec.ts" time="0.005">
<failure message="design-consistency.spec.ts:59:9 Biometric Enrollment - matches design baseline" type="FAILURE">
<![CDATA[  [chromium] › visual-regression/design-consistency.spec.ts:59:9 › Visual Regression - Design Consistency › mobile-medium (393x852) › Biometric Enrollment - matches design baseline 

    Error: browserType.launch: Executable doesn't exist at /home/codespace/.cache/ms-playwright/chromium_headless_shell-1194/chrome-linux/headless_shell
    ╔═════════════════════════════════════════════════════════════════════════╗
    ║ Looks like Playwright Test or Playwright was just installed or updated. ║
    ║ Please run the following command to download new browsers:              ║
    ║                                                                         ║
    ║     npx playwright install                                              ║
    ║                                                                         ║
    ║ <3 Playwright Team                                                      ║
    ╚═════════════════════════════════════════════════════════════════════════╝

    attachment #1: trace (application/zip) ─────────────────────────────────────────────────────────
    ../../test-results/visual-regression-design-c-88073-t---matches-design-baseline-chromium/trace.zip
    Usage:

        npx playwright show-trace ../../test-results/visual-regression-design-c-88073-t---matches-design-baseline-chromium/trace.zip

    ────────────────────────────────────────────────────────────────────────────────────────────────
]]>
</failure>
<system-out>
<![CDATA[
[[ATTACHMENT|visual-regression-design-c-88073-t---matches-design-baseline-chromium/trace.zip]]
]]>
</system-out>
</testcase>
<testcase name="Visual Regression - Design Consistency › mobile-medium (393x852) › Onboarding - matches design baseline" classname="visual-regression/design-consistency.spec.ts" time="0.004">
<failure message="design-consistency.spec.ts:59:9 Onboarding - matches design baseline" type="FAILURE">
<![CDATA[  [chromium] › visual-regression/design-consistency.spec.ts:59:9 › Visual Regression - Design Consistency › mobile-medium (393x852) › Onboarding - matches design baseline 

    Error: browserType.launch: Executable doesn't exist at /home/codespace/.cache/ms-playwright/chromium_headless_shell-1194/chrome-linux/headless_shell
    ╔═════════════════════════════════════════════════════════════════════════╗
    ║ Looks like Playwright Test or Playwright was just installed or updated. ║
    ║ Please run the following command to download new browsers:              ║
    ║                                                                         ║
    ║     npx playwright install                                              ║
    ║                                                                         ║
    ║ <3 Playwright Team                                                      ║
    ╚═════════════════════════════════════════════════════════════════════════╝

    attachment #1: trace (application/zip) ─────────────────────────────────────────────────────────
    ../../test-results/visual-regression-design-c-5f6de-g---matches-design-baseline-chromium/trace.zip
    Usage:

        npx playwright show-trace ../../test-results/visual-regression-design-c-5f6de-g---matches-design-baseline-chromium/trace.zip

    ────────────────────────────────────────────────────────────────────────────────────────────────
]]>
</failure>
<system-out>
<![CDATA[
[[ATTACHMENT|visual-regression-design-c-5f6de-g---matches-design-baseline-chromium/trace.zip]]
]]>
</system-out>
</testcase>
<testcase name="Visual Regression - Design Consistency › mobile-medium (393x852) › Create Password - matches design baseline" classname="visual-regression/design-consistency.spec.ts" time="0.004">
<failure message="design-consistency.spec.ts:59:9 Create Password - matches design baseline" type="FAILURE">
<![CDATA[  [chromium] › visual-regression/design-consistency.spec.ts:59:9 › Visual Regression - Design Consistency › mobile-medium (393x852) › Create Password - matches design baseline 

    Error: browserType.launch: Executable doesn't exist at /home/codespace/.cache/ms-playwright/chromium_headless_shell-1194/chrome-linux/headless_shell
    ╔═════════════════════════════════════════════════════════════════════════╗
    ║ Looks like Playwright Test or Playwright was just installed or updated. ║
    ║ Please run the following command to download new browsers:              ║
    ║                                                                         ║
    ║     npx playwright install                                              ║
    ║                                                                         ║
    ║ <3 Playwright Team                                                      ║
    ╚═════════════════════════════════════════════════════════════════════════╝

    attachment #1: trace (application/zip) ─────────────────────────────────────────────────────────
    ../../test-results/visual-regression-design-c-e7d2d-d---matches-design-baseline-chromium/trace.zip
    Usage:

        npx playwright show-trace ../../test-results/visual-regression-design-c-e7d2d-d---matches-design-baseline-chromium/trace.zip

    ────────────────────────────────────────────────────────────────────────────────────────────────
]]>
</failure>
<system-out>
<![CDATA[
[[ATTACHMENT|visual-regression-design-c-e7d2d-d---matches-design-baseline-chromium/trace.zip]]
]]>
</system-out>
</testcase>
<testcase name="Visual Regression - Design Consistency › mobile-medium (393x852) › Setup Biometrics - matches design baseline" classname="visual-regression/design-consistency.spec.ts" time="0.004">
<failure message="design-consistency.spec.ts:59:9 Setup Biometrics - matches design baseline" type="FAILURE">
<![CDATA[  [chromium] › visual-regression/design-consistency.spec.ts:59:9 › Visual Regression - Design Consistency › mobile-medium (393x852) › Setup Biometrics - matches design baseline 

    Error: browserType.launch: Executable doesn't exist at /home/codespace/.cache/ms-playwright/chromium_headless_shell-1194/chrome-linux/headless_shell
    ╔═════════════════════════════════════════════════════════════════════════╗
    ║ Looks like Playwright Test or Playwright was just installed or updated. ║
    ║ Please run the following command to download new browsers:              ║
    ║                                                                         ║
    ║     npx playwright install                                              ║
    ║                                                                         ║
    ║ <3 Playwright Team                                                      ║
    ╚═════════════════════════════════════════════════════════════════════════╝

    attachment #1: trace (application/zip) ─────────────────────────────────────────────────────────
    ../../test-results/visual-regression-design-c-d4b30-s---matches-design-baseline-chromium/trace.zip
    Usage:

        npx playwright show-trace ../../test-results/visual-regression-design-c-d4b30-s---matches-design-baseline-chromium/trace.zip

    ────────────────────────────────────────────────────────────────────────────────────────────────
]]>
</failure>
<system-out>
<![CDATA[
[[ATTACHMENT|visual-regression-design-c-d4b30-s---matches-design-baseline-chromium/trace.zip]]
]]>
</system-out>
</testcase>
<testcase name="Visual Regression - Design Consistency › mobile-medium (393x852) › Generate Seed Phrase - matches design baseline" classname="visual-regression/design-consistency.spec.ts" time="0.004">
<failure message="design-consistency.spec.ts:59:9 Generate Seed Phrase - matches design baseline" type="FAILURE">
<![CDATA[  [chromium] › visual-regression/design-consistency.spec.ts:59:9 › Visual Regression - Design Consistency › mobile-medium (393x852) › Generate Seed Phrase - matches design baseline 

    Error: browserType.launch: Executable doesn't exist at /home/codespace/.cache/ms-playwright/chromium_headless_shell-1194/chrome-linux/headless_shell
    ╔═════════════════════════════════════════════════════════════════════════╗
    ║ Looks like Playwright Test or Playwright was just installed or updated. ║
    ║ Please run the following command to download new browsers:              ║
    ║                                                                         ║
    ║     npx playwright install                                              ║
    ║                                                                         ║
    ║ <3 Playwright Team                                                      ║
    ╚═════════════════════════════════════════════════════════════════════════╝

    attachment #1: trace (application/zip) ─────────────────────────────────────────────────────────
    ../../test-results/visual-regression-design-c-7f4d1-e---matches-design-baseline-chromium/trace.zip
    Usage:

        npx playwright show-trace ../../test-results/visual-regression-design-c-7f4d1-e---matches-design-baseline-chromium/trace.zip

    ────────────────────────────────────────────────────────────────────────────────────────────────
]]>
</failure>
<system-out>
<![CDATA[
[[ATTACHMENT|visual-regression-design-c-7f4d1-e---matches-design-baseline-chromium/trace.zip]]
]]>
</system-out>
</testcase>
<testcase name="Visual Regression - Design Consistency › mobile-medium (393x852) › Verify Seed Phrase - matches design baseline" classname="visual-regression/design-consistency.spec.ts" time="0.004">
<failure message="design-consistency.spec.ts:59:9 Verify Seed Phrase - matches design baseline" type="FAILURE">
<![CDATA[  [chromium] › visual-regression/design-consistency.spec.ts:59:9 › Visual Regression - Design Consistency › mobile-medium (393x852) › Verify Seed Phrase - matches design baseline 

    Error: browserType.launch: Executable doesn't exist at /home/codespace/.cache/ms-playwright/chromium_headless_shell-1194/chrome-linux/headless_shell
    ╔═════════════════════════════════════════════════════════════════════════╗
    ║ Looks like Playwright Test or Playwright was just installed or updated. ║
    ║ Please run the following command to download new browsers:              ║
    ║                                                                         ║
    ║     npx playwright install                                              ║
    ║                                                                         ║
    ║ <3 Playwright Team                                                      ║
    ╚═════════════════════════════════════════════════════════════════════════╝

    attachment #1: trace (application/zip) ─────────────────────────────────────────────────────────
    ../../test-results/visual-regression-design-c-82e95-e---matches-design-baseline-chromium/trace.zip
    Usage:

        npx playwright show-trace ../../test-results/visual-regression-design-c-82e95-e---matches-design-baseline-chromium/trace.zip

    ────────────────────────────────────────────────────────────────────────────────────────────────
]]>
</failure>
<system-out>
<![CDATA[
[[ATTACHMENT|visual-regression-design-c-82e95-e---matches-design-baseline-chromium/trace.zip]]
]]>
</system-out>
</testcase>
<testcase name="Visual Regression - Design Consistency › mobile-medium (393x852) › Set Passcode - matches design baseline" classname="visual-regression/design-consistency.spec.ts" time="0.004">
<failure message="design-consistency.spec.ts:59:9 Set Passcode - matches design baseline" type="FAILURE">
<![CDATA[  [chromium] › visual-regression/design-consistency.spec.ts:59:9 › Visual Regression - Design Consistency › mobile-medium (393x852) › Set Passcode - matches design baseline 

    Error: browserType.launch: Executable doesn't exist at /home/codespace/.cache/ms-playwright/chromium_headless_shell-1194/chrome-linux/headless_shell
    ╔═════════════════════════════════════════════════════════════════════════╗
    ║ Looks like Playwright Test or Playwright was just installed or updated. ║
    ║ Please run the following command to download new browsers:              ║
    ║                                                                         ║
    ║     npx playwright install                                              ║
    ║                                                                         ║
    ║ <3 Playwright Team                                                      ║
    ╚═════════════════════════════════════════════════════════════════════════╝

    attachment #1: trace (application/zip) ─────────────────────────────────────────────────────────
    ../../test-results/visual-regression-design-c-2d4c3-e---matches-design-baseline-chromium/trace.zip
    Usage:

        npx playwright show-trace ../../test-results/visual-regression-design-c-2d4c3-e---matches-design-baseline-chromium/trace.zip

    ────────────────────────────────────────────────────────────────────────────────────────────────
]]>
</failure>
<system-out>
<![CDATA[
[[ATTACHMENT|visual-regression-design-c-2d4c3-e---matches-design-baseline-chromium/trace.zip]]
]]>
</system-out>
</testcase>
<testcase name="Visual Regression - Design Consistency › mobile-medium (393x852) › Lock Page - matches design baseline" classname="visual-regression/design-consistency.spec.ts" time="0.004">
<failure message="design-consistency.spec.ts:59:9 Lock Page - matches design baseline" type="FAILURE">
<![CDATA[  [chromium] › visual-regression/design-consistency.spec.ts:59:9 › Visual Regression - Design Consistency › mobile-medium (393x852) › Lock Page - matches design baseline 

    Error: browserType.launch: Executable doesn't exist at /home/codespace/.cache/ms-playwright/chromium_headless_shell-1194/chrome-linux/headless_shell
    ╔═════════════════════════════════════════════════════════════════════════╗
    ║ Looks like Playwright Test or Playwright was just installed or updated. ║
    ║ Please run the following command to download new browsers:              ║
    ║                                                                         ║
    ║     npx playwright install                                              ║
    ║                                                                         ║
    ║ <3 Playwright Team                                                      ║
    ╚═════════════════════════════════════════════════════════════════════════╝

    attachment #1: trace (application/zip) ─────────────────────────────────────────────────────────
    ../../test-results/visual-regression-design-c-5d0d4-e---matches-design-baseline-chromium/trace.zip
    Usage:

        npx playwright show-trace ../../test-results/visual-regression-design-c-5d0d4-e---matches-design-baseline-chromium/trace.zip

    ────────────────────────────────────────────────────────────────────────────────────────────────
]]>
</failure>
<system-out>
<![CDATA[
[[ATTACHMENT|visual-regression-design-c-5d0d4-e---matches-design-baseline-chromium/trace.zip]]
]]>
</system-out>
</testcase>
<testcase name="Visual Regression - Design Consistency › mobile-medium (393x852) › Credentials - matches design baseline" classname="visual-regression/design-consistency.spec.ts" time="0.004">
<failure message="design-consistency.spec.ts:59:9 Credentials - matches design baseline" type="FAILURE">
<![CDATA[  [chromium] › visual-regression/design-consistency.spec.ts:59:9 › Visual Regression - Design Consistency › mobile-medium (393x852) › Credentials - matches design baseline 

    Error: browserType.launch: Executable doesn't exist at /home/codespace/.cache/ms-playwright/chromium_headless_shell-1194/chrome-linux/headless_shell
    ╔═════════════════════════════════════════════════════════════════════════╗
    ║ Looks like Playwright Test or Playwright was just installed or updated. ║
    ║ Please run the following command to download new browsers:              ║
    ║                                                                         ║
    ║     npx playwright install                                              ║
    ║                                                                         ║
    ║ <3 Playwright Team                                                      ║
    ╚═════════════════════════════════════════════════════════════════════════╝

    attachment #1: trace (application/zip) ─────────────────────────────────────────────────────────
    ../../test-results/visual-regression-design-c-a585d-s---matches-design-baseline-chromium/trace.zip
    Usage:

        npx playwright show-trace ../../test-results/visual-regression-design-c-a585d-s---matches-design-baseline-chromium/trace.zip

    ────────────────────────────────────────────────────────────────────────────────────────────────
]]>
</failure>
<system-out>
<![CDATA[
[[ATTACHMENT|visual-regression-design-c-a585d-s---matches-design-baseline-chromium/trace.zip]]
]]>
</system-out>
</testcase>
<testcase name="Visual Regression - Design Consistency › mobile-medium (393x852) › Identifiers - matches design baseline" classname="visual-regression/design-consistency.spec.ts" time="0.004">
<failure message="design-consistency.spec.ts:59:9 Identifiers - matches design baseline" type="FAILURE">
<![CDATA[  [chromium] › visual-regression/design-consistency.spec.ts:59:9 › Visual Regression - Design Consistency › mobile-medium (393x852) › Identifiers - matches design baseline 

    Error: browserType.launch: Executable doesn't exist at /home/codespace/.cache/ms-playwright/chromium_headless_shell-1194/chrome-linux/headless_shell
    ╔═════════════════════════════════════════════════════════════════════════╗
    ║ Looks like Playwright Test or Playwright was just installed or updated. ║
    ║ Please run the following command to download new browsers:              ║
    ║                                                                         ║
    ║     npx playwright install                                              ║
    ║                                                                         ║
    ║ <3 Playwright Team                                                      ║
    ╚═════════════════════════════════════════════════════════════════════════╝

    attachment #1: trace (application/zip) ─────────────────────────────────────────────────────────
    ../../test-results/visual-regression-design-c-16296-s---matches-design-baseline-chromium/trace.zip
    Usage:

        npx playwright show-trace ../../test-results/visual-regression-design-c-16296-s---matches-design-baseline-chromium/trace.zip

    ────────────────────────────────────────────────────────────────────────────────────────────────
]]>
</failure>
<system-out>
<![CDATA[
[[ATTACHMENT|visual-regression-design-c-16296-s---matches-design-baseline-chromium/trace.zip]]
]]>
</system-out>
</testcase>
<testcase name="Visual Regression - Design Consistency › mobile-medium (393x852) › Connections - matches design baseline" classname="visual-regression/design-consistency.spec.ts" time="0.004">
<failure message="design-consistency.spec.ts:59:9 Connections - matches design baseline" type="FAILURE">
<![CDATA[  [chromium] › visual-regression/design-consistency.spec.ts:59:9 › Visual Regression - Design Consistency › mobile-medium (393x852) › Connections - matches design baseline 

    Error: browserType.launch: Executable doesn't exist at /home/codespace/.cache/ms-playwright/chromium_headless_shell-1194/chrome-linux/headless_shell
    ╔═════════════════════════════════════════════════════════════════════════╗
    ║ Looks like Playwright Test or Playwright was just installed or updated. ║
    ║ Please run the following command to download new browsers:              ║
    ║                                                                         ║
    ║     npx playwright install                                              ║
    ║                                                                         ║
    ║ <3 Playwright Team                                                      ║
    ╚═════════════════════════════════════════════════════════════════════════╝

    attachment #1: trace (application/zip) ─────────────────────────────────────────────────────────
    ../../test-results/visual-regression-design-c-70215-s---matches-design-baseline-chromium/trace.zip
    Usage:

        npx playwright show-trace ../../test-results/visual-regression-design-c-70215-s---matches-design-baseline-chromium/trace.zip

    ────────────────────────────────────────────────────────────────────────────────────────────────
]]>
</failure>
<system-out>
<![CDATA[
[[ATTACHMENT|visual-regression-design-c-70215-s---matches-design-baseline-chromium/trace.zip]]
]]>
</system-out>
</testcase>
<testcase name="Visual Regression - Design Consistency › mobile-medium (393x852) › Notifications - matches design baseline" classname="visual-regression/design-consistency.spec.ts" time="0.004">
<failure message="design-consistency.spec.ts:59:9 Notifications - matches design baseline" type="FAILURE">
<![CDATA[  [chromium] › visual-regression/design-consistency.spec.ts:59:9 › Visual Regression - Design Consistency › mobile-medium (393x852) › Notifications - matches design baseline 

    Error: browserType.launch: Executable doesn't exist at /home/codespace/.cache/ms-playwright/chromium_headless_shell-1194/chrome-linux/headless_shell
    ╔═════════════════════════════════════════════════════════════════════════╗
    ║ Looks like Playwright Test or Playwright was just installed or updated. ║
    ║ Please run the following command to download new browsers:              ║
    ║                                                                         ║
    ║     npx playwright install                                              ║
    ║                                                                         ║
    ║ <3 Playwright Team                                                      ║
    ╚═════════════════════════════════════════════════════════════════════════╝

    attachment #1: trace (application/zip) ─────────────────────────────────────────────────────────
    ../../test-results/visual-regression-design-c-e3487-s---matches-design-baseline-chromium/trace.zip
    Usage:

        npx playwright show-trace ../../test-results/visual-regression-design-c-e3487-s---matches-design-baseline-chromium/trace.zip

    ────────────────────────────────────────────────────────────────────────────────────────────────
]]>
</failure>
<system-out>
<![CDATA[
[[ATTACHMENT|visual-regression-design-c-e3487-s---matches-design-baseline-chromium/trace.zip]]
]]>
</system-out>
</testcase>
<testcase name="Visual Regression - Design Consistency › mobile-medium (393x852) › Menu - matches design baseline" classname="visual-regression/design-consistency.spec.ts" time="0.005">
<failure message="design-consistency.spec.ts:59:9 Menu - matches design baseline" type="FAILURE">
<![CDATA[  [chromium] › visual-regression/design-consistency.spec.ts:59:9 › Visual Regression - Design Consistency › mobile-medium (393x852) › Menu - matches design baseline 

    Error: browserType.launch: Executable doesn't exist at /home/codespace/.cache/ms-playwright/chromium_headless_shell-1194/chrome-linux/headless_shell
    ╔═════════════════════════════════════════════════════════════════════════╗
    ║ Looks like Playwright Test or Playwright was just installed or updated. ║
    ║ Please run the following command to download new browsers:              ║
    ║                                                                         ║
    ║     npx playwright install                                              ║
    ║                                                                         ║
    ║ <3 Playwright Team                                                      ║
    ╚═════════════════════════════════════════════════════════════════════════╝

    attachment #1: trace (application/zip) ─────────────────────────────────────────────────────────
    ../../test-results/visual-regression-design-c-d6e62-u---matches-design-baseline-chromium/trace.zip
    Usage:

        npx playwright show-trace ../../test-results/visual-regression-design-c-d6e62-u---matches-design-baseline-chromium/trace.zip

    ────────────────────────────────────────────────────────────────────────────────────────────────
]]>
</failure>
<system-out>
<![CDATA[
[[ATTACHMENT|visual-regression-design-c-d6e62-u---matches-design-baseline-chromium/trace.zip]]
]]>
</system-out>
</testcase>
<testcase name="Visual Regression - Design Consistency › mobile-medium (393x852) › Scan - matches design baseline" classname="visual-regression/design-consistency.spec.ts" time="0.004">
<failure message="design-consistency.spec.ts:59:9 Scan - matches design baseline" type="FAILURE">
<![CDATA[  [chromium] › visual-regression/design-consistency.spec.ts:59:9 › Visual Regression - Design Consistency › mobile-medium (393x852) › Scan - matches design baseline 

    Error: browserType.launch: Executable doesn't exist at /home/codespace/.cache/ms-playwright/chromium_headless_shell-1194/chrome-linux/headless_shell
    ╔═════════════════════════════════════════════════════════════════════════╗
    ║ Looks like Playwright Test or Playwright was just installed or updated. ║
    ║ Please run the following command to download new browsers:              ║
    ║                                                                         ║
    ║     npx playwright install                                              ║
    ║                                                                         ║
    ║ <3 Playwright Team                                                      ║
    ╚═════════════════════════════════════════════════════════════════════════╝

    attachment #1: trace (application/zip) ─────────────────────────────────────────────────────────
    ../../test-results/visual-regression-design-c-dbac6-n---matches-design-baseline-chromium/trace.zip
    Usage:

        npx playwright show-trace ../../test-results/visual-regression-design-c-dbac6-n---matches-design-baseline-chromium/trace.zip

    ────────────────────────────────────────────────────────────────────────────────────────────────
]]>
</failure>
<system-out>
<![CDATA[
[[ATTACHMENT|visual-regression-design-c-dbac6-n---matches-design-baseline-chromium/trace.zip]]
]]>
</system-out>
</testcase>
<testcase name="Visual Regression - Design Consistency › tablet (768x1024) › Biometric Enrollment - matches design baseline" classname="visual-regression/design-consistency.spec.ts" time="0.004">
<failure message="design-consistency.spec.ts:59:9 Biometric Enrollment - matches design baseline" type="FAILURE">
<![CDATA[  [chromium] › visual-regression/design-consistency.spec.ts:59:9 › Visual Regression - Design Consistency › tablet (768x1024) › Biometric Enrollment - matches design baseline 

    Error: browserType.launch: Executable doesn't exist at /home/codespace/.cache/ms-playwright/chromium_headless_shell-1194/chrome-linux/headless_shell
    ╔═════════════════════════════════════════════════════════════════════════╗
    ║ Looks like Playwright Test or Playwright was just installed or updated. ║
    ║ Please run the following command to download new browsers:              ║
    ║                                                                         ║
    ║     npx playwright install                                              ║
    ║                                                                         ║
    ║ <3 Playwright Team                                                      ║
    ╚═════════════════════════════════════════════════════════════════════════╝

    attachment #1: trace (application/zip) ─────────────────────────────────────────────────────────
    ../../test-results/visual-regression-design-c-8cc3f-t---matches-design-baseline-chromium/trace.zip
    Usage:

        npx playwright show-trace ../../test-results/visual-regression-design-c-8cc3f-t---matches-design-baseline-chromium/trace.zip

    ────────────────────────────────────────────────────────────────────────────────────────────────
]]>
</failure>
<system-out>
<![CDATA[
[[ATTACHMENT|visual-regression-design-c-8cc3f-t---matches-design-baseline-chromium/trace.zip]]
]]>
</system-out>
</testcase>
<testcase name="Visual Regression - Design Consistency › tablet (768x1024) › Onboarding - matches design baseline" classname="visual-regression/design-consistency.spec.ts" time="0.004">
<failure message="design-consistency.spec.ts:59:9 Onboarding - matches design baseline" type="FAILURE">
<![CDATA[  [chromium] › visual-regression/design-consistency.spec.ts:59:9 › Visual Regression - Design Consistency › tablet (768x1024) › Onboarding - matches design baseline 

    Error: browserType.launch: Executable doesn't exist at /home/codespace/.cache/ms-playwright/chromium_headless_shell-1194/chrome-linux/headless_shell
    ╔═════════════════════════════════════════════════════════════════════════╗
    ║ Looks like Playwright Test or Playwright was just installed or updated. ║
    ║ Please run the following command to download new browsers:              ║
    ║                                                                         ║
    ║     npx playwright install                                              ║
    ║                                                                         ║
    ║ <3 Playwright Team                                                      ║
    ╚═════════════════════════════════════════════════════════════════════════╝

    attachment #1: trace (application/zip) ─────────────────────────────────────────────────────────
    ../../test-results/visual-regression-design-c-e9f23-g---matches-design-baseline-chromium/trace.zip
    Usage:

        npx playwright show-trace ../../test-results/visual-regression-design-c-e9f23-g---matches-design-baseline-chromium/trace.zip

    ────────────────────────────────────────────────────────────────────────────────────────────────
]]>
</failure>
<system-out>
<![CDATA[
[[ATTACHMENT|visual-regression-design-c-e9f23-g---matches-design-baseline-chromium/trace.zip]]
]]>
</system-out>
</testcase>
<testcase name="Visual Regression - Design Consistency › tablet (768x1024) › Create Password - matches design baseline" classname="visual-regression/design-consistency.spec.ts" time="0.004">
<failure message="design-consistency.spec.ts:59:9 Create Password - matches design baseline" type="FAILURE">
<![CDATA[  [chromium] › visual-regression/design-consistency.spec.ts:59:9 › Visual Regression - Design Consistency › tablet (768x1024) › Create Password - matches design baseline 

    Error: browserType.launch: Executable doesn't exist at /home/codespace/.cache/ms-playwright/chromium_headless_shell-1194/chrome-linux/headless_shell
    ╔═════════════════════════════════════════════════════════════════════════╗
    ║ Looks like Playwright Test or Playwright was just installed or updated. ║
    ║ Please run the following command to download new browsers:              ║
    ║                                                                         ║
    ║     npx playwright install                                              ║
    ║                                                                         ║
    ║ <3 Playwright Team                                                      ║
    ╚═════════════════════════════════════════════════════════════════════════╝

    attachment #1: trace (application/zip) ─────────────────────────────────────────────────────────
    ../../test-results/visual-regression-design-c-fdbce-d---matches-design-baseline-chromium/trace.zip
    Usage:

        npx playwright show-trace ../../test-results/visual-regression-design-c-fdbce-d---matches-design-baseline-chromium/trace.zip

    ────────────────────────────────────────────────────────────────────────────────────────────────
]]>
</failure>
<system-out>
<![CDATA[
[[ATTACHMENT|visual-regression-design-c-fdbce-d---matches-design-baseline-chromium/trace.zip]]
]]>
</system-out>
</testcase>
<testcase name="Visual Regression - Design Consistency › tablet (768x1024) › Setup Biometrics - matches design baseline" classname="visual-regression/design-consistency.spec.ts" time="0.005">
<failure message="design-consistency.spec.ts:59:9 Setup Biometrics - matches design baseline" type="FAILURE">
<![CDATA[  [chromium] › visual-regression/design-consistency.spec.ts:59:9 › Visual Regression - Design Consistency › tablet (768x1024) › Setup Biometrics - matches design baseline 

    Error: browserType.launch: Executable doesn't exist at /home/codespace/.cache/ms-playwright/chromium_headless_shell-1194/chrome-linux/headless_shell
    ╔═════════════════════════════════════════════════════════════════════════╗
    ║ Looks like Playwright Test or Playwright was just installed or updated. ║
    ║ Please run the following command to download new browsers:              ║
    ║                                                                         ║
    ║     npx playwright install                                              ║
    ║                                                                         ║
    ║ <3 Playwright Team                                                      ║
    ╚═════════════════════════════════════════════════════════════════════════╝

    attachment #1: trace (application/zip) ─────────────────────────────────────────────────────────
    ../../test-results/visual-regression-design-c-a013c-s---matches-design-baseline-chromium/trace.zip
    Usage:

        npx playwright show-trace ../../test-results/visual-regression-design-c-a013c-s---matches-design-baseline-chromium/trace.zip

    ────────────────────────────────────────────────────────────────────────────────────────────────
]]>
</failure>
<system-out>
<![CDATA[
[[ATTACHMENT|visual-regression-design-c-a013c-s---matches-design-baseline-chromium/trace.zip]]
]]>
</system-out>
</testcase>
<testcase name="Visual Regression - Design Consistency › tablet (768x1024) › Generate Seed Phrase - matches design baseline" classname="visual-regression/design-consistency.spec.ts" time="0.005">
<failure message="design-consistency.spec.ts:59:9 Generate Seed Phrase - matches design baseline" type="FAILURE">
<![CDATA[  [chromium] › visual-regression/design-consistency.spec.ts:59:9 › Visual Regression - Design Consistency › tablet (768x1024) › Generate Seed Phrase - matches design baseline 

    Error: browserType.launch: Executable doesn't exist at /home/codespace/.cache/ms-playwright/chromium_headless_shell-1194/chrome-linux/headless_shell
    ╔═════════════════════════════════════════════════════════════════════════╗
    ║ Looks like Playwright Test or Playwright was just installed or updated. ║
    ║ Please run the following command to download new browsers:              ║
    ║                                                                         ║
    ║     npx playwright install                                              ║
    ║                                                                         ║
    ║ <3 Playwright Team                                                      ║
    ╚═════════════════════════════════════════════════════════════════════════╝

    attachment #1: trace (application/zip) ─────────────────────────────────────────────────────────
    ../../test-results/visual-regression-design-c-42083-e---matches-design-baseline-chromium/trace.zip
    Usage:

        npx playwright show-trace ../../test-results/visual-regression-design-c-42083-e---matches-design-baseline-chromium/trace.zip

    ────────────────────────────────────────────────────────────────────────────────────────────────
]]>
</failure>
<system-out>
<![CDATA[
[[ATTACHMENT|visual-regression-design-c-42083-e---matches-design-baseline-chromium/trace.zip]]
]]>
</system-out>
</testcase>
<testcase name="Visual Regression - Design Consistency › tablet (768x1024) › Verify Seed Phrase - matches design baseline" classname="visual-regression/design-consistency.spec.ts" time="0.005">
<failure message="design-consistency.spec.ts:59:9 Verify Seed Phrase - matches design baseline" type="FAILURE">
<![CDATA[  [chromium] › visual-regression/design-consistency.spec.ts:59:9 › Visual Regression - Design Consistency › tablet (768x1024) › Verify Seed Phrase - matches design baseline 

    Error: browserType.launch: Executable doesn't exist at /home/codespace/.cache/ms-playwright/chromium_headless_shell-1194/chrome-linux/headless_shell
    ╔═════════════════════════════════════════════════════════════════════════╗
    ║ Looks like Playwright Test or Playwright was just installed or updated. ║
    ║ Please run the following command to download new browsers:              ║
    ║                                                                         ║
    ║     npx playwright install                                              ║
    ║                                                                         ║
    ║ <3 Playwright Team                                                      ║
    ╚═════════════════════════════════════════════════════════════════════════╝

    attachment #1: trace (application/zip) ─────────────────────────────────────────────────────────
    ../../test-results/visual-regression-design-c-adacf-e---matches-design-baseline-chromium/trace.zip
    Usage:

        npx playwright show-trace ../../test-results/visual-regression-design-c-adacf-e---matches-design-baseline-chromium/trace.zip

    ────────────────────────────────────────────────────────────────────────────────────────────────
]]>
</failure>
<system-out>
<![CDATA[
[[ATTACHMENT|visual-regression-design-c-adacf-e---matches-design-baseline-chromium/trace.zip]]
]]>
</system-out>
</testcase>
<testcase name="Visual Regression - Design Consistency › tablet (768x1024) › Set Passcode - matches design baseline" classname="visual-regression/design-consistency.spec.ts" time="0.004">
<failure message="design-consistency.spec.ts:59:9 Set Passcode - matches design baseline" type="FAILURE">
<![CDATA[  [chromium] › visual-regression/design-consistency.spec.ts:59:9 › Visual Regression - Design Consistency › tablet (768x1024) › Set Passcode - matches design baseline 

    Error: browserType.launch: Executable doesn't exist at /home/codespace/.cache/ms-playwright/chromium_headless_shell-1194/chrome-linux/headless_shell
    ╔═════════════════════════════════════════════════════════════════════════╗
    ║ Looks like Playwright Test or Playwright was just installed or updated. ║
    ║ Please run the following command to download new browsers:              ║
    ║                                                                         ║
    ║     npx playwright install                                              ║
    ║                                                                         ║
    ║ <3 Playwright Team                                                      ║
    ╚═════════════════════════════════════════════════════════════════════════╝

    attachment #1: trace (application/zip) ─────────────────────────────────────────────────────────
    ../../test-results/visual-regression-design-c-8ca48-e---matches-design-baseline-chromium/trace.zip
    Usage:

        npx playwright show-trace ../../test-results/visual-regression-design-c-8ca48-e---matches-design-baseline-chromium/trace.zip

    ────────────────────────────────────────────────────────────────────────────────────────────────
]]>
</failure>
<system-out>
<![CDATA[
[[ATTACHMENT|visual-regression-design-c-8ca48-e---matches-design-baseline-chromium/trace.zip]]
]]>
</system-out>
</testcase>
<testcase name="Visual Regression - Design Consistency › tablet (768x1024) › Lock Page - matches design baseline" classname="visual-regression/design-consistency.spec.ts" time="0.004">
<failure message="design-consistency.spec.ts:59:9 Lock Page - matches design baseline" type="FAILURE">
<![CDATA[  [chromium] › visual-regression/design-consistency.spec.ts:59:9 › Visual Regression - Design Consistency › tablet (768x1024) › Lock Page - matches design baseline 

    Error: browserType.launch: Executable doesn't exist at /home/codespace/.cache/ms-playwright/chromium_headless_shell-1194/chrome-linux/headless_shell
    ╔═════════════════════════════════════════════════════════════════════════╗
    ║ Looks like Playwright Test or Playwright was just installed or updated. ║
    ║ Please run the following command to download new browsers:              ║
    ║                                                                         ║
    ║     npx playwright install                                              ║
    ║                                                                         ║
    ║ <3 Playwright Team                                                      ║
    ╚═════════════════════════════════════════════════════════════════════════╝

    attachment #1: trace (application/zip) ─────────────────────────────────────────────────────────
    ../../test-results/visual-regression-design-c-4fc61-e---matches-design-baseline-chromium/trace.zip
    Usage:

        npx playwright show-trace ../../test-results/visual-regression-design-c-4fc61-e---matches-design-baseline-chromium/trace.zip

    ────────────────────────────────────────────────────────────────────────────────────────────────
]]>
</failure>
<system-out>
<![CDATA[
[[ATTACHMENT|visual-regression-design-c-4fc61-e---matches-design-baseline-chromium/trace.zip]]
]]>
</system-out>
</testcase>
<testcase name="Visual Regression - Design Consistency › tablet (768x1024) › Credentials - matches design baseline" classname="visual-regression/design-consistency.spec.ts" time="0.004">
<failure message="design-consistency.spec.ts:59:9 Credentials - matches design baseline" type="FAILURE">
<![CDATA[  [chromium] › visual-regression/design-consistency.spec.ts:59:9 › Visual Regression - Design Consistency › tablet (768x1024) › Credentials - matches design baseline 

    Error: browserType.launch: Executable doesn't exist at /home/codespace/.cache/ms-playwright/chromium_headless_shell-1194/chrome-linux/headless_shell
    ╔═════════════════════════════════════════════════════════════════════════╗
    ║ Looks like Playwright Test or Playwright was just installed or updated. ║
    ║ Please run the following command to download new browsers:              ║
    ║                                                                         ║
    ║     npx playwright install                                              ║
    ║                                                                         ║
    ║ <3 Playwright Team                                                      ║
    ╚═════════════════════════════════════════════════════════════════════════╝

    attachment #1: trace (application/zip) ─────────────────────────────────────────────────────────
    ../../test-results/visual-regression-design-c-0816e-s---matches-design-baseline-chromium/trace.zip
    Usage:

        npx playwright show-trace ../../test-results/visual-regression-design-c-0816e-s---matches-design-baseline-chromium/trace.zip

    ────────────────────────────────────────────────────────────────────────────────────────────────
]]>
</failure>
<system-out>
<![CDATA[
[[ATTACHMENT|visual-regression-design-c-0816e-s---matches-design-baseline-chromium/trace.zip]]
]]>
</system-out>
</testcase>
<testcase name="Visual Regression - Design Consistency › tablet (768x1024) › Identifiers - matches design baseline" classname="visual-regression/design-consistency.spec.ts" time="0.004">
<failure message="design-consistency.spec.ts:59:9 Identifiers - matches design baseline" type="FAILURE">
<![CDATA[  [chromium] › visual-regression/design-consistency.spec.ts:59:9 › Visual Regression - Design Consistency › tablet (768x1024) › Identifiers - matches design baseline 

    Error: browserType.launch: Executable doesn't exist at /home/codespace/.cache/ms-playwright/chromium_headless_shell-1194/chrome-linux/headless_shell
    ╔═════════════════════════════════════════════════════════════════════════╗
    ║ Looks like Playwright Test or Playwright was just installed or updated. ║
    ║ Please run the following command to download new browsers:              ║
    ║                                                                         ║
    ║     npx playwright install                                              ║
    ║                                                                         ║
    ║ <3 Playwright Team                                                      ║
    ╚═════════════════════════════════════════════════════════════════════════╝

    attachment #1: trace (application/zip) ─────────────────────────────────────────────────────────
    ../../test-results/visual-regression-design-c-e8dea-s---matches-design-baseline-chromium/trace.zip
    Usage:

        npx playwright show-trace ../../test-results/visual-regression-design-c-e8dea-s---matches-design-baseline-chromium/trace.zip

    ────────────────────────────────────────────────────────────────────────────────────────────────
]]>
</failure>
<system-out>
<![CDATA[
[[ATTACHMENT|visual-regression-design-c-e8dea-s---matches-design-baseline-chromium/trace.zip]]
]]>
</system-out>
</testcase>
<testcase name="Visual Regression - Design Consistency › tablet (768x1024) › Connections - matches design baseline" classname="visual-regression/design-consistency.spec.ts" time="0.004">
<failure message="design-consistency.spec.ts:59:9 Connections - matches design baseline" type="FAILURE">
<![CDATA[  [chromium] › visual-regression/design-consistency.spec.ts:59:9 › Visual Regression - Design Consistency › tablet (768x1024) › Connections - matches design baseline 

    Error: browserType.launch: Executable doesn't exist at /home/codespace/.cache/ms-playwright/chromium_headless_shell-1194/chrome-linux/headless_shell
    ╔═════════════════════════════════════════════════════════════════════════╗
    ║ Looks like Playwright Test or Playwright was just installed or updated. ║
    ║ Please run the following command to download new browsers:              ║
    ║                                                                         ║
    ║     npx playwright install                                              ║
    ║                                                                         ║
    ║ <3 Playwright Team                                                      ║
    ╚═════════════════════════════════════════════════════════════════════════╝

    attachment #1: trace (application/zip) ─────────────────────────────────────────────────────────
    ../../test-results/visual-regression-design-c-f3dda-s---matches-design-baseline-chromium/trace.zip
    Usage:

        npx playwright show-trace ../../test-results/visual-regression-design-c-f3dda-s---matches-design-baseline-chromium/trace.zip

    ────────────────────────────────────────────────────────────────────────────────────────────────
]]>
</failure>
<system-out>
<![CDATA[
[[ATTACHMENT|visual-regression-design-c-f3dda-s---matches-design-baseline-chromium/trace.zip]]
]]>
</system-out>
</testcase>
<testcase name="Visual Regression - Design Consistency › tablet (768x1024) › Notifications - matches design baseline" classname="visual-regression/design-consistency.spec.ts" time="0.004">
<failure message="design-consistency.spec.ts:59:9 Notifications - matches design baseline" type="FAILURE">
<![CDATA[  [chromium] › visual-regression/design-consistency.spec.ts:59:9 › Visual Regression - Design Consistency › tablet (768x1024) › Notifications - matches design baseline 

    Error: browserType.launch: Executable doesn't exist at /home/codespace/.cache/ms-playwright/chromium_headless_shell-1194/chrome-linux/headless_shell
    ╔═════════════════════════════════════════════════════════════════════════╗
    ║ Looks like Playwright Test or Playwright was just installed or updated. ║
    ║ Please run the following command to download new browsers:              ║
    ║                                                                         ║
    ║     npx playwright install                                              ║
    ║                                                                         ║
    ║ <3 Playwright Team                                                      ║
    ╚═════════════════════════════════════════════════════════════════════════╝

    attachment #1: trace (application/zip) ─────────────────────────────────────────────────────────
    ../../test-results/visual-regression-design-c-06e6a-s---matches-design-baseline-chromium/trace.zip
    Usage:

        npx playwright show-trace ../../test-results/visual-regression-design-c-06e6a-s---matches-design-baseline-chromium/trace.zip

    ────────────────────────────────────────────────────────────────────────────────────────────────
]]>
</failure>
<system-out>
<![CDATA[
[[ATTACHMENT|visual-regression-design-c-06e6a-s---matches-design-baseline-chromium/trace.zip]]
]]>
</system-out>
</testcase>
<testcase name="Visual Regression - Design Consistency › tablet (768x1024) › Menu - matches design baseline" classname="visual-regression/design-consistency.spec.ts" time="0.005">
<failure message="design-consistency.spec.ts:59:9 Menu - matches design baseline" type="FAILURE">
<![CDATA[  [chromium] › visual-regression/design-consistency.spec.ts:59:9 › Visual Regression - Design Consistency › tablet (768x1024) › Menu - matches design baseline 

    Error: browserType.launch: Executable doesn't exist at /home/codespace/.cache/ms-playwright/chromium_headless_shell-1194/chrome-linux/headless_shell
    ╔═════════════════════════════════════════════════════════════════════════╗
    ║ Looks like Playwright Test or Playwright was just installed or updated. ║
    ║ Please run the following command to download new browsers:              ║
    ║                                                                         ║
    ║     npx playwright install                                              ║
    ║                                                                         ║
    ║ <3 Playwright Team                                                      ║
    ╚═════════════════════════════════════════════════════════════════════════╝

    attachment #1: trace (application/zip) ─────────────────────────────────────────────────────────
    ../../test-results/visual-regression-design-c-59348-u---matches-design-baseline-chromium/trace.zip
    Usage:

        npx playwright show-trace ../../test-results/visual-regression-design-c-59348-u---matches-design-baseline-chromium/trace.zip

    ────────────────────────────────────────────────────────────────────────────────────────────────
]]>
</failure>
<system-out>
<![CDATA[
[[ATTACHMENT|visual-regression-design-c-59348-u---matches-design-baseline-chromium/trace.zip]]
]]>
</system-out>
</testcase>
<testcase name="Visual Regression - Design Consistency › tablet (768x1024) › Scan - matches design baseline" classname="visual-regression/design-consistency.spec.ts" time="0.005">
<failure message="design-consistency.spec.ts:59:9 Scan - matches design baseline" type="FAILURE">
<![CDATA[  [chromium] › visual-regression/design-consistency.spec.ts:59:9 › Visual Regression - Design Consistency › tablet (768x1024) › Scan - matches design baseline 

    Error: browserType.launch: Executable doesn't exist at /home/codespace/.cache/ms-playwright/chromium_headless_shell-1194/chrome-linux/headless_shell
    ╔═════════════════════════════════════════════════════════════════════════╗
    ║ Looks like Playwright Test or Playwright was just installed or updated. ║
    ║ Please run the following command to download new browsers:              ║
    ║                                                                         ║
    ║     npx playwright install                                              ║
    ║                                                                         ║
    ║ <3 Playwright Team                                                      ║
    ╚═════════════════════════════════════════════════════════════════════════╝

    attachment #1: trace (application/zip) ─────────────────────────────────────────────────────────
    ../../test-results/visual-regression-design-c-93218-n---matches-design-baseline-chromium/trace.zip
    Usage:

        npx playwright show-trace ../../test-results/visual-regression-design-c-93218-n---matches-design-baseline-chromium/trace.zip

    ────────────────────────────────────────────────────────────────────────────────────────────────
]]>
</failure>
<system-out>
<![CDATA[
[[ATTACHMENT|visual-regression-design-c-93218-n---matches-design-baseline-chromium/trace.zip]]
]]>
</system-out>
</testcase>
<testcase name="Visual Regression - Design Consistency › desktop (1280x720) › Biometric Enrollment - matches design baseline" classname="visual-regression/design-consistency.spec.ts" time="0.004">
<failure message="design-consistency.spec.ts:59:9 Biometric Enrollment - matches design baseline" type="FAILURE">
<![CDATA[  [chromium] › visual-regression/design-consistency.spec.ts:59:9 › Visual Regression - Design Consistency › desktop (1280x720) › Biometric Enrollment - matches design baseline 

    Error: browserType.launch: Executable doesn't exist at /home/codespace/.cache/ms-playwright/chromium_headless_shell-1194/chrome-linux/headless_shell
    ╔═════════════════════════════════════════════════════════════════════════╗
    ║ Looks like Playwright Test or Playwright was just installed or updated. ║
    ║ Please run the following command to download new browsers:              ║
    ║                                                                         ║
    ║     npx playwright install                                              ║
    ║                                                                         ║
    ║ <3 Playwright Team                                                      ║
    ╚═════════════════════════════════════════════════════════════════════════╝

    attachment #1: trace (application/zip) ─────────────────────────────────────────────────────────
    ../../test-results/visual-regression-design-c-97d20-t---matches-design-baseline-chromium/trace.zip
    Usage:

        npx playwright show-trace ../../test-results/visual-regression-design-c-97d20-t---matches-design-baseline-chromium/trace.zip

    ────────────────────────────────────────────────────────────────────────────────────────────────
]]>
</failure>
<system-out>
<![CDATA[
[[ATTACHMENT|visual-regression-design-c-97d20-t---matches-design-baseline-chromium/trace.zip]]
]]>
</system-out>
</testcase>
<testcase name="Visual Regression - Design Consistency › desktop (1280x720) › Onboarding - matches design baseline" classname="visual-regression/design-consistency.spec.ts" time="0.005">
<failure message="design-consistency.spec.ts:59:9 Onboarding - matches design baseline" type="FAILURE">
<![CDATA[  [chromium] › visual-regression/design-consistency.spec.ts:59:9 › Visual Regression - Design Consistency › desktop (1280x720) › Onboarding - matches design baseline 

    Error: browserType.launch: Executable doesn't exist at /home/codespace/.cache/ms-playwright/chromium_headless_shell-1194/chrome-linux/headless_shell
    ╔═════════════════════════════════════════════════════════════════════════╗
    ║ Looks like Playwright Test or Playwright was just installed or updated. ║
    ║ Please run the following command to download new browsers:              ║
    ║                                                                         ║
    ║     npx playwright install                                              ║
    ║                                                                         ║
    ║ <3 Playwright Team                                                      ║
    ╚═════════════════════════════════════════════════════════════════════════╝

    attachment #1: trace (application/zip) ─────────────────────────────────────────────────────────
    ../../test-results/visual-regression-design-c-e90b5-g---matches-design-baseline-chromium/trace.zip
    Usage:

        npx playwright show-trace ../../test-results/visual-regression-design-c-e90b5-g---matches-design-baseline-chromium/trace.zip

    ────────────────────────────────────────────────────────────────────────────────────────────────
]]>
</failure>
<system-out>
<![CDATA[
[[ATTACHMENT|visual-regression-design-c-e90b5-g---matches-design-baseline-chromium/trace.zip]]
]]>
</system-out>
</testcase>
<testcase name="Visual Regression - Design Consistency › desktop (1280x720) › Create Password - matches design baseline" classname="visual-regression/design-consistency.spec.ts" time="0.005">
<failure message="design-consistency.spec.ts:59:9 Create Password - matches design baseline" type="FAILURE">
<![CDATA[  [chromium] › visual-regression/design-consistency.spec.ts:59:9 › Visual Regression - Design Consistency › desktop (1280x720) › Create Password - matches design baseline 

    Error: browserType.launch: Executable doesn't exist at /home/codespace/.cache/ms-playwright/chromium_headless_shell-1194/chrome-linux/headless_shell
    ╔═════════════════════════════════════════════════════════════════════════╗
    ║ Looks like Playwright Test or Playwright was just installed or updated. ║
    ║ Please run the following command to download new browsers:              ║
    ║                                                                         ║
    ║     npx playwright install                                              ║
    ║                                                                         ║
    ║ <3 Playwright Team                                                      ║
    ╚═════════════════════════════════════════════════════════════════════════╝

    attachment #1: trace (application/zip) ─────────────────────────────────────────────────────────
    ../../test-results/visual-regression-design-c-a895b-d---matches-design-baseline-chromium/trace.zip
    Usage:

        npx playwright show-trace ../../test-results/visual-regression-design-c-a895b-d---matches-design-baseline-chromium/trace.zip

    ────────────────────────────────────────────────────────────────────────────────────────────────
]]>
</failure>
<system-out>
<![CDATA[
[[ATTACHMENT|visual-regression-design-c-a895b-d---matches-design-baseline-chromium/trace.zip]]
]]>
</system-out>
</testcase>
<testcase name="Visual Regression - Design Consistency › desktop (1280x720) › Setup Biometrics - matches design baseline" classname="visual-regression/design-consistency.spec.ts" time="0.005">
<failure message="design-consistency.spec.ts:59:9 Setup Biometrics - matches design baseline" type="FAILURE">
<![CDATA[  [chromium] › visual-regression/design-consistency.spec.ts:59:9 › Visual Regression - Design Consistency › desktop (1280x720) › Setup Biometrics - matches design baseline 

    Error: browserType.launch: Executable doesn't exist at /home/codespace/.cache/ms-playwright/chromium_headless_shell-1194/chrome-linux/headless_shell
    ╔═════════════════════════════════════════════════════════════════════════╗
    ║ Looks like Playwright Test or Playwright was just installed or updated. ║
    ║ Please run the following command to download new browsers:              ║
    ║                                                                         ║
    ║     npx playwright install                                              ║
    ║                                                                         ║
    ║ <3 Playwright Team                                                      ║
    ╚═════════════════════════════════════════════════════════════════════════╝

    attachment #1: trace (application/zip) ─────────────────────────────────────────────────────────
    ../../test-results/visual-regression-design-c-ba6ed-s---matches-design-baseline-chromium/trace.zip
    Usage:

        npx playwright show-trace ../../test-results/visual-regression-design-c-ba6ed-s---matches-design-baseline-chromium/trace.zip

    ────────────────────────────────────────────────────────────────────────────────────────────────
]]>
</failure>
<system-out>
<![CDATA[
[[ATTACHMENT|visual-regression-design-c-ba6ed-s---matches-design-baseline-chromium/trace.zip]]
]]>
</system-out>
</testcase>
<testcase name="Visual Regression - Design Consistency › desktop (1280x720) › Generate Seed Phrase - matches design baseline" classname="visual-regression/design-consistency.spec.ts" time="0.004">
<failure message="design-consistency.spec.ts:59:9 Generate Seed Phrase - matches design baseline" type="FAILURE">
<![CDATA[  [chromium] › visual-regression/design-consistency.spec.ts:59:9 › Visual Regression - Design Consistency › desktop (1280x720) › Generate Seed Phrase - matches design baseline 

    Error: browserType.launch: Executable doesn't exist at /home/codespace/.cache/ms-playwright/chromium_headless_shell-1194/chrome-linux/headless_shell
    ╔═════════════════════════════════════════════════════════════════════════╗
    ║ Looks like Playwright Test or Playwright was just installed or updated. ║
    ║ Please run the following command to download new browsers:              ║
    ║                                                                         ║
    ║     npx playwright install                                              ║
    ║                                                                         ║
    ║ <3 Playwright Team                                                      ║
    ╚═════════════════════════════════════════════════════════════════════════╝

    attachment #1: trace (application/zip) ─────────────────────────────────────────────────────────
    ../../test-results/visual-regression-design-c-f121d-e---matches-design-baseline-chromium/trace.zip
    Usage:

        npx playwright show-trace ../../test-results/visual-regression-design-c-f121d-e---matches-design-baseline-chromium/trace.zip

    ────────────────────────────────────────────────────────────────────────────────────────────────
]]>
</failure>
<system-out>
<![CDATA[
[[ATTACHMENT|visual-regression-design-c-f121d-e---matches-design-baseline-chromium/trace.zip]]
]]>
</system-out>
</testcase>
<testcase name="Visual Regression - Design Consistency › desktop (1280x720) › Verify Seed Phrase - matches design baseline" classname="visual-regression/design-consistency.spec.ts" time="0.004">
<failure message="design-consistency.spec.ts:59:9 Verify Seed Phrase - matches design baseline" type="FAILURE">
<![CDATA[  [chromium] › visual-regression/design-consistency.spec.ts:59:9 › Visual Regression - Design Consistency › desktop (1280x720) › Verify Seed Phrase - matches design baseline 

    Error: browserType.launch: Executable doesn't exist at /home/codespace/.cache/ms-playwright/chromium_headless_shell-1194/chrome-linux/headless_shell
    ╔═════════════════════════════════════════════════════════════════════════╗
    ║ Looks like Playwright Test or Playwright was just installed or updated. ║
    ║ Please run the following command to download new browsers:              ║
    ║                                                                         ║
    ║     npx playwright install                                              ║
    ║                                                                         ║
    ║ <3 Playwright Team                                                      ║
    ╚═════════════════════════════════════════════════════════════════════════╝

    attachment #1: trace (application/zip) ─────────────────────────────────────────────────────────
    ../../test-results/visual-regression-design-c-260c5-e---matches-design-baseline-chromium/trace.zip
    Usage:

        npx playwright show-trace ../../test-results/visual-regression-design-c-260c5-e---matches-design-baseline-chromium/trace.zip

    ────────────────────────────────────────────────────────────────────────────────────────────────
]]>
</failure>
<system-out>
<![CDATA[
[[ATTACHMENT|visual-regression-design-c-260c5-e---matches-design-baseline-chromium/trace.zip]]
]]>
</system-out>
</testcase>
<testcase name="Visual Regression - Design Consistency › desktop (1280x720) › Set Passcode - matches design baseline" classname="visual-regression/design-consistency.spec.ts" time="0.005">
<failure message="design-consistency.spec.ts:59:9 Set Passcode - matches design baseline" type="FAILURE">
<![CDATA[  [chromium] › visual-regression/design-consistency.spec.ts:59:9 › Visual Regression - Design Consistency › desktop (1280x720) › Set Passcode - matches design baseline 

    Error: browserType.launch: Executable doesn't exist at /home/codespace/.cache/ms-playwright/chromium_headless_shell-1194/chrome-linux/headless_shell
    ╔═════════════════════════════════════════════════════════════════════════╗
    ║ Looks like Playwright Test or Playwright was just installed or updated. ║
    ║ Please run the following command to download new browsers:              ║
    ║                                                                         ║
    ║     npx playwright install                                              ║
    ║                                                                         ║
    ║ <3 Playwright Team                                                      ║
    ╚═════════════════════════════════════════════════════════════════════════╝

    attachment #1: trace (application/zip) ─────────────────────────────────────────────────────────
    ../../test-results/visual-regression-design-c-bb489-e---matches-design-baseline-chromium/trace.zip
    Usage:

        npx playwright show-trace ../../test-results/visual-regression-design-c-bb489-e---matches-design-baseline-chromium/trace.zip

    ────────────────────────────────────────────────────────────────────────────────────────────────
]]>
</failure>
<system-out>
<![CDATA[
[[ATTACHMENT|visual-regression-design-c-bb489-e---matches-design-baseline-chromium/trace.zip]]
]]>
</system-out>
</testcase>
<testcase name="Visual Regression - Design Consistency › desktop (1280x720) › Lock Page - matches design baseline" classname="visual-regression/design-consistency.spec.ts" time="0.004">
<failure message="design-consistency.spec.ts:59:9 Lock Page - matches design baseline" type="FAILURE">
<![CDATA[  [chromium] › visual-regression/design-consistency.spec.ts:59:9 › Visual Regression - Design Consistency › desktop (1280x720) › Lock Page - matches design baseline 

    Error: browserType.launch: Executable doesn't exist at /home/codespace/.cache/ms-playwright/chromium_headless_shell-1194/chrome-linux/headless_shell
    ╔═════════════════════════════════════════════════════════════════════════╗
    ║ Looks like Playwright Test or Playwright was just installed or updated. ║
    ║ Please run the following command to download new browsers:              ║
    ║                                                                         ║
    ║     npx playwright install                                              ║
    ║                                                                         ║
    ║ <3 Playwright Team                                                      ║
    ╚═════════════════════════════════════════════════════════════════════════╝

    attachment #1: trace (application/zip) ─────────────────────────────────────────────────────────
    ../../test-results/visual-regression-design-c-3def2-e---matches-design-baseline-chromium/trace.zip
    Usage:

        npx playwright show-trace ../../test-results/visual-regression-design-c-3def2-e---matches-design-baseline-chromium/trace.zip

    ────────────────────────────────────────────────────────────────────────────────────────────────
]]>
</failure>
<system-out>
<![CDATA[
[[ATTACHMENT|visual-regression-design-c-3def2-e---matches-design-baseline-chromium/trace.zip]]
]]>
</system-out>
</testcase>
<testcase name="Visual Regression - Design Consistency › desktop (1280x720) › Credentials - matches design baseline" classname="visual-regression/design-consistency.spec.ts" time="0.004">
<failure message="design-consistency.spec.ts:59:9 Credentials - matches design baseline" type="FAILURE">
<![CDATA[  [chromium] › visual-regression/design-consistency.spec.ts:59:9 › Visual Regression - Design Consistency › desktop (1280x720) › Credentials - matches design baseline 

    Error: browserType.launch: Executable doesn't exist at /home/codespace/.cache/ms-playwright/chromium_headless_shell-1194/chrome-linux/headless_shell
    ╔═════════════════════════════════════════════════════════════════════════╗
    ║ Looks like Playwright Test or Playwright was just installed or updated. ║
    ║ Please run the following command to download new browsers:              ║
    ║                                                                         ║
    ║     npx playwright install                                              ║
    ║                                                                         ║
    ║ <3 Playwright Team                                                      ║
    ╚═════════════════════════════════════════════════════════════════════════╝

    attachment #1: trace (application/zip) ─────────────────────────────────────────────────────────
    ../../test-results/visual-regression-design-c-a3154-s---matches-design-baseline-chromium/trace.zip
    Usage:

        npx playwright show-trace ../../test-results/visual-regression-design-c-a3154-s---matches-design-baseline-chromium/trace.zip

    ────────────────────────────────────────────────────────────────────────────────────────────────
]]>
</failure>
<system-out>
<![CDATA[
[[ATTACHMENT|visual-regression-design-c-a3154-s---matches-design-baseline-chromium/trace.zip]]
]]>
</system-out>
</testcase>
<testcase name="Visual Regression - Design Consistency › desktop (1280x720) › Identifiers - matches design baseline" classname="visual-regression/design-consistency.spec.ts" time="0.004">
<failure message="design-consistency.spec.ts:59:9 Identifiers - matches design baseline" type="FAILURE">
<![CDATA[  [chromium] › visual-regression/design-consistency.spec.ts:59:9 › Visual Regression - Design Consistency › desktop (1280x720) › Identifiers - matches design baseline 

    Error: browserType.launch: Executable doesn't exist at /home/codespace/.cache/ms-playwright/chromium_headless_shell-1194/chrome-linux/headless_shell
    ╔═════════════════════════════════════════════════════════════════════════╗
    ║ Looks like Playwright Test or Playwright was just installed or updated. ║
    ║ Please run the following command to download new browsers:              ║
    ║                                                                         ║
    ║     npx playwright install                                              ║
    ║                                                                         ║
    ║ <3 Playwright Team                                                      ║
    ╚═════════════════════════════════════════════════════════════════════════╝

    attachment #1: trace (application/zip) ─────────────────────────────────────────────────────────
    ../../test-results/visual-regression-design-c-a0f25-s---matches-design-baseline-chromium/trace.zip
    Usage:

        npx playwright show-trace ../../test-results/visual-regression-design-c-a0f25-s---matches-design-baseline-chromium/trace.zip

    ────────────────────────────────────────────────────────────────────────────────────────────────
]]>
</failure>
<system-out>
<![CDATA[
[[ATTACHMENT|visual-regression-design-c-a0f25-s---matches-design-baseline-chromium/trace.zip]]
]]>
</system-out>
</testcase>
<testcase name="Visual Regression - Design Consistency › desktop (1280x720) › Connections - matches design baseline" classname="visual-regression/design-consistency.spec.ts" time="0.004">
<failure message="design-consistency.spec.ts:59:9 Connections - matches design baseline" type="FAILURE">
<![CDATA[  [chromium] › visual-regression/design-consistency.spec.ts:59:9 › Visual Regression - Design Consistency › desktop (1280x720) › Connections - matches design baseline 

    Error: browserType.launch: Executable doesn't exist at /home/codespace/.cache/ms-playwright/chromium_headless_shell-1194/chrome-linux/headless_shell
    ╔═════════════════════════════════════════════════════════════════════════╗
    ║ Looks like Playwright Test or Playwright was just installed or updated. ║
    ║ Please run the following command to download new browsers:              ║
    ║                                                                         ║
    ║     npx playwright install                                              ║
    ║                                                                         ║
    ║ <3 Playwright Team                                                      ║
    ╚═════════════════════════════════════════════════════════════════════════╝

    attachment #1: trace (application/zip) ─────────────────────────────────────────────────────────
    ../../test-results/visual-regression-design-c-5c14a-s---matches-design-baseline-chromium/trace.zip
    Usage:

        npx playwright show-trace ../../test-results/visual-regression-design-c-5c14a-s---matches-design-baseline-chromium/trace.zip

    ────────────────────────────────────────────────────────────────────────────────────────────────
]]>
</failure>
<system-out>
<![CDATA[
[[ATTACHMENT|visual-regression-design-c-5c14a-s---matches-design-baseline-chromium/trace.zip]]
]]>
</system-out>
</testcase>
<testcase name="Visual Regression - Design Consistency › desktop (1280x720) › Notifications - matches design baseline" classname="visual-regression/design-consistency.spec.ts" time="0.005">
<failure message="design-consistency.spec.ts:59:9 Notifications - matches design baseline" type="FAILURE">
<![CDATA[  [chromium] › visual-regression/design-consistency.spec.ts:59:9 › Visual Regression - Design Consistency › desktop (1280x720) › Notifications - matches design baseline 

    Error: browserType.launch: Executable doesn't exist at /home/codespace/.cache/ms-playwright/chromium_headless_shell-1194/chrome-linux/headless_shell
    ╔═════════════════════════════════════════════════════════════════════════╗
    ║ Looks like Playwright Test or Playwright was just installed or updated. ║
    ║ Please run the following command to download new browsers:              ║
    ║                                                                         ║
    ║     npx playwright install                                              ║
    ║                                                                         ║
    ║ <3 Playwright Team                                                      ║
    ╚═════════════════════════════════════════════════════════════════════════╝

    attachment #1: trace (application/zip) ─────────────────────────────────────────────────────────
    ../../test-results/visual-regression-design-c-85645-s---matches-design-baseline-chromium/trace.zip
    Usage:

        npx playwright show-trace ../../test-results/visual-regression-design-c-85645-s---matches-design-baseline-chromium/trace.zip

    ────────────────────────────────────────────────────────────────────────────────────────────────
]]>
</failure>
<system-out>
<![CDATA[
[[ATTACHMENT|visual-regression-design-c-85645-s---matches-design-baseline-chromium/trace.zip]]
]]>
</system-out>
</testcase>
<testcase name="Visual Regression - Design Consistency › desktop (1280x720) › Menu - matches design baseline" classname="visual-regression/design-consistency.spec.ts" time="0.004">
<failure message="design-consistency.spec.ts:59:9 Menu - matches design baseline" type="FAILURE">
<![CDATA[  [chromium] › visual-regression/design-consistency.spec.ts:59:9 › Visual Regression - Design Consistency › desktop (1280x720) › Menu - matches design baseline 

    Error: browserType.launch: Executable doesn't exist at /home/codespace/.cache/ms-playwright/chromium_headless_shell-1194/chrome-linux/headless_shell
    ╔═════════════════════════════════════════════════════════════════════════╗
    ║ Looks like Playwright Test or Playwright was just installed or updated. ║
    ║ Please run the following command to download new browsers:              ║
    ║                                                                         ║
    ║     npx playwright install                                              ║
    ║                                                                         ║
    ║ <3 Playwright Team                                                      ║
    ╚═════════════════════════════════════════════════════════════════════════╝

    attachment #1: trace (application/zip) ─────────────────────────────────────────────────────────
    ../../test-results/visual-regression-design-c-d565c-u---matches-design-baseline-chromium/trace.zip
    Usage:

        npx playwright show-trace ../../test-results/visual-regression-design-c-d565c-u---matches-design-baseline-chromium/trace.zip

    ────────────────────────────────────────────────────────────────────────────────────────────────
]]>
</failure>
<system-out>
<![CDATA[
[[ATTACHMENT|visual-regression-design-c-d565c-u---matches-design-baseline-chromium/trace.zip]]
]]>
</system-out>
</testcase>
<testcase name="Visual Regression - Design Consistency › desktop (1280x720) › Scan - matches design baseline" classname="visual-regression/design-consistency.spec.ts" time="0.004">
<failure message="design-consistency.spec.ts:59:9 Scan - matches design baseline" type="FAILURE">
<![CDATA[  [chromium] › visual-regression/design-consistency.spec.ts:59:9 › Visual Regression - Design Consistency › desktop (1280x720) › Scan - matches design baseline 

    Error: browserType.launch: Executable doesn't exist at /home/codespace/.cache/ms-playwright/chromium_headless_shell-1194/chrome-linux/headless_shell
    ╔═════════════════════════════════════════════════════════════════════════╗
    ║ Looks like Playwright Test or Playwright was just installed or updated. ║
    ║ Please run the following command to download new browsers:              ║
    ║                                                                         ║
    ║     npx playwright install                                              ║
    ║                                                                         ║
    ║ <3 Playwright Team                                                      ║
    ╚═════════════════════════════════════════════════════════════════════════╝

    attachment #1: trace (application/zip) ─────────────────────────────────────────────────────────
    ../../test-results/visual-regression-design-c-94db4-n---matches-design-baseline-chromium/trace.zip
    Usage:

        npx playwright show-trace ../../test-results/visual-regression-design-c-94db4-n---matches-design-baseline-chromium/trace.zip

    ────────────────────────────────────────────────────────────────────────────────────────────────
]]>
</failure>
<system-out>
<![CDATA[
[[ATTACHMENT|visual-regression-design-c-94db4-n---matches-design-baseline-chromium/trace.zip]]
]]>
</system-out>
</testcase>
<testcase name="Component Consistency › Buttons have consistent styling" classname="visual-regression/design-consistency.spec.ts" time="0.003">
<failure message="design-consistency.spec.ts:86:3 Buttons have consistent styling" type="FAILURE">
<![CDATA[  [chromium] › visual-regression/design-consistency.spec.ts:86:3 › Component Consistency › Buttons have consistent styling 

    Error: browserType.launch: Executable doesn't exist at /home/codespace/.cache/ms-playwright/chromium_headless_shell-1194/chrome-linux/headless_shell
    ╔═════════════════════════════════════════════════════════════════════════╗
    ║ Looks like Playwright Test or Playwright was just installed or updated. ║
    ║ Please run the following command to download new browsers:              ║
    ║                                                                         ║
    ║     npx playwright install                                              ║
    ║                                                                         ║
    ║ <3 Playwright Team                                                      ║
    ╚═════════════════════════════════════════════════════════════════════════╝

    attachment #1: trace (application/zip) ─────────────────────────────────────────────────────────
    ../../test-results/visual-regression-design-c-e16f1-ons-have-consistent-styling-chromium/trace.zip
    Usage:

        npx playwright show-trace ../../test-results/visual-regression-design-c-e16f1-ons-have-consistent-styling-chromium/trace.zip

    ────────────────────────────────────────────────────────────────────────────────────────────────
]]>
</failure>
<system-out>
<![CDATA[
[[ATTACHMENT|visual-regression-design-c-e16f1-ons-have-consistent-styling-chromium/trace.zip]]
]]>
</system-out>
</testcase>
<testcase name="Component Consistency › Cards have consistent styling" classname="visual-regression/design-consistency.spec.ts" time="0.004">
<failure message="design-consistency.spec.ts:96:3 Cards have consistent styling" type="FAILURE">
<![CDATA[  [chromium] › visual-regression/design-consistency.spec.ts:96:3 › Component Consistency › Cards have consistent styling 

    Error: browserType.launch: Executable doesn't exist at /home/codespace/.cache/ms-playwright/chromium_headless_shell-1194/chrome-linux/headless_shell
    ╔═════════════════════════════════════════════════════════════════════════╗
    ║ Looks like Playwright Test or Playwright was just installed or updated. ║
    ║ Please run the following command to download new browsers:              ║
    ║                                                                         ║
    ║     npx playwright install                                              ║
    ║                                                                         ║
    ║ <3 Playwright Team                                                      ║
    ╚═════════════════════════════════════════════════════════════════════════╝

    attachment #1: trace (application/zip) ─────────────────────────────────────────────────────────
    ../../test-results/visual-regression-design-c-103ee-rds-have-consistent-styling-chromium/trace.zip
    Usage:

        npx playwright show-trace ../../test-results/visual-regression-design-c-103ee-rds-have-consistent-styling-chromium/trace.zip

    ────────────────────────────────────────────────────────────────────────────────────────────────
]]>
</failure>
<system-out>
<![CDATA[
[[ATTACHMENT|visual-regression-design-c-103ee-rds-have-consistent-styling-chromium/trace.zip]]
]]>
</system-out>
</testcase>
<testcase name="Component Consistency › Typography follows design tokens" classname="visual-regression/design-consistency.spec.ts" time="0.005">
<failure message="design-consistency.spec.ts:106:3 Typography follows design tokens" type="FAILURE">
<![CDATA[  [chromium] › visual-regression/design-consistency.spec.ts:106:3 › Component Consistency › Typography follows design tokens 

    Error: browserType.launch: Executable doesn't exist at /home/codespace/.cache/ms-playwright/chromium_headless_shell-1194/chrome-linux/headless_shell
    ╔═════════════════════════════════════════════════════════════════════════╗
    ║ Looks like Playwright Test or Playwright was just installed or updated. ║
    ║ Please run the following command to download new browsers:              ║
    ║                                                                         ║
    ║     npx playwright install                                              ║
    ║                                                                         ║
    ║ <3 Playwright Team                                                      ║
    ╚═════════════════════════════════════════════════════════════════════════╝

    attachment #1: trace (application/zip) ─────────────────────────────────────────────────────────
    ../../test-results/visual-regression-design-c-f4ce6-raphy-follows-design-tokens-chromium/trace.zip
    Usage:

        npx playwright show-trace ../../test-results/visual-regression-design-c-f4ce6-raphy-follows-design-tokens-chromium/trace.zip

    ────────────────────────────────────────────────────────────────────────────────────────────────
]]>
</failure>
<system-out>
<![CDATA[
[[ATTACHMENT|visual-regression-design-c-f4ce6-raphy-follows-design-tokens-chromium/trace.zip]]
]]>
</system-out>
</testcase>
<testcase name="Component Consistency › Spacing is consistent across pages" classname="visual-regression/design-consistency.spec.ts" time="0.003">
<failure message="design-consistency.spec.ts:118:3 Spacing is consistent across pages" type="FAILURE">
<![CDATA[  [chromium] › visual-regression/design-consistency.spec.ts:118:3 › Component Consistency › Spacing is consistent across pages 

    Error: browserType.launch: Executable doesn't exist at /home/codespace/.cache/ms-playwright/chromium_headless_shell-1194/chrome-linux/headless_shell
    ╔═════════════════════════════════════════════════════════════════════════╗
    ║ Looks like Playwright Test or Playwright was just installed or updated. ║
    ║ Please run the following command to download new browsers:              ║
    ║                                                                         ║
    ║     npx playwright install                                              ║
    ║                                                                         ║
    ║ <3 Playwright Team                                                      ║
    ╚═════════════════════════════════════════════════════════════════════════╝

    attachment #1: trace (application/zip) ─────────────────────────────────────────────────────────
    ../../test-results/visual-regression-design-c-61b65--is-consistent-across-pages-chromium/trace.zip
    Usage:

        npx playwright show-trace ../../test-results/visual-regression-design-c-61b65--is-consistent-across-pages-chromium/trace.zip

    ────────────────────────────────────────────────────────────────────────────────────────────────
]]>
</failure>
<system-out>
<![CDATA[
[[ATTACHMENT|visual-regression-design-c-61b65--is-consistent-across-pages-chromium/trace.zip]]
]]>
</system-out>
</testcase>
<testcase name="Component Consistency › Forms have consistent input styling" classname="visual-regression/design-consistency.spec.ts" time="0.003">
<failure message="design-consistency.spec.ts:136:3 Forms have consistent input styling" type="FAILURE">
<![CDATA[  [chromium] › visual-regression/design-consistency.spec.ts:136:3 › Component Consistency › Forms have consistent input styling 

    Error: browserType.launch: Executable doesn't exist at /home/codespace/.cache/ms-playwright/chromium_headless_shell-1194/chrome-linux/headless_shell
    ╔═════════════════════════════════════════════════════════════════════════╗
    ║ Looks like Playwright Test or Playwright was just installed or updated. ║
    ║ Please run the following command to download new browsers:              ║
    ║                                                                         ║
    ║     npx playwright install                                              ║
    ║                                                                         ║
    ║ <3 Playwright Team                                                      ║
    ╚═════════════════════════════════════════════════════════════════════════╝

    attachment #1: trace (application/zip) ─────────────────────────────────────────────────────────
    ../../test-results/visual-regression-design-c-e6bd1-ve-consistent-input-styling-chromium/trace.zip
    Usage:

        npx playwright show-trace ../../test-results/visual-regression-design-c-e6bd1-ve-consistent-input-styling-chromium/trace.zip

    ────────────────────────────────────────────────────────────────────────────────────────────────
]]>
</failure>
<system-out>
<![CDATA[
[[ATTACHMENT|visual-regression-design-c-e6bd1-ve-consistent-input-styling-chromium/trace.zip]]
]]>
</system-out>
</testcase>
<testcase name="Component Consistency › Colors follow design system" classname="visual-regression/design-consistency.spec.ts" time="0.005">
<failure message="design-consistency.spec.ts:150:3 Colors follow design system" type="FAILURE">
<![CDATA[  [chromium] › visual-regression/design-consistency.spec.ts:150:3 › Component Consistency › Colors follow design system 

    Error: browserType.launch: Executable doesn't exist at /home/codespace/.cache/ms-playwright/chromium_headless_shell-1194/chrome-linux/headless_shell
    ╔═════════════════════════════════════════════════════════════════════════╗
    ║ Looks like Playwright Test or Playwright was just installed or updated. ║
    ║ Please run the following command to download new browsers:              ║
    ║                                                                         ║
    ║     npx playwright install                                              ║
    ║                                                                         ║
    ║ <3 Playwright Team                                                      ║
    ╚═════════════════════════════════════════════════════════════════════════╝

    attachment #1: trace (application/zip) ─────────────────────────────────────────────────────────
    ../../test-results/visual-regression-design-c-ca12e-Colors-follow-design-system-chromium/trace.zip
    Usage:

        npx playwright show-trace ../../test-results/visual-regression-design-c-ca12e-Colors-follow-design-system-chromium/trace.zip

    ────────────────────────────────────────────────────────────────────────────────────────────────
]]>
</failure>
<system-out>
<![CDATA[
[[ATTACHMENT|visual-regression-design-c-ca12e-Colors-follow-design-system-chromium/trace.zip]]
]]>
</system-out>
</testcase>
<testcase name="Responsive Design Consistency › Mobile breakpoint applies correct styles" classname="visual-regression/design-consistency.spec.ts" time="0.004">
<failure message="design-consistency.spec.ts:171:3 Mobile breakpoint applies correct styles" type="FAILURE">
<![CDATA[  [chromium] › visual-regression/design-consistency.spec.ts:171:3 › Responsive Design Consistency › Mobile breakpoint applies correct styles 

    Error: browserType.launch: Executable doesn't exist at /home/codespace/.cache/ms-playwright/chromium_headless_shell-1194/chrome-linux/headless_shell
    ╔═════════════════════════════════════════════════════════════════════════╗
    ║ Looks like Playwright Test or Playwright was just installed or updated. ║
    ║ Please run the following command to download new browsers:              ║
    ║                                                                         ║
    ║     npx playwright install                                              ║
    ║                                                                         ║
    ║ <3 Playwright Team                                                      ║
    ╚═════════════════════════════════════════════════════════════════════════╝

    attachment #1: trace (application/zip) ─────────────────────────────────────────────────────────
    ../../test-results/visual-regression-design-c-24055-oint-applies-correct-styles-chromium/trace.zip
    Usage:

        npx playwright show-trace ../../test-results/visual-regression-design-c-24055-oint-applies-correct-styles-chromium/trace.zip

    ────────────────────────────────────────────────────────────────────────────────────────────────
]]>
</failure>
<system-out>
<![CDATA[
[[ATTACHMENT|visual-regression-design-c-24055-oint-applies-correct-styles-chromium/trace.zip]]
]]>
</system-out>
</testcase>
<testcase name="Responsive Design Consistency › Desktop breakpoint applies correct styles" classname="visual-regression/design-consistency.spec.ts" time="0.003">
<failure message="design-consistency.spec.ts:185:3 Desktop breakpoint applies correct styles" type="FAILURE">
<![CDATA[  [chromium] › visual-regression/design-consistency.spec.ts:185:3 › Responsive Design Consistency › Desktop breakpoint applies correct styles 

    Error: browserType.launch: Executable doesn't exist at /home/codespace/.cache/ms-playwright/chromium_headless_shell-1194/chrome-linux/headless_shell
    ╔═════════════════════════════════════════════════════════════════════════╗
    ║ Looks like Playwright Test or Playwright was just installed or updated. ║
    ║ Please run the following command to download new browsers:              ║
    ║                                                                         ║
    ║     npx playwright install                                              ║
    ║                                                                         ║
    ║ <3 Playwright Team                                                      ║
    ╚═════════════════════════════════════════════════════════════════════════╝

    attachment #1: trace (application/zip) ─────────────────────────────────────────────────────────
    ../../test-results/visual-regression-design-c-facf6-oint-applies-correct-styles-chromium/trace.zip
    Usage:

        npx playwright show-trace ../../test-results/visual-regression-design-c-facf6-oint-applies-correct-styles-chromium/trace.zip

    ────────────────────────────────────────────────────────────────────────────────────────────────
]]>
</failure>
<system-out>
<![CDATA[
[[ATTACHMENT|visual-regression-design-c-facf6-oint-applies-correct-styles-chromium/trace.zip]]
]]>
</system-out>
</testcase>
<testcase name="Responsive Design Consistency › Landscape orientation on mobile works correctly" classname="visual-regression/design-consistency.spec.ts" time="0.005">
<failure message="design-consistency.spec.ts:199:3 Landscape orientation on mobile works correctly" type="FAILURE">
<![CDATA[  [chromium] › visual-regression/design-consistency.spec.ts:199:3 › Responsive Design Consistency › Landscape orientation on mobile works correctly 

    Error: browserType.launch: Executable doesn't exist at /home/codespace/.cache/ms-playwright/chromium_headless_shell-1194/chrome-linux/headless_shell
    ╔═════════════════════════════════════════════════════════════════════════╗
    ║ Looks like Playwright Test or Playwright was just installed or updated. ║
    ║ Please run the following command to download new browsers:              ║
    ║                                                                         ║
    ║     npx playwright install                                              ║
    ║                                                                         ║
    ║ <3 Playwright Team                                                      ║
    ╚═════════════════════════════════════════════════════════════════════════╝

    attachment #1: trace (application/zip) ─────────────────────────────────────────────────────────
    ../../test-results/visual-regression-design-c-adc76-n-on-mobile-works-correctly-chromium/trace.zip
    Usage:

        npx playwright show-trace ../../test-results/visual-regression-design-c-adc76-n-on-mobile-works-correctly-chromium/trace.zip

    ────────────────────────────────────────────────────────────────────────────────────────────────
]]>
</failure>
<system-out>
<![CDATA[
[[ATTACHMENT|visual-regression-design-c-adc76-n-on-mobile-works-correctly-chromium/trace.zip]]
]]>
</system-out>
</testcase>
<testcase name="Animation Consistency › Hover effects are consistent" classname="visual-regression/design-consistency.spec.ts" time="0.003">
<failure message="design-consistency.spec.ts:211:3 Hover effects are consistent" type="FAILURE">
<![CDATA[  [chromium] › visual-regression/design-consistency.spec.ts:211:3 › Animation Consistency › Hover effects are consistent 

    Error: browserType.launch: Executable doesn't exist at /home/codespace/.cache/ms-playwright/chromium_headless_shell-1194/chrome-linux/headless_shell
    ╔═════════════════════════════════════════════════════════════════════════╗
    ║ Looks like Playwright Test or Playwright was just installed or updated. ║
    ║ Please run the following command to download new browsers:              ║
    ║                                                                         ║
    ║     npx playwright install                                              ║
    ║                                                                         ║
    ║ <3 Playwright Team                                                      ║
    ╚═════════════════════════════════════════════════════════════════════════╝

    attachment #1: trace (application/zip) ─────────────────────────────────────────────────────────
    ../../test-results/visual-regression-design-c-911c2-over-effects-are-consistent-chromium/trace.zip
    Usage:

        npx playwright show-trace ../../test-results/visual-regression-design-c-911c2-over-effects-are-consistent-chromium/trace.zip

    ────────────────────────────────────────────────────────────────────────────────────────────────
]]>
</failure>
<system-out>
<![CDATA[
[[ATTACHMENT|visual-regression-design-c-911c2-over-effects-are-consistent-chromium/trace.zip]]
]]>
</system-out>
</testcase>
<testcase name="Animation Consistency › Focus states are visible" classname="visual-regression/design-consistency.spec.ts" time="0.004">
<failure message="design-consistency.spec.ts:228:3 Focus states are visible" type="FAILURE">
<![CDATA[  [chromium] › visual-regression/design-consistency.spec.ts:228:3 › Animation Consistency › Focus states are visible 

    Error: browserType.launch: Executable doesn't exist at /home/codespace/.cache/ms-playwright/chromium_headless_shell-1194/chrome-linux/headless_shell
    ╔═════════════════════════════════════════════════════════════════════════╗
    ║ Looks like Playwright Test or Playwright was just installed or updated. ║
    ║ Please run the following command to download new browsers:              ║
    ║                                                                         ║
    ║     npx playwright install                                              ║
    ║                                                                         ║
    ║ <3 Playwright Team                                                      ║
    ╚═════════════════════════════════════════════════════════════════════════╝

    attachment #1: trace (application/zip) ─────────────────────────────────────────────────────────
    ../../test-results/visual-regression-design-c-82925-cy-Focus-states-are-visible-chromium/trace.zip
    Usage:

        npx playwright show-trace ../../test-results/visual-regression-design-c-82925-cy-Focus-states-are-visible-chromium/trace.zip

    ────────────────────────────────────────────────────────────────────────────────────────────────
]]>
</failure>
<system-out>
<![CDATA[
[[ATTACHMENT|visual-regression-design-c-82925-cy-Focus-states-are-visible-chromium/trace.zip]]
]]>
</system-out>
</testcase>
</testsuite>
<testsuite name="visual-regression/design-consistency.spec.ts" timestamp="2025-10-27T02:13:43.818Z" hostname="firefox" tests="67" failures="67" skipped="0" time="0.28" errors="0">
<testcase name="Visual Regression - Design Consistency › mobile-small (375x667) › Biometric Enrollment - matches design baseline" classname="visual-regression/design-consistency.spec.ts" time="0.004">
<failure message="design-consistency.spec.ts:59:9 Biometric Enrollment - matches design baseline" type="FAILURE">
<![CDATA[  [firefox] › visual-regression/design-consistency.spec.ts:59:9 › Visual Regression - Design Consistency › mobile-small (375x667) › Biometric Enrollment - matches design baseline 

    Error: browserType.launch: Executable doesn't exist at /home/codespace/.cache/ms-playwright/firefox-1495/firefox/firefox
    ╔═════════════════════════════════════════════════════════════════════════╗
    ║ Looks like Playwright Test or Playwright was just installed or updated. ║
    ║ Please run the following command to download new browsers:              ║
    ║                                                                         ║
    ║     npx playwright install                                              ║
    ║                                                                         ║
    ║ <3 Playwright Team                                                      ║
    ╚═════════════════════════════════════════════════════════════════════════╝

    attachment #1: trace (application/zip) ─────────────────────────────────────────────────────────
    ../../test-results/visual-regression-design-c-2751f-t---matches-design-baseline-firefox/trace.zip
    Usage:

        npx playwright show-trace ../../test-results/visual-regression-design-c-2751f-t---matches-design-baseline-firefox/trace.zip

    ────────────────────────────────────────────────────────────────────────────────────────────────
]]>
</failure>
<system-out>
<![CDATA[
[[ATTACHMENT|visual-regression-design-c-2751f-t---matches-design-baseline-firefox/trace.zip]]
]]>
</system-out>
</testcase>
<testcase name="Visual Regression - Design Consistency › mobile-small (375x667) › Onboarding - matches design baseline" classname="visual-regression/design-consistency.spec.ts" time="0.005">
<failure message="design-consistency.spec.ts:59:9 Onboarding - matches design baseline" type="FAILURE">
<![CDATA[  [firefox] › visual-regression/design-consistency.spec.ts:59:9 › Visual Regression - Design Consistency › mobile-small (375x667) › Onboarding - matches design baseline 

    Error: browserType.launch: Executable doesn't exist at /home/codespace/.cache/ms-playwright/firefox-1495/firefox/firefox
    ╔═════════════════════════════════════════════════════════════════════════╗
    ║ Looks like Playwright Test or Playwright was just installed or updated. ║
    ║ Please run the following command to download new browsers:              ║
    ║                                                                         ║
    ║     npx playwright install                                              ║
    ║                                                                         ║
    ║ <3 Playwright Team                                                      ║
    ╚═════════════════════════════════════════════════════════════════════════╝

    attachment #1: trace (application/zip) ─────────────────────────────────────────────────────────
    ../../test-results/visual-regression-design-c-afc69-g---matches-design-baseline-firefox/trace.zip
    Usage:

        npx playwright show-trace ../../test-results/visual-regression-design-c-afc69-g---matches-design-baseline-firefox/trace.zip

    ────────────────────────────────────────────────────────────────────────────────────────────────
]]>
</failure>
<system-out>
<![CDATA[
[[ATTACHMENT|visual-regression-design-c-afc69-g---matches-design-baseline-firefox/trace.zip]]
]]>
</system-out>
</testcase>
<testcase name="Visual Regression - Design Consistency › mobile-small (375x667) › Create Password - matches design baseline" classname="visual-regression/design-consistency.spec.ts" time="0.004">
<failure message="design-consistency.spec.ts:59:9 Create Password - matches design baseline" type="FAILURE">
<![CDATA[  [firefox] › visual-regression/design-consistency.spec.ts:59:9 › Visual Regression - Design Consistency › mobile-small (375x667) › Create Password - matches design baseline 

    Error: browserType.launch: Executable doesn't exist at /home/codespace/.cache/ms-playwright/firefox-1495/firefox/firefox
    ╔═════════════════════════════════════════════════════════════════════════╗
    ║ Looks like Playwright Test or Playwright was just installed or updated. ║
    ║ Please run the following command to download new browsers:              ║
    ║                                                                         ║
    ║     npx playwright install                                              ║
    ║                                                                         ║
    ║ <3 Playwright Team                                                      ║
    ╚═════════════════════════════════════════════════════════════════════════╝

    attachment #1: trace (application/zip) ─────────────────────────────────────────────────────────
    ../../test-results/visual-regression-design-c-3e099-d---matches-design-baseline-firefox/trace.zip
    Usage:

        npx playwright show-trace ../../test-results/visual-regression-design-c-3e099-d---matches-design-baseline-firefox/trace.zip

    ────────────────────────────────────────────────────────────────────────────────────────────────
]]>
</failure>
<system-out>
<![CDATA[
[[ATTACHMENT|visual-regression-design-c-3e099-d---matches-design-baseline-firefox/trace.zip]]
]]>
</system-out>
</testcase>
<testcase name="Visual Regression - Design Consistency › mobile-small (375x667) › Setup Biometrics - matches design baseline" classname="visual-regression/design-consistency.spec.ts" time="0.004">
<failure message="design-consistency.spec.ts:59:9 Setup Biometrics - matches design baseline" type="FAILURE">
<![CDATA[  [firefox] › visual-regression/design-consistency.spec.ts:59:9 › Visual Regression - Design Consistency › mobile-small (375x667) › Setup Biometrics - matches design baseline 

    Error: browserType.launch: Executable doesn't exist at /home/codespace/.cache/ms-playwright/firefox-1495/firefox/firefox
    ╔═════════════════════════════════════════════════════════════════════════╗
    ║ Looks like Playwright Test or Playwright was just installed or updated. ║
    ║ Please run the following command to download new browsers:              ║
    ║                                                                         ║
    ║     npx playwright install                                              ║
    ║                                                                         ║
    ║ <3 Playwright Team                                                      ║
    ╚═════════════════════════════════════════════════════════════════════════╝

    attachment #1: trace (application/zip) ─────────────────────────────────────────────────────────
    ../../test-results/visual-regression-design-c-eec72-s---matches-design-baseline-firefox/trace.zip
    Usage:

        npx playwright show-trace ../../test-results/visual-regression-design-c-eec72-s---matches-design-baseline-firefox/trace.zip

    ────────────────────────────────────────────────────────────────────────────────────────────────
]]>
</failure>
<system-out>
<![CDATA[
[[ATTACHMENT|visual-regression-design-c-eec72-s---matches-design-baseline-firefox/trace.zip]]
]]>
</system-out>
</testcase>
<testcase name="Visual Regression - Design Consistency › mobile-small (375x667) › Generate Seed Phrase - matches design baseline" classname="visual-regression/design-consistency.spec.ts" time="0.004">
<failure message="design-consistency.spec.ts:59:9 Generate Seed Phrase - matches design baseline" type="FAILURE">
<![CDATA[  [firefox] › visual-regression/design-consistency.spec.ts:59:9 › Visual Regression - Design Consistency › mobile-small (375x667) › Generate Seed Phrase - matches design baseline 

    Error: browserType.launch: Executable doesn't exist at /home/codespace/.cache/ms-playwright/firefox-1495/firefox/firefox
    ╔═════════════════════════════════════════════════════════════════════════╗
    ║ Looks like Playwright Test or Playwright was just installed or updated. ║
    ║ Please run the following command to download new browsers:              ║
    ║                                                                         ║
    ║     npx playwright install                                              ║
    ║                                                                         ║
    ║ <3 Playwright Team                                                      ║
    ╚═════════════════════════════════════════════════════════════════════════╝

    attachment #1: trace (application/zip) ─────────────────────────────────────────────────────────
    ../../test-results/visual-regression-design-c-c1a7d-e---matches-design-baseline-firefox/trace.zip
    Usage:

        npx playwright show-trace ../../test-results/visual-regression-design-c-c1a7d-e---matches-design-baseline-firefox/trace.zip

    ────────────────────────────────────────────────────────────────────────────────────────────────
]]>
</failure>
<system-out>
<![CDATA[
[[ATTACHMENT|visual-regression-design-c-c1a7d-e---matches-design-baseline-firefox/trace.zip]]
]]>
</system-out>
</testcase>
<testcase name="Visual Regression - Design Consistency › mobile-small (375x667) › Verify Seed Phrase - matches design baseline" classname="visual-regression/design-consistency.spec.ts" time="0.004">
<failure message="design-consistency.spec.ts:59:9 Verify Seed Phrase - matches design baseline" type="FAILURE">
<![CDATA[  [firefox] › visual-regression/design-consistency.spec.ts:59:9 › Visual Regression - Design Consistency › mobile-small (375x667) › Verify Seed Phrase - matches design baseline 

    Error: browserType.launch: Executable doesn't exist at /home/codespace/.cache/ms-playwright/firefox-1495/firefox/firefox
    ╔═════════════════════════════════════════════════════════════════════════╗
    ║ Looks like Playwright Test or Playwright was just installed or updated. ║
    ║ Please run the following command to download new browsers:              ║
    ║                                                                         ║
    ║     npx playwright install                                              ║
    ║                                                                         ║
    ║ <3 Playwright Team                                                      ║
    ╚═════════════════════════════════════════════════════════════════════════╝

    attachment #1: trace (application/zip) ─────────────────────────────────────────────────────────
    ../../test-results/visual-regression-design-c-a97b6-e---matches-design-baseline-firefox/trace.zip
    Usage:

        npx playwright show-trace ../../test-results/visual-regression-design-c-a97b6-e---matches-design-baseline-firefox/trace.zip

    ────────────────────────────────────────────────────────────────────────────────────────────────
]]>
</failure>
<system-out>
<![CDATA[
[[ATTACHMENT|visual-regression-design-c-a97b6-e---matches-design-baseline-firefox/trace.zip]]
]]>
</system-out>
</testcase>
<testcase name="Visual Regression - Design Consistency › mobile-small (375x667) › Set Passcode - matches design baseline" classname="visual-regression/design-consistency.spec.ts" time="0.004">
<failure message="design-consistency.spec.ts:59:9 Set Passcode - matches design baseline" type="FAILURE">
<![CDATA[  [firefox] › visual-regression/design-consistency.spec.ts:59:9 › Visual Regression - Design Consistency › mobile-small (375x667) › Set Passcode - matches design baseline 

    Error: browserType.launch: Executable doesn't exist at /home/codespace/.cache/ms-playwright/firefox-1495/firefox/firefox
    ╔═════════════════════════════════════════════════════════════════════════╗
    ║ Looks like Playwright Test or Playwright was just installed or updated. ║
    ║ Please run the following command to download new browsers:              ║
    ║                                                                         ║
    ║     npx playwright install                                              ║
    ║                                                                         ║
    ║ <3 Playwright Team                                                      ║
    ╚═════════════════════════════════════════════════════════════════════════╝

    attachment #1: trace (application/zip) ─────────────────────────────────────────────────────────
    ../../test-results/visual-regression-design-c-1d784-e---matches-design-baseline-firefox/trace.zip
    Usage:

        npx playwright show-trace ../../test-results/visual-regression-design-c-1d784-e---matches-design-baseline-firefox/trace.zip

    ────────────────────────────────────────────────────────────────────────────────────────────────
]]>
</failure>
<system-out>
<![CDATA[
[[ATTACHMENT|visual-regression-design-c-1d784-e---matches-design-baseline-firefox/trace.zip]]
]]>
</system-out>
</testcase>
<testcase name="Visual Regression - Design Consistency › mobile-small (375x667) › Lock Page - matches design baseline" classname="visual-regression/design-consistency.spec.ts" time="0.004">
<failure message="design-consistency.spec.ts:59:9 Lock Page - matches design baseline" type="FAILURE">
<![CDATA[  [firefox] › visual-regression/design-consistency.spec.ts:59:9 › Visual Regression - Design Consistency › mobile-small (375x667) › Lock Page - matches design baseline 

    Error: browserType.launch: Executable doesn't exist at /home/codespace/.cache/ms-playwright/firefox-1495/firefox/firefox
    ╔═════════════════════════════════════════════════════════════════════════╗
    ║ Looks like Playwright Test or Playwright was just installed or updated. ║
    ║ Please run the following command to download new browsers:              ║
    ║                                                                         ║
    ║     npx playwright install                                              ║
    ║                                                                         ║
    ║ <3 Playwright Team                                                      ║
    ╚═════════════════════════════════════════════════════════════════════════╝

    attachment #1: trace (application/zip) ─────────────────────────────────────────────────────────
    ../../test-results/visual-regression-design-c-3a010-e---matches-design-baseline-firefox/trace.zip
    Usage:

        npx playwright show-trace ../../test-results/visual-regression-design-c-3a010-e---matches-design-baseline-firefox/trace.zip

    ────────────────────────────────────────────────────────────────────────────────────────────────
]]>
</failure>
<system-out>
<![CDATA[
[[ATTACHMENT|visual-regression-design-c-3a010-e---matches-design-baseline-firefox/trace.zip]]
]]>
</system-out>
</testcase>
<testcase name="Visual Regression - Design Consistency › mobile-small (375x667) › Credentials - matches design baseline" classname="visual-regression/design-consistency.spec.ts" time="0.004">
<failure message="design-consistency.spec.ts:59:9 Credentials - matches design baseline" type="FAILURE">
<![CDATA[  [firefox] › visual-regression/design-consistency.spec.ts:59:9 › Visual Regression - Design Consistency › mobile-small (375x667) › Credentials - matches design baseline 

    Error: browserType.launch: Executable doesn't exist at /home/codespace/.cache/ms-playwright/firefox-1495/firefox/firefox
    ╔═════════════════════════════════════════════════════════════════════════╗
    ║ Looks like Playwright Test or Playwright was just installed or updated. ║
    ║ Please run the following command to download new browsers:              ║
    ║                                                                         ║
    ║     npx playwright install                                              ║
    ║                                                                         ║
    ║ <3 Playwright Team                                                      ║
    ╚═════════════════════════════════════════════════════════════════════════╝

    attachment #1: trace (application/zip) ─────────────────────────────────────────────────────────
    ../../test-results/visual-regression-design-c-eb966-s---matches-design-baseline-firefox/trace.zip
    Usage:

        npx playwright show-trace ../../test-results/visual-regression-design-c-eb966-s---matches-design-baseline-firefox/trace.zip

    ────────────────────────────────────────────────────────────────────────────────────────────────
]]>
</failure>
<system-out>
<![CDATA[
[[ATTACHMENT|visual-regression-design-c-eb966-s---matches-design-baseline-firefox/trace.zip]]
]]>
</system-out>
</testcase>
<testcase name="Visual Regression - Design Consistency › mobile-small (375x667) › Identifiers - matches design baseline" classname="visual-regression/design-consistency.spec.ts" time="0.004">
<failure message="design-consistency.spec.ts:59:9 Identifiers - matches design baseline" type="FAILURE">
<![CDATA[  [firefox] › visual-regression/design-consistency.spec.ts:59:9 › Visual Regression - Design Consistency › mobile-small (375x667) › Identifiers - matches design baseline 

    Error: browserType.launch: Executable doesn't exist at /home/codespace/.cache/ms-playwright/firefox-1495/firefox/firefox
    ╔═════════════════════════════════════════════════════════════════════════╗
    ║ Looks like Playwright Test or Playwright was just installed or updated. ║
    ║ Please run the following command to download new browsers:              ║
    ║                                                                         ║
    ║     npx playwright install                                              ║
    ║                                                                         ║
    ║ <3 Playwright Team                                                      ║
    ╚═════════════════════════════════════════════════════════════════════════╝

    attachment #1: trace (application/zip) ─────────────────────────────────────────────────────────
    ../../test-results/visual-regression-design-c-eb810-s---matches-design-baseline-firefox/trace.zip
    Usage:

        npx playwright show-trace ../../test-results/visual-regression-design-c-eb810-s---matches-design-baseline-firefox/trace.zip

    ────────────────────────────────────────────────────────────────────────────────────────────────
]]>
</failure>
<system-out>
<![CDATA[
[[ATTACHMENT|visual-regression-design-c-eb810-s---matches-design-baseline-firefox/trace.zip]]
]]>
</system-out>
</testcase>
<testcase name="Visual Regression - Design Consistency › mobile-small (375x667) › Connections - matches design baseline" classname="visual-regression/design-consistency.spec.ts" time="0.004">
<failure message="design-consistency.spec.ts:59:9 Connections - matches design baseline" type="FAILURE">
<![CDATA[  [firefox] › visual-regression/design-consistency.spec.ts:59:9 › Visual Regression - Design Consistency › mobile-small (375x667) › Connections - matches design baseline 

    Error: browserType.launch: Executable doesn't exist at /home/codespace/.cache/ms-playwright/firefox-1495/firefox/firefox
    ╔═════════════════════════════════════════════════════════════════════════╗
    ║ Looks like Playwright Test or Playwright was just installed or updated. ║
    ║ Please run the following command to download new browsers:              ║
    ║                                                                         ║
    ║     npx playwright install                                              ║
    ║                                                                         ║
    ║ <3 Playwright Team                                                      ║
    ╚═════════════════════════════════════════════════════════════════════════╝

    attachment #1: trace (application/zip) ─────────────────────────────────────────────────────────
    ../../test-results/visual-regression-design-c-47ea2-s---matches-design-baseline-firefox/trace.zip
    Usage:

        npx playwright show-trace ../../test-results/visual-regression-design-c-47ea2-s---matches-design-baseline-firefox/trace.zip

    ────────────────────────────────────────────────────────────────────────────────────────────────
]]>
</failure>
<system-out>
<![CDATA[
[[ATTACHMENT|visual-regression-design-c-47ea2-s---matches-design-baseline-firefox/trace.zip]]
]]>
</system-out>
</testcase>
<testcase name="Visual Regression - Design Consistency › mobile-small (375x667) › Notifications - matches design baseline" classname="visual-regression/design-consistency.spec.ts" time="0.004">
<failure message="design-consistency.spec.ts:59:9 Notifications - matches design baseline" type="FAILURE">
<![CDATA[  [firefox] › visual-regression/design-consistency.spec.ts:59:9 › Visual Regression - Design Consistency › mobile-small (375x667) › Notifications - matches design baseline 

    Error: browserType.launch: Executable doesn't exist at /home/codespace/.cache/ms-playwright/firefox-1495/firefox/firefox
    ╔═════════════════════════════════════════════════════════════════════════╗
    ║ Looks like Playwright Test or Playwright was just installed or updated. ║
    ║ Please run the following command to download new browsers:              ║
    ║                                                                         ║
    ║     npx playwright install                                              ║
    ║                                                                         ║
    ║ <3 Playwright Team                                                      ║
    ╚═════════════════════════════════════════════════════════════════════════╝

    attachment #1: trace (application/zip) ─────────────────────────────────────────────────────────
    ../../test-results/visual-regression-design-c-95a73-s---matches-design-baseline-firefox/trace.zip
    Usage:

        npx playwright show-trace ../../test-results/visual-regression-design-c-95a73-s---matches-design-baseline-firefox/trace.zip

    ────────────────────────────────────────────────────────────────────────────────────────────────
]]>
</failure>
<system-out>
<![CDATA[
[[ATTACHMENT|visual-regression-design-c-95a73-s---matches-design-baseline-firefox/trace.zip]]
]]>
</system-out>
</testcase>
<testcase name="Visual Regression - Design Consistency › mobile-small (375x667) › Menu - matches design baseline" classname="visual-regression/design-consistency.spec.ts" time="0.005">
<failure message="design-consistency.spec.ts:59:9 Menu - matches design baseline" type="FAILURE">
<![CDATA[  [firefox] › visual-regression/design-consistency.spec.ts:59:9 › Visual Regression - Design Consistency › mobile-small (375x667) › Menu - matches design baseline 

    Error: browserType.launch: Executable doesn't exist at /home/codespace/.cache/ms-playwright/firefox-1495/firefox/firefox
    ╔═════════════════════════════════════════════════════════════════════════╗
    ║ Looks like Playwright Test or Playwright was just installed or updated. ║
    ║ Please run the following command to download new browsers:              ║
    ║                                                                         ║
    ║     npx playwright install                                              ║
    ║                                                                         ║
    ║ <3 Playwright Team                                                      ║
    ╚═════════════════════════════════════════════════════════════════════════╝

    attachment #1: trace (application/zip) ─────────────────────────────────────────────────────────
    ../../test-results/visual-regression-design-c-67878-u---matches-design-baseline-firefox/trace.zip
    Usage:

        npx playwright show-trace ../../test-results/visual-regression-design-c-67878-u---matches-design-baseline-firefox/trace.zip

    ────────────────────────────────────────────────────────────────────────────────────────────────
]]>
</failure>
<system-out>
<![CDATA[
[[ATTACHMENT|visual-regression-design-c-67878-u---matches-design-baseline-firefox/trace.zip]]
]]>
</system-out>
</testcase>
<testcase name="Visual Regression - Design Consistency › mobile-small (375x667) › Scan - matches design baseline" classname="visual-regression/design-consistency.spec.ts" time="0.004">
<failure message="design-consistency.spec.ts:59:9 Scan - matches design baseline" type="FAILURE">
<![CDATA[  [firefox] › visual-regression/design-consistency.spec.ts:59:9 › Visual Regression - Design Consistency › mobile-small (375x667) › Scan - matches design baseline 

    Error: browserType.launch: Executable doesn't exist at /home/codespace/.cache/ms-playwright/firefox-1495/firefox/firefox
    ╔═════════════════════════════════════════════════════════════════════════╗
    ║ Looks like Playwright Test or Playwright was just installed or updated. ║
    ║ Please run the following command to download new browsers:              ║
    ║                                                                         ║
    ║     npx playwright install                                              ║
    ║                                                                         ║
    ║ <3 Playwright Team                                                      ║
    ╚═════════════════════════════════════════════════════════════════════════╝

    attachment #1: trace (application/zip) ─────────────────────────────────────────────────────────
    ../../test-results/visual-regression-design-c-eed57-n---matches-design-baseline-firefox/trace.zip
    Usage:

        npx playwright show-trace ../../test-results/visual-regression-design-c-eed57-n---matches-design-baseline-firefox/trace.zip

    ────────────────────────────────────────────────────────────────────────────────────────────────
]]>
</failure>
<system-out>
<![CDATA[
[[ATTACHMENT|visual-regression-design-c-eed57-n---matches-design-baseline-firefox/trace.zip]]
]]>
</system-out>
</testcase>
<testcase name="Visual Regression - Design Consistency › mobile-medium (393x852) › Biometric Enrollment - matches design baseline" classname="visual-regression/design-consistency.spec.ts" time="0.004">
<failure message="design-consistency.spec.ts:59:9 Biometric Enrollment - matches design baseline" type="FAILURE">
<![CDATA[  [firefox] › visual-regression/design-consistency.spec.ts:59:9 › Visual Regression - Design Consistency › mobile-medium (393x852) › Biometric Enrollment - matches design baseline 

    Error: browserType.launch: Executable doesn't exist at /home/codespace/.cache/ms-playwright/firefox-1495/firefox/firefox
    ╔═════════════════════════════════════════════════════════════════════════╗
    ║ Looks like Playwright Test or Playwright was just installed or updated. ║
    ║ Please run the following command to download new browsers:              ║
    ║                                                                         ║
    ║     npx playwright install                                              ║
    ║                                                                         ║
    ║ <3 Playwright Team                                                      ║
    ╚═════════════════════════════════════════════════════════════════════════╝

    attachment #1: trace (application/zip) ─────────────────────────────────────────────────────────
    ../../test-results/visual-regression-design-c-88073-t---matches-design-baseline-firefox/trace.zip
    Usage:

        npx playwright show-trace ../../test-results/visual-regression-design-c-88073-t---matches-design-baseline-firefox/trace.zip

    ────────────────────────────────────────────────────────────────────────────────────────────────
]]>
</failure>
<system-out>
<![CDATA[
[[ATTACHMENT|visual-regression-design-c-88073-t---matches-design-baseline-firefox/trace.zip]]
]]>
</system-out>
</testcase>
<testcase name="Visual Regression - Design Consistency › mobile-medium (393x852) › Onboarding - matches design baseline" classname="visual-regression/design-consistency.spec.ts" time="0.004">
<failure message="design-consistency.spec.ts:59:9 Onboarding - matches design baseline" type="FAILURE">
<![CDATA[  [firefox] › visual-regression/design-consistency.spec.ts:59:9 › Visual Regression - Design Consistency › mobile-medium (393x852) › Onboarding - matches design baseline 

    Error: browserType.launch: Executable doesn't exist at /home/codespace/.cache/ms-playwright/firefox-1495/firefox/firefox
    ╔═════════════════════════════════════════════════════════════════════════╗
    ║ Looks like Playwright Test or Playwright was just installed or updated. ║
    ║ Please run the following command to download new browsers:              ║
    ║                                                                         ║
    ║     npx playwright install                                              ║
    ║                                                                         ║
    ║ <3 Playwright Team                                                      ║
    ╚═════════════════════════════════════════════════════════════════════════╝

    attachment #1: trace (application/zip) ─────────────────────────────────────────────────────────
    ../../test-results/visual-regression-design-c-5f6de-g---matches-design-baseline-firefox/trace.zip
    Usage:

        npx playwright show-trace ../../test-results/visual-regression-design-c-5f6de-g---matches-design-baseline-firefox/trace.zip

    ────────────────────────────────────────────────────────────────────────────────────────────────
]]>
</failure>
<system-out>
<![CDATA[
[[ATTACHMENT|visual-regression-design-c-5f6de-g---matches-design-baseline-firefox/trace.zip]]
]]>
</system-out>
</testcase>
<testcase name="Visual Regression - Design Consistency › mobile-medium (393x852) › Create Password - matches design baseline" classname="visual-regression/design-consistency.spec.ts" time="0.004">
<failure message="design-consistency.spec.ts:59:9 Create Password - matches design baseline" type="FAILURE">
<![CDATA[  [firefox] › visual-regression/design-consistency.spec.ts:59:9 › Visual Regression - Design Consistency › mobile-medium (393x852) › Create Password - matches design baseline 

    Error: browserType.launch: Executable doesn't exist at /home/codespace/.cache/ms-playwright/firefox-1495/firefox/firefox
    ╔═════════════════════════════════════════════════════════════════════════╗
    ║ Looks like Playwright Test or Playwright was just installed or updated. ║
    ║ Please run the following command to download new browsers:              ║
    ║                                                                         ║
    ║     npx playwright install                                              ║
    ║                                                                         ║
    ║ <3 Playwright Team                                                      ║
    ╚═════════════════════════════════════════════════════════════════════════╝

    attachment #1: trace (application/zip) ─────────────────────────────────────────────────────────
    ../../test-results/visual-regression-design-c-e7d2d-d---matches-design-baseline-firefox/trace.zip
    Usage:

        npx playwright show-trace ../../test-results/visual-regression-design-c-e7d2d-d---matches-design-baseline-firefox/trace.zip

    ────────────────────────────────────────────────────────────────────────────────────────────────
]]>
</failure>
<system-out>
<![CDATA[
[[ATTACHMENT|visual-regression-design-c-e7d2d-d---matches-design-baseline-firefox/trace.zip]]
]]>
</system-out>
</testcase>
<testcase name="Visual Regression - Design Consistency › mobile-medium (393x852) › Setup Biometrics - matches design baseline" classname="visual-regression/design-consistency.spec.ts" time="0.004">
<failure message="design-consistency.spec.ts:59:9 Setup Biometrics - matches design baseline" type="FAILURE">
<![CDATA[  [firefox] › visual-regression/design-consistency.spec.ts:59:9 › Visual Regression - Design Consistency › mobile-medium (393x852) › Setup Biometrics - matches design baseline 

    Error: browserType.launch: Executable doesn't exist at /home/codespace/.cache/ms-playwright/firefox-1495/firefox/firefox
    ╔═════════════════════════════════════════════════════════════════════════╗
    ║ Looks like Playwright Test or Playwright was just installed or updated. ║
    ║ Please run the following command to download new browsers:              ║
    ║                                                                         ║
    ║     npx playwright install                                              ║
    ║                                                                         ║
    ║ <3 Playwright Team                                                      ║
    ╚═════════════════════════════════════════════════════════════════════════╝

    attachment #1: trace (application/zip) ─────────────────────────────────────────────────────────
    ../../test-results/visual-regression-design-c-d4b30-s---matches-design-baseline-firefox/trace.zip
    Usage:

        npx playwright show-trace ../../test-results/visual-regression-design-c-d4b30-s---matches-design-baseline-firefox/trace.zip

    ────────────────────────────────────────────────────────────────────────────────────────────────
]]>
</failure>
<system-out>
<![CDATA[
[[ATTACHMENT|visual-regression-design-c-d4b30-s---matches-design-baseline-firefox/trace.zip]]
]]>
</system-out>
</testcase>
<testcase name="Visual Regression - Design Consistency › mobile-medium (393x852) › Generate Seed Phrase - matches design baseline" classname="visual-regression/design-consistency.spec.ts" time="0.005">
<failure message="design-consistency.spec.ts:59:9 Generate Seed Phrase - matches design baseline" type="FAILURE">
<![CDATA[  [firefox] › visual-regression/design-consistency.spec.ts:59:9 › Visual Regression - Design Consistency › mobile-medium (393x852) › Generate Seed Phrase - matches design baseline 

    Error: browserType.launch: Executable doesn't exist at /home/codespace/.cache/ms-playwright/firefox-1495/firefox/firefox
    ╔═════════════════════════════════════════════════════════════════════════╗
    ║ Looks like Playwright Test or Playwright was just installed or updated. ║
    ║ Please run the following command to download new browsers:              ║
    ║                                                                         ║
    ║     npx playwright install                                              ║
    ║                                                                         ║
    ║ <3 Playwright Team                                                      ║
    ╚═════════════════════════════════════════════════════════════════════════╝

    attachment #1: trace (application/zip) ─────────────────────────────────────────────────────────
    ../../test-results/visual-regression-design-c-7f4d1-e---matches-design-baseline-firefox/trace.zip
    Usage:

        npx playwright show-trace ../../test-results/visual-regression-design-c-7f4d1-e---matches-design-baseline-firefox/trace.zip

    ────────────────────────────────────────────────────────────────────────────────────────────────
]]>
</failure>
<system-out>
<![CDATA[
[[ATTACHMENT|visual-regression-design-c-7f4d1-e---matches-design-baseline-firefox/trace.zip]]
]]>
</system-out>
</testcase>
<testcase name="Visual Regression - Design Consistency › mobile-medium (393x852) › Verify Seed Phrase - matches design baseline" classname="visual-regression/design-consistency.spec.ts" time="0.004">
<failure message="design-consistency.spec.ts:59:9 Verify Seed Phrase - matches design baseline" type="FAILURE">
<![CDATA[  [firefox] › visual-regression/design-consistency.spec.ts:59:9 › Visual Regression - Design Consistency › mobile-medium (393x852) › Verify Seed Phrase - matches design baseline 

    Error: browserType.launch: Executable doesn't exist at /home/codespace/.cache/ms-playwright/firefox-1495/firefox/firefox
    ╔═════════════════════════════════════════════════════════════════════════╗
    ║ Looks like Playwright Test or Playwright was just installed or updated. ║
    ║ Please run the following command to download new browsers:              ║
    ║                                                                         ║
    ║     npx playwright install                                              ║
    ║                                                                         ║
    ║ <3 Playwright Team                                                      ║
    ╚═════════════════════════════════════════════════════════════════════════╝

    attachment #1: trace (application/zip) ─────────────────────────────────────────────────────────
    ../../test-results/visual-regression-design-c-82e95-e---matches-design-baseline-firefox/trace.zip
    Usage:

        npx playwright show-trace ../../test-results/visual-regression-design-c-82e95-e---matches-design-baseline-firefox/trace.zip

    ────────────────────────────────────────────────────────────────────────────────────────────────
]]>
</failure>
<system-out>
<![CDATA[
[[ATTACHMENT|visual-regression-design-c-82e95-e---matches-design-baseline-firefox/trace.zip]]
]]>
</system-out>
</testcase>
<testcase name="Visual Regression - Design Consistency › mobile-medium (393x852) › Set Passcode - matches design baseline" classname="visual-regression/design-consistency.spec.ts" time="0.004">
<failure message="design-consistency.spec.ts:59:9 Set Passcode - matches design baseline" type="FAILURE">
<![CDATA[  [firefox] › visual-regression/design-consistency.spec.ts:59:9 › Visual Regression - Design Consistency › mobile-medium (393x852) › Set Passcode - matches design baseline 

    Error: browserType.launch: Executable doesn't exist at /home/codespace/.cache/ms-playwright/firefox-1495/firefox/firefox
    ╔═════════════════════════════════════════════════════════════════════════╗
    ║ Looks like Playwright Test or Playwright was just installed or updated. ║
    ║ Please run the following command to download new browsers:              ║
    ║                                                                         ║
    ║     npx playwright install                                              ║
    ║                                                                         ║
    ║ <3 Playwright Team                                                      ║
    ╚═════════════════════════════════════════════════════════════════════════╝

    attachment #1: trace (application/zip) ─────────────────────────────────────────────────────────
    ../../test-results/visual-regression-design-c-2d4c3-e---matches-design-baseline-firefox/trace.zip
    Usage:

        npx playwright show-trace ../../test-results/visual-regression-design-c-2d4c3-e---matches-design-baseline-firefox/trace.zip

    ────────────────────────────────────────────────────────────────────────────────────────────────
]]>
</failure>
<system-out>
<![CDATA[
[[ATTACHMENT|visual-regression-design-c-2d4c3-e---matches-design-baseline-firefox/trace.zip]]
]]>
</system-out>
</testcase>
<testcase name="Visual Regression - Design Consistency › mobile-medium (393x852) › Lock Page - matches design baseline" classname="visual-regression/design-consistency.spec.ts" time="0.006">
<failure message="design-consistency.spec.ts:59:9 Lock Page - matches design baseline" type="FAILURE">
<![CDATA[  [firefox] › visual-regression/design-consistency.spec.ts:59:9 › Visual Regression - Design Consistency › mobile-medium (393x852) › Lock Page - matches design baseline 

    Error: browserType.launch: Executable doesn't exist at /home/codespace/.cache/ms-playwright/firefox-1495/firefox/firefox
    ╔═════════════════════════════════════════════════════════════════════════╗
    ║ Looks like Playwright Test or Playwright was just installed or updated. ║
    ║ Please run the following command to download new browsers:              ║
    ║                                                                         ║
    ║     npx playwright install                                              ║
    ║                                                                         ║
    ║ <3 Playwright Team                                                      ║
    ╚═════════════════════════════════════════════════════════════════════════╝

    attachment #1: trace (application/zip) ─────────────────────────────────────────────────────────
    ../../test-results/visual-regression-design-c-5d0d4-e---matches-design-baseline-firefox/trace.zip
    Usage:

        npx playwright show-trace ../../test-results/visual-regression-design-c-5d0d4-e---matches-design-baseline-firefox/trace.zip

    ────────────────────────────────────────────────────────────────────────────────────────────────
]]>
</failure>
<system-out>
<![CDATA[
[[ATTACHMENT|visual-regression-design-c-5d0d4-e---matches-design-baseline-firefox/trace.zip]]
]]>
</system-out>
</testcase>
<testcase name="Visual Regression - Design Consistency › mobile-medium (393x852) › Credentials - matches design baseline" classname="visual-regression/design-consistency.spec.ts" time="0.004">
<failure message="design-consistency.spec.ts:59:9 Credentials - matches design baseline" type="FAILURE">
<![CDATA[  [firefox] › visual-regression/design-consistency.spec.ts:59:9 › Visual Regression - Design Consistency › mobile-medium (393x852) › Credentials - matches design baseline 

    Error: browserType.launch: Executable doesn't exist at /home/codespace/.cache/ms-playwright/firefox-1495/firefox/firefox
    ╔═════════════════════════════════════════════════════════════════════════╗
    ║ Looks like Playwright Test or Playwright was just installed or updated. ║
    ║ Please run the following command to download new browsers:              ║
    ║                                                                         ║
    ║     npx playwright install                                              ║
    ║                                                                         ║
    ║ <3 Playwright Team                                                      ║
    ╚═════════════════════════════════════════════════════════════════════════╝

    attachment #1: trace (application/zip) ─────────────────────────────────────────────────────────
    ../../test-results/visual-regression-design-c-a585d-s---matches-design-baseline-firefox/trace.zip
    Usage:

        npx playwright show-trace ../../test-results/visual-regression-design-c-a585d-s---matches-design-baseline-firefox/trace.zip

    ────────────────────────────────────────────────────────────────────────────────────────────────
]]>
</failure>
<system-out>
<![CDATA[
[[ATTACHMENT|visual-regression-design-c-a585d-s---matches-design-baseline-firefox/trace.zip]]
]]>
</system-out>
</testcase>
<testcase name="Visual Regression - Design Consistency › mobile-medium (393x852) › Identifiers - matches design baseline" classname="visual-regression/design-consistency.spec.ts" time="0.004">
<failure message="design-consistency.spec.ts:59:9 Identifiers - matches design baseline" type="FAILURE">
<![CDATA[  [firefox] › visual-regression/design-consistency.spec.ts:59:9 › Visual Regression - Design Consistency › mobile-medium (393x852) › Identifiers - matches design baseline 

    Error: browserType.launch: Executable doesn't exist at /home/codespace/.cache/ms-playwright/firefox-1495/firefox/firefox
    ╔═════════════════════════════════════════════════════════════════════════╗
    ║ Looks like Playwright Test or Playwright was just installed or updated. ║
    ║ Please run the following command to download new browsers:              ║
    ║                                                                         ║
    ║     npx playwright install                                              ║
    ║                                                                         ║
    ║ <3 Playwright Team                                                      ║
    ╚═════════════════════════════════════════════════════════════════════════╝

    attachment #1: trace (application/zip) ─────────────────────────────────────────────────────────
    ../../test-results/visual-regression-design-c-16296-s---matches-design-baseline-firefox/trace.zip
    Usage:

        npx playwright show-trace ../../test-results/visual-regression-design-c-16296-s---matches-design-baseline-firefox/trace.zip

    ────────────────────────────────────────────────────────────────────────────────────────────────
]]>
</failure>
<system-out>
<![CDATA[
[[ATTACHMENT|visual-regression-design-c-16296-s---matches-design-baseline-firefox/trace.zip]]
]]>
</system-out>
</testcase>
<testcase name="Visual Regression - Design Consistency › mobile-medium (393x852) › Connections - matches design baseline" classname="visual-regression/design-consistency.spec.ts" time="0.004">
<failure message="design-consistency.spec.ts:59:9 Connections - matches design baseline" type="FAILURE">
<![CDATA[  [firefox] › visual-regression/design-consistency.spec.ts:59:9 › Visual Regression - Design Consistency › mobile-medium (393x852) › Connections - matches design baseline 

    Error: browserType.launch: Executable doesn't exist at /home/codespace/.cache/ms-playwright/firefox-1495/firefox/firefox
    ╔═════════════════════════════════════════════════════════════════════════╗
    ║ Looks like Playwright Test or Playwright was just installed or updated. ║
    ║ Please run the following command to download new browsers:              ║
    ║                                                                         ║
    ║     npx playwright install                                              ║
    ║                                                                         ║
    ║ <3 Playwright Team                                                      ║
    ╚═════════════════════════════════════════════════════════════════════════╝

    attachment #1: trace (application/zip) ─────────────────────────────────────────────────────────
    ../../test-results/visual-regression-design-c-70215-s---matches-design-baseline-firefox/trace.zip
    Usage:

        npx playwright show-trace ../../test-results/visual-regression-design-c-70215-s---matches-design-baseline-firefox/trace.zip

    ────────────────────────────────────────────────────────────────────────────────────────────────
]]>
</failure>
<system-out>
<![CDATA[
[[ATTACHMENT|visual-regression-design-c-70215-s---matches-design-baseline-firefox/trace.zip]]
]]>
</system-out>
</testcase>
<testcase name="Visual Regression - Design Consistency › mobile-medium (393x852) › Notifications - matches design baseline" classname="visual-regression/design-consistency.spec.ts" time="0.004">
<failure message="design-consistency.spec.ts:59:9 Notifications - matches design baseline" type="FAILURE">
<![CDATA[  [firefox] › visual-regression/design-consistency.spec.ts:59:9 › Visual Regression - Design Consistency › mobile-medium (393x852) › Notifications - matches design baseline 

    Error: browserType.launch: Executable doesn't exist at /home/codespace/.cache/ms-playwright/firefox-1495/firefox/firefox
    ╔═════════════════════════════════════════════════════════════════════════╗
    ║ Looks like Playwright Test or Playwright was just installed or updated. ║
    ║ Please run the following command to download new browsers:              ║
    ║                                                                         ║
    ║     npx playwright install                                              ║
    ║                                                                         ║
    ║ <3 Playwright Team                                                      ║
    ╚═════════════════════════════════════════════════════════════════════════╝

    attachment #1: trace (application/zip) ─────────────────────────────────────────────────────────
    ../../test-results/visual-regression-design-c-e3487-s---matches-design-baseline-firefox/trace.zip
    Usage:

        npx playwright show-trace ../../test-results/visual-regression-design-c-e3487-s---matches-design-baseline-firefox/trace.zip

    ────────────────────────────────────────────────────────────────────────────────────────────────
]]>
</failure>
<system-out>
<![CDATA[
[[ATTACHMENT|visual-regression-design-c-e3487-s---matches-design-baseline-firefox/trace.zip]]
]]>
</system-out>
</testcase>
<testcase name="Visual Regression - Design Consistency › mobile-medium (393x852) › Menu - matches design baseline" classname="visual-regression/design-consistency.spec.ts" time="0.004">
<failure message="design-consistency.spec.ts:59:9 Menu - matches design baseline" type="FAILURE">
<![CDATA[  [firefox] › visual-regression/design-consistency.spec.ts:59:9 › Visual Regression - Design Consistency › mobile-medium (393x852) › Menu - matches design baseline 

    Error: browserType.launch: Executable doesn't exist at /home/codespace/.cache/ms-playwright/firefox-1495/firefox/firefox
    ╔═════════════════════════════════════════════════════════════════════════╗
    ║ Looks like Playwright Test or Playwright was just installed or updated. ║
    ║ Please run the following command to download new browsers:              ║
    ║                                                                         ║
    ║     npx playwright install                                              ║
    ║                                                                         ║
    ║ <3 Playwright Team                                                      ║
    ╚═════════════════════════════════════════════════════════════════════════╝

    attachment #1: trace (application/zip) ─────────────────────────────────────────────────────────
    ../../test-results/visual-regression-design-c-d6e62-u---matches-design-baseline-firefox/trace.zip
    Usage:

        npx playwright show-trace ../../test-results/visual-regression-design-c-d6e62-u---matches-design-baseline-firefox/trace.zip

    ────────────────────────────────────────────────────────────────────────────────────────────────
]]>
</failure>
<system-out>
<![CDATA[
[[ATTACHMENT|visual-regression-design-c-d6e62-u---matches-design-baseline-firefox/trace.zip]]
]]>
</system-out>
</testcase>
<testcase name="Visual Regression - Design Consistency › mobile-medium (393x852) › Scan - matches design baseline" classname="visual-regression/design-consistency.spec.ts" time="0.004">
<failure message="design-consistency.spec.ts:59:9 Scan - matches design baseline" type="FAILURE">
<![CDATA[  [firefox] › visual-regression/design-consistency.spec.ts:59:9 › Visual Regression - Design Consistency › mobile-medium (393x852) › Scan - matches design baseline 

    Error: browserType.launch: Executable doesn't exist at /home/codespace/.cache/ms-playwright/firefox-1495/firefox/firefox
    ╔═════════════════════════════════════════════════════════════════════════╗
    ║ Looks like Playwright Test or Playwright was just installed or updated. ║
    ║ Please run the following command to download new browsers:              ║
    ║                                                                         ║
    ║     npx playwright install                                              ║
    ║                                                                         ║
    ║ <3 Playwright Team                                                      ║
    ╚═════════════════════════════════════════════════════════════════════════╝

    attachment #1: trace (application/zip) ─────────────────────────────────────────────────────────
    ../../test-results/visual-regression-design-c-dbac6-n---matches-design-baseline-firefox/trace.zip
    Usage:

        npx playwright show-trace ../../test-results/visual-regression-design-c-dbac6-n---matches-design-baseline-firefox/trace.zip

    ────────────────────────────────────────────────────────────────────────────────────────────────
]]>
</failure>
<system-out>
<![CDATA[
[[ATTACHMENT|visual-regression-design-c-dbac6-n---matches-design-baseline-firefox/trace.zip]]
]]>
</system-out>
</testcase>
<testcase name="Visual Regression - Design Consistency › tablet (768x1024) › Biometric Enrollment - matches design baseline" classname="visual-regression/design-consistency.spec.ts" time="0.005">
<failure message="design-consistency.spec.ts:59:9 Biometric Enrollment - matches design baseline" type="FAILURE">
<![CDATA[  [firefox] › visual-regression/design-consistency.spec.ts:59:9 › Visual Regression - Design Consistency › tablet (768x1024) › Biometric Enrollment - matches design baseline 

    Error: browserType.launch: Executable doesn't exist at /home/codespace/.cache/ms-playwright/firefox-1495/firefox/firefox
    ╔═════════════════════════════════════════════════════════════════════════╗
    ║ Looks like Playwright Test or Playwright was just installed or updated. ║
    ║ Please run the following command to download new browsers:              ║
    ║                                                                         ║
    ║     npx playwright install                                              ║
    ║                                                                         ║
    ║ <3 Playwright Team                                                      ║
    ╚═════════════════════════════════════════════════════════════════════════╝

    attachment #1: trace (application/zip) ─────────────────────────────────────────────────────────
    ../../test-results/visual-regression-design-c-8cc3f-t---matches-design-baseline-firefox/trace.zip
    Usage:

        npx playwright show-trace ../../test-results/visual-regression-design-c-8cc3f-t---matches-design-baseline-firefox/trace.zip

    ────────────────────────────────────────────────────────────────────────────────────────────────
]]>
</failure>
<system-out>
<![CDATA[
[[ATTACHMENT|visual-regression-design-c-8cc3f-t---matches-design-baseline-firefox/trace.zip]]
]]>
</system-out>
</testcase>
<testcase name="Visual Regression - Design Consistency › tablet (768x1024) › Onboarding - matches design baseline" classname="visual-regression/design-consistency.spec.ts" time="0.005">
<failure message="design-consistency.spec.ts:59:9 Onboarding - matches design baseline" type="FAILURE">
<![CDATA[  [firefox] › visual-regression/design-consistency.spec.ts:59:9 › Visual Regression - Design Consistency › tablet (768x1024) › Onboarding - matches design baseline 

    Error: browserType.launch: Executable doesn't exist at /home/codespace/.cache/ms-playwright/firefox-1495/firefox/firefox
    ╔═════════════════════════════════════════════════════════════════════════╗
    ║ Looks like Playwright Test or Playwright was just installed or updated. ║
    ║ Please run the following command to download new browsers:              ║
    ║                                                                         ║
    ║     npx playwright install                                              ║
    ║                                                                         ║
    ║ <3 Playwright Team                                                      ║
    ╚═════════════════════════════════════════════════════════════════════════╝

    attachment #1: trace (application/zip) ─────────────────────────────────────────────────────────
    ../../test-results/visual-regression-design-c-e9f23-g---matches-design-baseline-firefox/trace.zip
    Usage:

        npx playwright show-trace ../../test-results/visual-regression-design-c-e9f23-g---matches-design-baseline-firefox/trace.zip

    ────────────────────────────────────────────────────────────────────────────────────────────────
]]>
</failure>
<system-out>
<![CDATA[
[[ATTACHMENT|visual-regression-design-c-e9f23-g---matches-design-baseline-firefox/trace.zip]]
]]>
</system-out>
</testcase>
<testcase name="Visual Regression - Design Consistency › tablet (768x1024) › Create Password - matches design baseline" classname="visual-regression/design-consistency.spec.ts" time="0.005">
<failure message="design-consistency.spec.ts:59:9 Create Password - matches design baseline" type="FAILURE">
<![CDATA[  [firefox] › visual-regression/design-consistency.spec.ts:59:9 › Visual Regression - Design Consistency › tablet (768x1024) › Create Password - matches design baseline 

    Error: browserType.launch: Executable doesn't exist at /home/codespace/.cache/ms-playwright/firefox-1495/firefox/firefox
    ╔═════════════════════════════════════════════════════════════════════════╗
    ║ Looks like Playwright Test or Playwright was just installed or updated. ║
    ║ Please run the following command to download new browsers:              ║
    ║                                                                         ║
    ║     npx playwright install                                              ║
    ║                                                                         ║
    ║ <3 Playwright Team                                                      ║
    ╚═════════════════════════════════════════════════════════════════════════╝

    attachment #1: trace (application/zip) ─────────────────────────────────────────────────────────
    ../../test-results/visual-regression-design-c-fdbce-d---matches-design-baseline-firefox/trace.zip
    Usage:

        npx playwright show-trace ../../test-results/visual-regression-design-c-fdbce-d---matches-design-baseline-firefox/trace.zip

    ────────────────────────────────────────────────────────────────────────────────────────────────
]]>
</failure>
<system-out>
<![CDATA[
[[ATTACHMENT|visual-regression-design-c-fdbce-d---matches-design-baseline-firefox/trace.zip]]
]]>
</system-out>
</testcase>
<testcase name="Visual Regression - Design Consistency › tablet (768x1024) › Setup Biometrics - matches design baseline" classname="visual-regression/design-consistency.spec.ts" time="0.005">
<failure message="design-consistency.spec.ts:59:9 Setup Biometrics - matches design baseline" type="FAILURE">
<![CDATA[  [firefox] › visual-regression/design-consistency.spec.ts:59:9 › Visual Regression - Design Consistency › tablet (768x1024) › Setup Biometrics - matches design baseline 

    Error: browserType.launch: Executable doesn't exist at /home/codespace/.cache/ms-playwright/firefox-1495/firefox/firefox
    ╔═════════════════════════════════════════════════════════════════════════╗
    ║ Looks like Playwright Test or Playwright was just installed or updated. ║
    ║ Please run the following command to download new browsers:              ║
    ║                                                                         ║
    ║     npx playwright install                                              ║
    ║                                                                         ║
    ║ <3 Playwright Team                                                      ║
    ╚═════════════════════════════════════════════════════════════════════════╝

    attachment #1: trace (application/zip) ─────────────────────────────────────────────────────────
    ../../test-results/visual-regression-design-c-a013c-s---matches-design-baseline-firefox/trace.zip
    Usage:

        npx playwright show-trace ../../test-results/visual-regression-design-c-a013c-s---matches-design-baseline-firefox/trace.zip

    ────────────────────────────────────────────────────────────────────────────────────────────────
]]>
</failure>
<system-out>
<![CDATA[
[[ATTACHMENT|visual-regression-design-c-a013c-s---matches-design-baseline-firefox/trace.zip]]
]]>
</system-out>
</testcase>
<testcase name="Visual Regression - Design Consistency › tablet (768x1024) › Generate Seed Phrase - matches design baseline" classname="visual-regression/design-consistency.spec.ts" time="0.004">
<failure message="design-consistency.spec.ts:59:9 Generate Seed Phrase - matches design baseline" type="FAILURE">
<![CDATA[  [firefox] › visual-regression/design-consistency.spec.ts:59:9 › Visual Regression - Design Consistency › tablet (768x1024) › Generate Seed Phrase - matches design baseline 

    Error: browserType.launch: Executable doesn't exist at /home/codespace/.cache/ms-playwright/firefox-1495/firefox/firefox
    ╔═════════════════════════════════════════════════════════════════════════╗
    ║ Looks like Playwright Test or Playwright was just installed or updated. ║
    ║ Please run the following command to download new browsers:              ║
    ║                                                                         ║
    ║     npx playwright install                                              ║
    ║                                                                         ║
    ║ <3 Playwright Team                                                      ║
    ╚═════════════════════════════════════════════════════════════════════════╝

    attachment #1: trace (application/zip) ─────────────────────────────────────────────────────────
    ../../test-results/visual-regression-design-c-42083-e---matches-design-baseline-firefox/trace.zip
    Usage:

        npx playwright show-trace ../../test-results/visual-regression-design-c-42083-e---matches-design-baseline-firefox/trace.zip

    ────────────────────────────────────────────────────────────────────────────────────────────────
]]>
</failure>
<system-out>
<![CDATA[
[[ATTACHMENT|visual-regression-design-c-42083-e---matches-design-baseline-firefox/trace.zip]]
]]>
</system-out>
</testcase>
<testcase name="Visual Regression - Design Consistency › tablet (768x1024) › Verify Seed Phrase - matches design baseline" classname="visual-regression/design-consistency.spec.ts" time="0.004">
<failure message="design-consistency.spec.ts:59:9 Verify Seed Phrase - matches design baseline" type="FAILURE">
<![CDATA[  [firefox] › visual-regression/design-consistency.spec.ts:59:9 › Visual Regression - Design Consistency › tablet (768x1024) › Verify Seed Phrase - matches design baseline 

    Error: browserType.launch: Executable doesn't exist at /home/codespace/.cache/ms-playwright/firefox-1495/firefox/firefox
    ╔═════════════════════════════════════════════════════════════════════════╗
    ║ Looks like Playwright Test or Playwright was just installed or updated. ║
    ║ Please run the following command to download new browsers:              ║
    ║                                                                         ║
    ║     npx playwright install                                              ║
    ║                                                                         ║
    ║ <3 Playwright Team                                                      ║
    ╚═════════════════════════════════════════════════════════════════════════╝

    attachment #1: trace (application/zip) ─────────────────────────────────────────────────────────
    ../../test-results/visual-regression-design-c-adacf-e---matches-design-baseline-firefox/trace.zip
    Usage:

        npx playwright show-trace ../../test-results/visual-regression-design-c-adacf-e---matches-design-baseline-firefox/trace.zip

    ────────────────────────────────────────────────────────────────────────────────────────────────
]]>
</failure>
<system-out>
<![CDATA[
[[ATTACHMENT|visual-regression-design-c-adacf-e---matches-design-baseline-firefox/trace.zip]]
]]>
</system-out>
</testcase>
<testcase name="Visual Regression - Design Consistency › tablet (768x1024) › Set Passcode - matches design baseline" classname="visual-regression/design-consistency.spec.ts" time="0.004">
<failure message="design-consistency.spec.ts:59:9 Set Passcode - matches design baseline" type="FAILURE">
<![CDATA[  [firefox] › visual-regression/design-consistency.spec.ts:59:9 › Visual Regression - Design Consistency › tablet (768x1024) › Set Passcode - matches design baseline 

    Error: browserType.launch: Executable doesn't exist at /home/codespace/.cache/ms-playwright/firefox-1495/firefox/firefox
    ╔═════════════════════════════════════════════════════════════════════════╗
    ║ Looks like Playwright Test or Playwright was just installed or updated. ║
    ║ Please run the following command to download new browsers:              ║
    ║                                                                         ║
    ║     npx playwright install                                              ║
    ║                                                                         ║
    ║ <3 Playwright Team                                                      ║
    ╚═════════════════════════════════════════════════════════════════════════╝

    attachment #1: trace (application/zip) ─────────────────────────────────────────────────────────
    ../../test-results/visual-regression-design-c-8ca48-e---matches-design-baseline-firefox/trace.zip
    Usage:

        npx playwright show-trace ../../test-results/visual-regression-design-c-8ca48-e---matches-design-baseline-firefox/trace.zip

    ────────────────────────────────────────────────────────────────────────────────────────────────
]]>
</failure>
<system-out>
<![CDATA[
[[ATTACHMENT|visual-regression-design-c-8ca48-e---matches-design-baseline-firefox/trace.zip]]
]]>
</system-out>
</testcase>
<testcase name="Visual Regression - Design Consistency › tablet (768x1024) › Lock Page - matches design baseline" classname="visual-regression/design-consistency.spec.ts" time="0.005">
<failure message="design-consistency.spec.ts:59:9 Lock Page - matches design baseline" type="FAILURE">
<![CDATA[  [firefox] › visual-regression/design-consistency.spec.ts:59:9 › Visual Regression - Design Consistency › tablet (768x1024) › Lock Page - matches design baseline 

    Error: browserType.launch: Executable doesn't exist at /home/codespace/.cache/ms-playwright/firefox-1495/firefox/firefox
    ╔═════════════════════════════════════════════════════════════════════════╗
    ║ Looks like Playwright Test or Playwright was just installed or updated. ║
    ║ Please run the following command to download new browsers:              ║
    ║                                                                         ║
    ║     npx playwright install                                              ║
    ║                                                                         ║
    ║ <3 Playwright Team                                                      ║
    ╚═════════════════════════════════════════════════════════════════════════╝

    attachment #1: trace (application/zip) ─────────────────────────────────────────────────────────
    ../../test-results/visual-regression-design-c-4fc61-e---matches-design-baseline-firefox/trace.zip
    Usage:

        npx playwright show-trace ../../test-results/visual-regression-design-c-4fc61-e---matches-design-baseline-firefox/trace.zip

    ────────────────────────────────────────────────────────────────────────────────────────────────
]]>
</failure>
<system-out>
<![CDATA[
[[ATTACHMENT|visual-regression-design-c-4fc61-e---matches-design-baseline-firefox/trace.zip]]
]]>
</system-out>
</testcase>
<testcase name="Visual Regression - Design Consistency › tablet (768x1024) › Credentials - matches design baseline" classname="visual-regression/design-consistency.spec.ts" time="0.004">
<failure message="design-consistency.spec.ts:59:9 Credentials - matches design baseline" type="FAILURE">
<![CDATA[  [firefox] › visual-regression/design-consistency.spec.ts:59:9 › Visual Regression - Design Consistency › tablet (768x1024) › Credentials - matches design baseline 

    Error: browserType.launch: Executable doesn't exist at /home/codespace/.cache/ms-playwright/firefox-1495/firefox/firefox
    ╔═════════════════════════════════════════════════════════════════════════╗
    ║ Looks like Playwright Test or Playwright was just installed or updated. ║
    ║ Please run the following command to download new browsers:              ║
    ║                                                                         ║
    ║     npx playwright install                                              ║
    ║                                                                         ║
    ║ <3 Playwright Team                                                      ║
    ╚═════════════════════════════════════════════════════════════════════════╝

    attachment #1: trace (application/zip) ─────────────────────────────────────────────────────────
    ../../test-results/visual-regression-design-c-0816e-s---matches-design-baseline-firefox/trace.zip
    Usage:

        npx playwright show-trace ../../test-results/visual-regression-design-c-0816e-s---matches-design-baseline-firefox/trace.zip

    ────────────────────────────────────────────────────────────────────────────────────────────────
]]>
</failure>
<system-out>
<![CDATA[
[[ATTACHMENT|visual-regression-design-c-0816e-s---matches-design-baseline-firefox/trace.zip]]
]]>
</system-out>
</testcase>
<testcase name="Visual Regression - Design Consistency › tablet (768x1024) › Identifiers - matches design baseline" classname="visual-regression/design-consistency.spec.ts" time="0.004">
<failure message="design-consistency.spec.ts:59:9 Identifiers - matches design baseline" type="FAILURE">
<![CDATA[  [firefox] › visual-regression/design-consistency.spec.ts:59:9 › Visual Regression - Design Consistency › tablet (768x1024) › Identifiers - matches design baseline 

    Error: browserType.launch: Executable doesn't exist at /home/codespace/.cache/ms-playwright/firefox-1495/firefox/firefox
    ╔═════════════════════════════════════════════════════════════════════════╗
    ║ Looks like Playwright Test or Playwright was just installed or updated. ║
    ║ Please run the following command to download new browsers:              ║
    ║                                                                         ║
    ║     npx playwright install                                              ║
    ║                                                                         ║
    ║ <3 Playwright Team                                                      ║
    ╚═════════════════════════════════════════════════════════════════════════╝

    attachment #1: trace (application/zip) ─────────────────────────────────────────────────────────
    ../../test-results/visual-regression-design-c-e8dea-s---matches-design-baseline-firefox/trace.zip
    Usage:

        npx playwright show-trace ../../test-results/visual-regression-design-c-e8dea-s---matches-design-baseline-firefox/trace.zip

    ────────────────────────────────────────────────────────────────────────────────────────────────
]]>
</failure>
<system-out>
<![CDATA[
[[ATTACHMENT|visual-regression-design-c-e8dea-s---matches-design-baseline-firefox/trace.zip]]
]]>
</system-out>
</testcase>
<testcase name="Visual Regression - Design Consistency › tablet (768x1024) › Connections - matches design baseline" classname="visual-regression/design-consistency.spec.ts" time="0.004">
<failure message="design-consistency.spec.ts:59:9 Connections - matches design baseline" type="FAILURE">
<![CDATA[  [firefox] › visual-regression/design-consistency.spec.ts:59:9 › Visual Regression - Design Consistency › tablet (768x1024) › Connections - matches design baseline 

    Error: browserType.launch: Executable doesn't exist at /home/codespace/.cache/ms-playwright/firefox-1495/firefox/firefox
    ╔═════════════════════════════════════════════════════════════════════════╗
    ║ Looks like Playwright Test or Playwright was just installed or updated. ║
    ║ Please run the following command to download new browsers:              ║
    ║                                                                         ║
    ║     npx playwright install                                              ║
    ║                                                                         ║
    ║ <3 Playwright Team                                                      ║
    ╚═════════════════════════════════════════════════════════════════════════╝

    attachment #1: trace (application/zip) ─────────────────────────────────────────────────────────
    ../../test-results/visual-regression-design-c-f3dda-s---matches-design-baseline-firefox/trace.zip
    Usage:

        npx playwright show-trace ../../test-results/visual-regression-design-c-f3dda-s---matches-design-baseline-firefox/trace.zip

    ────────────────────────────────────────────────────────────────────────────────────────────────
]]>
</failure>
<system-out>
<![CDATA[
[[ATTACHMENT|visual-regression-design-c-f3dda-s---matches-design-baseline-firefox/trace.zip]]
]]>
</system-out>
</testcase>
<testcase name="Visual Regression - Design Consistency › tablet (768x1024) › Notifications - matches design baseline" classname="visual-regression/design-consistency.spec.ts" time="0.004">
<failure message="design-consistency.spec.ts:59:9 Notifications - matches design baseline" type="FAILURE">
<![CDATA[  [firefox] › visual-regression/design-consistency.spec.ts:59:9 › Visual Regression - Design Consistency › tablet (768x1024) › Notifications - matches design baseline 

    Error: browserType.launch: Executable doesn't exist at /home/codespace/.cache/ms-playwright/firefox-1495/firefox/firefox
    ╔═════════════════════════════════════════════════════════════════════════╗
    ║ Looks like Playwright Test or Playwright was just installed or updated. ║
    ║ Please run the following command to download new browsers:              ║
    ║                                                                         ║
    ║     npx playwright install                                              ║
    ║                                                                         ║
    ║ <3 Playwright Team                                                      ║
    ╚═════════════════════════════════════════════════════════════════════════╝

    attachment #1: trace (application/zip) ─────────────────────────────────────────────────────────
    ../../test-results/visual-regression-design-c-06e6a-s---matches-design-baseline-firefox/trace.zip
    Usage:

        npx playwright show-trace ../../test-results/visual-regression-design-c-06e6a-s---matches-design-baseline-firefox/trace.zip

    ────────────────────────────────────────────────────────────────────────────────────────────────
]]>
</failure>
<system-out>
<![CDATA[
[[ATTACHMENT|visual-regression-design-c-06e6a-s---matches-design-baseline-firefox/trace.zip]]
]]>
</system-out>
</testcase>
<testcase name="Visual Regression - Design Consistency › tablet (768x1024) › Menu - matches design baseline" classname="visual-regression/design-consistency.spec.ts" time="0.004">
<failure message="design-consistency.spec.ts:59:9 Menu - matches design baseline" type="FAILURE">
<![CDATA[  [firefox] › visual-regression/design-consistency.spec.ts:59:9 › Visual Regression - Design Consistency › tablet (768x1024) › Menu - matches design baseline 

    Error: browserType.launch: Executable doesn't exist at /home/codespace/.cache/ms-playwright/firefox-1495/firefox/firefox
    ╔═════════════════════════════════════════════════════════════════════════╗
    ║ Looks like Playwright Test or Playwright was just installed or updated. ║
    ║ Please run the following command to download new browsers:              ║
    ║                                                                         ║
    ║     npx playwright install                                              ║
    ║                                                                         ║
    ║ <3 Playwright Team                                                      ║
    ╚═════════════════════════════════════════════════════════════════════════╝

    attachment #1: trace (application/zip) ─────────────────────────────────────────────────────────
    ../../test-results/visual-regression-design-c-59348-u---matches-design-baseline-firefox/trace.zip
    Usage:

        npx playwright show-trace ../../test-results/visual-regression-design-c-59348-u---matches-design-baseline-firefox/trace.zip

    ────────────────────────────────────────────────────────────────────────────────────────────────
]]>
</failure>
<system-out>
<![CDATA[
[[ATTACHMENT|visual-regression-design-c-59348-u---matches-design-baseline-firefox/trace.zip]]
]]>
</system-out>
</testcase>
<testcase name="Visual Regression - Design Consistency › tablet (768x1024) › Scan - matches design baseline" classname="visual-regression/design-consistency.spec.ts" time="0.005">
<failure message="design-consistency.spec.ts:59:9 Scan - matches design baseline" type="FAILURE">
<![CDATA[  [firefox] › visual-regression/design-consistency.spec.ts:59:9 › Visual Regression - Design Consistency › tablet (768x1024) › Scan - matches design baseline 

    Error: browserType.launch: Executable doesn't exist at /home/codespace/.cache/ms-playwright/firefox-1495/firefox/firefox
    ╔═════════════════════════════════════════════════════════════════════════╗
    ║ Looks like Playwright Test or Playwright was just installed or updated. ║
    ║ Please run the following command to download new browsers:              ║
    ║                                                                         ║
    ║     npx playwright install                                              ║
    ║                                                                         ║
    ║ <3 Playwright Team                                                      ║
    ╚═════════════════════════════════════════════════════════════════════════╝

    attachment #1: trace (application/zip) ─────────────────────────────────────────────────────────
    ../../test-results/visual-regression-design-c-93218-n---matches-design-baseline-firefox/trace.zip
    Usage:

        npx playwright show-trace ../../test-results/visual-regression-design-c-93218-n---matches-design-baseline-firefox/trace.zip

    ────────────────────────────────────────────────────────────────────────────────────────────────
]]>
</failure>
<system-out>
<![CDATA[
[[ATTACHMENT|visual-regression-design-c-93218-n---matches-design-baseline-firefox/trace.zip]]
]]>
</system-out>
</testcase>
<testcase name="Visual Regression - Design Consistency › desktop (1280x720) › Biometric Enrollment - matches design baseline" classname="visual-regression/design-consistency.spec.ts" time="0.004">
<failure message="design-consistency.spec.ts:59:9 Biometric Enrollment - matches design baseline" type="FAILURE">
<![CDATA[  [firefox] › visual-regression/design-consistency.spec.ts:59:9 › Visual Regression - Design Consistency › desktop (1280x720) › Biometric Enrollment - matches design baseline 

    Error: browserType.launch: Executable doesn't exist at /home/codespace/.cache/ms-playwright/firefox-1495/firefox/firefox
    ╔═════════════════════════════════════════════════════════════════════════╗
    ║ Looks like Playwright Test or Playwright was just installed or updated. ║
    ║ Please run the following command to download new browsers:              ║
    ║                                                                         ║
    ║     npx playwright install                                              ║
    ║                                                                         ║
    ║ <3 Playwright Team                                                      ║
    ╚═════════════════════════════════════════════════════════════════════════╝

    attachment #1: trace (application/zip) ─────────────────────────────────────────────────────────
    ../../test-results/visual-regression-design-c-97d20-t---matches-design-baseline-firefox/trace.zip
    Usage:

        npx playwright show-trace ../../test-results/visual-regression-design-c-97d20-t---matches-design-baseline-firefox/trace.zip

    ────────────────────────────────────────────────────────────────────────────────────────────────
]]>
</failure>
<system-out>
<![CDATA[
[[ATTACHMENT|visual-regression-design-c-97d20-t---matches-design-baseline-firefox/trace.zip]]
]]>
</system-out>
</testcase>
<testcase name="Visual Regression - Design Consistency › desktop (1280x720) › Onboarding - matches design baseline" classname="visual-regression/design-consistency.spec.ts" time="0.004">
<failure message="design-consistency.spec.ts:59:9 Onboarding - matches design baseline" type="FAILURE">
<![CDATA[  [firefox] › visual-regression/design-consistency.spec.ts:59:9 › Visual Regression - Design Consistency › desktop (1280x720) › Onboarding - matches design baseline 

    Error: browserType.launch: Executable doesn't exist at /home/codespace/.cache/ms-playwright/firefox-1495/firefox/firefox
    ╔═════════════════════════════════════════════════════════════════════════╗
    ║ Looks like Playwright Test or Playwright was just installed or updated. ║
    ║ Please run the following command to download new browsers:              ║
    ║                                                                         ║
    ║     npx playwright install                                              ║
    ║                                                                         ║
    ║ <3 Playwright Team                                                      ║
    ╚═════════════════════════════════════════════════════════════════════════╝

    attachment #1: trace (application/zip) ─────────────────────────────────────────────────────────
    ../../test-results/visual-regression-design-c-e90b5-g---matches-design-baseline-firefox/trace.zip
    Usage:

        npx playwright show-trace ../../test-results/visual-regression-design-c-e90b5-g---matches-design-baseline-firefox/trace.zip

    ────────────────────────────────────────────────────────────────────────────────────────────────
]]>
</failure>
<system-out>
<![CDATA[
[[ATTACHMENT|visual-regression-design-c-e90b5-g---matches-design-baseline-firefox/trace.zip]]
]]>
</system-out>
</testcase>
<testcase name="Visual Regression - Design Consistency › desktop (1280x720) › Create Password - matches design baseline" classname="visual-regression/design-consistency.spec.ts" time="0.004">
<failure message="design-consistency.spec.ts:59:9 Create Password - matches design baseline" type="FAILURE">
<![CDATA[  [firefox] › visual-regression/design-consistency.spec.ts:59:9 › Visual Regression - Design Consistency › desktop (1280x720) › Create Password - matches design baseline 

    Error: browserType.launch: Executable doesn't exist at /home/codespace/.cache/ms-playwright/firefox-1495/firefox/firefox
    ╔═════════════════════════════════════════════════════════════════════════╗
    ║ Looks like Playwright Test or Playwright was just installed or updated. ║
    ║ Please run the following command to download new browsers:              ║
    ║                                                                         ║
    ║     npx playwright install                                              ║
    ║                                                                         ║
    ║ <3 Playwright Team                                                      ║
    ╚═════════════════════════════════════════════════════════════════════════╝

    attachment #1: trace (application/zip) ─────────────────────────────────────────────────────────
    ../../test-results/visual-regression-design-c-a895b-d---matches-design-baseline-firefox/trace.zip
    Usage:

        npx playwright show-trace ../../test-results/visual-regression-design-c-a895b-d---matches-design-baseline-firefox/trace.zip

    ────────────────────────────────────────────────────────────────────────────────────────────────
]]>
</failure>
<system-out>
<![CDATA[
[[ATTACHMENT|visual-regression-design-c-a895b-d---matches-design-baseline-firefox/trace.zip]]
]]>
</system-out>
</testcase>
<testcase name="Visual Regression - Design Consistency › desktop (1280x720) › Setup Biometrics - matches design baseline" classname="visual-regression/design-consistency.spec.ts" time="0.005">
<failure message="design-consistency.spec.ts:59:9 Setup Biometrics - matches design baseline" type="FAILURE">
<![CDATA[  [firefox] › visual-regression/design-consistency.spec.ts:59:9 › Visual Regression - Design Consistency › desktop (1280x720) › Setup Biometrics - matches design baseline 

    Error: browserType.launch: Executable doesn't exist at /home/codespace/.cache/ms-playwright/firefox-1495/firefox/firefox
    ╔═════════════════════════════════════════════════════════════════════════╗
    ║ Looks like Playwright Test or Playwright was just installed or updated. ║
    ║ Please run the following command to download new browsers:              ║
    ║                                                                         ║
    ║     npx playwright install                                              ║
    ║                                                                         ║
    ║ <3 Playwright Team                                                      ║
    ╚═════════════════════════════════════════════════════════════════════════╝

    attachment #1: trace (application/zip) ─────────────────────────────────────────────────────────
    ../../test-results/visual-regression-design-c-ba6ed-s---matches-design-baseline-firefox/trace.zip
    Usage:

        npx playwright show-trace ../../test-results/visual-regression-design-c-ba6ed-s---matches-design-baseline-firefox/trace.zip

    ────────────────────────────────────────────────────────────────────────────────────────────────
]]>
</failure>
<system-out>
<![CDATA[
[[ATTACHMENT|visual-regression-design-c-ba6ed-s---matches-design-baseline-firefox/trace.zip]]
]]>
</system-out>
</testcase>
<testcase name="Visual Regression - Design Consistency › desktop (1280x720) › Generate Seed Phrase - matches design baseline" classname="visual-regression/design-consistency.spec.ts" time="0.005">
<failure message="design-consistency.spec.ts:59:9 Generate Seed Phrase - matches design baseline" type="FAILURE">
<![CDATA[  [firefox] › visual-regression/design-consistency.spec.ts:59:9 › Visual Regression - Design Consistency › desktop (1280x720) › Generate Seed Phrase - matches design baseline 

    Error: browserType.launch: Executable doesn't exist at /home/codespace/.cache/ms-playwright/firefox-1495/firefox/firefox
    ╔═════════════════════════════════════════════════════════════════════════╗
    ║ Looks like Playwright Test or Playwright was just installed or updated. ║
    ║ Please run the following command to download new browsers:              ║
    ║                                                                         ║
    ║     npx playwright install                                              ║
    ║                                                                         ║
    ║ <3 Playwright Team                                                      ║
    ╚═════════════════════════════════════════════════════════════════════════╝

    attachment #1: trace (application/zip) ─────────────────────────────────────────────────────────
    ../../test-results/visual-regression-design-c-f121d-e---matches-design-baseline-firefox/trace.zip
    Usage:

        npx playwright show-trace ../../test-results/visual-regression-design-c-f121d-e---matches-design-baseline-firefox/trace.zip

    ────────────────────────────────────────────────────────────────────────────────────────────────
]]>
</failure>
<system-out>
<![CDATA[
[[ATTACHMENT|visual-regression-design-c-f121d-e---matches-design-baseline-firefox/trace.zip]]
]]>
</system-out>
</testcase>
<testcase name="Visual Regression - Design Consistency › desktop (1280x720) › Verify Seed Phrase - matches design baseline" classname="visual-regression/design-consistency.spec.ts" time="0.004">
<failure message="design-consistency.spec.ts:59:9 Verify Seed Phrase - matches design baseline" type="FAILURE">
<![CDATA[  [firefox] › visual-regression/design-consistency.spec.ts:59:9 › Visual Regression - Design Consistency › desktop (1280x720) › Verify Seed Phrase - matches design baseline 

    Error: browserType.launch: Executable doesn't exist at /home/codespace/.cache/ms-playwright/firefox-1495/firefox/firefox
    ╔═════════════════════════════════════════════════════════════════════════╗
    ║ Looks like Playwright Test or Playwright was just installed or updated. ║
    ║ Please run the following command to download new browsers:              ║
    ║                                                                         ║
    ║     npx playwright install                                              ║
    ║                                                                         ║
    ║ <3 Playwright Team                                                      ║
    ╚═════════════════════════════════════════════════════════════════════════╝

    attachment #1: trace (application/zip) ─────────────────────────────────────────────────────────
    ../../test-results/visual-regression-design-c-260c5-e---matches-design-baseline-firefox/trace.zip
    Usage:

        npx playwright show-trace ../../test-results/visual-regression-design-c-260c5-e---matches-design-baseline-firefox/trace.zip

    ────────────────────────────────────────────────────────────────────────────────────────────────
]]>
</failure>
<system-out>
<![CDATA[
[[ATTACHMENT|visual-regression-design-c-260c5-e---matches-design-baseline-firefox/trace.zip]]
]]>
</system-out>
</testcase>
<testcase name="Visual Regression - Design Consistency › desktop (1280x720) › Set Passcode - matches design baseline" classname="visual-regression/design-consistency.spec.ts" time="0.004">
<failure message="design-consistency.spec.ts:59:9 Set Passcode - matches design baseline" type="FAILURE">
<![CDATA[  [firefox] › visual-regression/design-consistency.spec.ts:59:9 › Visual Regression - Design Consistency › desktop (1280x720) › Set Passcode - matches design baseline 

    Error: browserType.launch: Executable doesn't exist at /home/codespace/.cache/ms-playwright/firefox-1495/firefox/firefox
    ╔═════════════════════════════════════════════════════════════════════════╗
    ║ Looks like Playwright Test or Playwright was just installed or updated. ║
    ║ Please run the following command to download new browsers:              ║
    ║                                                                         ║
    ║     npx playwright install                                              ║
    ║                                                                         ║
    ║ <3 Playwright Team                                                      ║
    ╚═════════════════════════════════════════════════════════════════════════╝

    attachment #1: trace (application/zip) ─────────────────────────────────────────────────────────
    ../../test-results/visual-regression-design-c-bb489-e---matches-design-baseline-firefox/trace.zip
    Usage:

        npx playwright show-trace ../../test-results/visual-regression-design-c-bb489-e---matches-design-baseline-firefox/trace.zip

    ────────────────────────────────────────────────────────────────────────────────────────────────
]]>
</failure>
<system-out>
<![CDATA[
[[ATTACHMENT|visual-regression-design-c-bb489-e---matches-design-baseline-firefox/trace.zip]]
]]>
</system-out>
</testcase>
<testcase name="Visual Regression - Design Consistency › desktop (1280x720) › Lock Page - matches design baseline" classname="visual-regression/design-consistency.spec.ts" time="0.004">
<failure message="design-consistency.spec.ts:59:9 Lock Page - matches design baseline" type="FAILURE">
<![CDATA[  [firefox] › visual-regression/design-consistency.spec.ts:59:9 › Visual Regression - Design Consistency › desktop (1280x720) › Lock Page - matches design baseline 

    Error: browserType.launch: Executable doesn't exist at /home/codespace/.cache/ms-playwright/firefox-1495/firefox/firefox
    ╔═════════════════════════════════════════════════════════════════════════╗
    ║ Looks like Playwright Test or Playwright was just installed or updated. ║
    ║ Please run the following command to download new browsers:              ║
    ║                                                                         ║
    ║     npx playwright install                                              ║
    ║                                                                         ║
    ║ <3 Playwright Team                                                      ║
    ╚═════════════════════════════════════════════════════════════════════════╝

    attachment #1: trace (application/zip) ─────────────────────────────────────────────────────────
    ../../test-results/visual-regression-design-c-3def2-e---matches-design-baseline-firefox/trace.zip
    Usage:

        npx playwright show-trace ../../test-results/visual-regression-design-c-3def2-e---matches-design-baseline-firefox/trace.zip

    ────────────────────────────────────────────────────────────────────────────────────────────────
]]>
</failure>
<system-out>
<![CDATA[
[[ATTACHMENT|visual-regression-design-c-3def2-e---matches-design-baseline-firefox/trace.zip]]
]]>
</system-out>
</testcase>
<testcase name="Visual Regression - Design Consistency › desktop (1280x720) › Credentials - matches design baseline" classname="visual-regression/design-consistency.spec.ts" time="0.004">
<failure message="design-consistency.spec.ts:59:9 Credentials - matches design baseline" type="FAILURE">
<![CDATA[  [firefox] › visual-regression/design-consistency.spec.ts:59:9 › Visual Regression - Design Consistency › desktop (1280x720) › Credentials - matches design baseline 

    Error: browserType.launch: Executable doesn't exist at /home/codespace/.cache/ms-playwright/firefox-1495/firefox/firefox
    ╔═════════════════════════════════════════════════════════════════════════╗
    ║ Looks like Playwright Test or Playwright was just installed or updated. ║
    ║ Please run the following command to download new browsers:              ║
    ║                                                                         ║
    ║     npx playwright install                                              ║
    ║                                                                         ║
    ║ <3 Playwright Team                                                      ║
    ╚═════════════════════════════════════════════════════════════════════════╝

    attachment #1: trace (application/zip) ─────────────────────────────────────────────────────────
    ../../test-results/visual-regression-design-c-a3154-s---matches-design-baseline-firefox/trace.zip
    Usage:

        npx playwright show-trace ../../test-results/visual-regression-design-c-a3154-s---matches-design-baseline-firefox/trace.zip

    ────────────────────────────────────────────────────────────────────────────────────────────────
]]>
</failure>
<system-out>
<![CDATA[
[[ATTACHMENT|visual-regression-design-c-a3154-s---matches-design-baseline-firefox/trace.zip]]
]]>
</system-out>
</testcase>
<testcase name="Visual Regression - Design Consistency › desktop (1280x720) › Identifiers - matches design baseline" classname="visual-regression/design-consistency.spec.ts" time="0.004">
<failure message="design-consistency.spec.ts:59:9 Identifiers - matches design baseline" type="FAILURE">
<![CDATA[  [firefox] › visual-regression/design-consistency.spec.ts:59:9 › Visual Regression - Design Consistency › desktop (1280x720) › Identifiers - matches design baseline 

    Error: browserType.launch: Executable doesn't exist at /home/codespace/.cache/ms-playwright/firefox-1495/firefox/firefox
    ╔═════════════════════════════════════════════════════════════════════════╗
    ║ Looks like Playwright Test or Playwright was just installed or updated. ║
    ║ Please run the following command to download new browsers:              ║
    ║                                                                         ║
    ║     npx playwright install                                              ║
    ║                                                                         ║
    ║ <3 Playwright Team                                                      ║
    ╚═════════════════════════════════════════════════════════════════════════╝

    attachment #1: trace (application/zip) ─────────────────────────────────────────────────────────
    ../../test-results/visual-regression-design-c-a0f25-s---matches-design-baseline-firefox/trace.zip
    Usage:

        npx playwright show-trace ../../test-results/visual-regression-design-c-a0f25-s---matches-design-baseline-firefox/trace.zip

    ────────────────────────────────────────────────────────────────────────────────────────────────
]]>
</failure>
<system-out>
<![CDATA[
[[ATTACHMENT|visual-regression-design-c-a0f25-s---matches-design-baseline-firefox/trace.zip]]
]]>
</system-out>
</testcase>
<testcase name="Visual Regression - Design Consistency › desktop (1280x720) › Connections - matches design baseline" classname="visual-regression/design-consistency.spec.ts" time="0.005">
<failure message="design-consistency.spec.ts:59:9 Connections - matches design baseline" type="FAILURE">
<![CDATA[  [firefox] › visual-regression/design-consistency.spec.ts:59:9 › Visual Regression - Design Consistency › desktop (1280x720) › Connections - matches design baseline 

    Error: browserType.launch: Executable doesn't exist at /home/codespace/.cache/ms-playwright/firefox-1495/firefox/firefox
    ╔═════════════════════════════════════════════════════════════════════════╗
    ║ Looks like Playwright Test or Playwright was just installed or updated. ║
    ║ Please run the following command to download new browsers:              ║
    ║                                                                         ║
    ║     npx playwright install                                              ║
    ║                                                                         ║
    ║ <3 Playwright Team                                                      ║
    ╚═════════════════════════════════════════════════════════════════════════╝

    attachment #1: trace (application/zip) ─────────────────────────────────────────────────────────
    ../../test-results/visual-regression-design-c-5c14a-s---matches-design-baseline-firefox/trace.zip
    Usage:

        npx playwright show-trace ../../test-results/visual-regression-design-c-5c14a-s---matches-design-baseline-firefox/trace.zip

    ────────────────────────────────────────────────────────────────────────────────────────────────
]]>
</failure>
<system-out>
<![CDATA[
[[ATTACHMENT|visual-regression-design-c-5c14a-s---matches-design-baseline-firefox/trace.zip]]
]]>
</system-out>
</testcase>
<testcase name="Visual Regression - Design Consistency › desktop (1280x720) › Notifications - matches design baseline" classname="visual-regression/design-consistency.spec.ts" time="0.004">
<failure message="design-consistency.spec.ts:59:9 Notifications - matches design baseline" type="FAILURE">
<![CDATA[  [firefox] › visual-regression/design-consistency.spec.ts:59:9 › Visual Regression - Design Consistency › desktop (1280x720) › Notifications - matches design baseline 

    Error: browserType.launch: Executable doesn't exist at /home/codespace/.cache/ms-playwright/firefox-1495/firefox/firefox
    ╔═════════════════════════════════════════════════════════════════════════╗
    ║ Looks like Playwright Test or Playwright was just installed or updated. ║
    ║ Please run the following command to download new browsers:              ║
    ║                                                                         ║
    ║     npx playwright install                                              ║
    ║                                                                         ║
    ║ <3 Playwright Team                                                      ║
    ╚═════════════════════════════════════════════════════════════════════════╝

    attachment #1: trace (application/zip) ─────────────────────────────────────────────────────────
    ../../test-results/visual-regression-design-c-85645-s---matches-design-baseline-firefox/trace.zip
    Usage:

        npx playwright show-trace ../../test-results/visual-regression-design-c-85645-s---matches-design-baseline-firefox/trace.zip

    ────────────────────────────────────────────────────────────────────────────────────────────────
]]>
</failure>
<system-out>
<![CDATA[
[[ATTACHMENT|visual-regression-design-c-85645-s---matches-design-baseline-firefox/trace.zip]]
]]>
</system-out>
</testcase>
<testcase name="Visual Regression - Design Consistency › desktop (1280x720) › Menu - matches design baseline" classname="visual-regression/design-consistency.spec.ts" time="0.004">
<failure message="design-consistency.spec.ts:59:9 Menu - matches design baseline" type="FAILURE">
<![CDATA[  [firefox] › visual-regression/design-consistency.spec.ts:59:9 › Visual Regression - Design Consistency › desktop (1280x720) › Menu - matches design baseline 

    Error: browserType.launch: Executable doesn't exist at /home/codespace/.cache/ms-playwright/firefox-1495/firefox/firefox
    ╔═════════════════════════════════════════════════════════════════════════╗
    ║ Looks like Playwright Test or Playwright was just installed or updated. ║
    ║ Please run the following command to download new browsers:              ║
    ║                                                                         ║
    ║     npx playwright install                                              ║
    ║                                                                         ║
    ║ <3 Playwright Team                                                      ║
    ╚═════════════════════════════════════════════════════════════════════════╝

    attachment #1: trace (application/zip) ─────────────────────────────────────────────────────────
    ../../test-results/visual-regression-design-c-d565c-u---matches-design-baseline-firefox/trace.zip
    Usage:

        npx playwright show-trace ../../test-results/visual-regression-design-c-d565c-u---matches-design-baseline-firefox/trace.zip

    ────────────────────────────────────────────────────────────────────────────────────────────────
]]>
</failure>
<system-out>
<![CDATA[
[[ATTACHMENT|visual-regression-design-c-d565c-u---matches-design-baseline-firefox/trace.zip]]
]]>
</system-out>
</testcase>
<testcase name="Visual Regression - Design Consistency › desktop (1280x720) › Scan - matches design baseline" classname="visual-regression/design-consistency.spec.ts" time="0.004">
<failure message="design-consistency.spec.ts:59:9 Scan - matches design baseline" type="FAILURE">
<![CDATA[  [firefox] › visual-regression/design-consistency.spec.ts:59:9 › Visual Regression - Design Consistency › desktop (1280x720) › Scan - matches design baseline 

    Error: browserType.launch: Executable doesn't exist at /home/codespace/.cache/ms-playwright/firefox-1495/firefox/firefox
    ╔═════════════════════════════════════════════════════════════════════════╗
    ║ Looks like Playwright Test or Playwright was just installed or updated. ║
    ║ Please run the following command to download new browsers:              ║
    ║                                                                         ║
    ║     npx playwright install                                              ║
    ║                                                                         ║
    ║ <3 Playwright Team                                                      ║
    ╚═════════════════════════════════════════════════════════════════════════╝

    attachment #1: trace (application/zip) ─────────────────────────────────────────────────────────
    ../../test-results/visual-regression-design-c-94db4-n---matches-design-baseline-firefox/trace.zip
    Usage:

        npx playwright show-trace ../../test-results/visual-regression-design-c-94db4-n---matches-design-baseline-firefox/trace.zip

    ────────────────────────────────────────────────────────────────────────────────────────────────
]]>
</failure>
<system-out>
<![CDATA[
[[ATTACHMENT|visual-regression-design-c-94db4-n---matches-design-baseline-firefox/trace.zip]]
]]>
</system-out>
</testcase>
<testcase name="Component Consistency › Buttons have consistent styling" classname="visual-regression/design-consistency.spec.ts" time="0.004">
<failure message="design-consistency.spec.ts:86:3 Buttons have consistent styling" type="FAILURE">
<![CDATA[  [firefox] › visual-regression/design-consistency.spec.ts:86:3 › Component Consistency › Buttons have consistent styling 

    Error: browserType.launch: Executable doesn't exist at /home/codespace/.cache/ms-playwright/firefox-1495/firefox/firefox
    ╔═════════════════════════════════════════════════════════════════════════╗
    ║ Looks like Playwright Test or Playwright was just installed or updated. ║
    ║ Please run the following command to download new browsers:              ║
    ║                                                                         ║
    ║     npx playwright install                                              ║
    ║                                                                         ║
    ║ <3 Playwright Team                                                      ║
    ╚═════════════════════════════════════════════════════════════════════════╝

    attachment #1: trace (application/zip) ─────────────────────────────────────────────────────────
    ../../test-results/visual-regression-design-c-e16f1-ons-have-consistent-styling-firefox/trace.zip
    Usage:

        npx playwright show-trace ../../test-results/visual-regression-design-c-e16f1-ons-have-consistent-styling-firefox/trace.zip

    ────────────────────────────────────────────────────────────────────────────────────────────────
]]>
</failure>
<system-out>
<![CDATA[
[[ATTACHMENT|visual-regression-design-c-e16f1-ons-have-consistent-styling-firefox/trace.zip]]
]]>
</system-out>
</testcase>
<testcase name="Component Consistency › Cards have consistent styling" classname="visual-regression/design-consistency.spec.ts" time="0.004">
<failure message="design-consistency.spec.ts:96:3 Cards have consistent styling" type="FAILURE">
<![CDATA[  [firefox] › visual-regression/design-consistency.spec.ts:96:3 › Component Consistency › Cards have consistent styling 

    Error: browserType.launch: Executable doesn't exist at /home/codespace/.cache/ms-playwright/firefox-1495/firefox/firefox
    ╔═════════════════════════════════════════════════════════════════════════╗
    ║ Looks like Playwright Test or Playwright was just installed or updated. ║
    ║ Please run the following command to download new browsers:              ║
    ║                                                                         ║
    ║     npx playwright install                                              ║
    ║                                                                         ║
    ║ <3 Playwright Team                                                      ║
    ╚═════════════════════════════════════════════════════════════════════════╝

    attachment #1: trace (application/zip) ─────────────────────────────────────────────────────────
    ../../test-results/visual-regression-design-c-103ee-rds-have-consistent-styling-firefox/trace.zip
    Usage:

        npx playwright show-trace ../../test-results/visual-regression-design-c-103ee-rds-have-consistent-styling-firefox/trace.zip

    ────────────────────────────────────────────────────────────────────────────────────────────────
]]>
</failure>
<system-out>
<![CDATA[
[[ATTACHMENT|visual-regression-design-c-103ee-rds-have-consistent-styling-firefox/trace.zip]]
]]>
</system-out>
</testcase>
<testcase name="Component Consistency › Typography follows design tokens" classname="visual-regression/design-consistency.spec.ts" time="0.004">
<failure message="design-consistency.spec.ts:106:3 Typography follows design tokens" type="FAILURE">
<![CDATA[  [firefox] › visual-regression/design-consistency.spec.ts:106:3 › Component Consistency › Typography follows design tokens 

    Error: browserType.launch: Executable doesn't exist at /home/codespace/.cache/ms-playwright/firefox-1495/firefox/firefox
    ╔═════════════════════════════════════════════════════════════════════════╗
    ║ Looks like Playwright Test or Playwright was just installed or updated. ║
    ║ Please run the following command to download new browsers:              ║
    ║                                                                         ║
    ║     npx playwright install                                              ║
    ║                                                                         ║
    ║ <3 Playwright Team                                                      ║
    ╚═════════════════════════════════════════════════════════════════════════╝

    attachment #1: trace (application/zip) ─────────────────────────────────────────────────────────
    ../../test-results/visual-regression-design-c-f4ce6-raphy-follows-design-tokens-firefox/trace.zip
    Usage:

        npx playwright show-trace ../../test-results/visual-regression-design-c-f4ce6-raphy-follows-design-tokens-firefox/trace.zip

    ────────────────────────────────────────────────────────────────────────────────────────────────
]]>
</failure>
<system-out>
<![CDATA[
[[ATTACHMENT|visual-regression-design-c-f4ce6-raphy-follows-design-tokens-firefox/trace.zip]]
]]>
</system-out>
</testcase>
<testcase name="Component Consistency › Spacing is consistent across pages" classname="visual-regression/design-consistency.spec.ts" time="0.004">
<failure message="design-consistency.spec.ts:118:3 Spacing is consistent across pages" type="FAILURE">
<![CDATA[  [firefox] › visual-regression/design-consistency.spec.ts:118:3 › Component Consistency › Spacing is consistent across pages 

    Error: browserType.launch: Executable doesn't exist at /home/codespace/.cache/ms-playwright/firefox-1495/firefox/firefox
    ╔═════════════════════════════════════════════════════════════════════════╗
    ║ Looks like Playwright Test or Playwright was just installed or updated. ║
    ║ Please run the following command to download new browsers:              ║
    ║                                                                         ║
    ║     npx playwright install                                              ║
    ║                                                                         ║
    ║ <3 Playwright Team                                                      ║
    ╚═════════════════════════════════════════════════════════════════════════╝

    attachment #1: trace (application/zip) ─────────────────────────────────────────────────────────
    ../../test-results/visual-regression-design-c-61b65--is-consistent-across-pages-firefox/trace.zip
    Usage:

        npx playwright show-trace ../../test-results/visual-regression-design-c-61b65--is-consistent-across-pages-firefox/trace.zip

    ────────────────────────────────────────────────────────────────────────────────────────────────
]]>
</failure>
<system-out>
<![CDATA[
[[ATTACHMENT|visual-regression-design-c-61b65--is-consistent-across-pages-firefox/trace.zip]]
]]>
</system-out>
</testcase>
<testcase name="Component Consistency › Forms have consistent input styling" classname="visual-regression/design-consistency.spec.ts" time="0.004">
<failure message="design-consistency.spec.ts:136:3 Forms have consistent input styling" type="FAILURE">
<![CDATA[  [firefox] › visual-regression/design-consistency.spec.ts:136:3 › Component Consistency › Forms have consistent input styling 

    Error: browserType.launch: Executable doesn't exist at /home/codespace/.cache/ms-playwright/firefox-1495/firefox/firefox
    ╔═════════════════════════════════════════════════════════════════════════╗
    ║ Looks like Playwright Test or Playwright was just installed or updated. ║
    ║ Please run the following command to download new browsers:              ║
    ║                                                                         ║
    ║     npx playwright install                                              ║
    ║                                                                         ║
    ║ <3 Playwright Team                                                      ║
    ╚═════════════════════════════════════════════════════════════════════════╝

    attachment #1: trace (application/zip) ─────────────────────────────────────────────────────────
    ../../test-results/visual-regression-design-c-e6bd1-ve-consistent-input-styling-firefox/trace.zip
    Usage:

        npx playwright show-trace ../../test-results/visual-regression-design-c-e6bd1-ve-consistent-input-styling-firefox/trace.zip

    ────────────────────────────────────────────────────────────────────────────────────────────────
]]>
</failure>
<system-out>
<![CDATA[
[[ATTACHMENT|visual-regression-design-c-e6bd1-ve-consistent-input-styling-firefox/trace.zip]]
]]>
</system-out>
</testcase>
<testcase name="Component Consistency › Colors follow design system" classname="visual-regression/design-consistency.spec.ts" time="0.004">
<failure message="design-consistency.spec.ts:150:3 Colors follow design system" type="FAILURE">
<![CDATA[  [firefox] › visual-regression/design-consistency.spec.ts:150:3 › Component Consistency › Colors follow design system 

    Error: browserType.launch: Executable doesn't exist at /home/codespace/.cache/ms-playwright/firefox-1495/firefox/firefox
    ╔═════════════════════════════════════════════════════════════════════════╗
    ║ Looks like Playwright Test or Playwright was just installed or updated. ║
    ║ Please run the following command to download new browsers:              ║
    ║                                                                         ║
    ║     npx playwright install                                              ║
    ║                                                                         ║
    ║ <3 Playwright Team                                                      ║
    ╚═════════════════════════════════════════════════════════════════════════╝

    attachment #1: trace (application/zip) ─────────────────────────────────────────────────────────
    ../../test-results/visual-regression-design-c-ca12e-Colors-follow-design-system-firefox/trace.zip
    Usage:

        npx playwright show-trace ../../test-results/visual-regression-design-c-ca12e-Colors-follow-design-system-firefox/trace.zip

    ────────────────────────────────────────────────────────────────────────────────────────────────
]]>
</failure>
<system-out>
<![CDATA[
[[ATTACHMENT|visual-regression-design-c-ca12e-Colors-follow-design-system-firefox/trace.zip]]
]]>
</system-out>
</testcase>
<testcase name="Responsive Design Consistency › Mobile breakpoint applies correct styles" classname="visual-regression/design-consistency.spec.ts" time="0.004">
<failure message="design-consistency.spec.ts:171:3 Mobile breakpoint applies correct styles" type="FAILURE">
<![CDATA[  [firefox] › visual-regression/design-consistency.spec.ts:171:3 › Responsive Design Consistency › Mobile breakpoint applies correct styles 

    Error: browserType.launch: Executable doesn't exist at /home/codespace/.cache/ms-playwright/firefox-1495/firefox/firefox
    ╔═════════════════════════════════════════════════════════════════════════╗
    ║ Looks like Playwright Test or Playwright was just installed or updated. ║
    ║ Please run the following command to download new browsers:              ║
    ║                                                                         ║
    ║     npx playwright install                                              ║
    ║                                                                         ║
    ║ <3 Playwright Team                                                      ║
    ╚═════════════════════════════════════════════════════════════════════════╝

    attachment #1: trace (application/zip) ─────────────────────────────────────────────────────────
    ../../test-results/visual-regression-design-c-24055-oint-applies-correct-styles-firefox/trace.zip
    Usage:

        npx playwright show-trace ../../test-results/visual-regression-design-c-24055-oint-applies-correct-styles-firefox/trace.zip

    ────────────────────────────────────────────────────────────────────────────────────────────────
]]>
</failure>
<system-out>
<![CDATA[
[[ATTACHMENT|visual-regression-design-c-24055-oint-applies-correct-styles-firefox/trace.zip]]
]]>
</system-out>
</testcase>
<testcase name="Responsive Design Consistency › Desktop breakpoint applies correct styles" classname="visual-regression/design-consistency.spec.ts" time="0.004">
<failure message="design-consistency.spec.ts:185:3 Desktop breakpoint applies correct styles" type="FAILURE">
<![CDATA[  [firefox] › visual-regression/design-consistency.spec.ts:185:3 › Responsive Design Consistency › Desktop breakpoint applies correct styles 

    Error: browserType.launch: Executable doesn't exist at /home/codespace/.cache/ms-playwright/firefox-1495/firefox/firefox
    ╔═════════════════════════════════════════════════════════════════════════╗
    ║ Looks like Playwright Test or Playwright was just installed or updated. ║
    ║ Please run the following command to download new browsers:              ║
    ║                                                                         ║
    ║     npx playwright install                                              ║
    ║                                                                         ║
    ║ <3 Playwright Team                                                      ║
    ╚═════════════════════════════════════════════════════════════════════════╝

    attachment #1: trace (application/zip) ─────────────────────────────────────────────────────────
    ../../test-results/visual-regression-design-c-facf6-oint-applies-correct-styles-firefox/trace.zip
    Usage:

        npx playwright show-trace ../../test-results/visual-regression-design-c-facf6-oint-applies-correct-styles-firefox/trace.zip

    ────────────────────────────────────────────────────────────────────────────────────────────────
]]>
</failure>
<system-out>
<![CDATA[
[[ATTACHMENT|visual-regression-design-c-facf6-oint-applies-correct-styles-firefox/trace.zip]]
]]>
</system-out>
</testcase>
<testcase name="Responsive Design Consistency › Landscape orientation on mobile works correctly" classname="visual-regression/design-consistency.spec.ts" time="0.004">
<failure message="design-consistency.spec.ts:199:3 Landscape orientation on mobile works correctly" type="FAILURE">
<![CDATA[  [firefox] › visual-regression/design-consistency.spec.ts:199:3 › Responsive Design Consistency › Landscape orientation on mobile works correctly 

    Error: browserType.launch: Executable doesn't exist at /home/codespace/.cache/ms-playwright/firefox-1495/firefox/firefox
    ╔═════════════════════════════════════════════════════════════════════════╗
    ║ Looks like Playwright Test or Playwright was just installed or updated. ║
    ║ Please run the following command to download new browsers:              ║
    ║                                                                         ║
    ║     npx playwright install                                              ║
    ║                                                                         ║
    ║ <3 Playwright Team                                                      ║
    ╚═════════════════════════════════════════════════════════════════════════╝

    attachment #1: trace (application/zip) ─────────────────────────────────────────────────────────
    ../../test-results/visual-regression-design-c-adc76-n-on-mobile-works-correctly-firefox/trace.zip
    Usage:

        npx playwright show-trace ../../test-results/visual-regression-design-c-adc76-n-on-mobile-works-correctly-firefox/trace.zip

    ────────────────────────────────────────────────────────────────────────────────────────────────
]]>
</failure>
<system-out>
<![CDATA[
[[ATTACHMENT|visual-regression-design-c-adc76-n-on-mobile-works-correctly-firefox/trace.zip]]
]]>
</system-out>
</testcase>
<testcase name="Animation Consistency › Hover effects are consistent" classname="visual-regression/design-consistency.spec.ts" time="0.003">
<failure message="design-consistency.spec.ts:211:3 Hover effects are consistent" type="FAILURE">
<![CDATA[  [firefox] › visual-regression/design-consistency.spec.ts:211:3 › Animation Consistency › Hover effects are consistent 

    Error: browserType.launch: Executable doesn't exist at /home/codespace/.cache/ms-playwright/firefox-1495/firefox/firefox
    ╔═════════════════════════════════════════════════════════════════════════╗
    ║ Looks like Playwright Test or Playwright was just installed or updated. ║
    ║ Please run the following command to download new browsers:              ║
    ║                                                                         ║
    ║     npx playwright install                                              ║
    ║                                                                         ║
    ║ <3 Playwright Team                                                      ║
    ╚═════════════════════════════════════════════════════════════════════════╝

    attachment #1: trace (application/zip) ─────────────────────────────────────────────────────────
    ../../test-results/visual-regression-design-c-911c2-over-effects-are-consistent-firefox/trace.zip
    Usage:

        npx playwright show-trace ../../test-results/visual-regression-design-c-911c2-over-effects-are-consistent-firefox/trace.zip

    ────────────────────────────────────────────────────────────────────────────────────────────────
]]>
</failure>
<system-out>
<![CDATA[
[[ATTACHMENT|visual-regression-design-c-911c2-over-effects-are-consistent-firefox/trace.zip]]
]]>
</system-out>
</testcase>
<testcase name="Animation Consistency › Focus states are visible" classname="visual-regression/design-consistency.spec.ts" time="0.003">
<failure message="design-consistency.spec.ts:228:3 Focus states are visible" type="FAILURE">
<![CDATA[  [firefox] › visual-regression/design-consistency.spec.ts:228:3 › Animation Consistency › Focus states are visible 

    Error: browserType.launch: Executable doesn't exist at /home/codespace/.cache/ms-playwright/firefox-1495/firefox/firefox
    ╔═════════════════════════════════════════════════════════════════════════╗
    ║ Looks like Playwright Test or Playwright was just installed or updated. ║
    ║ Please run the following command to download new browsers:              ║
    ║                                                                         ║
    ║     npx playwright install                                              ║
    ║                                                                         ║
    ║ <3 Playwright Team                                                      ║
    ╚═════════════════════════════════════════════════════════════════════════╝

    attachment #1: trace (application/zip) ─────────────────────────────────────────────────────────
    ../../test-results/visual-regression-design-c-82925-cy-Focus-states-are-visible-firefox/trace.zip
    Usage:

        npx playwright show-trace ../../test-results/visual-regression-design-c-82925-cy-Focus-states-are-visible-firefox/trace.zip

    ────────────────────────────────────────────────────────────────────────────────────────────────
]]>
</failure>
<system-out>
<![CDATA[
[[ATTACHMENT|visual-regression-design-c-82925-cy-Focus-states-are-visible-firefox/trace.zip]]
]]>
</system-out>
</testcase>
</testsuite>
<testsuite name="visual-regression/design-consistency.spec.ts" timestamp="2025-10-27T02:13:43.818Z" hostname="webkit" tests="67" failures="67" skipped="0" time="0.288" errors="0">
<testcase name="Visual Regression - Design Consistency › mobile-small (375x667) › Biometric Enrollment - matches design baseline" classname="visual-regression/design-consistency.spec.ts" time="0.004">
<failure message="design-consistency.spec.ts:59:9 Biometric Enrollment - matches design baseline" type="FAILURE">
<![CDATA[  [webkit] › visual-regression/design-consistency.spec.ts:59:9 › Visual Regression - Design Consistency › mobile-small (375x667) › Biometric Enrollment - matches design baseline 

    Error: browserType.launch: Executable doesn't exist at /home/codespace/.cache/ms-playwright/webkit-2215/pw_run.sh
    ╔═════════════════════════════════════════════════════════════════════════╗
    ║ Looks like Playwright Test or Playwright was just installed or updated. ║
    ║ Please run the following command to download new browsers:              ║
    ║                                                                         ║
    ║     npx playwright install                                              ║
    ║                                                                         ║
    ║ <3 Playwright Team                                                      ║
    ╚═════════════════════════════════════════════════════════════════════════╝

    attachment #1: trace (application/zip) ─────────────────────────────────────────────────────────
    ../../test-results/visual-regression-design-c-2751f-t---matches-design-baseline-webkit/trace.zip
    Usage:

        npx playwright show-trace ../../test-results/visual-regression-design-c-2751f-t---matches-design-baseline-webkit/trace.zip

    ────────────────────────────────────────────────────────────────────────────────────────────────
]]>
</failure>
<system-out>
<![CDATA[
[[ATTACHMENT|visual-regression-design-c-2751f-t---matches-design-baseline-webkit/trace.zip]]
]]>
</system-out>
</testcase>
<testcase name="Visual Regression - Design Consistency › mobile-small (375x667) › Onboarding - matches design baseline" classname="visual-regression/design-consistency.spec.ts" time="0.004">
<failure message="design-consistency.spec.ts:59:9 Onboarding - matches design baseline" type="FAILURE">
<![CDATA[  [webkit] › visual-regression/design-consistency.spec.ts:59:9 › Visual Regression - Design Consistency › mobile-small (375x667) › Onboarding - matches design baseline 

    Error: browserType.launch: Executable doesn't exist at /home/codespace/.cache/ms-playwright/webkit-2215/pw_run.sh
    ╔═════════════════════════════════════════════════════════════════════════╗
    ║ Looks like Playwright Test or Playwright was just installed or updated. ║
    ║ Please run the following command to download new browsers:              ║
    ║                                                                         ║
    ║     npx playwright install                                              ║
    ║                                                                         ║
    ║ <3 Playwright Team                                                      ║
    ╚═════════════════════════════════════════════════════════════════════════╝

    attachment #1: trace (application/zip) ─────────────────────────────────────────────────────────
    ../../test-results/visual-regression-design-c-afc69-g---matches-design-baseline-webkit/trace.zip
    Usage:

        npx playwright show-trace ../../test-results/visual-regression-design-c-afc69-g---matches-design-baseline-webkit/trace.zip

    ────────────────────────────────────────────────────────────────────────────────────────────────
]]>
</failure>
<system-out>
<![CDATA[
[[ATTACHMENT|visual-regression-design-c-afc69-g---matches-design-baseline-webkit/trace.zip]]
]]>
</system-out>
</testcase>
<testcase name="Visual Regression - Design Consistency › mobile-small (375x667) › Create Password - matches design baseline" classname="visual-regression/design-consistency.spec.ts" time="0.004">
<failure message="design-consistency.spec.ts:59:9 Create Password - matches design baseline" type="FAILURE">
<![CDATA[  [webkit] › visual-regression/design-consistency.spec.ts:59:9 › Visual Regression - Design Consistency › mobile-small (375x667) › Create Password - matches design baseline 

    Error: browserType.launch: Executable doesn't exist at /home/codespace/.cache/ms-playwright/webkit-2215/pw_run.sh
    ╔═════════════════════════════════════════════════════════════════════════╗
    ║ Looks like Playwright Test or Playwright was just installed or updated. ║
    ║ Please run the following command to download new browsers:              ║
    ║                                                                         ║
    ║     npx playwright install                                              ║
    ║                                                                         ║
    ║ <3 Playwright Team                                                      ║
    ╚═════════════════════════════════════════════════════════════════════════╝

    attachment #1: trace (application/zip) ─────────────────────────────────────────────────────────
    ../../test-results/visual-regression-design-c-3e099-d---matches-design-baseline-webkit/trace.zip
    Usage:

        npx playwright show-trace ../../test-results/visual-regression-design-c-3e099-d---matches-design-baseline-webkit/trace.zip

    ────────────────────────────────────────────────────────────────────────────────────────────────
]]>
</failure>
<system-out>
<![CDATA[
[[ATTACHMENT|visual-regression-design-c-3e099-d---matches-design-baseline-webkit/trace.zip]]
]]>
</system-out>
</testcase>
<testcase name="Visual Regression - Design Consistency › mobile-small (375x667) › Setup Biometrics - matches design baseline" classname="visual-regression/design-consistency.spec.ts" time="0.004">
<failure message="design-consistency.spec.ts:59:9 Setup Biometrics - matches design baseline" type="FAILURE">
<![CDATA[  [webkit] › visual-regression/design-consistency.spec.ts:59:9 › Visual Regression - Design Consistency › mobile-small (375x667) › Setup Biometrics - matches design baseline 

    Error: browserType.launch: Executable doesn't exist at /home/codespace/.cache/ms-playwright/webkit-2215/pw_run.sh
    ╔═════════════════════════════════════════════════════════════════════════╗
    ║ Looks like Playwright Test or Playwright was just installed or updated. ║
    ║ Please run the following command to download new browsers:              ║
    ║                                                                         ║
    ║     npx playwright install                                              ║
    ║                                                                         ║
    ║ <3 Playwright Team                                                      ║
    ╚═════════════════════════════════════════════════════════════════════════╝

    attachment #1: trace (application/zip) ─────────────────────────────────────────────────────────
    ../../test-results/visual-regression-design-c-eec72-s---matches-design-baseline-webkit/trace.zip
    Usage:

        npx playwright show-trace ../../test-results/visual-regression-design-c-eec72-s---matches-design-baseline-webkit/trace.zip

    ────────────────────────────────────────────────────────────────────────────────────────────────
]]>
</failure>
<system-out>
<![CDATA[
[[ATTACHMENT|visual-regression-design-c-eec72-s---matches-design-baseline-webkit/trace.zip]]
]]>
</system-out>
</testcase>
<testcase name="Visual Regression - Design Consistency › mobile-small (375x667) › Generate Seed Phrase - matches design baseline" classname="visual-regression/design-consistency.spec.ts" time="0.004">
<failure message="design-consistency.spec.ts:59:9 Generate Seed Phrase - matches design baseline" type="FAILURE">
<![CDATA[  [webkit] › visual-regression/design-consistency.spec.ts:59:9 › Visual Regression - Design Consistency › mobile-small (375x667) › Generate Seed Phrase - matches design baseline 

    Error: browserType.launch: Executable doesn't exist at /home/codespace/.cache/ms-playwright/webkit-2215/pw_run.sh
    ╔═════════════════════════════════════════════════════════════════════════╗
    ║ Looks like Playwright Test or Playwright was just installed or updated. ║
    ║ Please run the following command to download new browsers:              ║
    ║                                                                         ║
    ║     npx playwright install                                              ║
    ║                                                                         ║
    ║ <3 Playwright Team                                                      ║
    ╚═════════════════════════════════════════════════════════════════════════╝

    attachment #1: trace (application/zip) ─────────────────────────────────────────────────────────
    ../../test-results/visual-regression-design-c-c1a7d-e---matches-design-baseline-webkit/trace.zip
    Usage:

        npx playwright show-trace ../../test-results/visual-regression-design-c-c1a7d-e---matches-design-baseline-webkit/trace.zip

    ────────────────────────────────────────────────────────────────────────────────────────────────
]]>
</failure>
<system-out>
<![CDATA[
[[ATTACHMENT|visual-regression-design-c-c1a7d-e---matches-design-baseline-webkit/trace.zip]]
]]>
</system-out>
</testcase>
<testcase name="Visual Regression - Design Consistency › mobile-small (375x667) › Verify Seed Phrase - matches design baseline" classname="visual-regression/design-consistency.spec.ts" time="0.004">
<failure message="design-consistency.spec.ts:59:9 Verify Seed Phrase - matches design baseline" type="FAILURE">
<![CDATA[  [webkit] › visual-regression/design-consistency.spec.ts:59:9 › Visual Regression - Design Consistency › mobile-small (375x667) › Verify Seed Phrase - matches design baseline 

    Error: browserType.launch: Executable doesn't exist at /home/codespace/.cache/ms-playwright/webkit-2215/pw_run.sh
    ╔═════════════════════════════════════════════════════════════════════════╗
    ║ Looks like Playwright Test or Playwright was just installed or updated. ║
    ║ Please run the following command to download new browsers:              ║
    ║                                                                         ║
    ║     npx playwright install                                              ║
    ║                                                                         ║
    ║ <3 Playwright Team                                                      ║
    ╚═════════════════════════════════════════════════════════════════════════╝

    attachment #1: trace (application/zip) ─────────────────────────────────────────────────────────
    ../../test-results/visual-regression-design-c-a97b6-e---matches-design-baseline-webkit/trace.zip
    Usage:

        npx playwright show-trace ../../test-results/visual-regression-design-c-a97b6-e---matches-design-baseline-webkit/trace.zip

    ────────────────────────────────────────────────────────────────────────────────────────────────
]]>
</failure>
<system-out>
<![CDATA[
[[ATTACHMENT|visual-regression-design-c-a97b6-e---matches-design-baseline-webkit/trace.zip]]
]]>
</system-out>
</testcase>
<testcase name="Visual Regression - Design Consistency › mobile-small (375x667) › Set Passcode - matches design baseline" classname="visual-regression/design-consistency.spec.ts" time="0.005">
<failure message="design-consistency.spec.ts:59:9 Set Passcode - matches design baseline" type="FAILURE">
<![CDATA[  [webkit] › visual-regression/design-consistency.spec.ts:59:9 › Visual Regression - Design Consistency › mobile-small (375x667) › Set Passcode - matches design baseline 

    Error: browserType.launch: Executable doesn't exist at /home/codespace/.cache/ms-playwright/webkit-2215/pw_run.sh
    ╔═════════════════════════════════════════════════════════════════════════╗
    ║ Looks like Playwright Test or Playwright was just installed or updated. ║
    ║ Please run the following command to download new browsers:              ║
    ║                                                                         ║
    ║     npx playwright install                                              ║
    ║                                                                         ║
    ║ <3 Playwright Team                                                      ║
    ╚═════════════════════════════════════════════════════════════════════════╝

    attachment #1: trace (application/zip) ─────────────────────────────────────────────────────────
    ../../test-results/visual-regression-design-c-1d784-e---matches-design-baseline-webkit/trace.zip
    Usage:

        npx playwright show-trace ../../test-results/visual-regression-design-c-1d784-e---matches-design-baseline-webkit/trace.zip

    ────────────────────────────────────────────────────────────────────────────────────────────────
]]>
</failure>
<system-out>
<![CDATA[
[[ATTACHMENT|visual-regression-design-c-1d784-e---matches-design-baseline-webkit/trace.zip]]
]]>
</system-out>
</testcase>
<testcase name="Visual Regression - Design Consistency › mobile-small (375x667) › Lock Page - matches design baseline" classname="visual-regression/design-consistency.spec.ts" time="0.004">
<failure message="design-consistency.spec.ts:59:9 Lock Page - matches design baseline" type="FAILURE">
<![CDATA[  [webkit] › visual-regression/design-consistency.spec.ts:59:9 › Visual Regression - Design Consistency › mobile-small (375x667) › Lock Page - matches design baseline 

    Error: browserType.launch: Executable doesn't exist at /home/codespace/.cache/ms-playwright/webkit-2215/pw_run.sh
    ╔═════════════════════════════════════════════════════════════════════════╗
    ║ Looks like Playwright Test or Playwright was just installed or updated. ║
    ║ Please run the following command to download new browsers:              ║
    ║                                                                         ║
    ║     npx playwright install                                              ║
    ║                                                                         ║
    ║ <3 Playwright Team                                                      ║
    ╚═════════════════════════════════════════════════════════════════════════╝

    attachment #1: trace (application/zip) ─────────────────────────────────────────────────────────
    ../../test-results/visual-regression-design-c-3a010-e---matches-design-baseline-webkit/trace.zip
    Usage:

        npx playwright show-trace ../../test-results/visual-regression-design-c-3a010-e---matches-design-baseline-webkit/trace.zip

    ────────────────────────────────────────────────────────────────────────────────────────────────
]]>
</failure>
<system-out>
<![CDATA[
[[ATTACHMENT|visual-regression-design-c-3a010-e---matches-design-baseline-webkit/trace.zip]]
]]>
</system-out>
</testcase>
<testcase name="Visual Regression - Design Consistency › mobile-small (375x667) › Credentials - matches design baseline" classname="visual-regression/design-consistency.spec.ts" time="0.004">
<failure message="design-consistency.spec.ts:59:9 Credentials - matches design baseline" type="FAILURE">
<![CDATA[  [webkit] › visual-regression/design-consistency.spec.ts:59:9 › Visual Regression - Design Consistency › mobile-small (375x667) › Credentials - matches design baseline 

    Error: browserType.launch: Executable doesn't exist at /home/codespace/.cache/ms-playwright/webkit-2215/pw_run.sh
    ╔═════════════════════════════════════════════════════════════════════════╗
    ║ Looks like Playwright Test or Playwright was just installed or updated. ║
    ║ Please run the following command to download new browsers:              ║
    ║                                                                         ║
    ║     npx playwright install                                              ║
    ║                                                                         ║
    ║ <3 Playwright Team                                                      ║
    ╚═════════════════════════════════════════════════════════════════════════╝

    attachment #1: trace (application/zip) ─────────────────────────────────────────────────────────
    ../../test-results/visual-regression-design-c-eb966-s---matches-design-baseline-webkit/trace.zip
    Usage:

        npx playwright show-trace ../../test-results/visual-regression-design-c-eb966-s---matches-design-baseline-webkit/trace.zip

    ────────────────────────────────────────────────────────────────────────────────────────────────
]]>
</failure>
<system-out>
<![CDATA[
[[ATTACHMENT|visual-regression-design-c-eb966-s---matches-design-baseline-webkit/trace.zip]]
]]>
</system-out>
</testcase>
<testcase name="Visual Regression - Design Consistency › mobile-small (375x667) › Identifiers - matches design baseline" classname="visual-regression/design-consistency.spec.ts" time="0.004">
<failure message="design-consistency.spec.ts:59:9 Identifiers - matches design baseline" type="FAILURE">
<![CDATA[  [webkit] › visual-regression/design-consistency.spec.ts:59:9 › Visual Regression - Design Consistency › mobile-small (375x667) › Identifiers - matches design baseline 

    Error: browserType.launch: Executable doesn't exist at /home/codespace/.cache/ms-playwright/webkit-2215/pw_run.sh
    ╔═════════════════════════════════════════════════════════════════════════╗
    ║ Looks like Playwright Test or Playwright was just installed or updated. ║
    ║ Please run the following command to download new browsers:              ║
    ║                                                                         ║
    ║     npx playwright install                                              ║
    ║                                                                         ║
    ║ <3 Playwright Team                                                      ║
    ╚═════════════════════════════════════════════════════════════════════════╝

    attachment #1: trace (application/zip) ─────────────────────────────────────────────────────────
    ../../test-results/visual-regression-design-c-eb810-s---matches-design-baseline-webkit/trace.zip
    Usage:

        npx playwright show-trace ../../test-results/visual-regression-design-c-eb810-s---matches-design-baseline-webkit/trace.zip

    ────────────────────────────────────────────────────────────────────────────────────────────────
]]>
</failure>
<system-out>
<![CDATA[
[[ATTACHMENT|visual-regression-design-c-eb810-s---matches-design-baseline-webkit/trace.zip]]
]]>
</system-out>
</testcase>
<testcase name="Visual Regression - Design Consistency › mobile-small (375x667) › Connections - matches design baseline" classname="visual-regression/design-consistency.spec.ts" time="0.004">
<failure message="design-consistency.spec.ts:59:9 Connections - matches design baseline" type="FAILURE">
<![CDATA[  [webkit] › visual-regression/design-consistency.spec.ts:59:9 › Visual Regression - Design Consistency › mobile-small (375x667) › Connections - matches design baseline 

    Error: browserType.launch: Executable doesn't exist at /home/codespace/.cache/ms-playwright/webkit-2215/pw_run.sh
    ╔═════════════════════════════════════════════════════════════════════════╗
    ║ Looks like Playwright Test or Playwright was just installed or updated. ║
    ║ Please run the following command to download new browsers:              ║
    ║                                                                         ║
    ║     npx playwright install                                              ║
    ║                                                                         ║
    ║ <3 Playwright Team                                                      ║
    ╚═════════════════════════════════════════════════════════════════════════╝

    attachment #1: trace (application/zip) ─────────────────────────────────────────────────────────
    ../../test-results/visual-regression-design-c-47ea2-s---matches-design-baseline-webkit/trace.zip
    Usage:

        npx playwright show-trace ../../test-results/visual-regression-design-c-47ea2-s---matches-design-baseline-webkit/trace.zip

    ────────────────────────────────────────────────────────────────────────────────────────────────
]]>
</failure>
<system-out>
<![CDATA[
[[ATTACHMENT|visual-regression-design-c-47ea2-s---matches-design-baseline-webkit/trace.zip]]
]]>
</system-out>
</testcase>
<testcase name="Visual Regression - Design Consistency › mobile-small (375x667) › Notifications - matches design baseline" classname="visual-regression/design-consistency.spec.ts" time="0.01">
<failure message="design-consistency.spec.ts:59:9 Notifications - matches design baseline" type="FAILURE">
<![CDATA[  [webkit] › visual-regression/design-consistency.spec.ts:59:9 › Visual Regression - Design Consistency › mobile-small (375x667) › Notifications - matches design baseline 

    Error: browserType.launch: Executable doesn't exist at /home/codespace/.cache/ms-playwright/webkit-2215/pw_run.sh
    ╔═════════════════════════════════════════════════════════════════════════╗
    ║ Looks like Playwright Test or Playwright was just installed or updated. ║
    ║ Please run the following command to download new browsers:              ║
    ║                                                                         ║
    ║     npx playwright install                                              ║
    ║                                                                         ║
    ║ <3 Playwright Team                                                      ║
    ╚═════════════════════════════════════════════════════════════════════════╝

    attachment #1: trace (application/zip) ─────────────────────────────────────────────────────────
    ../../test-results/visual-regression-design-c-95a73-s---matches-design-baseline-webkit/trace.zip
    Usage:

        npx playwright show-trace ../../test-results/visual-regression-design-c-95a73-s---matches-design-baseline-webkit/trace.zip

    ────────────────────────────────────────────────────────────────────────────────────────────────
]]>
</failure>
<system-out>
<![CDATA[
[[ATTACHMENT|visual-regression-design-c-95a73-s---matches-design-baseline-webkit/trace.zip]]
]]>
</system-out>
</testcase>
<testcase name="Visual Regression - Design Consistency › mobile-small (375x667) › Menu - matches design baseline" classname="visual-regression/design-consistency.spec.ts" time="0.01">
<failure message="design-consistency.spec.ts:59:9 Menu - matches design baseline" type="FAILURE">
<![CDATA[  [webkit] › visual-regression/design-consistency.spec.ts:59:9 › Visual Regression - Design Consistency › mobile-small (375x667) › Menu - matches design baseline 

    Error: browserType.launch: Executable doesn't exist at /home/codespace/.cache/ms-playwright/webkit-2215/pw_run.sh
    ╔═════════════════════════════════════════════════════════════════════════╗
    ║ Looks like Playwright Test or Playwright was just installed or updated. ║
    ║ Please run the following command to download new browsers:              ║
    ║                                                                         ║
    ║     npx playwright install                                              ║
    ║                                                                         ║
    ║ <3 Playwright Team                                                      ║
    ╚═════════════════════════════════════════════════════════════════════════╝

    attachment #1: trace (application/zip) ─────────────────────────────────────────────────────────
    ../../test-results/visual-regression-design-c-67878-u---matches-design-baseline-webkit/trace.zip
    Usage:

        npx playwright show-trace ../../test-results/visual-regression-design-c-67878-u---matches-design-baseline-webkit/trace.zip

    ────────────────────────────────────────────────────────────────────────────────────────────────
]]>
</failure>
<system-out>
<![CDATA[
[[ATTACHMENT|visual-regression-design-c-67878-u---matches-design-baseline-webkit/trace.zip]]
]]>
</system-out>
</testcase>
<testcase name="Visual Regression - Design Consistency › mobile-small (375x667) › Scan - matches design baseline" classname="visual-regression/design-consistency.spec.ts" time="0.004">
<failure message="design-consistency.spec.ts:59:9 Scan - matches design baseline" type="FAILURE">
<![CDATA[  [webkit] › visual-regression/design-consistency.spec.ts:59:9 › Visual Regression - Design Consistency › mobile-small (375x667) › Scan - matches design baseline 

    Error: browserType.launch: Executable doesn't exist at /home/codespace/.cache/ms-playwright/webkit-2215/pw_run.sh
    ╔═════════════════════════════════════════════════════════════════════════╗
    ║ Looks like Playwright Test or Playwright was just installed or updated. ║
    ║ Please run the following command to download new browsers:              ║
    ║                                                                         ║
    ║     npx playwright install                                              ║
    ║                                                                         ║
    ║ <3 Playwright Team                                                      ║
    ╚═════════════════════════════════════════════════════════════════════════╝

    attachment #1: trace (application/zip) ─────────────────────────────────────────────────────────
    ../../test-results/visual-regression-design-c-eed57-n---matches-design-baseline-webkit/trace.zip
    Usage:

        npx playwright show-trace ../../test-results/visual-regression-design-c-eed57-n---matches-design-baseline-webkit/trace.zip

    ────────────────────────────────────────────────────────────────────────────────────────────────
]]>
</failure>
<system-out>
<![CDATA[
[[ATTACHMENT|visual-regression-design-c-eed57-n---matches-design-baseline-webkit/trace.zip]]
]]>
</system-out>
</testcase>
<testcase name="Visual Regression - Design Consistency › mobile-medium (393x852) › Biometric Enrollment - matches design baseline" classname="visual-regression/design-consistency.spec.ts" time="0.004">
<failure message="design-consistency.spec.ts:59:9 Biometric Enrollment - matches design baseline" type="FAILURE">
<![CDATA[  [webkit] › visual-regression/design-consistency.spec.ts:59:9 › Visual Regression - Design Consistency › mobile-medium (393x852) › Biometric Enrollment - matches design baseline 

    Error: browserType.launch: Executable doesn't exist at /home/codespace/.cache/ms-playwright/webkit-2215/pw_run.sh
    ╔═════════════════════════════════════════════════════════════════════════╗
    ║ Looks like Playwright Test or Playwright was just installed or updated. ║
    ║ Please run the following command to download new browsers:              ║
    ║                                                                         ║
    ║     npx playwright install                                              ║
    ║                                                                         ║
    ║ <3 Playwright Team                                                      ║
    ╚═════════════════════════════════════════════════════════════════════════╝

    attachment #1: trace (application/zip) ─────────────────────────────────────────────────────────
    ../../test-results/visual-regression-design-c-88073-t---matches-design-baseline-webkit/trace.zip
    Usage:

        npx playwright show-trace ../../test-results/visual-regression-design-c-88073-t---matches-design-baseline-webkit/trace.zip

    ────────────────────────────────────────────────────────────────────────────────────────────────
]]>
</failure>
<system-out>
<![CDATA[
[[ATTACHMENT|visual-regression-design-c-88073-t---matches-design-baseline-webkit/trace.zip]]
]]>
</system-out>
</testcase>
<testcase name="Visual Regression - Design Consistency › mobile-medium (393x852) › Onboarding - matches design baseline" classname="visual-regression/design-consistency.spec.ts" time="0.004">
<failure message="design-consistency.spec.ts:59:9 Onboarding - matches design baseline" type="FAILURE">
<![CDATA[  [webkit] › visual-regression/design-consistency.spec.ts:59:9 › Visual Regression - Design Consistency › mobile-medium (393x852) › Onboarding - matches design baseline 

    Error: browserType.launch: Executable doesn't exist at /home/codespace/.cache/ms-playwright/webkit-2215/pw_run.sh
    ╔═════════════════════════════════════════════════════════════════════════╗
    ║ Looks like Playwright Test or Playwright was just installed or updated. ║
    ║ Please run the following command to download new browsers:              ║
    ║                                                                         ║
    ║     npx playwright install                                              ║
    ║                                                                         ║
    ║ <3 Playwright Team                                                      ║
    ╚═════════════════════════════════════════════════════════════════════════╝

    attachment #1: trace (application/zip) ─────────────────────────────────────────────────────────
    ../../test-results/visual-regression-design-c-5f6de-g---matches-design-baseline-webkit/trace.zip
    Usage:

        npx playwright show-trace ../../test-results/visual-regression-design-c-5f6de-g---matches-design-baseline-webkit/trace.zip

    ────────────────────────────────────────────────────────────────────────────────────────────────
]]>
</failure>
<system-out>
<![CDATA[
[[ATTACHMENT|visual-regression-design-c-5f6de-g---matches-design-baseline-webkit/trace.zip]]
]]>
</system-out>
</testcase>
<testcase name="Visual Regression - Design Consistency › mobile-medium (393x852) › Create Password - matches design baseline" classname="visual-regression/design-consistency.spec.ts" time="0.004">
<failure message="design-consistency.spec.ts:59:9 Create Password - matches design baseline" type="FAILURE">
<![CDATA[  [webkit] › visual-regression/design-consistency.spec.ts:59:9 › Visual Regression - Design Consistency › mobile-medium (393x852) › Create Password - matches design baseline 

    Error: browserType.launch: Executable doesn't exist at /home/codespace/.cache/ms-playwright/webkit-2215/pw_run.sh
    ╔═════════════════════════════════════════════════════════════════════════╗
    ║ Looks like Playwright Test or Playwright was just installed or updated. ║
    ║ Please run the following command to download new browsers:              ║
    ║                                                                         ║
    ║     npx playwright install                                              ║
    ║                                                                         ║
    ║ <3 Playwright Team                                                      ║
    ╚═════════════════════════════════════════════════════════════════════════╝

    attachment #1: trace (application/zip) ─────────────────────────────────────────────────────────
    ../../test-results/visual-regression-design-c-e7d2d-d---matches-design-baseline-webkit/trace.zip
    Usage:

        npx playwright show-trace ../../test-results/visual-regression-design-c-e7d2d-d---matches-design-baseline-webkit/trace.zip

    ────────────────────────────────────────────────────────────────────────────────────────────────
]]>
</failure>
<system-out>
<![CDATA[
[[ATTACHMENT|visual-regression-design-c-e7d2d-d---matches-design-baseline-webkit/trace.zip]]
]]>
</system-out>
</testcase>
<testcase name="Visual Regression - Design Consistency › mobile-medium (393x852) › Setup Biometrics - matches design baseline" classname="visual-regression/design-consistency.spec.ts" time="0.004">
<failure message="design-consistency.spec.ts:59:9 Setup Biometrics - matches design baseline" type="FAILURE">
<![CDATA[  [webkit] › visual-regression/design-consistency.spec.ts:59:9 › Visual Regression - Design Consistency › mobile-medium (393x852) › Setup Biometrics - matches design baseline 

    Error: browserType.launch: Executable doesn't exist at /home/codespace/.cache/ms-playwright/webkit-2215/pw_run.sh
    ╔═════════════════════════════════════════════════════════════════════════╗
    ║ Looks like Playwright Test or Playwright was just installed or updated. ║
    ║ Please run the following command to download new browsers:              ║
    ║                                                                         ║
    ║     npx playwright install                                              ║
    ║                                                                         ║
    ║ <3 Playwright Team                                                      ║
    ╚═════════════════════════════════════════════════════════════════════════╝

    attachment #1: trace (application/zip) ─────────────────────────────────────────────────────────
    ../../test-results/visual-regression-design-c-d4b30-s---matches-design-baseline-webkit/trace.zip
    Usage:

        npx playwright show-trace ../../test-results/visual-regression-design-c-d4b30-s---matches-design-baseline-webkit/trace.zip

    ────────────────────────────────────────────────────────────────────────────────────────────────
]]>
</failure>
<system-out>
<![CDATA[
[[ATTACHMENT|visual-regression-design-c-d4b30-s---matches-design-baseline-webkit/trace.zip]]
]]>
</system-out>
</testcase>
<testcase name="Visual Regression - Design Consistency › mobile-medium (393x852) › Generate Seed Phrase - matches design baseline" classname="visual-regression/design-consistency.spec.ts" time="0.004">
<failure message="design-consistency.spec.ts:59:9 Generate Seed Phrase - matches design baseline" type="FAILURE">
<![CDATA[  [webkit] › visual-regression/design-consistency.spec.ts:59:9 › Visual Regression - Design Consistency › mobile-medium (393x852) › Generate Seed Phrase - matches design baseline 

    Error: browserType.launch: Executable doesn't exist at /home/codespace/.cache/ms-playwright/webkit-2215/pw_run.sh
    ╔═════════════════════════════════════════════════════════════════════════╗
    ║ Looks like Playwright Test or Playwright was just installed or updated. ║
    ║ Please run the following command to download new browsers:              ║
    ║                                                                         ║
    ║     npx playwright install                                              ║
    ║                                                                         ║
    ║ <3 Playwright Team                                                      ║
    ╚═════════════════════════════════════════════════════════════════════════╝

    attachment #1: trace (application/zip) ─────────────────────────────────────────────────────────
    ../../test-results/visual-regression-design-c-7f4d1-e---matches-design-baseline-webkit/trace.zip
    Usage:

        npx playwright show-trace ../../test-results/visual-regression-design-c-7f4d1-e---matches-design-baseline-webkit/trace.zip

    ────────────────────────────────────────────────────────────────────────────────────────────────
]]>
</failure>
<system-out>
<![CDATA[
[[ATTACHMENT|visual-regression-design-c-7f4d1-e---matches-design-baseline-webkit/trace.zip]]
]]>
</system-out>
</testcase>
<testcase name="Visual Regression - Design Consistency › mobile-medium (393x852) › Verify Seed Phrase - matches design baseline" classname="visual-regression/design-consistency.spec.ts" time="0.004">
<failure message="design-consistency.spec.ts:59:9 Verify Seed Phrase - matches design baseline" type="FAILURE">
<![CDATA[  [webkit] › visual-regression/design-consistency.spec.ts:59:9 › Visual Regression - Design Consistency › mobile-medium (393x852) › Verify Seed Phrase - matches design baseline 

    Error: browserType.launch: Executable doesn't exist at /home/codespace/.cache/ms-playwright/webkit-2215/pw_run.sh
    ╔═════════════════════════════════════════════════════════════════════════╗
    ║ Looks like Playwright Test or Playwright was just installed or updated. ║
    ║ Please run the following command to download new browsers:              ║
    ║                                                                         ║
    ║     npx playwright install                                              ║
    ║                                                                         ║
    ║ <3 Playwright Team                                                      ║
    ╚═════════════════════════════════════════════════════════════════════════╝

    attachment #1: trace (application/zip) ─────────────────────────────────────────────────────────
    ../../test-results/visual-regression-design-c-82e95-e---matches-design-baseline-webkit/trace.zip
    Usage:

        npx playwright show-trace ../../test-results/visual-regression-design-c-82e95-e---matches-design-baseline-webkit/trace.zip

    ────────────────────────────────────────────────────────────────────────────────────────────────
]]>
</failure>
<system-out>
<![CDATA[
[[ATTACHMENT|visual-regression-design-c-82e95-e---matches-design-baseline-webkit/trace.zip]]
]]>
</system-out>
</testcase>
<testcase name="Visual Regression - Design Consistency › mobile-medium (393x852) › Set Passcode - matches design baseline" classname="visual-regression/design-consistency.spec.ts" time="0.004">
<failure message="design-consistency.spec.ts:59:9 Set Passcode - matches design baseline" type="FAILURE">
<![CDATA[  [webkit] › visual-regression/design-consistency.spec.ts:59:9 › Visual Regression - Design Consistency › mobile-medium (393x852) › Set Passcode - matches design baseline 

    Error: browserType.launch: Executable doesn't exist at /home/codespace/.cache/ms-playwright/webkit-2215/pw_run.sh
    ╔═════════════════════════════════════════════════════════════════════════╗
    ║ Looks like Playwright Test or Playwright was just installed or updated. ║
    ║ Please run the following command to download new browsers:              ║
    ║                                                                         ║
    ║     npx playwright install                                              ║
    ║                                                                         ║
    ║ <3 Playwright Team                                                      ║
    ╚═════════════════════════════════════════════════════════════════════════╝

    attachment #1: trace (application/zip) ─────────────────────────────────────────────────────────
    ../../test-results/visual-regression-design-c-2d4c3-e---matches-design-baseline-webkit/trace.zip
    Usage:

        npx playwright show-trace ../../test-results/visual-regression-design-c-2d4c3-e---matches-design-baseline-webkit/trace.zip

    ────────────────────────────────────────────────────────────────────────────────────────────────
]]>
</failure>
<system-out>
<![CDATA[
[[ATTACHMENT|visual-regression-design-c-2d4c3-e---matches-design-baseline-webkit/trace.zip]]
]]>
</system-out>
</testcase>
<testcase name="Visual Regression - Design Consistency › mobile-medium (393x852) › Lock Page - matches design baseline" classname="visual-regression/design-consistency.spec.ts" time="0.004">
<failure message="design-consistency.spec.ts:59:9 Lock Page - matches design baseline" type="FAILURE">
<![CDATA[  [webkit] › visual-regression/design-consistency.spec.ts:59:9 › Visual Regression - Design Consistency › mobile-medium (393x852) › Lock Page - matches design baseline 

    Error: browserType.launch: Executable doesn't exist at /home/codespace/.cache/ms-playwright/webkit-2215/pw_run.sh
    ╔═════════════════════════════════════════════════════════════════════════╗
    ║ Looks like Playwright Test or Playwright was just installed or updated. ║
    ║ Please run the following command to download new browsers:              ║
    ║                                                                         ║
    ║     npx playwright install                                              ║
    ║                                                                         ║
    ║ <3 Playwright Team                                                      ║
    ╚═════════════════════════════════════════════════════════════════════════╝

    attachment #1: trace (application/zip) ─────────────────────────────────────────────────────────
    ../../test-results/visual-regression-design-c-5d0d4-e---matches-design-baseline-webkit/trace.zip
    Usage:

        npx playwright show-trace ../../test-results/visual-regression-design-c-5d0d4-e---matches-design-baseline-webkit/trace.zip

    ────────────────────────────────────────────────────────────────────────────────────────────────
]]>
</failure>
<system-out>
<![CDATA[
[[ATTACHMENT|visual-regression-design-c-5d0d4-e---matches-design-baseline-webkit/trace.zip]]
]]>
</system-out>
</testcase>
<testcase name="Visual Regression - Design Consistency › mobile-medium (393x852) › Credentials - matches design baseline" classname="visual-regression/design-consistency.spec.ts" time="0.005">
<failure message="design-consistency.spec.ts:59:9 Credentials - matches design baseline" type="FAILURE">
<![CDATA[  [webkit] › visual-regression/design-consistency.spec.ts:59:9 › Visual Regression - Design Consistency › mobile-medium (393x852) › Credentials - matches design baseline 

    Error: browserType.launch: Executable doesn't exist at /home/codespace/.cache/ms-playwright/webkit-2215/pw_run.sh
    ╔═════════════════════════════════════════════════════════════════════════╗
    ║ Looks like Playwright Test or Playwright was just installed or updated. ║
    ║ Please run the following command to download new browsers:              ║
    ║                                                                         ║
    ║     npx playwright install                                              ║
    ║                                                                         ║
    ║ <3 Playwright Team                                                      ║
    ╚═════════════════════════════════════════════════════════════════════════╝

    attachment #1: trace (application/zip) ─────────────────────────────────────────────────────────
    ../../test-results/visual-regression-design-c-a585d-s---matches-design-baseline-webkit/trace.zip
    Usage:

        npx playwright show-trace ../../test-results/visual-regression-design-c-a585d-s---matches-design-baseline-webkit/trace.zip

    ────────────────────────────────────────────────────────────────────────────────────────────────
]]>
</failure>
<system-out>
<![CDATA[
[[ATTACHMENT|visual-regression-design-c-a585d-s---matches-design-baseline-webkit/trace.zip]]
]]>
</system-out>
</testcase>
<testcase name="Visual Regression - Design Consistency › mobile-medium (393x852) › Identifiers - matches design baseline" classname="visual-regression/design-consistency.spec.ts" time="0.005">
<failure message="design-consistency.spec.ts:59:9 Identifiers - matches design baseline" type="FAILURE">
<![CDATA[  [webkit] › visual-regression/design-consistency.spec.ts:59:9 › Visual Regression - Design Consistency › mobile-medium (393x852) › Identifiers - matches design baseline 

    Error: browserType.launch: Executable doesn't exist at /home/codespace/.cache/ms-playwright/webkit-2215/pw_run.sh
    ╔═════════════════════════════════════════════════════════════════════════╗
    ║ Looks like Playwright Test or Playwright was just installed or updated. ║
    ║ Please run the following command to download new browsers:              ║
    ║                                                                         ║
    ║     npx playwright install                                              ║
    ║                                                                         ║
    ║ <3 Playwright Team                                                      ║
    ╚═════════════════════════════════════════════════════════════════════════╝

    attachment #1: trace (application/zip) ─────────────────────────────────────────────────────────
    ../../test-results/visual-regression-design-c-16296-s---matches-design-baseline-webkit/trace.zip
    Usage:

        npx playwright show-trace ../../test-results/visual-regression-design-c-16296-s---matches-design-baseline-webkit/trace.zip

    ────────────────────────────────────────────────────────────────────────────────────────────────
]]>
</failure>
<system-out>
<![CDATA[
[[ATTACHMENT|visual-regression-design-c-16296-s---matches-design-baseline-webkit/trace.zip]]
]]>
</system-out>
</testcase>
<testcase name="Visual Regression - Design Consistency › mobile-medium (393x852) › Connections - matches design baseline" classname="visual-regression/design-consistency.spec.ts" time="0.004">
<failure message="design-consistency.spec.ts:59:9 Connections - matches design baseline" type="FAILURE">
<![CDATA[  [webkit] › visual-regression/design-consistency.spec.ts:59:9 › Visual Regression - Design Consistency › mobile-medium (393x852) › Connections - matches design baseline 

    Error: browserType.launch: Executable doesn't exist at /home/codespace/.cache/ms-playwright/webkit-2215/pw_run.sh
    ╔═════════════════════════════════════════════════════════════════════════╗
    ║ Looks like Playwright Test or Playwright was just installed or updated. ║
    ║ Please run the following command to download new browsers:              ║
    ║                                                                         ║
    ║     npx playwright install                                              ║
    ║                                                                         ║
    ║ <3 Playwright Team                                                      ║
    ╚═════════════════════════════════════════════════════════════════════════╝

    attachment #1: trace (application/zip) ─────────────────────────────────────────────────────────
    ../../test-results/visual-regression-design-c-70215-s---matches-design-baseline-webkit/trace.zip
    Usage:

        npx playwright show-trace ../../test-results/visual-regression-design-c-70215-s---matches-design-baseline-webkit/trace.zip

    ────────────────────────────────────────────────────────────────────────────────────────────────
]]>
</failure>
<system-out>
<![CDATA[
[[ATTACHMENT|visual-regression-design-c-70215-s---matches-design-baseline-webkit/trace.zip]]
]]>
</system-out>
</testcase>
<testcase name="Visual Regression - Design Consistency › mobile-medium (393x852) › Notifications - matches design baseline" classname="visual-regression/design-consistency.spec.ts" time="0.004">
<failure message="design-consistency.spec.ts:59:9 Notifications - matches design baseline" type="FAILURE">
<![CDATA[  [webkit] › visual-regression/design-consistency.spec.ts:59:9 › Visual Regression - Design Consistency › mobile-medium (393x852) › Notifications - matches design baseline 

    Error: browserType.launch: Executable doesn't exist at /home/codespace/.cache/ms-playwright/webkit-2215/pw_run.sh
    ╔═════════════════════════════════════════════════════════════════════════╗
    ║ Looks like Playwright Test or Playwright was just installed or updated. ║
    ║ Please run the following command to download new browsers:              ║
    ║                                                                         ║
    ║     npx playwright install                                              ║
    ║                                                                         ║
    ║ <3 Playwright Team                                                      ║
    ╚═════════════════════════════════════════════════════════════════════════╝

    attachment #1: trace (application/zip) ─────────────────────────────────────────────────────────
    ../../test-results/visual-regression-design-c-e3487-s---matches-design-baseline-webkit/trace.zip
    Usage:

        npx playwright show-trace ../../test-results/visual-regression-design-c-e3487-s---matches-design-baseline-webkit/trace.zip

    ────────────────────────────────────────────────────────────────────────────────────────────────
]]>
</failure>
<system-out>
<![CDATA[
[[ATTACHMENT|visual-regression-design-c-e3487-s---matches-design-baseline-webkit/trace.zip]]
]]>
</system-out>
</testcase>
<testcase name="Visual Regression - Design Consistency › mobile-medium (393x852) › Menu - matches design baseline" classname="visual-regression/design-consistency.spec.ts" time="0.004">
<failure message="design-consistency.spec.ts:59:9 Menu - matches design baseline" type="FAILURE">
<![CDATA[  [webkit] › visual-regression/design-consistency.spec.ts:59:9 › Visual Regression - Design Consistency › mobile-medium (393x852) › Menu - matches design baseline 

    Error: browserType.launch: Executable doesn't exist at /home/codespace/.cache/ms-playwright/webkit-2215/pw_run.sh
    ╔═════════════════════════════════════════════════════════════════════════╗
    ║ Looks like Playwright Test or Playwright was just installed or updated. ║
    ║ Please run the following command to download new browsers:              ║
    ║                                                                         ║
    ║     npx playwright install                                              ║
    ║                                                                         ║
    ║ <3 Playwright Team                                                      ║
    ╚═════════════════════════════════════════════════════════════════════════╝

    attachment #1: trace (application/zip) ─────────────────────────────────────────────────────────
    ../../test-results/visual-regression-design-c-d6e62-u---matches-design-baseline-webkit/trace.zip
    Usage:

        npx playwright show-trace ../../test-results/visual-regression-design-c-d6e62-u---matches-design-baseline-webkit/trace.zip

    ────────────────────────────────────────────────────────────────────────────────────────────────
]]>
</failure>
<system-out>
<![CDATA[
[[ATTACHMENT|visual-regression-design-c-d6e62-u---matches-design-baseline-webkit/trace.zip]]
]]>
</system-out>
</testcase>
<testcase name="Visual Regression - Design Consistency › mobile-medium (393x852) › Scan - matches design baseline" classname="visual-regression/design-consistency.spec.ts" time="0.004">
<failure message="design-consistency.spec.ts:59:9 Scan - matches design baseline" type="FAILURE">
<![CDATA[  [webkit] › visual-regression/design-consistency.spec.ts:59:9 › Visual Regression - Design Consistency › mobile-medium (393x852) › Scan - matches design baseline 

    Error: browserType.launch: Executable doesn't exist at /home/codespace/.cache/ms-playwright/webkit-2215/pw_run.sh
    ╔═════════════════════════════════════════════════════════════════════════╗
    ║ Looks like Playwright Test or Playwright was just installed or updated. ║
    ║ Please run the following command to download new browsers:              ║
    ║                                                                         ║
    ║     npx playwright install                                              ║
    ║                                                                         ║
    ║ <3 Playwright Team                                                      ║
    ╚═════════════════════════════════════════════════════════════════════════╝

    attachment #1: trace (application/zip) ─────────────────────────────────────────────────────────
    ../../test-results/visual-regression-design-c-dbac6-n---matches-design-baseline-webkit/trace.zip
    Usage:

        npx playwright show-trace ../../test-results/visual-regression-design-c-dbac6-n---matches-design-baseline-webkit/trace.zip

    ────────────────────────────────────────────────────────────────────────────────────────────────
]]>
</failure>
<system-out>
<![CDATA[
[[ATTACHMENT|visual-regression-design-c-dbac6-n---matches-design-baseline-webkit/trace.zip]]
]]>
</system-out>
</testcase>
<testcase name="Visual Regression - Design Consistency › tablet (768x1024) › Biometric Enrollment - matches design baseline" classname="visual-regression/design-consistency.spec.ts" time="0.005">
<failure message="design-consistency.spec.ts:59:9 Biometric Enrollment - matches design baseline" type="FAILURE">
<![CDATA[  [webkit] › visual-regression/design-consistency.spec.ts:59:9 › Visual Regression - Design Consistency › tablet (768x1024) › Biometric Enrollment - matches design baseline 

    Error: browserType.launch: Executable doesn't exist at /home/codespace/.cache/ms-playwright/webkit-2215/pw_run.sh
    ╔═════════════════════════════════════════════════════════════════════════╗
    ║ Looks like Playwright Test or Playwright was just installed or updated. ║
    ║ Please run the following command to download new browsers:              ║
    ║                                                                         ║
    ║     npx playwright install                                              ║
    ║                                                                         ║
    ║ <3 Playwright Team                                                      ║
    ╚═════════════════════════════════════════════════════════════════════════╝

    attachment #1: trace (application/zip) ─────────────────────────────────────────────────────────
    ../../test-results/visual-regression-design-c-8cc3f-t---matches-design-baseline-webkit/trace.zip
    Usage:

        npx playwright show-trace ../../test-results/visual-regression-design-c-8cc3f-t---matches-design-baseline-webkit/trace.zip

    ────────────────────────────────────────────────────────────────────────────────────────────────
]]>
</failure>
<system-out>
<![CDATA[
[[ATTACHMENT|visual-regression-design-c-8cc3f-t---matches-design-baseline-webkit/trace.zip]]
]]>
</system-out>
</testcase>
<testcase name="Visual Regression - Design Consistency › tablet (768x1024) › Onboarding - matches design baseline" classname="visual-regression/design-consistency.spec.ts" time="0.005">
<failure message="design-consistency.spec.ts:59:9 Onboarding - matches design baseline" type="FAILURE">
<![CDATA[  [webkit] › visual-regression/design-consistency.spec.ts:59:9 › Visual Regression - Design Consistency › tablet (768x1024) › Onboarding - matches design baseline 

    Error: browserType.launch: Executable doesn't exist at /home/codespace/.cache/ms-playwright/webkit-2215/pw_run.sh
    ╔═════════════════════════════════════════════════════════════════════════╗
    ║ Looks like Playwright Test or Playwright was just installed or updated. ║
    ║ Please run the following command to download new browsers:              ║
    ║                                                                         ║
    ║     npx playwright install                                              ║
    ║                                                                         ║
    ║ <3 Playwright Team                                                      ║
    ╚═════════════════════════════════════════════════════════════════════════╝

    attachment #1: trace (application/zip) ─────────────────────────────────────────────────────────
    ../../test-results/visual-regression-design-c-e9f23-g---matches-design-baseline-webkit/trace.zip
    Usage:

        npx playwright show-trace ../../test-results/visual-regression-design-c-e9f23-g---matches-design-baseline-webkit/trace.zip

    ────────────────────────────────────────────────────────────────────────────────────────────────
]]>
</failure>
<system-out>
<![CDATA[
[[ATTACHMENT|visual-regression-design-c-e9f23-g---matches-design-baseline-webkit/trace.zip]]
]]>
</system-out>
</testcase>
<testcase name="Visual Regression - Design Consistency › tablet (768x1024) › Create Password - matches design baseline" classname="visual-regression/design-consistency.spec.ts" time="0.004">
<failure message="design-consistency.spec.ts:59:9 Create Password - matches design baseline" type="FAILURE">
<![CDATA[  [webkit] › visual-regression/design-consistency.spec.ts:59:9 › Visual Regression - Design Consistency › tablet (768x1024) › Create Password - matches design baseline 

    Error: browserType.launch: Executable doesn't exist at /home/codespace/.cache/ms-playwright/webkit-2215/pw_run.sh
    ╔═════════════════════════════════════════════════════════════════════════╗
    ║ Looks like Playwright Test or Playwright was just installed or updated. ║
    ║ Please run the following command to download new browsers:              ║
    ║                                                                         ║
    ║     npx playwright install                                              ║
    ║                                                                         ║
    ║ <3 Playwright Team                                                      ║
    ╚═════════════════════════════════════════════════════════════════════════╝

    attachment #1: trace (application/zip) ─────────────────────────────────────────────────────────
    ../../test-results/visual-regression-design-c-fdbce-d---matches-design-baseline-webkit/trace.zip
    Usage:

        npx playwright show-trace ../../test-results/visual-regression-design-c-fdbce-d---matches-design-baseline-webkit/trace.zip

    ────────────────────────────────────────────────────────────────────────────────────────────────
]]>
</failure>
<system-out>
<![CDATA[
[[ATTACHMENT|visual-regression-design-c-fdbce-d---matches-design-baseline-webkit/trace.zip]]
]]>
</system-out>
</testcase>
<testcase name="Visual Regression - Design Consistency › tablet (768x1024) › Setup Biometrics - matches design baseline" classname="visual-regression/design-consistency.spec.ts" time="0.004">
<failure message="design-consistency.spec.ts:59:9 Setup Biometrics - matches design baseline" type="FAILURE">
<![CDATA[  [webkit] › visual-regression/design-consistency.spec.ts:59:9 › Visual Regression - Design Consistency › tablet (768x1024) › Setup Biometrics - matches design baseline 

    Error: browserType.launch: Executable doesn't exist at /home/codespace/.cache/ms-playwright/webkit-2215/pw_run.sh
    ╔═════════════════════════════════════════════════════════════════════════╗
    ║ Looks like Playwright Test or Playwright was just installed or updated. ║
    ║ Please run the following command to download new browsers:              ║
    ║                                                                         ║
    ║     npx playwright install                                              ║
    ║                                                                         ║
    ║ <3 Playwright Team                                                      ║
    ╚═════════════════════════════════════════════════════════════════════════╝

    attachment #1: trace (application/zip) ─────────────────────────────────────────────────────────
    ../../test-results/visual-regression-design-c-a013c-s---matches-design-baseline-webkit/trace.zip
    Usage:

        npx playwright show-trace ../../test-results/visual-regression-design-c-a013c-s---matches-design-baseline-webkit/trace.zip

    ────────────────────────────────────────────────────────────────────────────────────────────────
]]>
</failure>
<system-out>
<![CDATA[
[[ATTACHMENT|visual-regression-design-c-a013c-s---matches-design-baseline-webkit/trace.zip]]
]]>
</system-out>
</testcase>
<testcase name="Visual Regression - Design Consistency › tablet (768x1024) › Generate Seed Phrase - matches design baseline" classname="visual-regression/design-consistency.spec.ts" time="0.004">
<failure message="design-consistency.spec.ts:59:9 Generate Seed Phrase - matches design baseline" type="FAILURE">
<![CDATA[  [webkit] › visual-regression/design-consistency.spec.ts:59:9 › Visual Regression - Design Consistency › tablet (768x1024) › Generate Seed Phrase - matches design baseline 

    Error: browserType.launch: Executable doesn't exist at /home/codespace/.cache/ms-playwright/webkit-2215/pw_run.sh
    ╔═════════════════════════════════════════════════════════════════════════╗
    ║ Looks like Playwright Test or Playwright was just installed or updated. ║
    ║ Please run the following command to download new browsers:              ║
    ║                                                                         ║
    ║     npx playwright install                                              ║
    ║                                                                         ║
    ║ <3 Playwright Team                                                      ║
    ╚═════════════════════════════════════════════════════════════════════════╝

    attachment #1: trace (application/zip) ─────────────────────────────────────────────────────────
    ../../test-results/visual-regression-design-c-42083-e---matches-design-baseline-webkit/trace.zip
    Usage:

        npx playwright show-trace ../../test-results/visual-regression-design-c-42083-e---matches-design-baseline-webkit/trace.zip

    ────────────────────────────────────────────────────────────────────────────────────────────────
]]>
</failure>
<system-out>
<![CDATA[
[[ATTACHMENT|visual-regression-design-c-42083-e---matches-design-baseline-webkit/trace.zip]]
]]>
</system-out>
</testcase>
<testcase name="Visual Regression - Design Consistency › tablet (768x1024) › Verify Seed Phrase - matches design baseline" classname="visual-regression/design-consistency.spec.ts" time="0.004">
<failure message="design-consistency.spec.ts:59:9 Verify Seed Phrase - matches design baseline" type="FAILURE">
<![CDATA[  [webkit] › visual-regression/design-consistency.spec.ts:59:9 › Visual Regression - Design Consistency › tablet (768x1024) › Verify Seed Phrase - matches design baseline 

    Error: browserType.launch: Executable doesn't exist at /home/codespace/.cache/ms-playwright/webkit-2215/pw_run.sh
    ╔═════════════════════════════════════════════════════════════════════════╗
    ║ Looks like Playwright Test or Playwright was just installed or updated. ║
    ║ Please run the following command to download new browsers:              ║
    ║                                                                         ║
    ║     npx playwright install                                              ║
    ║                                                                         ║
    ║ <3 Playwright Team                                                      ║
    ╚═════════════════════════════════════════════════════════════════════════╝

    attachment #1: trace (application/zip) ─────────────────────────────────────────────────────────
    ../../test-results/visual-regression-design-c-adacf-e---matches-design-baseline-webkit/trace.zip
    Usage:

        npx playwright show-trace ../../test-results/visual-regression-design-c-adacf-e---matches-design-baseline-webkit/trace.zip

    ────────────────────────────────────────────────────────────────────────────────────────────────
]]>
</failure>
<system-out>
<![CDATA[
[[ATTACHMENT|visual-regression-design-c-adacf-e---matches-design-baseline-webkit/trace.zip]]
]]>
</system-out>
</testcase>
<testcase name="Visual Regression - Design Consistency › tablet (768x1024) › Set Passcode - matches design baseline" classname="visual-regression/design-consistency.spec.ts" time="0.004">
<failure message="design-consistency.spec.ts:59:9 Set Passcode - matches design baseline" type="FAILURE">
<![CDATA[  [webkit] › visual-regression/design-consistency.spec.ts:59:9 › Visual Regression - Design Consistency › tablet (768x1024) › Set Passcode - matches design baseline 

    Error: browserType.launch: Executable doesn't exist at /home/codespace/.cache/ms-playwright/webkit-2215/pw_run.sh
    ╔═════════════════════════════════════════════════════════════════════════╗
    ║ Looks like Playwright Test or Playwright was just installed or updated. ║
    ║ Please run the following command to download new browsers:              ║
    ║                                                                         ║
    ║     npx playwright install                                              ║
    ║                                                                         ║
    ║ <3 Playwright Team                                                      ║
    ╚═════════════════════════════════════════════════════════════════════════╝

    attachment #1: trace (application/zip) ─────────────────────────────────────────────────────────
    ../../test-results/visual-regression-design-c-8ca48-e---matches-design-baseline-webkit/trace.zip
    Usage:

        npx playwright show-trace ../../test-results/visual-regression-design-c-8ca48-e---matches-design-baseline-webkit/trace.zip

    ────────────────────────────────────────────────────────────────────────────────────────────────
]]>
</failure>
<system-out>
<![CDATA[
[[ATTACHMENT|visual-regression-design-c-8ca48-e---matches-design-baseline-webkit/trace.zip]]
]]>
</system-out>
</testcase>
<testcase name="Visual Regression - Design Consistency › tablet (768x1024) › Lock Page - matches design baseline" classname="visual-regression/design-consistency.spec.ts" time="0.004">
<failure message="design-consistency.spec.ts:59:9 Lock Page - matches design baseline" type="FAILURE">
<![CDATA[  [webkit] › visual-regression/design-consistency.spec.ts:59:9 › Visual Regression - Design Consistency › tablet (768x1024) › Lock Page - matches design baseline 

    Error: browserType.launch: Executable doesn't exist at /home/codespace/.cache/ms-playwright/webkit-2215/pw_run.sh
    ╔═════════════════════════════════════════════════════════════════════════╗
    ║ Looks like Playwright Test or Playwright was just installed or updated. ║
    ║ Please run the following command to download new browsers:              ║
    ║                                                                         ║
    ║     npx playwright install                                              ║
    ║                                                                         ║
    ║ <3 Playwright Team                                                      ║
    ╚═════════════════════════════════════════════════════════════════════════╝

    attachment #1: trace (application/zip) ─────────────────────────────────────────────────────────
    ../../test-results/visual-regression-design-c-4fc61-e---matches-design-baseline-webkit/trace.zip
    Usage:

        npx playwright show-trace ../../test-results/visual-regression-design-c-4fc61-e---matches-design-baseline-webkit/trace.zip

    ────────────────────────────────────────────────────────────────────────────────────────────────
]]>
</failure>
<system-out>
<![CDATA[
[[ATTACHMENT|visual-regression-design-c-4fc61-e---matches-design-baseline-webkit/trace.zip]]
]]>
</system-out>
</testcase>
<testcase name="Visual Regression - Design Consistency › tablet (768x1024) › Credentials - matches design baseline" classname="visual-regression/design-consistency.spec.ts" time="0.004">
<failure message="design-consistency.spec.ts:59:9 Credentials - matches design baseline" type="FAILURE">
<![CDATA[  [webkit] › visual-regression/design-consistency.spec.ts:59:9 › Visual Regression - Design Consistency › tablet (768x1024) › Credentials - matches design baseline 

    Error: browserType.launch: Executable doesn't exist at /home/codespace/.cache/ms-playwright/webkit-2215/pw_run.sh
    ╔═════════════════════════════════════════════════════════════════════════╗
    ║ Looks like Playwright Test or Playwright was just installed or updated. ║
    ║ Please run the following command to download new browsers:              ║
    ║                                                                         ║
    ║     npx playwright install                                              ║
    ║                                                                         ║
    ║ <3 Playwright Team                                                      ║
    ╚═════════════════════════════════════════════════════════════════════════╝

    attachment #1: trace (application/zip) ─────────────────────────────────────────────────────────
    ../../test-results/visual-regression-design-c-0816e-s---matches-design-baseline-webkit/trace.zip
    Usage:

        npx playwright show-trace ../../test-results/visual-regression-design-c-0816e-s---matches-design-baseline-webkit/trace.zip

    ────────────────────────────────────────────────────────────────────────────────────────────────
]]>
</failure>
<system-out>
<![CDATA[
[[ATTACHMENT|visual-regression-design-c-0816e-s---matches-design-baseline-webkit/trace.zip]]
]]>
</system-out>
</testcase>
<testcase name="Visual Regression - Design Consistency › tablet (768x1024) › Identifiers - matches design baseline" classname="visual-regression/design-consistency.spec.ts" time="0.005">
<failure message="design-consistency.spec.ts:59:9 Identifiers - matches design baseline" type="FAILURE">
<![CDATA[  [webkit] › visual-regression/design-consistency.spec.ts:59:9 › Visual Regression - Design Consistency › tablet (768x1024) › Identifiers - matches design baseline 

    Error: browserType.launch: Executable doesn't exist at /home/codespace/.cache/ms-playwright/webkit-2215/pw_run.sh
    ╔═════════════════════════════════════════════════════════════════════════╗
    ║ Looks like Playwright Test or Playwright was just installed or updated. ║
    ║ Please run the following command to download new browsers:              ║
    ║                                                                         ║
    ║     npx playwright install                                              ║
    ║                                                                         ║
    ║ <3 Playwright Team                                                      ║
    ╚═════════════════════════════════════════════════════════════════════════╝

    attachment #1: trace (application/zip) ─────────────────────────────────────────────────────────
    ../../test-results/visual-regression-design-c-e8dea-s---matches-design-baseline-webkit/trace.zip
    Usage:

        npx playwright show-trace ../../test-results/visual-regression-design-c-e8dea-s---matches-design-baseline-webkit/trace.zip

    ────────────────────────────────────────────────────────────────────────────────────────────────
]]>
</failure>
<system-out>
<![CDATA[
[[ATTACHMENT|visual-regression-design-c-e8dea-s---matches-design-baseline-webkit/trace.zip]]
]]>
</system-out>
</testcase>
<testcase name="Visual Regression - Design Consistency › tablet (768x1024) › Connections - matches design baseline" classname="visual-regression/design-consistency.spec.ts" time="0.004">
<failure message="design-consistency.spec.ts:59:9 Connections - matches design baseline" type="FAILURE">
<![CDATA[  [webkit] › visual-regression/design-consistency.spec.ts:59:9 › Visual Regression - Design Consistency › tablet (768x1024) › Connections - matches design baseline 

    Error: browserType.launch: Executable doesn't exist at /home/codespace/.cache/ms-playwright/webkit-2215/pw_run.sh
    ╔═════════════════════════════════════════════════════════════════════════╗
    ║ Looks like Playwright Test or Playwright was just installed or updated. ║
    ║ Please run the following command to download new browsers:              ║
    ║                                                                         ║
    ║     npx playwright install                                              ║
    ║                                                                         ║
    ║ <3 Playwright Team                                                      ║
    ╚═════════════════════════════════════════════════════════════════════════╝

    attachment #1: trace (application/zip) ─────────────────────────────────────────────────────────
    ../../test-results/visual-regression-design-c-f3dda-s---matches-design-baseline-webkit/trace.zip
    Usage:

        npx playwright show-trace ../../test-results/visual-regression-design-c-f3dda-s---matches-design-baseline-webkit/trace.zip

    ────────────────────────────────────────────────────────────────────────────────────────────────
]]>
</failure>
<system-out>
<![CDATA[
[[ATTACHMENT|visual-regression-design-c-f3dda-s---matches-design-baseline-webkit/trace.zip]]
]]>
</system-out>
</testcase>
<testcase name="Visual Regression - Design Consistency › tablet (768x1024) › Notifications - matches design baseline" classname="visual-regression/design-consistency.spec.ts" time="0.005">
<failure message="design-consistency.spec.ts:59:9 Notifications - matches design baseline" type="FAILURE">
<![CDATA[  [webkit] › visual-regression/design-consistency.spec.ts:59:9 › Visual Regression - Design Consistency › tablet (768x1024) › Notifications - matches design baseline 

    Error: browserType.launch: Executable doesn't exist at /home/codespace/.cache/ms-playwright/webkit-2215/pw_run.sh
    ╔═════════════════════════════════════════════════════════════════════════╗
    ║ Looks like Playwright Test or Playwright was just installed or updated. ║
    ║ Please run the following command to download new browsers:              ║
    ║                                                                         ║
    ║     npx playwright install                                              ║
    ║                                                                         ║
    ║ <3 Playwright Team                                                      ║
    ╚═════════════════════════════════════════════════════════════════════════╝

    attachment #1: trace (application/zip) ─────────────────────────────────────────────────────────
    ../../test-results/visual-regression-design-c-06e6a-s---matches-design-baseline-webkit/trace.zip
    Usage:

        npx playwright show-trace ../../test-results/visual-regression-design-c-06e6a-s---matches-design-baseline-webkit/trace.zip

    ────────────────────────────────────────────────────────────────────────────────────────────────
]]>
</failure>
<system-out>
<![CDATA[
[[ATTACHMENT|visual-regression-design-c-06e6a-s---matches-design-baseline-webkit/trace.zip]]
]]>
</system-out>
</testcase>
<testcase name="Visual Regression - Design Consistency › tablet (768x1024) › Menu - matches design baseline" classname="visual-regression/design-consistency.spec.ts" time="0.004">
<failure message="design-consistency.spec.ts:59:9 Menu - matches design baseline" type="FAILURE">
<![CDATA[  [webkit] › visual-regression/design-consistency.spec.ts:59:9 › Visual Regression - Design Consistency › tablet (768x1024) › Menu - matches design baseline 

    Error: browserType.launch: Executable doesn't exist at /home/codespace/.cache/ms-playwright/webkit-2215/pw_run.sh
    ╔═════════════════════════════════════════════════════════════════════════╗
    ║ Looks like Playwright Test or Playwright was just installed or updated. ║
    ║ Please run the following command to download new browsers:              ║
    ║                                                                         ║
    ║     npx playwright install                                              ║
    ║                                                                         ║
    ║ <3 Playwright Team                                                      ║
    ╚═════════════════════════════════════════════════════════════════════════╝

    attachment #1: trace (application/zip) ─────────────────────────────────────────────────────────
    ../../test-results/visual-regression-design-c-59348-u---matches-design-baseline-webkit/trace.zip
    Usage:

        npx playwright show-trace ../../test-results/visual-regression-design-c-59348-u---matches-design-baseline-webkit/trace.zip

    ────────────────────────────────────────────────────────────────────────────────────────────────
]]>
</failure>
<system-out>
<![CDATA[
[[ATTACHMENT|visual-regression-design-c-59348-u---matches-design-baseline-webkit/trace.zip]]
]]>
</system-out>
</testcase>
<testcase name="Visual Regression - Design Consistency › tablet (768x1024) › Scan - matches design baseline" classname="visual-regression/design-consistency.spec.ts" time="0.004">
<failure message="design-consistency.spec.ts:59:9 Scan - matches design baseline" type="FAILURE">
<![CDATA[  [webkit] › visual-regression/design-consistency.spec.ts:59:9 › Visual Regression - Design Consistency › tablet (768x1024) › Scan - matches design baseline 

    Error: browserType.launch: Executable doesn't exist at /home/codespace/.cache/ms-playwright/webkit-2215/pw_run.sh
    ╔═════════════════════════════════════════════════════════════════════════╗
    ║ Looks like Playwright Test or Playwright was just installed or updated. ║
    ║ Please run the following command to download new browsers:              ║
    ║                                                                         ║
    ║     npx playwright install                                              ║
    ║                                                                         ║
    ║ <3 Playwright Team                                                      ║
    ╚═════════════════════════════════════════════════════════════════════════╝

    attachment #1: trace (application/zip) ─────────────────────────────────────────────────────────
    ../../test-results/visual-regression-design-c-93218-n---matches-design-baseline-webkit/trace.zip
    Usage:

        npx playwright show-trace ../../test-results/visual-regression-design-c-93218-n---matches-design-baseline-webkit/trace.zip

    ────────────────────────────────────────────────────────────────────────────────────────────────
]]>
</failure>
<system-out>
<![CDATA[
[[ATTACHMENT|visual-regression-design-c-93218-n---matches-design-baseline-webkit/trace.zip]]
]]>
</system-out>
</testcase>
<testcase name="Visual Regression - Design Consistency › desktop (1280x720) › Biometric Enrollment - matches design baseline" classname="visual-regression/design-consistency.spec.ts" time="0.005">
<failure message="design-consistency.spec.ts:59:9 Biometric Enrollment - matches design baseline" type="FAILURE">
<![CDATA[  [webkit] › visual-regression/design-consistency.spec.ts:59:9 › Visual Regression - Design Consistency › desktop (1280x720) › Biometric Enrollment - matches design baseline 

    Error: browserType.launch: Executable doesn't exist at /home/codespace/.cache/ms-playwright/webkit-2215/pw_run.sh
    ╔═════════════════════════════════════════════════════════════════════════╗
    ║ Looks like Playwright Test or Playwright was just installed or updated. ║
    ║ Please run the following command to download new browsers:              ║
    ║                                                                         ║
    ║     npx playwright install                                              ║
    ║                                                                         ║
    ║ <3 Playwright Team                                                      ║
    ╚═════════════════════════════════════════════════════════════════════════╝

    attachment #1: trace (application/zip) ─────────────────────────────────────────────────────────
    ../../test-results/visual-regression-design-c-97d20-t---matches-design-baseline-webkit/trace.zip
    Usage:

        npx playwright show-trace ../../test-results/visual-regression-design-c-97d20-t---matches-design-baseline-webkit/trace.zip

    ────────────────────────────────────────────────────────────────────────────────────────────────
]]>
</failure>
<system-out>
<![CDATA[
[[ATTACHMENT|visual-regression-design-c-97d20-t---matches-design-baseline-webkit/trace.zip]]
]]>
</system-out>
</testcase>
<testcase name="Visual Regression - Design Consistency › desktop (1280x720) › Onboarding - matches design baseline" classname="visual-regression/design-consistency.spec.ts" time="0.004">
<failure message="design-consistency.spec.ts:59:9 Onboarding - matches design baseline" type="FAILURE">
<![CDATA[  [webkit] › visual-regression/design-consistency.spec.ts:59:9 › Visual Regression - Design Consistency › desktop (1280x720) › Onboarding - matches design baseline 

    Error: browserType.launch: Executable doesn't exist at /home/codespace/.cache/ms-playwright/webkit-2215/pw_run.sh
    ╔═════════════════════════════════════════════════════════════════════════╗
    ║ Looks like Playwright Test or Playwright was just installed or updated. ║
    ║ Please run the following command to download new browsers:              ║
    ║                                                                         ║
    ║     npx playwright install                                              ║
    ║                                                                         ║
    ║ <3 Playwright Team                                                      ║
    ╚═════════════════════════════════════════════════════════════════════════╝

    attachment #1: trace (application/zip) ─────────────────────────────────────────────────────────
    ../../test-results/visual-regression-design-c-e90b5-g---matches-design-baseline-webkit/trace.zip
    Usage:

        npx playwright show-trace ../../test-results/visual-regression-design-c-e90b5-g---matches-design-baseline-webkit/trace.zip

    ────────────────────────────────────────────────────────────────────────────────────────────────
]]>
</failure>
<system-out>
<![CDATA[
[[ATTACHMENT|visual-regression-design-c-e90b5-g---matches-design-baseline-webkit/trace.zip]]
]]>
</system-out>
</testcase>
<testcase name="Visual Regression - Design Consistency › desktop (1280x720) › Create Password - matches design baseline" classname="visual-regression/design-consistency.spec.ts" time="0.004">
<failure message="design-consistency.spec.ts:59:9 Create Password - matches design baseline" type="FAILURE">
<![CDATA[  [webkit] › visual-regression/design-consistency.spec.ts:59:9 › Visual Regression - Design Consistency › desktop (1280x720) › Create Password - matches design baseline 

    Error: browserType.launch: Executable doesn't exist at /home/codespace/.cache/ms-playwright/webkit-2215/pw_run.sh
    ╔═════════════════════════════════════════════════════════════════════════╗
    ║ Looks like Playwright Test or Playwright was just installed or updated. ║
    ║ Please run the following command to download new browsers:              ║
    ║                                                                         ║
    ║     npx playwright install                                              ║
    ║                                                                         ║
    ║ <3 Playwright Team                                                      ║
    ╚═════════════════════════════════════════════════════════════════════════╝

    attachment #1: trace (application/zip) ─────────────────────────────────────────────────────────
    ../../test-results/visual-regression-design-c-a895b-d---matches-design-baseline-webkit/trace.zip
    Usage:

        npx playwright show-trace ../../test-results/visual-regression-design-c-a895b-d---matches-design-baseline-webkit/trace.zip

    ────────────────────────────────────────────────────────────────────────────────────────────────
]]>
</failure>
<system-out>
<![CDATA[
[[ATTACHMENT|visual-regression-design-c-a895b-d---matches-design-baseline-webkit/trace.zip]]
]]>
</system-out>
</testcase>
<testcase name="Visual Regression - Design Consistency › desktop (1280x720) › Setup Biometrics - matches design baseline" classname="visual-regression/design-consistency.spec.ts" time="0.004">
<failure message="design-consistency.spec.ts:59:9 Setup Biometrics - matches design baseline" type="FAILURE">
<![CDATA[  [webkit] › visual-regression/design-consistency.spec.ts:59:9 › Visual Regression - Design Consistency › desktop (1280x720) › Setup Biometrics - matches design baseline 

    Error: browserType.launch: Executable doesn't exist at /home/codespace/.cache/ms-playwright/webkit-2215/pw_run.sh
    ╔═════════════════════════════════════════════════════════════════════════╗
    ║ Looks like Playwright Test or Playwright was just installed or updated. ║
    ║ Please run the following command to download new browsers:              ║
    ║                                                                         ║
    ║     npx playwright install                                              ║
    ║                                                                         ║
    ║ <3 Playwright Team                                                      ║
    ╚═════════════════════════════════════════════════════════════════════════╝

    attachment #1: trace (application/zip) ─────────────────────────────────────────────────────────
    ../../test-results/visual-regression-design-c-ba6ed-s---matches-design-baseline-webkit/trace.zip
    Usage:

        npx playwright show-trace ../../test-results/visual-regression-design-c-ba6ed-s---matches-design-baseline-webkit/trace.zip

    ────────────────────────────────────────────────────────────────────────────────────────────────
]]>
</failure>
<system-out>
<![CDATA[
[[ATTACHMENT|visual-regression-design-c-ba6ed-s---matches-design-baseline-webkit/trace.zip]]
]]>
</system-out>
</testcase>
<testcase name="Visual Regression - Design Consistency › desktop (1280x720) › Generate Seed Phrase - matches design baseline" classname="visual-regression/design-consistency.spec.ts" time="0.004">
<failure message="design-consistency.spec.ts:59:9 Generate Seed Phrase - matches design baseline" type="FAILURE">
<![CDATA[  [webkit] › visual-regression/design-consistency.spec.ts:59:9 › Visual Regression - Design Consistency › desktop (1280x720) › Generate Seed Phrase - matches design baseline 

    Error: browserType.launch: Executable doesn't exist at /home/codespace/.cache/ms-playwright/webkit-2215/pw_run.sh
    ╔═════════════════════════════════════════════════════════════════════════╗
    ║ Looks like Playwright Test or Playwright was just installed or updated. ║
    ║ Please run the following command to download new browsers:              ║
    ║                                                                         ║
    ║     npx playwright install                                              ║
    ║                                                                         ║
    ║ <3 Playwright Team                                                      ║
    ╚═════════════════════════════════════════════════════════════════════════╝

    attachment #1: trace (application/zip) ─────────────────────────────────────────────────────────
    ../../test-results/visual-regression-design-c-f121d-e---matches-design-baseline-webkit/trace.zip
    Usage:

        npx playwright show-trace ../../test-results/visual-regression-design-c-f121d-e---matches-design-baseline-webkit/trace.zip

    ────────────────────────────────────────────────────────────────────────────────────────────────
]]>
</failure>
<system-out>
<![CDATA[
[[ATTACHMENT|visual-regression-design-c-f121d-e---matches-design-baseline-webkit/trace.zip]]
]]>
</system-out>
</testcase>
<testcase name="Visual Regression - Design Consistency › desktop (1280x720) › Verify Seed Phrase - matches design baseline" classname="visual-regression/design-consistency.spec.ts" time="0.004">
<failure message="design-consistency.spec.ts:59:9 Verify Seed Phrase - matches design baseline" type="FAILURE">
<![CDATA[  [webkit] › visual-regression/design-consistency.spec.ts:59:9 › Visual Regression - Design Consistency › desktop (1280x720) › Verify Seed Phrase - matches design baseline 

    Error: browserType.launch: Executable doesn't exist at /home/codespace/.cache/ms-playwright/webkit-2215/pw_run.sh
    ╔═════════════════════════════════════════════════════════════════════════╗
    ║ Looks like Playwright Test or Playwright was just installed or updated. ║
    ║ Please run the following command to download new browsers:              ║
    ║                                                                         ║
    ║     npx playwright install                                              ║
    ║                                                                         ║
    ║ <3 Playwright Team                                                      ║
    ╚═════════════════════════════════════════════════════════════════════════╝

    attachment #1: trace (application/zip) ─────────────────────────────────────────────────────────
    ../../test-results/visual-regression-design-c-260c5-e---matches-design-baseline-webkit/trace.zip
    Usage:

        npx playwright show-trace ../../test-results/visual-regression-design-c-260c5-e---matches-design-baseline-webkit/trace.zip

    ────────────────────────────────────────────────────────────────────────────────────────────────
]]>
</failure>
<system-out>
<![CDATA[
[[ATTACHMENT|visual-regression-design-c-260c5-e---matches-design-baseline-webkit/trace.zip]]
]]>
</system-out>
</testcase>
<testcase name="Visual Regression - Design Consistency › desktop (1280x720) › Set Passcode - matches design baseline" classname="visual-regression/design-consistency.spec.ts" time="0.004">
<failure message="design-consistency.spec.ts:59:9 Set Passcode - matches design baseline" type="FAILURE">
<![CDATA[  [webkit] › visual-regression/design-consistency.spec.ts:59:9 › Visual Regression - Design Consistency › desktop (1280x720) › Set Passcode - matches design baseline 

    Error: browserType.launch: Executable doesn't exist at /home/codespace/.cache/ms-playwright/webkit-2215/pw_run.sh
    ╔═════════════════════════════════════════════════════════════════════════╗
    ║ Looks like Playwright Test or Playwright was just installed or updated. ║
    ║ Please run the following command to download new browsers:              ║
    ║                                                                         ║
    ║     npx playwright install                                              ║
    ║                                                                         ║
    ║ <3 Playwright Team                                                      ║
    ╚═════════════════════════════════════════════════════════════════════════╝

    attachment #1: trace (application/zip) ─────────────────────────────────────────────────────────
    ../../test-results/visual-regression-design-c-bb489-e---matches-design-baseline-webkit/trace.zip
    Usage:

        npx playwright show-trace ../../test-results/visual-regression-design-c-bb489-e---matches-design-baseline-webkit/trace.zip

    ────────────────────────────────────────────────────────────────────────────────────────────────
]]>
</failure>
<system-out>
<![CDATA[
[[ATTACHMENT|visual-regression-design-c-bb489-e---matches-design-baseline-webkit/trace.zip]]
]]>
</system-out>
</testcase>
<testcase name="Visual Regression - Design Consistency › desktop (1280x720) › Lock Page - matches design baseline" classname="visual-regression/design-consistency.spec.ts" time="0.005">
<failure message="design-consistency.spec.ts:59:9 Lock Page - matches design baseline" type="FAILURE">
<![CDATA[  [webkit] › visual-regression/design-consistency.spec.ts:59:9 › Visual Regression - Design Consistency › desktop (1280x720) › Lock Page - matches design baseline 

    Error: browserType.launch: Executable doesn't exist at /home/codespace/.cache/ms-playwright/webkit-2215/pw_run.sh
    ╔═════════════════════════════════════════════════════════════════════════╗
    ║ Looks like Playwright Test or Playwright was just installed or updated. ║
    ║ Please run the following command to download new browsers:              ║
    ║                                                                         ║
    ║     npx playwright install                                              ║
    ║                                                                         ║
    ║ <3 Playwright Team                                                      ║
    ╚═════════════════════════════════════════════════════════════════════════╝

    attachment #1: trace (application/zip) ─────────────────────────────────────────────────────────
    ../../test-results/visual-regression-design-c-3def2-e---matches-design-baseline-webkit/trace.zip
    Usage:

        npx playwright show-trace ../../test-results/visual-regression-design-c-3def2-e---matches-design-baseline-webkit/trace.zip

    ────────────────────────────────────────────────────────────────────────────────────────────────
]]>
</failure>
<system-out>
<![CDATA[
[[ATTACHMENT|visual-regression-design-c-3def2-e---matches-design-baseline-webkit/trace.zip]]
]]>
</system-out>
</testcase>
<testcase name="Visual Regression - Design Consistency › desktop (1280x720) › Credentials - matches design baseline" classname="visual-regression/design-consistency.spec.ts" time="0.004">
<failure message="design-consistency.spec.ts:59:9 Credentials - matches design baseline" type="FAILURE">
<![CDATA[  [webkit] › visual-regression/design-consistency.spec.ts:59:9 › Visual Regression - Design Consistency › desktop (1280x720) › Credentials - matches design baseline 

    Error: browserType.launch: Executable doesn't exist at /home/codespace/.cache/ms-playwright/webkit-2215/pw_run.sh
    ╔═════════════════════════════════════════════════════════════════════════╗
    ║ Looks like Playwright Test or Playwright was just installed or updated. ║
    ║ Please run the following command to download new browsers:              ║
    ║                                                                         ║
    ║     npx playwright install                                              ║
    ║                                                                         ║
    ║ <3 Playwright Team                                                      ║
    ╚═════════════════════════════════════════════════════════════════════════╝

    attachment #1: trace (application/zip) ─────────────────────────────────────────────────────────
    ../../test-results/visual-regression-design-c-a3154-s---matches-design-baseline-webkit/trace.zip
    Usage:

        npx playwright show-trace ../../test-results/visual-regression-design-c-a3154-s---matches-design-baseline-webkit/trace.zip

    ────────────────────────────────────────────────────────────────────────────────────────────────
]]>
</failure>
<system-out>
<![CDATA[
[[ATTACHMENT|visual-regression-design-c-a3154-s---matches-design-baseline-webkit/trace.zip]]
]]>
</system-out>
</testcase>
<testcase name="Visual Regression - Design Consistency › desktop (1280x720) › Identifiers - matches design baseline" classname="visual-regression/design-consistency.spec.ts" time="0.005">
<failure message="design-consistency.spec.ts:59:9 Identifiers - matches design baseline" type="FAILURE">
<![CDATA[  [webkit] › visual-regression/design-consistency.spec.ts:59:9 › Visual Regression - Design Consistency › desktop (1280x720) › Identifiers - matches design baseline 

    Error: browserType.launch: Executable doesn't exist at /home/codespace/.cache/ms-playwright/webkit-2215/pw_run.sh
    ╔═════════════════════════════════════════════════════════════════════════╗
    ║ Looks like Playwright Test or Playwright was just installed or updated. ║
    ║ Please run the following command to download new browsers:              ║
    ║                                                                         ║
    ║     npx playwright install                                              ║
    ║                                                                         ║
    ║ <3 Playwright Team                                                      ║
    ╚═════════════════════════════════════════════════════════════════════════╝

    attachment #1: trace (application/zip) ─────────────────────────────────────────────────────────
    ../../test-results/visual-regression-design-c-a0f25-s---matches-design-baseline-webkit/trace.zip
    Usage:

        npx playwright show-trace ../../test-results/visual-regression-design-c-a0f25-s---matches-design-baseline-webkit/trace.zip

    ────────────────────────────────────────────────────────────────────────────────────────────────
]]>
</failure>
<system-out>
<![CDATA[
[[ATTACHMENT|visual-regression-design-c-a0f25-s---matches-design-baseline-webkit/trace.zip]]
]]>
</system-out>
</testcase>
<testcase name="Visual Regression - Design Consistency › desktop (1280x720) › Connections - matches design baseline" classname="visual-regression/design-consistency.spec.ts" time="0.005">
<failure message="design-consistency.spec.ts:59:9 Connections - matches design baseline" type="FAILURE">
<![CDATA[  [webkit] › visual-regression/design-consistency.spec.ts:59:9 › Visual Regression - Design Consistency › desktop (1280x720) › Connections - matches design baseline 

    Error: browserType.launch: Executable doesn't exist at /home/codespace/.cache/ms-playwright/webkit-2215/pw_run.sh
    ╔═════════════════════════════════════════════════════════════════════════╗
    ║ Looks like Playwright Test or Playwright was just installed or updated. ║
    ║ Please run the following command to download new browsers:              ║
    ║                                                                         ║
    ║     npx playwright install                                              ║
    ║                                                                         ║
    ║ <3 Playwright Team                                                      ║
    ╚═════════════════════════════════════════════════════════════════════════╝

    attachment #1: trace (application/zip) ─────────────────────────────────────────────────────────
    ../../test-results/visual-regression-design-c-5c14a-s---matches-design-baseline-webkit/trace.zip
    Usage:

        npx playwright show-trace ../../test-results/visual-regression-design-c-5c14a-s---matches-design-baseline-webkit/trace.zip

    ────────────────────────────────────────────────────────────────────────────────────────────────
]]>
</failure>
<system-out>
<![CDATA[
[[ATTACHMENT|visual-regression-design-c-5c14a-s---matches-design-baseline-webkit/trace.zip]]
]]>
</system-out>
</testcase>
<testcase name="Visual Regression - Design Consistency › desktop (1280x720) › Notifications - matches design baseline" classname="visual-regression/design-consistency.spec.ts" time="0.004">
<failure message="design-consistency.spec.ts:59:9 Notifications - matches design baseline" type="FAILURE">
<![CDATA[  [webkit] › visual-regression/design-consistency.spec.ts:59:9 › Visual Regression - Design Consistency › desktop (1280x720) › Notifications - matches design baseline 

    Error: browserType.launch: Executable doesn't exist at /home/codespace/.cache/ms-playwright/webkit-2215/pw_run.sh
    ╔═════════════════════════════════════════════════════════════════════════╗
    ║ Looks like Playwright Test or Playwright was just installed or updated. ║
    ║ Please run the following command to download new browsers:              ║
    ║                                                                         ║
    ║     npx playwright install                                              ║
    ║                                                                         ║
    ║ <3 Playwright Team                                                      ║
    ╚═════════════════════════════════════════════════════════════════════════╝

    attachment #1: trace (application/zip) ─────────────────────────────────────────────────────────
    ../../test-results/visual-regression-design-c-85645-s---matches-design-baseline-webkit/trace.zip
    Usage:

        npx playwright show-trace ../../test-results/visual-regression-design-c-85645-s---matches-design-baseline-webkit/trace.zip

    ────────────────────────────────────────────────────────────────────────────────────────────────
]]>
</failure>
<system-out>
<![CDATA[
[[ATTACHMENT|visual-regression-design-c-85645-s---matches-design-baseline-webkit/trace.zip]]
]]>
</system-out>
</testcase>
<testcase name="Visual Regression - Design Consistency › desktop (1280x720) › Menu - matches design baseline" classname="visual-regression/design-consistency.spec.ts" time="0.005">
<failure message="design-consistency.spec.ts:59:9 Menu - matches design baseline" type="FAILURE">
<![CDATA[  [webkit] › visual-regression/design-consistency.spec.ts:59:9 › Visual Regression - Design Consistency › desktop (1280x720) › Menu - matches design baseline 

    Error: browserType.launch: Executable doesn't exist at /home/codespace/.cache/ms-playwright/webkit-2215/pw_run.sh
    ╔═════════════════════════════════════════════════════════════════════════╗
    ║ Looks like Playwright Test or Playwright was just installed or updated. ║
    ║ Please run the following command to download new browsers:              ║
    ║                                                                         ║
    ║     npx playwright install                                              ║
    ║                                                                         ║
    ║ <3 Playwright Team                                                      ║
    ╚═════════════════════════════════════════════════════════════════════════╝

    attachment #1: trace (application/zip) ─────────────────────────────────────────────────────────
    ../../test-results/visual-regression-design-c-d565c-u---matches-design-baseline-webkit/trace.zip
    Usage:

        npx playwright show-trace ../../test-results/visual-regression-design-c-d565c-u---matches-design-baseline-webkit/trace.zip

    ────────────────────────────────────────────────────────────────────────────────────────────────
]]>
</failure>
<system-out>
<![CDATA[
[[ATTACHMENT|visual-regression-design-c-d565c-u---matches-design-baseline-webkit/trace.zip]]
]]>
</system-out>
</testcase>
<testcase name="Visual Regression - Design Consistency › desktop (1280x720) › Scan - matches design baseline" classname="visual-regression/design-consistency.spec.ts" time="0.004">
<failure message="design-consistency.spec.ts:59:9 Scan - matches design baseline" type="FAILURE">
<![CDATA[  [webkit] › visual-regression/design-consistency.spec.ts:59:9 › Visual Regression - Design Consistency › desktop (1280x720) › Scan - matches design baseline 

    Error: browserType.launch: Executable doesn't exist at /home/codespace/.cache/ms-playwright/webkit-2215/pw_run.sh
    ╔═════════════════════════════════════════════════════════════════════════╗
    ║ Looks like Playwright Test or Playwright was just installed or updated. ║
    ║ Please run the following command to download new browsers:              ║
    ║                                                                         ║
    ║     npx playwright install                                              ║
    ║                                                                         ║
    ║ <3 Playwright Team                                                      ║
    ╚═════════════════════════════════════════════════════════════════════════╝

    attachment #1: trace (application/zip) ─────────────────────────────────────────────────────────
    ../../test-results/visual-regression-design-c-94db4-n---matches-design-baseline-webkit/trace.zip
    Usage:

        npx playwright show-trace ../../test-results/visual-regression-design-c-94db4-n---matches-design-baseline-webkit/trace.zip

    ────────────────────────────────────────────────────────────────────────────────────────────────
]]>
</failure>
<system-out>
<![CDATA[
[[ATTACHMENT|visual-regression-design-c-94db4-n---matches-design-baseline-webkit/trace.zip]]
]]>
</system-out>
</testcase>
<testcase name="Component Consistency › Buttons have consistent styling" classname="visual-regression/design-consistency.spec.ts" time="0.004">
<failure message="design-consistency.spec.ts:86:3 Buttons have consistent styling" type="FAILURE">
<![CDATA[  [webkit] › visual-regression/design-consistency.spec.ts:86:3 › Component Consistency › Buttons have consistent styling 

    Error: browserType.launch: Executable doesn't exist at /home/codespace/.cache/ms-playwright/webkit-2215/pw_run.sh
    ╔═════════════════════════════════════════════════════════════════════════╗
    ║ Looks like Playwright Test or Playwright was just installed or updated. ║
    ║ Please run the following command to download new browsers:              ║
    ║                                                                         ║
    ║     npx playwright install                                              ║
    ║                                                                         ║
    ║ <3 Playwright Team                                                      ║
    ╚═════════════════════════════════════════════════════════════════════════╝

    attachment #1: trace (application/zip) ─────────────────────────────────────────────────────────
    ../../test-results/visual-regression-design-c-e16f1-ons-have-consistent-styling-webkit/trace.zip
    Usage:

        npx playwright show-trace ../../test-results/visual-regression-design-c-e16f1-ons-have-consistent-styling-webkit/trace.zip

    ────────────────────────────────────────────────────────────────────────────────────────────────
]]>
</failure>
<system-out>
<![CDATA[
[[ATTACHMENT|visual-regression-design-c-e16f1-ons-have-consistent-styling-webkit/trace.zip]]
]]>
</system-out>
</testcase>
<testcase name="Component Consistency › Cards have consistent styling" classname="visual-regression/design-consistency.spec.ts" time="0.004">
<failure message="design-consistency.spec.ts:96:3 Cards have consistent styling" type="FAILURE">
<![CDATA[  [webkit] › visual-regression/design-consistency.spec.ts:96:3 › Component Consistency › Cards have consistent styling 

    Error: browserType.launch: Executable doesn't exist at /home/codespace/.cache/ms-playwright/webkit-2215/pw_run.sh
    ╔═════════════════════════════════════════════════════════════════════════╗
    ║ Looks like Playwright Test or Playwright was just installed or updated. ║
    ║ Please run the following command to download new browsers:              ║
    ║                                                                         ║
    ║     npx playwright install                                              ║
    ║                                                                         ║
    ║ <3 Playwright Team                                                      ║
    ╚═════════════════════════════════════════════════════════════════════════╝

    attachment #1: trace (application/zip) ─────────────────────────────────────────────────────────
    ../../test-results/visual-regression-design-c-103ee-rds-have-consistent-styling-webkit/trace.zip
    Usage:

        npx playwright show-trace ../../test-results/visual-regression-design-c-103ee-rds-have-consistent-styling-webkit/trace.zip

    ────────────────────────────────────────────────────────────────────────────────────────────────
]]>
</failure>
<system-out>
<![CDATA[
[[ATTACHMENT|visual-regression-design-c-103ee-rds-have-consistent-styling-webkit/trace.zip]]
]]>
</system-out>
</testcase>
<testcase name="Component Consistency › Typography follows design tokens" classname="visual-regression/design-consistency.spec.ts" time="0.004">
<failure message="design-consistency.spec.ts:106:3 Typography follows design tokens" type="FAILURE">
<![CDATA[  [webkit] › visual-regression/design-consistency.spec.ts:106:3 › Component Consistency › Typography follows design tokens 

    Error: browserType.launch: Executable doesn't exist at /home/codespace/.cache/ms-playwright/webkit-2215/pw_run.sh
    ╔═════════════════════════════════════════════════════════════════════════╗
    ║ Looks like Playwright Test or Playwright was just installed or updated. ║
    ║ Please run the following command to download new browsers:              ║
    ║                                                                         ║
    ║     npx playwright install                                              ║
    ║                                                                         ║
    ║ <3 Playwright Team                                                      ║
    ╚═════════════════════════════════════════════════════════════════════════╝

    attachment #1: trace (application/zip) ─────────────────────────────────────────────────────────
    ../../test-results/visual-regression-design-c-f4ce6-raphy-follows-design-tokens-webkit/trace.zip
    Usage:

        npx playwright show-trace ../../test-results/visual-regression-design-c-f4ce6-raphy-follows-design-tokens-webkit/trace.zip

    ────────────────────────────────────────────────────────────────────────────────────────────────
]]>
</failure>
<system-out>
<![CDATA[
[[ATTACHMENT|visual-regression-design-c-f4ce6-raphy-follows-design-tokens-webkit/trace.zip]]
]]>
</system-out>
</testcase>
<testcase name="Component Consistency › Spacing is consistent across pages" classname="visual-regression/design-consistency.spec.ts" time="0.004">
<failure message="design-consistency.spec.ts:118:3 Spacing is consistent across pages" type="FAILURE">
<![CDATA[  [webkit] › visual-regression/design-consistency.spec.ts:118:3 › Component Consistency › Spacing is consistent across pages 

    Error: browserType.launch: Executable doesn't exist at /home/codespace/.cache/ms-playwright/webkit-2215/pw_run.sh
    ╔═════════════════════════════════════════════════════════════════════════╗
    ║ Looks like Playwright Test or Playwright was just installed or updated. ║
    ║ Please run the following command to download new browsers:              ║
    ║                                                                         ║
    ║     npx playwright install                                              ║
    ║                                                                         ║
    ║ <3 Playwright Team                                                      ║
    ╚═════════════════════════════════════════════════════════════════════════╝

    attachment #1: trace (application/zip) ─────────────────────────────────────────────────────────
    ../../test-results/visual-regression-design-c-61b65--is-consistent-across-pages-webkit/trace.zip
    Usage:

        npx playwright show-trace ../../test-results/visual-regression-design-c-61b65--is-consistent-across-pages-webkit/trace.zip

    ────────────────────────────────────────────────────────────────────────────────────────────────
]]>
</failure>
<system-out>
<![CDATA[
[[ATTACHMENT|visual-regression-design-c-61b65--is-consistent-across-pages-webkit/trace.zip]]
]]>
</system-out>
</testcase>
<testcase name="Component Consistency › Forms have consistent input styling" classname="visual-regression/design-consistency.spec.ts" time="0.005">
<failure message="design-consistency.spec.ts:136:3 Forms have consistent input styling" type="FAILURE">
<![CDATA[  [webkit] › visual-regression/design-consistency.spec.ts:136:3 › Component Consistency › Forms have consistent input styling 

    Error: browserType.launch: Executable doesn't exist at /home/codespace/.cache/ms-playwright/webkit-2215/pw_run.sh
    ╔═════════════════════════════════════════════════════════════════════════╗
    ║ Looks like Playwright Test or Playwright was just installed or updated. ║
    ║ Please run the following command to download new browsers:              ║
    ║                                                                         ║
    ║     npx playwright install                                              ║
    ║                                                                         ║
    ║ <3 Playwright Team                                                      ║
    ╚═════════════════════════════════════════════════════════════════════════╝

    attachment #1: trace (application/zip) ─────────────────────────────────────────────────────────
    ../../test-results/visual-regression-design-c-e6bd1-ve-consistent-input-styling-webkit/trace.zip
    Usage:

        npx playwright show-trace ../../test-results/visual-regression-design-c-e6bd1-ve-consistent-input-styling-webkit/trace.zip

    ────────────────────────────────────────────────────────────────────────────────────────────────
]]>
</failure>
<system-out>
<![CDATA[
[[ATTACHMENT|visual-regression-design-c-e6bd1-ve-consistent-input-styling-webkit/trace.zip]]
]]>
</system-out>
</testcase>
<testcase name="Component Consistency › Colors follow design system" classname="visual-regression/design-consistency.spec.ts" time="0.003">
<failure message="design-consistency.spec.ts:150:3 Colors follow design system" type="FAILURE">
<![CDATA[  [webkit] › visual-regression/design-consistency.spec.ts:150:3 › Component Consistency › Colors follow design system 

    Error: browserType.launch: Executable doesn't exist at /home/codespace/.cache/ms-playwright/webkit-2215/pw_run.sh
    ╔═════════════════════════════════════════════════════════════════════════╗
    ║ Looks like Playwright Test or Playwright was just installed or updated. ║
    ║ Please run the following command to download new browsers:              ║
    ║                                                                         ║
    ║     npx playwright install                                              ║
    ║                                                                         ║
    ║ <3 Playwright Team                                                      ║
    ╚═════════════════════════════════════════════════════════════════════════╝

    attachment #1: trace (application/zip) ─────────────────────────────────────────────────────────
    ../../test-results/visual-regression-design-c-ca12e-Colors-follow-design-system-webkit/trace.zip
    Usage:

        npx playwright show-trace ../../test-results/visual-regression-design-c-ca12e-Colors-follow-design-system-webkit/trace.zip

    ────────────────────────────────────────────────────────────────────────────────────────────────
]]>
</failure>
<system-out>
<![CDATA[
[[ATTACHMENT|visual-regression-design-c-ca12e-Colors-follow-design-system-webkit/trace.zip]]
]]>
</system-out>
</testcase>
<testcase name="Responsive Design Consistency › Mobile breakpoint applies correct styles" classname="visual-regression/design-consistency.spec.ts" time="0.003">
<failure message="design-consistency.spec.ts:171:3 Mobile breakpoint applies correct styles" type="FAILURE">
<![CDATA[  [webkit] › visual-regression/design-consistency.spec.ts:171:3 › Responsive Design Consistency › Mobile breakpoint applies correct styles 

    Error: browserType.launch: Executable doesn't exist at /home/codespace/.cache/ms-playwright/webkit-2215/pw_run.sh
    ╔═════════════════════════════════════════════════════════════════════════╗
    ║ Looks like Playwright Test or Playwright was just installed or updated. ║
    ║ Please run the following command to download new browsers:              ║
    ║                                                                         ║
    ║     npx playwright install                                              ║
    ║                                                                         ║
    ║ <3 Playwright Team                                                      ║
    ╚═════════════════════════════════════════════════════════════════════════╝

    attachment #1: trace (application/zip) ─────────────────────────────────────────────────────────
    ../../test-results/visual-regression-design-c-24055-oint-applies-correct-styles-webkit/trace.zip
    Usage:

        npx playwright show-trace ../../test-results/visual-regression-design-c-24055-oint-applies-correct-styles-webkit/trace.zip

    ────────────────────────────────────────────────────────────────────────────────────────────────
]]>
</failure>
<system-out>
<![CDATA[
[[ATTACHMENT|visual-regression-design-c-24055-oint-applies-correct-styles-webkit/trace.zip]]
]]>
</system-out>
</testcase>
<testcase name="Responsive Design Consistency › Desktop breakpoint applies correct styles" classname="visual-regression/design-consistency.spec.ts" time="0.003">
<failure message="design-consistency.spec.ts:185:3 Desktop breakpoint applies correct styles" type="FAILURE">
<![CDATA[  [webkit] › visual-regression/design-consistency.spec.ts:185:3 › Responsive Design Consistency › Desktop breakpoint applies correct styles 

    Error: browserType.launch: Executable doesn't exist at /home/codespace/.cache/ms-playwright/webkit-2215/pw_run.sh
    ╔═════════════════════════════════════════════════════════════════════════╗
    ║ Looks like Playwright Test or Playwright was just installed or updated. ║
    ║ Please run the following command to download new browsers:              ║
    ║                                                                         ║
    ║     npx playwright install                                              ║
    ║                                                                         ║
    ║ <3 Playwright Team                                                      ║
    ╚═════════════════════════════════════════════════════════════════════════╝

    attachment #1: trace (application/zip) ─────────────────────────────────────────────────────────
    ../../test-results/visual-regression-design-c-facf6-oint-applies-correct-styles-webkit/trace.zip
    Usage:

        npx playwright show-trace ../../test-results/visual-regression-design-c-facf6-oint-applies-correct-styles-webkit/trace.zip

    ────────────────────────────────────────────────────────────────────────────────────────────────
]]>
</failure>
<system-out>
<![CDATA[
[[ATTACHMENT|visual-regression-design-c-facf6-oint-applies-correct-styles-webkit/trace.zip]]
]]>
</system-out>
</testcase>
<testcase name="Responsive Design Consistency › Landscape orientation on mobile works correctly" classname="visual-regression/design-consistency.spec.ts" time="0.003">
<failure message="design-consistency.spec.ts:199:3 Landscape orientation on mobile works correctly" type="FAILURE">
<![CDATA[  [webkit] › visual-regression/design-consistency.spec.ts:199:3 › Responsive Design Consistency › Landscape orientation on mobile works correctly 

    Error: browserType.launch: Executable doesn't exist at /home/codespace/.cache/ms-playwright/webkit-2215/pw_run.sh
    ╔═════════════════════════════════════════════════════════════════════════╗
    ║ Looks like Playwright Test or Playwright was just installed or updated. ║
    ║ Please run the following command to download new browsers:              ║
    ║                                                                         ║
    ║     npx playwright install                                              ║
    ║                                                                         ║
    ║ <3 Playwright Team                                                      ║
    ╚═════════════════════════════════════════════════════════════════════════╝

    attachment #1: trace (application/zip) ─────────────────────────────────────────────────────────
    ../../test-results/visual-regression-design-c-adc76-n-on-mobile-works-correctly-webkit/trace.zip
    Usage:

        npx playwright show-trace ../../test-results/visual-regression-design-c-adc76-n-on-mobile-works-correctly-webkit/trace.zip

    ────────────────────────────────────────────────────────────────────────────────────────────────
]]>
</failure>
<system-out>
<![CDATA[
[[ATTACHMENT|visual-regression-design-c-adc76-n-on-mobile-works-correctly-webkit/trace.zip]]
]]>
</system-out>
</testcase>
<testcase name="Animation Consistency › Hover effects are consistent" classname="visual-regression/design-consistency.spec.ts" time="0.003">
<failure message="design-consistency.spec.ts:211:3 Hover effects are consistent" type="FAILURE">
<![CDATA[  [webkit] › visual-regression/design-consistency.spec.ts:211:3 › Animation Consistency › Hover effects are consistent 

    Error: browserType.launch: Executable doesn't exist at /home/codespace/.cache/ms-playwright/webkit-2215/pw_run.sh
    ╔═════════════════════════════════════════════════════════════════════════╗
    ║ Looks like Playwright Test or Playwright was just installed or updated. ║
    ║ Please run the following command to download new browsers:              ║
    ║                                                                         ║
    ║     npx playwright install                                              ║
    ║                                                                         ║
    ║ <3 Playwright Team                                                      ║
    ╚═════════════════════════════════════════════════════════════════════════╝

    attachment #1: trace (application/zip) ─────────────────────────────────────────────────────────
    ../../test-results/visual-regression-design-c-911c2-over-effects-are-consistent-webkit/trace.zip
    Usage:

        npx playwright show-trace ../../test-results/visual-regression-design-c-911c2-over-effects-are-consistent-webkit/trace.zip

    ────────────────────────────────────────────────────────────────────────────────────────────────
]]>
</failure>
<system-out>
<![CDATA[
[[ATTACHMENT|visual-regression-design-c-911c2-over-effects-are-consistent-webkit/trace.zip]]
]]>
</system-out>
</testcase>
<testcase name="Animation Consistency › Focus states are visible" classname="visual-regression/design-consistency.spec.ts" time="0.004">
<failure message="design-consistency.spec.ts:228:3 Focus states are visible" type="FAILURE">
<![CDATA[  [webkit] › visual-regression/design-consistency.spec.ts:228:3 › Animation Consistency › Focus states are visible 

    Error: browserType.launch: Executable doesn't exist at /home/codespace/.cache/ms-playwright/webkit-2215/pw_run.sh
    ╔═════════════════════════════════════════════════════════════════════════╗
    ║ Looks like Playwright Test or Playwright was just installed or updated. ║
    ║ Please run the following command to download new browsers:              ║
    ║                                                                         ║
    ║     npx playwright install                                              ║
    ║                                                                         ║
    ║ <3 Playwright Team                                                      ║
    ╚═════════════════════════════════════════════════════════════════════════╝

    attachment #1: trace (application/zip) ─────────────────────────────────────────────────────────
    ../../test-results/visual-regression-design-c-82925-cy-Focus-states-are-visible-webkit/trace.zip
    Usage:

        npx playwright show-trace ../../test-results/visual-regression-design-c-82925-cy-Focus-states-are-visible-webkit/trace.zip

    ────────────────────────────────────────────────────────────────────────────────────────────────
]]>
</failure>
<system-out>
<![CDATA[
[[ATTACHMENT|visual-regression-design-c-82925-cy-Focus-states-are-visible-webkit/trace.zip]]
]]>
</system-out>
</testcase>
</testsuite>
<testsuite name="visual-regression/design-consistency.spec.ts" timestamp="2025-10-27T02:13:43.818Z" hostname="iphone-12" tests="67" failures="67" skipped="0" time="0.3" errors="0">
<testcase name="Visual Regression - Design Consistency › mobile-small (375x667) › Biometric Enrollment - matches design baseline" classname="visual-regression/design-consistency.spec.ts" time="0.004">
<failure message="design-consistency.spec.ts:59:9 Biometric Enrollment - matches design baseline" type="FAILURE">
<![CDATA[  [iphone-12] › visual-regression/design-consistency.spec.ts:59:9 › Visual Regression - Design Consistency › mobile-small (375x667) › Biometric Enrollment - matches design baseline 

    Error: browserType.launch: Executable doesn't exist at /home/codespace/.cache/ms-playwright/webkit-2215/pw_run.sh
    ╔═════════════════════════════════════════════════════════════════════════╗
    ║ Looks like Playwright Test or Playwright was just installed or updated. ║
    ║ Please run the following command to download new browsers:              ║
    ║                                                                         ║
    ║     npx playwright install                                              ║
    ║                                                                         ║
    ║ <3 Playwright Team                                                      ║
    ╚═════════════════════════════════════════════════════════════════════════╝

    attachment #1: trace (application/zip) ─────────────────────────────────────────────────────────
    ../../test-results/visual-regression-design-c-2751f-t---matches-design-baseline-iphone-12/trace.zip
    Usage:

        npx playwright show-trace ../../test-results/visual-regression-design-c-2751f-t---matches-design-baseline-iphone-12/trace.zip

    ────────────────────────────────────────────────────────────────────────────────────────────────
]]>
</failure>
<system-out>
<![CDATA[
[[ATTACHMENT|visual-regression-design-c-2751f-t---matches-design-baseline-iphone-12/trace.zip]]
]]>
</system-out>
</testcase>
<testcase name="Visual Regression - Design Consistency › mobile-small (375x667) › Onboarding - matches design baseline" classname="visual-regression/design-consistency.spec.ts" time="0.004">
<failure message="design-consistency.spec.ts:59:9 Onboarding - matches design baseline" type="FAILURE">
<![CDATA[  [iphone-12] › visual-regression/design-consistency.spec.ts:59:9 › Visual Regression - Design Consistency › mobile-small (375x667) › Onboarding - matches design baseline 

    Error: browserType.launch: Executable doesn't exist at /home/codespace/.cache/ms-playwright/webkit-2215/pw_run.sh
    ╔═════════════════════════════════════════════════════════════════════════╗
    ║ Looks like Playwright Test or Playwright was just installed or updated. ║
    ║ Please run the following command to download new browsers:              ║
    ║                                                                         ║
    ║     npx playwright install                                              ║
    ║                                                                         ║
    ║ <3 Playwright Team                                                      ║
    ╚═════════════════════════════════════════════════════════════════════════╝

    attachment #1: trace (application/zip) ─────────────────────────────────────────────────────────
    ../../test-results/visual-regression-design-c-afc69-g---matches-design-baseline-iphone-12/trace.zip
    Usage:

        npx playwright show-trace ../../test-results/visual-regression-design-c-afc69-g---matches-design-baseline-iphone-12/trace.zip

    ────────────────────────────────────────────────────────────────────────────────────────────────
]]>
</failure>
<system-out>
<![CDATA[
[[ATTACHMENT|visual-regression-design-c-afc69-g---matches-design-baseline-iphone-12/trace.zip]]
]]>
</system-out>
</testcase>
<testcase name="Visual Regression - Design Consistency › mobile-small (375x667) › Create Password - matches design baseline" classname="visual-regression/design-consistency.spec.ts" time="0.005">
<failure message="design-consistency.spec.ts:59:9 Create Password - matches design baseline" type="FAILURE">
<![CDATA[  [iphone-12] › visual-regression/design-consistency.spec.ts:59:9 › Visual Regression - Design Consistency › mobile-small (375x667) › Create Password - matches design baseline 

    Error: browserType.launch: Executable doesn't exist at /home/codespace/.cache/ms-playwright/webkit-2215/pw_run.sh
    ╔═════════════════════════════════════════════════════════════════════════╗
    ║ Looks like Playwright Test or Playwright was just installed or updated. ║
    ║ Please run the following command to download new browsers:              ║
    ║                                                                         ║
    ║     npx playwright install                                              ║
    ║                                                                         ║
    ║ <3 Playwright Team                                                      ║
    ╚═════════════════════════════════════════════════════════════════════════╝

    attachment #1: trace (application/zip) ─────────────────────────────────────────────────────────
    ../../test-results/visual-regression-design-c-3e099-d---matches-design-baseline-iphone-12/trace.zip
    Usage:

        npx playwright show-trace ../../test-results/visual-regression-design-c-3e099-d---matches-design-baseline-iphone-12/trace.zip

    ────────────────────────────────────────────────────────────────────────────────────────────────
]]>
</failure>
<system-out>
<![CDATA[
[[ATTACHMENT|visual-regression-design-c-3e099-d---matches-design-baseline-iphone-12/trace.zip]]
]]>
</system-out>
</testcase>
<testcase name="Visual Regression - Design Consistency › mobile-small (375x667) › Setup Biometrics - matches design baseline" classname="visual-regression/design-consistency.spec.ts" time="0.004">
<failure message="design-consistency.spec.ts:59:9 Setup Biometrics - matches design baseline" type="FAILURE">
<![CDATA[  [iphone-12] › visual-regression/design-consistency.spec.ts:59:9 › Visual Regression - Design Consistency › mobile-small (375x667) › Setup Biometrics - matches design baseline 

    Error: browserType.launch: Executable doesn't exist at /home/codespace/.cache/ms-playwright/webkit-2215/pw_run.sh
    ╔═════════════════════════════════════════════════════════════════════════╗
    ║ Looks like Playwright Test or Playwright was just installed or updated. ║
    ║ Please run the following command to download new browsers:              ║
    ║                                                                         ║
    ║     npx playwright install                                              ║
    ║                                                                         ║
    ║ <3 Playwright Team                                                      ║
    ╚═════════════════════════════════════════════════════════════════════════╝

    attachment #1: trace (application/zip) ─────────────────────────────────────────────────────────
    ../../test-results/visual-regression-design-c-eec72-s---matches-design-baseline-iphone-12/trace.zip
    Usage:

        npx playwright show-trace ../../test-results/visual-regression-design-c-eec72-s---matches-design-baseline-iphone-12/trace.zip

    ────────────────────────────────────────────────────────────────────────────────────────────────
]]>
</failure>
<system-out>
<![CDATA[
[[ATTACHMENT|visual-regression-design-c-eec72-s---matches-design-baseline-iphone-12/trace.zip]]
]]>
</system-out>
</testcase>
<testcase name="Visual Regression - Design Consistency › mobile-small (375x667) › Generate Seed Phrase - matches design baseline" classname="visual-regression/design-consistency.spec.ts" time="0.004">
<failure message="design-consistency.spec.ts:59:9 Generate Seed Phrase - matches design baseline" type="FAILURE">
<![CDATA[  [iphone-12] › visual-regression/design-consistency.spec.ts:59:9 › Visual Regression - Design Consistency › mobile-small (375x667) › Generate Seed Phrase - matches design baseline 

    Error: browserType.launch: Executable doesn't exist at /home/codespace/.cache/ms-playwright/webkit-2215/pw_run.sh
    ╔═════════════════════════════════════════════════════════════════════════╗
    ║ Looks like Playwright Test or Playwright was just installed or updated. ║
    ║ Please run the following command to download new browsers:              ║
    ║                                                                         ║
    ║     npx playwright install                                              ║
    ║                                                                         ║
    ║ <3 Playwright Team                                                      ║
    ╚═════════════════════════════════════════════════════════════════════════╝

    attachment #1: trace (application/zip) ─────────────────────────────────────────────────────────
    ../../test-results/visual-regression-design-c-c1a7d-e---matches-design-baseline-iphone-12/trace.zip
    Usage:

        npx playwright show-trace ../../test-results/visual-regression-design-c-c1a7d-e---matches-design-baseline-iphone-12/trace.zip

    ────────────────────────────────────────────────────────────────────────────────────────────────
]]>
</failure>
<system-out>
<![CDATA[
[[ATTACHMENT|visual-regression-design-c-c1a7d-e---matches-design-baseline-iphone-12/trace.zip]]
]]>
</system-out>
</testcase>
<testcase name="Visual Regression - Design Consistency › mobile-small (375x667) › Verify Seed Phrase - matches design baseline" classname="visual-regression/design-consistency.spec.ts" time="0.005">
<failure message="design-consistency.spec.ts:59:9 Verify Seed Phrase - matches design baseline" type="FAILURE">
<![CDATA[  [iphone-12] › visual-regression/design-consistency.spec.ts:59:9 › Visual Regression - Design Consistency › mobile-small (375x667) › Verify Seed Phrase - matches design baseline 

    Error: browserType.launch: Executable doesn't exist at /home/codespace/.cache/ms-playwright/webkit-2215/pw_run.sh
    ╔═════════════════════════════════════════════════════════════════════════╗
    ║ Looks like Playwright Test or Playwright was just installed or updated. ║
    ║ Please run the following command to download new browsers:              ║
    ║                                                                         ║
    ║     npx playwright install                                              ║
    ║                                                                         ║
    ║ <3 Playwright Team                                                      ║
    ╚═════════════════════════════════════════════════════════════════════════╝

    attachment #1: trace (application/zip) ─────────────────────────────────────────────────────────
    ../../test-results/visual-regression-design-c-a97b6-e---matches-design-baseline-iphone-12/trace.zip
    Usage:

        npx playwright show-trace ../../test-results/visual-regression-design-c-a97b6-e---matches-design-baseline-iphone-12/trace.zip

    ────────────────────────────────────────────────────────────────────────────────────────────────
]]>
</failure>
<system-out>
<![CDATA[
[[ATTACHMENT|visual-regression-design-c-a97b6-e---matches-design-baseline-iphone-12/trace.zip]]
]]>
</system-out>
</testcase>
<testcase name="Visual Regression - Design Consistency › mobile-small (375x667) › Set Passcode - matches design baseline" classname="visual-regression/design-consistency.spec.ts" time="0.005">
<failure message="design-consistency.spec.ts:59:9 Set Passcode - matches design baseline" type="FAILURE">
<![CDATA[  [iphone-12] › visual-regression/design-consistency.spec.ts:59:9 › Visual Regression - Design Consistency › mobile-small (375x667) › Set Passcode - matches design baseline 

    Error: browserType.launch: Executable doesn't exist at /home/codespace/.cache/ms-playwright/webkit-2215/pw_run.sh
    ╔═════════════════════════════════════════════════════════════════════════╗
    ║ Looks like Playwright Test or Playwright was just installed or updated. ║
    ║ Please run the following command to download new browsers:              ║
    ║                                                                         ║
    ║     npx playwright install                                              ║
    ║                                                                         ║
    ║ <3 Playwright Team                                                      ║
    ╚═════════════════════════════════════════════════════════════════════════╝

    attachment #1: trace (application/zip) ─────────────────────────────────────────────────────────
    ../../test-results/visual-regression-design-c-1d784-e---matches-design-baseline-iphone-12/trace.zip
    Usage:

        npx playwright show-trace ../../test-results/visual-regression-design-c-1d784-e---matches-design-baseline-iphone-12/trace.zip

    ────────────────────────────────────────────────────────────────────────────────────────────────
]]>
</failure>
<system-out>
<![CDATA[
[[ATTACHMENT|visual-regression-design-c-1d784-e---matches-design-baseline-iphone-12/trace.zip]]
]]>
</system-out>
</testcase>
<testcase name="Visual Regression - Design Consistency › mobile-small (375x667) › Lock Page - matches design baseline" classname="visual-regression/design-consistency.spec.ts" time="0.004">
<failure message="design-consistency.spec.ts:59:9 Lock Page - matches design baseline" type="FAILURE">
<![CDATA[  [iphone-12] › visual-regression/design-consistency.spec.ts:59:9 › Visual Regression - Design Consistency › mobile-small (375x667) › Lock Page - matches design baseline 

    Error: browserType.launch: Executable doesn't exist at /home/codespace/.cache/ms-playwright/webkit-2215/pw_run.sh
    ╔═════════════════════════════════════════════════════════════════════════╗
    ║ Looks like Playwright Test or Playwright was just installed or updated. ║
    ║ Please run the following command to download new browsers:              ║
    ║                                                                         ║
    ║     npx playwright install                                              ║
    ║                                                                         ║
    ║ <3 Playwright Team                                                      ║
    ╚═════════════════════════════════════════════════════════════════════════╝

    attachment #1: trace (application/zip) ─────────────────────────────────────────────────────────
    ../../test-results/visual-regression-design-c-3a010-e---matches-design-baseline-iphone-12/trace.zip
    Usage:

        npx playwright show-trace ../../test-results/visual-regression-design-c-3a010-e---matches-design-baseline-iphone-12/trace.zip

    ────────────────────────────────────────────────────────────────────────────────────────────────
]]>
</failure>
<system-out>
<![CDATA[
[[ATTACHMENT|visual-regression-design-c-3a010-e---matches-design-baseline-iphone-12/trace.zip]]
]]>
</system-out>
</testcase>
<testcase name="Visual Regression - Design Consistency › mobile-small (375x667) › Credentials - matches design baseline" classname="visual-regression/design-consistency.spec.ts" time="0.004">
<failure message="design-consistency.spec.ts:59:9 Credentials - matches design baseline" type="FAILURE">
<![CDATA[  [iphone-12] › visual-regression/design-consistency.spec.ts:59:9 › Visual Regression - Design Consistency › mobile-small (375x667) › Credentials - matches design baseline 

    Error: browserType.launch: Executable doesn't exist at /home/codespace/.cache/ms-playwright/webkit-2215/pw_run.sh
    ╔═════════════════════════════════════════════════════════════════════════╗
    ║ Looks like Playwright Test or Playwright was just installed or updated. ║
    ║ Please run the following command to download new browsers:              ║
    ║                                                                         ║
    ║     npx playwright install                                              ║
    ║                                                                         ║
    ║ <3 Playwright Team                                                      ║
    ╚═════════════════════════════════════════════════════════════════════════╝

    attachment #1: trace (application/zip) ─────────────────────────────────────────────────────────
    ../../test-results/visual-regression-design-c-eb966-s---matches-design-baseline-iphone-12/trace.zip
    Usage:

        npx playwright show-trace ../../test-results/visual-regression-design-c-eb966-s---matches-design-baseline-iphone-12/trace.zip

    ────────────────────────────────────────────────────────────────────────────────────────────────
]]>
</failure>
<system-out>
<![CDATA[
[[ATTACHMENT|visual-regression-design-c-eb966-s---matches-design-baseline-iphone-12/trace.zip]]
]]>
</system-out>
</testcase>
<testcase name="Visual Regression - Design Consistency › mobile-small (375x667) › Identifiers - matches design baseline" classname="visual-regression/design-consistency.spec.ts" time="0.005">
<failure message="design-consistency.spec.ts:59:9 Identifiers - matches design baseline" type="FAILURE">
<![CDATA[  [iphone-12] › visual-regression/design-consistency.spec.ts:59:9 › Visual Regression - Design Consistency › mobile-small (375x667) › Identifiers - matches design baseline 

    Error: browserType.launch: Executable doesn't exist at /home/codespace/.cache/ms-playwright/webkit-2215/pw_run.sh
    ╔═════════════════════════════════════════════════════════════════════════╗
    ║ Looks like Playwright Test or Playwright was just installed or updated. ║
    ║ Please run the following command to download new browsers:              ║
    ║                                                                         ║
    ║     npx playwright install                                              ║
    ║                                                                         ║
    ║ <3 Playwright Team                                                      ║
    ╚═════════════════════════════════════════════════════════════════════════╝

    attachment #1: trace (application/zip) ─────────────────────────────────────────────────────────
    ../../test-results/visual-regression-design-c-eb810-s---matches-design-baseline-iphone-12/trace.zip
    Usage:

        npx playwright show-trace ../../test-results/visual-regression-design-c-eb810-s---matches-design-baseline-iphone-12/trace.zip

    ────────────────────────────────────────────────────────────────────────────────────────────────
]]>
</failure>
<system-out>
<![CDATA[
[[ATTACHMENT|visual-regression-design-c-eb810-s---matches-design-baseline-iphone-12/trace.zip]]
]]>
</system-out>
</testcase>
<testcase name="Visual Regression - Design Consistency › mobile-small (375x667) › Connections - matches design baseline" classname="visual-regression/design-consistency.spec.ts" time="0.004">
<failure message="design-consistency.spec.ts:59:9 Connections - matches design baseline" type="FAILURE">
<![CDATA[  [iphone-12] › visual-regression/design-consistency.spec.ts:59:9 › Visual Regression - Design Consistency › mobile-small (375x667) › Connections - matches design baseline 

    Error: browserType.launch: Executable doesn't exist at /home/codespace/.cache/ms-playwright/webkit-2215/pw_run.sh
    ╔═════════════════════════════════════════════════════════════════════════╗
    ║ Looks like Playwright Test or Playwright was just installed or updated. ║
    ║ Please run the following command to download new browsers:              ║
    ║                                                                         ║
    ║     npx playwright install                                              ║
    ║                                                                         ║
    ║ <3 Playwright Team                                                      ║
    ╚═════════════════════════════════════════════════════════════════════════╝

    attachment #1: trace (application/zip) ─────────────────────────────────────────────────────────
    ../../test-results/visual-regression-design-c-47ea2-s---matches-design-baseline-iphone-12/trace.zip
    Usage:

        npx playwright show-trace ../../test-results/visual-regression-design-c-47ea2-s---matches-design-baseline-iphone-12/trace.zip

    ────────────────────────────────────────────────────────────────────────────────────────────────
]]>
</failure>
<system-out>
<![CDATA[
[[ATTACHMENT|visual-regression-design-c-47ea2-s---matches-design-baseline-iphone-12/trace.zip]]
]]>
</system-out>
</testcase>
<testcase name="Visual Regression - Design Consistency › mobile-small (375x667) › Notifications - matches design baseline" classname="visual-regression/design-consistency.spec.ts" time="0.005">
<failure message="design-consistency.spec.ts:59:9 Notifications - matches design baseline" type="FAILURE">
<![CDATA[  [iphone-12] › visual-regression/design-consistency.spec.ts:59:9 › Visual Regression - Design Consistency › mobile-small (375x667) › Notifications - matches design baseline 

    Error: browserType.launch: Executable doesn't exist at /home/codespace/.cache/ms-playwright/webkit-2215/pw_run.sh
    ╔═════════════════════════════════════════════════════════════════════════╗
    ║ Looks like Playwright Test or Playwright was just installed or updated. ║
    ║ Please run the following command to download new browsers:              ║
    ║                                                                         ║
    ║     npx playwright install                                              ║
    ║                                                                         ║
    ║ <3 Playwright Team                                                      ║
    ╚═════════════════════════════════════════════════════════════════════════╝

    attachment #1: trace (application/zip) ─────────────────────────────────────────────────────────
    ../../test-results/visual-regression-design-c-95a73-s---matches-design-baseline-iphone-12/trace.zip
    Usage:

        npx playwright show-trace ../../test-results/visual-regression-design-c-95a73-s---matches-design-baseline-iphone-12/trace.zip

    ────────────────────────────────────────────────────────────────────────────────────────────────
]]>
</failure>
<system-out>
<![CDATA[
[[ATTACHMENT|visual-regression-design-c-95a73-s---matches-design-baseline-iphone-12/trace.zip]]
]]>
</system-out>
</testcase>
<testcase name="Visual Regression - Design Consistency › mobile-small (375x667) › Menu - matches design baseline" classname="visual-regression/design-consistency.spec.ts" time="0.004">
<failure message="design-consistency.spec.ts:59:9 Menu - matches design baseline" type="FAILURE">
<![CDATA[  [iphone-12] › visual-regression/design-consistency.spec.ts:59:9 › Visual Regression - Design Consistency › mobile-small (375x667) › Menu - matches design baseline 

    Error: browserType.launch: Executable doesn't exist at /home/codespace/.cache/ms-playwright/webkit-2215/pw_run.sh
    ╔═════════════════════════════════════════════════════════════════════════╗
    ║ Looks like Playwright Test or Playwright was just installed or updated. ║
    ║ Please run the following command to download new browsers:              ║
    ║                                                                         ║
    ║     npx playwright install                                              ║
    ║                                                                         ║
    ║ <3 Playwright Team                                                      ║
    ╚═════════════════════════════════════════════════════════════════════════╝

    attachment #1: trace (application/zip) ─────────────────────────────────────────────────────────
    ../../test-results/visual-regression-design-c-67878-u---matches-design-baseline-iphone-12/trace.zip
    Usage:

        npx playwright show-trace ../../test-results/visual-regression-design-c-67878-u---matches-design-baseline-iphone-12/trace.zip

    ────────────────────────────────────────────────────────────────────────────────────────────────
]]>
</failure>
<system-out>
<![CDATA[
[[ATTACHMENT|visual-regression-design-c-67878-u---matches-design-baseline-iphone-12/trace.zip]]
]]>
</system-out>
</testcase>
<testcase name="Visual Regression - Design Consistency › mobile-small (375x667) › Scan - matches design baseline" classname="visual-regression/design-consistency.spec.ts" time="0.005">
<failure message="design-consistency.spec.ts:59:9 Scan - matches design baseline" type="FAILURE">
<![CDATA[  [iphone-12] › visual-regression/design-consistency.spec.ts:59:9 › Visual Regression - Design Consistency › mobile-small (375x667) › Scan - matches design baseline 

    Error: browserType.launch: Executable doesn't exist at /home/codespace/.cache/ms-playwright/webkit-2215/pw_run.sh
    ╔═════════════════════════════════════════════════════════════════════════╗
    ║ Looks like Playwright Test or Playwright was just installed or updated. ║
    ║ Please run the following command to download new browsers:              ║
    ║                                                                         ║
    ║     npx playwright install                                              ║
    ║                                                                         ║
    ║ <3 Playwright Team                                                      ║
    ╚═════════════════════════════════════════════════════════════════════════╝

    attachment #1: trace (application/zip) ─────────────────────────────────────────────────────────
    ../../test-results/visual-regression-design-c-eed57-n---matches-design-baseline-iphone-12/trace.zip
    Usage:

        npx playwright show-trace ../../test-results/visual-regression-design-c-eed57-n---matches-design-baseline-iphone-12/trace.zip

    ────────────────────────────────────────────────────────────────────────────────────────────────
]]>
</failure>
<system-out>
<![CDATA[
[[ATTACHMENT|visual-regression-design-c-eed57-n---matches-design-baseline-iphone-12/trace.zip]]
]]>
</system-out>
</testcase>
<testcase name="Visual Regression - Design Consistency › mobile-medium (393x852) › Biometric Enrollment - matches design baseline" classname="visual-regression/design-consistency.spec.ts" time="0.004">
<failure message="design-consistency.spec.ts:59:9 Biometric Enrollment - matches design baseline" type="FAILURE">
<![CDATA[  [iphone-12] › visual-regression/design-consistency.spec.ts:59:9 › Visual Regression - Design Consistency › mobile-medium (393x852) › Biometric Enrollment - matches design baseline 

    Error: browserType.launch: Executable doesn't exist at /home/codespace/.cache/ms-playwright/webkit-2215/pw_run.sh
    ╔═════════════════════════════════════════════════════════════════════════╗
    ║ Looks like Playwright Test or Playwright was just installed or updated. ║
    ║ Please run the following command to download new browsers:              ║
    ║                                                                         ║
    ║     npx playwright install                                              ║
    ║                                                                         ║
    ║ <3 Playwright Team                                                      ║
    ╚═════════════════════════════════════════════════════════════════════════╝

    attachment #1: trace (application/zip) ─────────────────────────────────────────────────────────
    ../../test-results/visual-regression-design-c-88073-t---matches-design-baseline-iphone-12/trace.zip
    Usage:

        npx playwright show-trace ../../test-results/visual-regression-design-c-88073-t---matches-design-baseline-iphone-12/trace.zip

    ────────────────────────────────────────────────────────────────────────────────────────────────
]]>
</failure>
<system-out>
<![CDATA[
[[ATTACHMENT|visual-regression-design-c-88073-t---matches-design-baseline-iphone-12/trace.zip]]
]]>
</system-out>
</testcase>
<testcase name="Visual Regression - Design Consistency › mobile-medium (393x852) › Onboarding - matches design baseline" classname="visual-regression/design-consistency.spec.ts" time="0.004">
<failure message="design-consistency.spec.ts:59:9 Onboarding - matches design baseline" type="FAILURE">
<![CDATA[  [iphone-12] › visual-regression/design-consistency.spec.ts:59:9 › Visual Regression - Design Consistency › mobile-medium (393x852) › Onboarding - matches design baseline 

    Error: browserType.launch: Executable doesn't exist at /home/codespace/.cache/ms-playwright/webkit-2215/pw_run.sh
    ╔═════════════════════════════════════════════════════════════════════════╗
    ║ Looks like Playwright Test or Playwright was just installed or updated. ║
    ║ Please run the following command to download new browsers:              ║
    ║                                                                         ║
    ║     npx playwright install                                              ║
    ║                                                                         ║
    ║ <3 Playwright Team                                                      ║
    ╚═════════════════════════════════════════════════════════════════════════╝

    attachment #1: trace (application/zip) ─────────────────────────────────────────────────────────
    ../../test-results/visual-regression-design-c-5f6de-g---matches-design-baseline-iphone-12/trace.zip
    Usage:

        npx playwright show-trace ../../test-results/visual-regression-design-c-5f6de-g---matches-design-baseline-iphone-12/trace.zip

    ────────────────────────────────────────────────────────────────────────────────────────────────
]]>
</failure>
<system-out>
<![CDATA[
[[ATTACHMENT|visual-regression-design-c-5f6de-g---matches-design-baseline-iphone-12/trace.zip]]
]]>
</system-out>
</testcase>
<testcase name="Visual Regression - Design Consistency › mobile-medium (393x852) › Create Password - matches design baseline" classname="visual-regression/design-consistency.spec.ts" time="0.005">
<failure message="design-consistency.spec.ts:59:9 Create Password - matches design baseline" type="FAILURE">
<![CDATA[  [iphone-12] › visual-regression/design-consistency.spec.ts:59:9 › Visual Regression - Design Consistency › mobile-medium (393x852) › Create Password - matches design baseline 

    Error: browserType.launch: Executable doesn't exist at /home/codespace/.cache/ms-playwright/webkit-2215/pw_run.sh
    ╔═════════════════════════════════════════════════════════════════════════╗
    ║ Looks like Playwright Test or Playwright was just installed or updated. ║
    ║ Please run the following command to download new browsers:              ║
    ║                                                                         ║
    ║     npx playwright install                                              ║
    ║                                                                         ║
    ║ <3 Playwright Team                                                      ║
    ╚═════════════════════════════════════════════════════════════════════════╝

    attachment #1: trace (application/zip) ─────────────────────────────────────────────────────────
    ../../test-results/visual-regression-design-c-e7d2d-d---matches-design-baseline-iphone-12/trace.zip
    Usage:

        npx playwright show-trace ../../test-results/visual-regression-design-c-e7d2d-d---matches-design-baseline-iphone-12/trace.zip

    ────────────────────────────────────────────────────────────────────────────────────────────────
]]>
</failure>
<system-out>
<![CDATA[
[[ATTACHMENT|visual-regression-design-c-e7d2d-d---matches-design-baseline-iphone-12/trace.zip]]
]]>
</system-out>
</testcase>
<testcase name="Visual Regression - Design Consistency › mobile-medium (393x852) › Setup Biometrics - matches design baseline" classname="visual-regression/design-consistency.spec.ts" time="0.005">
<failure message="design-consistency.spec.ts:59:9 Setup Biometrics - matches design baseline" type="FAILURE">
<![CDATA[  [iphone-12] › visual-regression/design-consistency.spec.ts:59:9 › Visual Regression - Design Consistency › mobile-medium (393x852) › Setup Biometrics - matches design baseline 

    Error: browserType.launch: Executable doesn't exist at /home/codespace/.cache/ms-playwright/webkit-2215/pw_run.sh
    ╔═════════════════════════════════════════════════════════════════════════╗
    ║ Looks like Playwright Test or Playwright was just installed or updated. ║
    ║ Please run the following command to download new browsers:              ║
    ║                                                                         ║
    ║     npx playwright install                                              ║
    ║                                                                         ║
    ║ <3 Playwright Team                                                      ║
    ╚═════════════════════════════════════════════════════════════════════════╝

    attachment #1: trace (application/zip) ─────────────────────────────────────────────────────────
    ../../test-results/visual-regression-design-c-d4b30-s---matches-design-baseline-iphone-12/trace.zip
    Usage:

        npx playwright show-trace ../../test-results/visual-regression-design-c-d4b30-s---matches-design-baseline-iphone-12/trace.zip

    ────────────────────────────────────────────────────────────────────────────────────────────────
]]>
</failure>
<system-out>
<![CDATA[
[[ATTACHMENT|visual-regression-design-c-d4b30-s---matches-design-baseline-iphone-12/trace.zip]]
]]>
</system-out>
</testcase>
<testcase name="Visual Regression - Design Consistency › mobile-medium (393x852) › Generate Seed Phrase - matches design baseline" classname="visual-regression/design-consistency.spec.ts" time="0.004">
<failure message="design-consistency.spec.ts:59:9 Generate Seed Phrase - matches design baseline" type="FAILURE">
<![CDATA[  [iphone-12] › visual-regression/design-consistency.spec.ts:59:9 › Visual Regression - Design Consistency › mobile-medium (393x852) › Generate Seed Phrase - matches design baseline 

    Error: browserType.launch: Executable doesn't exist at /home/codespace/.cache/ms-playwright/webkit-2215/pw_run.sh
    ╔═════════════════════════════════════════════════════════════════════════╗
    ║ Looks like Playwright Test or Playwright was just installed or updated. ║
    ║ Please run the following command to download new browsers:              ║
    ║                                                                         ║
    ║     npx playwright install                                              ║
    ║                                                                         ║
    ║ <3 Playwright Team                                                      ║
    ╚═════════════════════════════════════════════════════════════════════════╝

    attachment #1: trace (application/zip) ─────────────────────────────────────────────────────────
    ../../test-results/visual-regression-design-c-7f4d1-e---matches-design-baseline-iphone-12/trace.zip
    Usage:

        npx playwright show-trace ../../test-results/visual-regression-design-c-7f4d1-e---matches-design-baseline-iphone-12/trace.zip

    ────────────────────────────────────────────────────────────────────────────────────────────────
]]>
</failure>
<system-out>
<![CDATA[
[[ATTACHMENT|visual-regression-design-c-7f4d1-e---matches-design-baseline-iphone-12/trace.zip]]
]]>
</system-out>
</testcase>
<testcase name="Visual Regression - Design Consistency › mobile-medium (393x852) › Verify Seed Phrase - matches design baseline" classname="visual-regression/design-consistency.spec.ts" time="0.005">
<failure message="design-consistency.spec.ts:59:9 Verify Seed Phrase - matches design baseline" type="FAILURE">
<![CDATA[  [iphone-12] › visual-regression/design-consistency.spec.ts:59:9 › Visual Regression - Design Consistency › mobile-medium (393x852) › Verify Seed Phrase - matches design baseline 

    Error: browserType.launch: Executable doesn't exist at /home/codespace/.cache/ms-playwright/webkit-2215/pw_run.sh
    ╔═════════════════════════════════════════════════════════════════════════╗
    ║ Looks like Playwright Test or Playwright was just installed or updated. ║
    ║ Please run the following command to download new browsers:              ║
    ║                                                                         ║
    ║     npx playwright install                                              ║
    ║                                                                         ║
    ║ <3 Playwright Team                                                      ║
    ╚═════════════════════════════════════════════════════════════════════════╝

    attachment #1: trace (application/zip) ─────────────────────────────────────────────────────────
    ../../test-results/visual-regression-design-c-82e95-e---matches-design-baseline-iphone-12/trace.zip
    Usage:

        npx playwright show-trace ../../test-results/visual-regression-design-c-82e95-e---matches-design-baseline-iphone-12/trace.zip

    ────────────────────────────────────────────────────────────────────────────────────────────────
]]>
</failure>
<system-out>
<![CDATA[
[[ATTACHMENT|visual-regression-design-c-82e95-e---matches-design-baseline-iphone-12/trace.zip]]
]]>
</system-out>
</testcase>
<testcase name="Visual Regression - Design Consistency › mobile-medium (393x852) › Set Passcode - matches design baseline" classname="visual-regression/design-consistency.spec.ts" time="0.005">
<failure message="design-consistency.spec.ts:59:9 Set Passcode - matches design baseline" type="FAILURE">
<![CDATA[  [iphone-12] › visual-regression/design-consistency.spec.ts:59:9 › Visual Regression - Design Consistency › mobile-medium (393x852) › Set Passcode - matches design baseline 

    Error: browserType.launch: Executable doesn't exist at /home/codespace/.cache/ms-playwright/webkit-2215/pw_run.sh
    ╔═════════════════════════════════════════════════════════════════════════╗
    ║ Looks like Playwright Test or Playwright was just installed or updated. ║
    ║ Please run the following command to download new browsers:              ║
    ║                                                                         ║
    ║     npx playwright install                                              ║
    ║                                                                         ║
    ║ <3 Playwright Team                                                      ║
    ╚═════════════════════════════════════════════════════════════════════════╝

    attachment #1: trace (application/zip) ─────────────────────────────────────────────────────────
    ../../test-results/visual-regression-design-c-2d4c3-e---matches-design-baseline-iphone-12/trace.zip
    Usage:

        npx playwright show-trace ../../test-results/visual-regression-design-c-2d4c3-e---matches-design-baseline-iphone-12/trace.zip

    ────────────────────────────────────────────────────────────────────────────────────────────────
]]>
</failure>
<system-out>
<![CDATA[
[[ATTACHMENT|visual-regression-design-c-2d4c3-e---matches-design-baseline-iphone-12/trace.zip]]
]]>
</system-out>
</testcase>
<testcase name="Visual Regression - Design Consistency › mobile-medium (393x852) › Lock Page - matches design baseline" classname="visual-regression/design-consistency.spec.ts" time="0.004">
<failure message="design-consistency.spec.ts:59:9 Lock Page - matches design baseline" type="FAILURE">
<![CDATA[  [iphone-12] › visual-regression/design-consistency.spec.ts:59:9 › Visual Regression - Design Consistency › mobile-medium (393x852) › Lock Page - matches design baseline 

    Error: browserType.launch: Executable doesn't exist at /home/codespace/.cache/ms-playwright/webkit-2215/pw_run.sh
    ╔═════════════════════════════════════════════════════════════════════════╗
    ║ Looks like Playwright Test or Playwright was just installed or updated. ║
    ║ Please run the following command to download new browsers:              ║
    ║                                                                         ║
    ║     npx playwright install                                              ║
    ║                                                                         ║
    ║ <3 Playwright Team                                                      ║
    ╚═════════════════════════════════════════════════════════════════════════╝

    attachment #1: trace (application/zip) ─────────────────────────────────────────────────────────
    ../../test-results/visual-regression-design-c-5d0d4-e---matches-design-baseline-iphone-12/trace.zip
    Usage:

        npx playwright show-trace ../../test-results/visual-regression-design-c-5d0d4-e---matches-design-baseline-iphone-12/trace.zip

    ────────────────────────────────────────────────────────────────────────────────────────────────
]]>
</failure>
<system-out>
<![CDATA[
[[ATTACHMENT|visual-regression-design-c-5d0d4-e---matches-design-baseline-iphone-12/trace.zip]]
]]>
</system-out>
</testcase>
<testcase name="Visual Regression - Design Consistency › mobile-medium (393x852) › Credentials - matches design baseline" classname="visual-regression/design-consistency.spec.ts" time="0.004">
<failure message="design-consistency.spec.ts:59:9 Credentials - matches design baseline" type="FAILURE">
<![CDATA[  [iphone-12] › visual-regression/design-consistency.spec.ts:59:9 › Visual Regression - Design Consistency › mobile-medium (393x852) › Credentials - matches design baseline 

    Error: browserType.launch: Executable doesn't exist at /home/codespace/.cache/ms-playwright/webkit-2215/pw_run.sh
    ╔═════════════════════════════════════════════════════════════════════════╗
    ║ Looks like Playwright Test or Playwright was just installed or updated. ║
    ║ Please run the following command to download new browsers:              ║
    ║                                                                         ║
    ║     npx playwright install                                              ║
    ║                                                                         ║
    ║ <3 Playwright Team                                                      ║
    ╚═════════════════════════════════════════════════════════════════════════╝

    attachment #1: trace (application/zip) ─────────────────────────────────────────────────────────
    ../../test-results/visual-regression-design-c-a585d-s---matches-design-baseline-iphone-12/trace.zip
    Usage:

        npx playwright show-trace ../../test-results/visual-regression-design-c-a585d-s---matches-design-baseline-iphone-12/trace.zip

    ────────────────────────────────────────────────────────────────────────────────────────────────
]]>
</failure>
<system-out>
<![CDATA[
[[ATTACHMENT|visual-regression-design-c-a585d-s---matches-design-baseline-iphone-12/trace.zip]]
]]>
</system-out>
</testcase>
<testcase name="Visual Regression - Design Consistency › mobile-medium (393x852) › Identifiers - matches design baseline" classname="visual-regression/design-consistency.spec.ts" time="0.005">
<failure message="design-consistency.spec.ts:59:9 Identifiers - matches design baseline" type="FAILURE">
<![CDATA[  [iphone-12] › visual-regression/design-consistency.spec.ts:59:9 › Visual Regression - Design Consistency › mobile-medium (393x852) › Identifiers - matches design baseline 

    Error: browserType.launch: Executable doesn't exist at /home/codespace/.cache/ms-playwright/webkit-2215/pw_run.sh
    ╔═════════════════════════════════════════════════════════════════════════╗
    ║ Looks like Playwright Test or Playwright was just installed or updated. ║
    ║ Please run the following command to download new browsers:              ║
    ║                                                                         ║
    ║     npx playwright install                                              ║
    ║                                                                         ║
    ║ <3 Playwright Team                                                      ║
    ╚═════════════════════════════════════════════════════════════════════════╝

    attachment #1: trace (application/zip) ─────────────────────────────────────────────────────────
    ../../test-results/visual-regression-design-c-16296-s---matches-design-baseline-iphone-12/trace.zip
    Usage:

        npx playwright show-trace ../../test-results/visual-regression-design-c-16296-s---matches-design-baseline-iphone-12/trace.zip

    ────────────────────────────────────────────────────────────────────────────────────────────────
]]>
</failure>
<system-out>
<![CDATA[
[[ATTACHMENT|visual-regression-design-c-16296-s---matches-design-baseline-iphone-12/trace.zip]]
]]>
</system-out>
</testcase>
<testcase name="Visual Regression - Design Consistency › mobile-medium (393x852) › Connections - matches design baseline" classname="visual-regression/design-consistency.spec.ts" time="0.004">
<failure message="design-consistency.spec.ts:59:9 Connections - matches design baseline" type="FAILURE">
<![CDATA[  [iphone-12] › visual-regression/design-consistency.spec.ts:59:9 › Visual Regression - Design Consistency › mobile-medium (393x852) › Connections - matches design baseline 

    Error: browserType.launch: Executable doesn't exist at /home/codespace/.cache/ms-playwright/webkit-2215/pw_run.sh
    ╔═════════════════════════════════════════════════════════════════════════╗
    ║ Looks like Playwright Test or Playwright was just installed or updated. ║
    ║ Please run the following command to download new browsers:              ║
    ║                                                                         ║
    ║     npx playwright install                                              ║
    ║                                                                         ║
    ║ <3 Playwright Team                                                      ║
    ╚═════════════════════════════════════════════════════════════════════════╝

    attachment #1: trace (application/zip) ─────────────────────────────────────────────────────────
    ../../test-results/visual-regression-design-c-70215-s---matches-design-baseline-iphone-12/trace.zip
    Usage:

        npx playwright show-trace ../../test-results/visual-regression-design-c-70215-s---matches-design-baseline-iphone-12/trace.zip

    ────────────────────────────────────────────────────────────────────────────────────────────────
]]>
</failure>
<system-out>
<![CDATA[
[[ATTACHMENT|visual-regression-design-c-70215-s---matches-design-baseline-iphone-12/trace.zip]]
]]>
</system-out>
</testcase>
<testcase name="Visual Regression - Design Consistency › mobile-medium (393x852) › Notifications - matches design baseline" classname="visual-regression/design-consistency.spec.ts" time="0.004">
<failure message="design-consistency.spec.ts:59:9 Notifications - matches design baseline" type="FAILURE">
<![CDATA[  [iphone-12] › visual-regression/design-consistency.spec.ts:59:9 › Visual Regression - Design Consistency › mobile-medium (393x852) › Notifications - matches design baseline 

    Error: browserType.launch: Executable doesn't exist at /home/codespace/.cache/ms-playwright/webkit-2215/pw_run.sh
    ╔═════════════════════════════════════════════════════════════════════════╗
    ║ Looks like Playwright Test or Playwright was just installed or updated. ║
    ║ Please run the following command to download new browsers:              ║
    ║                                                                         ║
    ║     npx playwright install                                              ║
    ║                                                                         ║
    ║ <3 Playwright Team                                                      ║
    ╚═════════════════════════════════════════════════════════════════════════╝

    attachment #1: trace (application/zip) ─────────────────────────────────────────────────────────
    ../../test-results/visual-regression-design-c-e3487-s---matches-design-baseline-iphone-12/trace.zip
    Usage:

        npx playwright show-trace ../../test-results/visual-regression-design-c-e3487-s---matches-design-baseline-iphone-12/trace.zip

    ────────────────────────────────────────────────────────────────────────────────────────────────
]]>
</failure>
<system-out>
<![CDATA[
[[ATTACHMENT|visual-regression-design-c-e3487-s---matches-design-baseline-iphone-12/trace.zip]]
]]>
</system-out>
</testcase>
<testcase name="Visual Regression - Design Consistency › mobile-medium (393x852) › Menu - matches design baseline" classname="visual-regression/design-consistency.spec.ts" time="0.004">
<failure message="design-consistency.spec.ts:59:9 Menu - matches design baseline" type="FAILURE">
<![CDATA[  [iphone-12] › visual-regression/design-consistency.spec.ts:59:9 › Visual Regression - Design Consistency › mobile-medium (393x852) › Menu - matches design baseline 

    Error: browserType.launch: Executable doesn't exist at /home/codespace/.cache/ms-playwright/webkit-2215/pw_run.sh
    ╔═════════════════════════════════════════════════════════════════════════╗
    ║ Looks like Playwright Test or Playwright was just installed or updated. ║
    ║ Please run the following command to download new browsers:              ║
    ║                                                                         ║
    ║     npx playwright install                                              ║
    ║                                                                         ║
    ║ <3 Playwright Team                                                      ║
    ╚═════════════════════════════════════════════════════════════════════════╝

    attachment #1: trace (application/zip) ─────────────────────────────────────────────────────────
    ../../test-results/visual-regression-design-c-d6e62-u---matches-design-baseline-iphone-12/trace.zip
    Usage:

        npx playwright show-trace ../../test-results/visual-regression-design-c-d6e62-u---matches-design-baseline-iphone-12/trace.zip

    ────────────────────────────────────────────────────────────────────────────────────────────────
]]>
</failure>
<system-out>
<![CDATA[
[[ATTACHMENT|visual-regression-design-c-d6e62-u---matches-design-baseline-iphone-12/trace.zip]]
]]>
</system-out>
</testcase>
<testcase name="Visual Regression - Design Consistency › mobile-medium (393x852) › Scan - matches design baseline" classname="visual-regression/design-consistency.spec.ts" time="0.004">
<failure message="design-consistency.spec.ts:59:9 Scan - matches design baseline" type="FAILURE">
<![CDATA[  [iphone-12] › visual-regression/design-consistency.spec.ts:59:9 › Visual Regression - Design Consistency › mobile-medium (393x852) › Scan - matches design baseline 

    Error: browserType.launch: Executable doesn't exist at /home/codespace/.cache/ms-playwright/webkit-2215/pw_run.sh
    ╔═════════════════════════════════════════════════════════════════════════╗
    ║ Looks like Playwright Test or Playwright was just installed or updated. ║
    ║ Please run the following command to download new browsers:              ║
    ║                                                                         ║
    ║     npx playwright install                                              ║
    ║                                                                         ║
    ║ <3 Playwright Team                                                      ║
    ╚═════════════════════════════════════════════════════════════════════════╝

    attachment #1: trace (application/zip) ─────────────────────────────────────────────────────────
    ../../test-results/visual-regression-design-c-dbac6-n---matches-design-baseline-iphone-12/trace.zip
    Usage:

        npx playwright show-trace ../../test-results/visual-regression-design-c-dbac6-n---matches-design-baseline-iphone-12/trace.zip

    ────────────────────────────────────────────────────────────────────────────────────────────────
]]>
</failure>
<system-out>
<![CDATA[
[[ATTACHMENT|visual-regression-design-c-dbac6-n---matches-design-baseline-iphone-12/trace.zip]]
]]>
</system-out>
</testcase>
<testcase name="Visual Regression - Design Consistency › tablet (768x1024) › Biometric Enrollment - matches design baseline" classname="visual-regression/design-consistency.spec.ts" time="0.004">
<failure message="design-consistency.spec.ts:59:9 Biometric Enrollment - matches design baseline" type="FAILURE">
<![CDATA[  [iphone-12] › visual-regression/design-consistency.spec.ts:59:9 › Visual Regression - Design Consistency › tablet (768x1024) › Biometric Enrollment - matches design baseline 

    Error: browserType.launch: Executable doesn't exist at /home/codespace/.cache/ms-playwright/webkit-2215/pw_run.sh
    ╔═════════════════════════════════════════════════════════════════════════╗
    ║ Looks like Playwright Test or Playwright was just installed or updated. ║
    ║ Please run the following command to download new browsers:              ║
    ║                                                                         ║
    ║     npx playwright install                                              ║
    ║                                                                         ║
    ║ <3 Playwright Team                                                      ║
    ╚═════════════════════════════════════════════════════════════════════════╝

    attachment #1: trace (application/zip) ─────────────────────────────────────────────────────────
    ../../test-results/visual-regression-design-c-8cc3f-t---matches-design-baseline-iphone-12/trace.zip
    Usage:

        npx playwright show-trace ../../test-results/visual-regression-design-c-8cc3f-t---matches-design-baseline-iphone-12/trace.zip

    ────────────────────────────────────────────────────────────────────────────────────────────────
]]>
</failure>
<system-out>
<![CDATA[
[[ATTACHMENT|visual-regression-design-c-8cc3f-t---matches-design-baseline-iphone-12/trace.zip]]
]]>
</system-out>
</testcase>
<testcase name="Visual Regression - Design Consistency › tablet (768x1024) › Onboarding - matches design baseline" classname="visual-regression/design-consistency.spec.ts" time="0.004">
<failure message="design-consistency.spec.ts:59:9 Onboarding - matches design baseline" type="FAILURE">
<![CDATA[  [iphone-12] › visual-regression/design-consistency.spec.ts:59:9 › Visual Regression - Design Consistency › tablet (768x1024) › Onboarding - matches design baseline 

    Error: browserType.launch: Executable doesn't exist at /home/codespace/.cache/ms-playwright/webkit-2215/pw_run.sh
    ╔═════════════════════════════════════════════════════════════════════════╗
    ║ Looks like Playwright Test or Playwright was just installed or updated. ║
    ║ Please run the following command to download new browsers:              ║
    ║                                                                         ║
    ║     npx playwright install                                              ║
    ║                                                                         ║
    ║ <3 Playwright Team                                                      ║
    ╚═════════════════════════════════════════════════════════════════════════╝

    attachment #1: trace (application/zip) ─────────────────────────────────────────────────────────
    ../../test-results/visual-regression-design-c-e9f23-g---matches-design-baseline-iphone-12/trace.zip
    Usage:

        npx playwright show-trace ../../test-results/visual-regression-design-c-e9f23-g---matches-design-baseline-iphone-12/trace.zip

    ────────────────────────────────────────────────────────────────────────────────────────────────
]]>
</failure>
<system-out>
<![CDATA[
[[ATTACHMENT|visual-regression-design-c-e9f23-g---matches-design-baseline-iphone-12/trace.zip]]
]]>
</system-out>
</testcase>
<testcase name="Visual Regression - Design Consistency › tablet (768x1024) › Create Password - matches design baseline" classname="visual-regression/design-consistency.spec.ts" time="0.004">
<failure message="design-consistency.spec.ts:59:9 Create Password - matches design baseline" type="FAILURE">
<![CDATA[  [iphone-12] › visual-regression/design-consistency.spec.ts:59:9 › Visual Regression - Design Consistency › tablet (768x1024) › Create Password - matches design baseline 

    Error: browserType.launch: Executable doesn't exist at /home/codespace/.cache/ms-playwright/webkit-2215/pw_run.sh
    ╔═════════════════════════════════════════════════════════════════════════╗
    ║ Looks like Playwright Test or Playwright was just installed or updated. ║
    ║ Please run the following command to download new browsers:              ║
    ║                                                                         ║
    ║     npx playwright install                                              ║
    ║                                                                         ║
    ║ <3 Playwright Team                                                      ║
    ╚═════════════════════════════════════════════════════════════════════════╝

    attachment #1: trace (application/zip) ─────────────────────────────────────────────────────────
    ../../test-results/visual-regression-design-c-fdbce-d---matches-design-baseline-iphone-12/trace.zip
    Usage:

        npx playwright show-trace ../../test-results/visual-regression-design-c-fdbce-d---matches-design-baseline-iphone-12/trace.zip

    ────────────────────────────────────────────────────────────────────────────────────────────────
]]>
</failure>
<system-out>
<![CDATA[
[[ATTACHMENT|visual-regression-design-c-fdbce-d---matches-design-baseline-iphone-12/trace.zip]]
]]>
</system-out>
</testcase>
<testcase name="Visual Regression - Design Consistency › tablet (768x1024) › Setup Biometrics - matches design baseline" classname="visual-regression/design-consistency.spec.ts" time="0.006">
<failure message="design-consistency.spec.ts:59:9 Setup Biometrics - matches design baseline" type="FAILURE">
<![CDATA[  [iphone-12] › visual-regression/design-consistency.spec.ts:59:9 › Visual Regression - Design Consistency › tablet (768x1024) › Setup Biometrics - matches design baseline 

    Error: browserType.launch: Executable doesn't exist at /home/codespace/.cache/ms-playwright/webkit-2215/pw_run.sh
    ╔═════════════════════════════════════════════════════════════════════════╗
    ║ Looks like Playwright Test or Playwright was just installed or updated. ║
    ║ Please run the following command to download new browsers:              ║
    ║                                                                         ║
    ║     npx playwright install                                              ║
    ║                                                                         ║
    ║ <3 Playwright Team                                                      ║
    ╚═════════════════════════════════════════════════════════════════════════╝

    attachment #1: trace (application/zip) ─────────────────────────────────────────────────────────
    ../../test-results/visual-regression-design-c-a013c-s---matches-design-baseline-iphone-12/trace.zip
    Usage:

        npx playwright show-trace ../../test-results/visual-regression-design-c-a013c-s---matches-design-baseline-iphone-12/trace.zip

    ────────────────────────────────────────────────────────────────────────────────────────────────
]]>
</failure>
<system-out>
<![CDATA[
[[ATTACHMENT|visual-regression-design-c-a013c-s---matches-design-baseline-iphone-12/trace.zip]]
]]>
</system-out>
</testcase>
<testcase name="Visual Regression - Design Consistency › tablet (768x1024) › Generate Seed Phrase - matches design baseline" classname="visual-regression/design-consistency.spec.ts" time="0.004">
<failure message="design-consistency.spec.ts:59:9 Generate Seed Phrase - matches design baseline" type="FAILURE">
<![CDATA[  [iphone-12] › visual-regression/design-consistency.spec.ts:59:9 › Visual Regression - Design Consistency › tablet (768x1024) › Generate Seed Phrase - matches design baseline 

    Error: browserType.launch: Executable doesn't exist at /home/codespace/.cache/ms-playwright/webkit-2215/pw_run.sh
    ╔═════════════════════════════════════════════════════════════════════════╗
    ║ Looks like Playwright Test or Playwright was just installed or updated. ║
    ║ Please run the following command to download new browsers:              ║
    ║                                                                         ║
    ║     npx playwright install                                              ║
    ║                                                                         ║
    ║ <3 Playwright Team                                                      ║
    ╚═════════════════════════════════════════════════════════════════════════╝

    attachment #1: trace (application/zip) ─────────────────────────────────────────────────────────
    ../../test-results/visual-regression-design-c-42083-e---matches-design-baseline-iphone-12/trace.zip
    Usage:

        npx playwright show-trace ../../test-results/visual-regression-design-c-42083-e---matches-design-baseline-iphone-12/trace.zip

    ────────────────────────────────────────────────────────────────────────────────────────────────
]]>
</failure>
<system-out>
<![CDATA[
[[ATTACHMENT|visual-regression-design-c-42083-e---matches-design-baseline-iphone-12/trace.zip]]
]]>
</system-out>
</testcase>
<testcase name="Visual Regression - Design Consistency › tablet (768x1024) › Verify Seed Phrase - matches design baseline" classname="visual-regression/design-consistency.spec.ts" time="0.004">
<failure message="design-consistency.spec.ts:59:9 Verify Seed Phrase - matches design baseline" type="FAILURE">
<![CDATA[  [iphone-12] › visual-regression/design-consistency.spec.ts:59:9 › Visual Regression - Design Consistency › tablet (768x1024) › Verify Seed Phrase - matches design baseline 

    Error: browserType.launch: Executable doesn't exist at /home/codespace/.cache/ms-playwright/webkit-2215/pw_run.sh
    ╔═════════════════════════════════════════════════════════════════════════╗
    ║ Looks like Playwright Test or Playwright was just installed or updated. ║
    ║ Please run the following command to download new browsers:              ║
    ║                                                                         ║
    ║     npx playwright install                                              ║
    ║                                                                         ║
    ║ <3 Playwright Team                                                      ║
    ╚═════════════════════════════════════════════════════════════════════════╝

    attachment #1: trace (application/zip) ─────────────────────────────────────────────────────────
    ../../test-results/visual-regression-design-c-adacf-e---matches-design-baseline-iphone-12/trace.zip
    Usage:

        npx playwright show-trace ../../test-results/visual-regression-design-c-adacf-e---matches-design-baseline-iphone-12/trace.zip

    ────────────────────────────────────────────────────────────────────────────────────────────────
]]>
</failure>
<system-out>
<![CDATA[
[[ATTACHMENT|visual-regression-design-c-adacf-e---matches-design-baseline-iphone-12/trace.zip]]
]]>
</system-out>
</testcase>
<testcase name="Visual Regression - Design Consistency › tablet (768x1024) › Set Passcode - matches design baseline" classname="visual-regression/design-consistency.spec.ts" time="0.004">
<failure message="design-consistency.spec.ts:59:9 Set Passcode - matches design baseline" type="FAILURE">
<![CDATA[  [iphone-12] › visual-regression/design-consistency.spec.ts:59:9 › Visual Regression - Design Consistency › tablet (768x1024) › Set Passcode - matches design baseline 

    Error: browserType.launch: Executable doesn't exist at /home/codespace/.cache/ms-playwright/webkit-2215/pw_run.sh
    ╔═════════════════════════════════════════════════════════════════════════╗
    ║ Looks like Playwright Test or Playwright was just installed or updated. ║
    ║ Please run the following command to download new browsers:              ║
    ║                                                                         ║
    ║     npx playwright install                                              ║
    ║                                                                         ║
    ║ <3 Playwright Team                                                      ║
    ╚═════════════════════════════════════════════════════════════════════════╝

    attachment #1: trace (application/zip) ─────────────────────────────────────────────────────────
    ../../test-results/visual-regression-design-c-8ca48-e---matches-design-baseline-iphone-12/trace.zip
    Usage:

        npx playwright show-trace ../../test-results/visual-regression-design-c-8ca48-e---matches-design-baseline-iphone-12/trace.zip

    ────────────────────────────────────────────────────────────────────────────────────────────────
]]>
</failure>
<system-out>
<![CDATA[
[[ATTACHMENT|visual-regression-design-c-8ca48-e---matches-design-baseline-iphone-12/trace.zip]]
]]>
</system-out>
</testcase>
<testcase name="Visual Regression - Design Consistency › tablet (768x1024) › Lock Page - matches design baseline" classname="visual-regression/design-consistency.spec.ts" time="0.005">
<failure message="design-consistency.spec.ts:59:9 Lock Page - matches design baseline" type="FAILURE">
<![CDATA[  [iphone-12] › visual-regression/design-consistency.spec.ts:59:9 › Visual Regression - Design Consistency › tablet (768x1024) › Lock Page - matches design baseline 

    Error: browserType.launch: Executable doesn't exist at /home/codespace/.cache/ms-playwright/webkit-2215/pw_run.sh
    ╔═════════════════════════════════════════════════════════════════════════╗
    ║ Looks like Playwright Test or Playwright was just installed or updated. ║
    ║ Please run the following command to download new browsers:              ║
    ║                                                                         ║
    ║     npx playwright install                                              ║
    ║                                                                         ║
    ║ <3 Playwright Team                                                      ║
    ╚═════════════════════════════════════════════════════════════════════════╝

    attachment #1: trace (application/zip) ─────────────────────────────────────────────────────────
    ../../test-results/visual-regression-design-c-4fc61-e---matches-design-baseline-iphone-12/trace.zip
    Usage:

        npx playwright show-trace ../../test-results/visual-regression-design-c-4fc61-e---matches-design-baseline-iphone-12/trace.zip

    ────────────────────────────────────────────────────────────────────────────────────────────────
]]>
</failure>
<system-out>
<![CDATA[
[[ATTACHMENT|visual-regression-design-c-4fc61-e---matches-design-baseline-iphone-12/trace.zip]]
]]>
</system-out>
</testcase>
<testcase name="Visual Regression - Design Consistency › tablet (768x1024) › Credentials - matches design baseline" classname="visual-regression/design-consistency.spec.ts" time="0.004">
<failure message="design-consistency.spec.ts:59:9 Credentials - matches design baseline" type="FAILURE">
<![CDATA[  [iphone-12] › visual-regression/design-consistency.spec.ts:59:9 › Visual Regression - Design Consistency › tablet (768x1024) › Credentials - matches design baseline 

    Error: browserType.launch: Executable doesn't exist at /home/codespace/.cache/ms-playwright/webkit-2215/pw_run.sh
    ╔═════════════════════════════════════════════════════════════════════════╗
    ║ Looks like Playwright Test or Playwright was just installed or updated. ║
    ║ Please run the following command to download new browsers:              ║
    ║                                                                         ║
    ║     npx playwright install                                              ║
    ║                                                                         ║
    ║ <3 Playwright Team                                                      ║
    ╚═════════════════════════════════════════════════════════════════════════╝

    attachment #1: trace (application/zip) ─────────────────────────────────────────────────────────
    ../../test-results/visual-regression-design-c-0816e-s---matches-design-baseline-iphone-12/trace.zip
    Usage:

        npx playwright show-trace ../../test-results/visual-regression-design-c-0816e-s---matches-design-baseline-iphone-12/trace.zip

    ────────────────────────────────────────────────────────────────────────────────────────────────
]]>
</failure>
<system-out>
<![CDATA[
[[ATTACHMENT|visual-regression-design-c-0816e-s---matches-design-baseline-iphone-12/trace.zip]]
]]>
</system-out>
</testcase>
<testcase name="Visual Regression - Design Consistency › tablet (768x1024) › Identifiers - matches design baseline" classname="visual-regression/design-consistency.spec.ts" time="0.004">
<failure message="design-consistency.spec.ts:59:9 Identifiers - matches design baseline" type="FAILURE">
<![CDATA[  [iphone-12] › visual-regression/design-consistency.spec.ts:59:9 › Visual Regression - Design Consistency › tablet (768x1024) › Identifiers - matches design baseline 

    Error: browserType.launch: Executable doesn't exist at /home/codespace/.cache/ms-playwright/webkit-2215/pw_run.sh
    ╔═════════════════════════════════════════════════════════════════════════╗
    ║ Looks like Playwright Test or Playwright was just installed or updated. ║
    ║ Please run the following command to download new browsers:              ║
    ║                                                                         ║
    ║     npx playwright install                                              ║
    ║                                                                         ║
    ║ <3 Playwright Team                                                      ║
    ╚═════════════════════════════════════════════════════════════════════════╝

    attachment #1: trace (application/zip) ─────────────────────────────────────────────────────────
    ../../test-results/visual-regression-design-c-e8dea-s---matches-design-baseline-iphone-12/trace.zip
    Usage:

        npx playwright show-trace ../../test-results/visual-regression-design-c-e8dea-s---matches-design-baseline-iphone-12/trace.zip

    ────────────────────────────────────────────────────────────────────────────────────────────────
]]>
</failure>
<system-out>
<![CDATA[
[[ATTACHMENT|visual-regression-design-c-e8dea-s---matches-design-baseline-iphone-12/trace.zip]]
]]>
</system-out>
</testcase>
<testcase name="Visual Regression - Design Consistency › tablet (768x1024) › Connections - matches design baseline" classname="visual-regression/design-consistency.spec.ts" time="0.005">
<failure message="design-consistency.spec.ts:59:9 Connections - matches design baseline" type="FAILURE">
<![CDATA[  [iphone-12] › visual-regression/design-consistency.spec.ts:59:9 › Visual Regression - Design Consistency › tablet (768x1024) › Connections - matches design baseline 

    Error: browserType.launch: Executable doesn't exist at /home/codespace/.cache/ms-playwright/webkit-2215/pw_run.sh
    ╔═════════════════════════════════════════════════════════════════════════╗
    ║ Looks like Playwright Test or Playwright was just installed or updated. ║
    ║ Please run the following command to download new browsers:              ║
    ║                                                                         ║
    ║     npx playwright install                                              ║
    ║                                                                         ║
    ║ <3 Playwright Team                                                      ║
    ╚═════════════════════════════════════════════════════════════════════════╝

    attachment #1: trace (application/zip) ─────────────────────────────────────────────────────────
    ../../test-results/visual-regression-design-c-f3dda-s---matches-design-baseline-iphone-12/trace.zip
    Usage:

        npx playwright show-trace ../../test-results/visual-regression-design-c-f3dda-s---matches-design-baseline-iphone-12/trace.zip

    ────────────────────────────────────────────────────────────────────────────────────────────────
]]>
</failure>
<system-out>
<![CDATA[
[[ATTACHMENT|visual-regression-design-c-f3dda-s---matches-design-baseline-iphone-12/trace.zip]]
]]>
</system-out>
</testcase>
<testcase name="Visual Regression - Design Consistency › tablet (768x1024) › Notifications - matches design baseline" classname="visual-regression/design-consistency.spec.ts" time="0.004">
<failure message="design-consistency.spec.ts:59:9 Notifications - matches design baseline" type="FAILURE">
<![CDATA[  [iphone-12] › visual-regression/design-consistency.spec.ts:59:9 › Visual Regression - Design Consistency › tablet (768x1024) › Notifications - matches design baseline 

    Error: browserType.launch: Executable doesn't exist at /home/codespace/.cache/ms-playwright/webkit-2215/pw_run.sh
    ╔═════════════════════════════════════════════════════════════════════════╗
    ║ Looks like Playwright Test or Playwright was just installed or updated. ║
    ║ Please run the following command to download new browsers:              ║
    ║                                                                         ║
    ║     npx playwright install                                              ║
    ║                                                                         ║
    ║ <3 Playwright Team                                                      ║
    ╚═════════════════════════════════════════════════════════════════════════╝

    attachment #1: trace (application/zip) ─────────────────────────────────────────────────────────
    ../../test-results/visual-regression-design-c-06e6a-s---matches-design-baseline-iphone-12/trace.zip
    Usage:

        npx playwright show-trace ../../test-results/visual-regression-design-c-06e6a-s---matches-design-baseline-iphone-12/trace.zip

    ────────────────────────────────────────────────────────────────────────────────────────────────
]]>
</failure>
<system-out>
<![CDATA[
[[ATTACHMENT|visual-regression-design-c-06e6a-s---matches-design-baseline-iphone-12/trace.zip]]
]]>
</system-out>
</testcase>
<testcase name="Visual Regression - Design Consistency › tablet (768x1024) › Menu - matches design baseline" classname="visual-regression/design-consistency.spec.ts" time="0.004">
<failure message="design-consistency.spec.ts:59:9 Menu - matches design baseline" type="FAILURE">
<![CDATA[  [iphone-12] › visual-regression/design-consistency.spec.ts:59:9 › Visual Regression - Design Consistency › tablet (768x1024) › Menu - matches design baseline 

    Error: browserType.launch: Executable doesn't exist at /home/codespace/.cache/ms-playwright/webkit-2215/pw_run.sh
    ╔═════════════════════════════════════════════════════════════════════════╗
    ║ Looks like Playwright Test or Playwright was just installed or updated. ║
    ║ Please run the following command to download new browsers:              ║
    ║                                                                         ║
    ║     npx playwright install                                              ║
    ║                                                                         ║
    ║ <3 Playwright Team                                                      ║
    ╚═════════════════════════════════════════════════════════════════════════╝

    attachment #1: trace (application/zip) ─────────────────────────────────────────────────────────
    ../../test-results/visual-regression-design-c-59348-u---matches-design-baseline-iphone-12/trace.zip
    Usage:

        npx playwright show-trace ../../test-results/visual-regression-design-c-59348-u---matches-design-baseline-iphone-12/trace.zip

    ────────────────────────────────────────────────────────────────────────────────────────────────
]]>
</failure>
<system-out>
<![CDATA[
[[ATTACHMENT|visual-regression-design-c-59348-u---matches-design-baseline-iphone-12/trace.zip]]
]]>
</system-out>
</testcase>
<testcase name="Visual Regression - Design Consistency › tablet (768x1024) › Scan - matches design baseline" classname="visual-regression/design-consistency.spec.ts" time="0.004">
<failure message="design-consistency.spec.ts:59:9 Scan - matches design baseline" type="FAILURE">
<![CDATA[  [iphone-12] › visual-regression/design-consistency.spec.ts:59:9 › Visual Regression - Design Consistency › tablet (768x1024) › Scan - matches design baseline 

    Error: browserType.launch: Executable doesn't exist at /home/codespace/.cache/ms-playwright/webkit-2215/pw_run.sh
    ╔═════════════════════════════════════════════════════════════════════════╗
    ║ Looks like Playwright Test or Playwright was just installed or updated. ║
    ║ Please run the following command to download new browsers:              ║
    ║                                                                         ║
    ║     npx playwright install                                              ║
    ║                                                                         ║
    ║ <3 Playwright Team                                                      ║
    ╚═════════════════════════════════════════════════════════════════════════╝

    attachment #1: trace (application/zip) ─────────────────────────────────────────────────────────
    ../../test-results/visual-regression-design-c-93218-n---matches-design-baseline-iphone-12/trace.zip
    Usage:

        npx playwright show-trace ../../test-results/visual-regression-design-c-93218-n---matches-design-baseline-iphone-12/trace.zip

    ────────────────────────────────────────────────────────────────────────────────────────────────
]]>
</failure>
<system-out>
<![CDATA[
[[ATTACHMENT|visual-regression-design-c-93218-n---matches-design-baseline-iphone-12/trace.zip]]
]]>
</system-out>
</testcase>
<testcase name="Visual Regression - Design Consistency › desktop (1280x720) › Biometric Enrollment - matches design baseline" classname="visual-regression/design-consistency.spec.ts" time="0.005">
<failure message="design-consistency.spec.ts:59:9 Biometric Enrollment - matches design baseline" type="FAILURE">
<![CDATA[  [iphone-12] › visual-regression/design-consistency.spec.ts:59:9 › Visual Regression - Design Consistency › desktop (1280x720) › Biometric Enrollment - matches design baseline 

    Error: browserType.launch: Executable doesn't exist at /home/codespace/.cache/ms-playwright/webkit-2215/pw_run.sh
    ╔═════════════════════════════════════════════════════════════════════════╗
    ║ Looks like Playwright Test or Playwright was just installed or updated. ║
    ║ Please run the following command to download new browsers:              ║
    ║                                                                         ║
    ║     npx playwright install                                              ║
    ║                                                                         ║
    ║ <3 Playwright Team                                                      ║
    ╚═════════════════════════════════════════════════════════════════════════╝

    attachment #1: trace (application/zip) ─────────────────────────────────────────────────────────
    ../../test-results/visual-regression-design-c-97d20-t---matches-design-baseline-iphone-12/trace.zip
    Usage:

        npx playwright show-trace ../../test-results/visual-regression-design-c-97d20-t---matches-design-baseline-iphone-12/trace.zip

    ────────────────────────────────────────────────────────────────────────────────────────────────
]]>
</failure>
<system-out>
<![CDATA[
[[ATTACHMENT|visual-regression-design-c-97d20-t---matches-design-baseline-iphone-12/trace.zip]]
]]>
</system-out>
</testcase>
<testcase name="Visual Regression - Design Consistency › desktop (1280x720) › Onboarding - matches design baseline" classname="visual-regression/design-consistency.spec.ts" time="0.004">
<failure message="design-consistency.spec.ts:59:9 Onboarding - matches design baseline" type="FAILURE">
<![CDATA[  [iphone-12] › visual-regression/design-consistency.spec.ts:59:9 › Visual Regression - Design Consistency › desktop (1280x720) › Onboarding - matches design baseline 

    Error: browserType.launch: Executable doesn't exist at /home/codespace/.cache/ms-playwright/webkit-2215/pw_run.sh
    ╔═════════════════════════════════════════════════════════════════════════╗
    ║ Looks like Playwright Test or Playwright was just installed or updated. ║
    ║ Please run the following command to download new browsers:              ║
    ║                                                                         ║
    ║     npx playwright install                                              ║
    ║                                                                         ║
    ║ <3 Playwright Team                                                      ║
    ╚═════════════════════════════════════════════════════════════════════════╝

    attachment #1: trace (application/zip) ─────────────────────────────────────────────────────────
    ../../test-results/visual-regression-design-c-e90b5-g---matches-design-baseline-iphone-12/trace.zip
    Usage:

        npx playwright show-trace ../../test-results/visual-regression-design-c-e90b5-g---matches-design-baseline-iphone-12/trace.zip

    ────────────────────────────────────────────────────────────────────────────────────────────────
]]>
</failure>
<system-out>
<![CDATA[
[[ATTACHMENT|visual-regression-design-c-e90b5-g---matches-design-baseline-iphone-12/trace.zip]]
]]>
</system-out>
</testcase>
<testcase name="Visual Regression - Design Consistency › desktop (1280x720) › Create Password - matches design baseline" classname="visual-regression/design-consistency.spec.ts" time="0.004">
<failure message="design-consistency.spec.ts:59:9 Create Password - matches design baseline" type="FAILURE">
<![CDATA[  [iphone-12] › visual-regression/design-consistency.spec.ts:59:9 › Visual Regression - Design Consistency › desktop (1280x720) › Create Password - matches design baseline 

    Error: browserType.launch: Executable doesn't exist at /home/codespace/.cache/ms-playwright/webkit-2215/pw_run.sh
    ╔═════════════════════════════════════════════════════════════════════════╗
    ║ Looks like Playwright Test or Playwright was just installed or updated. ║
    ║ Please run the following command to download new browsers:              ║
    ║                                                                         ║
    ║     npx playwright install                                              ║
    ║                                                                         ║
    ║ <3 Playwright Team                                                      ║
    ╚═════════════════════════════════════════════════════════════════════════╝

    attachment #1: trace (application/zip) ─────────────────────────────────────────────────────────
    ../../test-results/visual-regression-design-c-a895b-d---matches-design-baseline-iphone-12/trace.zip
    Usage:

        npx playwright show-trace ../../test-results/visual-regression-design-c-a895b-d---matches-design-baseline-iphone-12/trace.zip

    ────────────────────────────────────────────────────────────────────────────────────────────────
]]>
</failure>
<system-out>
<![CDATA[
[[ATTACHMENT|visual-regression-design-c-a895b-d---matches-design-baseline-iphone-12/trace.zip]]
]]>
</system-out>
</testcase>
<testcase name="Visual Regression - Design Consistency › desktop (1280x720) › Setup Biometrics - matches design baseline" classname="visual-regression/design-consistency.spec.ts" time="0.005">
<failure message="design-consistency.spec.ts:59:9 Setup Biometrics - matches design baseline" type="FAILURE">
<![CDATA[  [iphone-12] › visual-regression/design-consistency.spec.ts:59:9 › Visual Regression - Design Consistency › desktop (1280x720) › Setup Biometrics - matches design baseline 

    Error: browserType.launch: Executable doesn't exist at /home/codespace/.cache/ms-playwright/webkit-2215/pw_run.sh
    ╔═════════════════════════════════════════════════════════════════════════╗
    ║ Looks like Playwright Test or Playwright was just installed or updated. ║
    ║ Please run the following command to download new browsers:              ║
    ║                                                                         ║
    ║     npx playwright install                                              ║
    ║                                                                         ║
    ║ <3 Playwright Team                                                      ║
    ╚═════════════════════════════════════════════════════════════════════════╝

    attachment #1: trace (application/zip) ─────────────────────────────────────────────────────────
    ../../test-results/visual-regression-design-c-ba6ed-s---matches-design-baseline-iphone-12/trace.zip
    Usage:

        npx playwright show-trace ../../test-results/visual-regression-design-c-ba6ed-s---matches-design-baseline-iphone-12/trace.zip

    ────────────────────────────────────────────────────────────────────────────────────────────────
]]>
</failure>
<system-out>
<![CDATA[
[[ATTACHMENT|visual-regression-design-c-ba6ed-s---matches-design-baseline-iphone-12/trace.zip]]
]]>
</system-out>
</testcase>
<testcase name="Visual Regression - Design Consistency › desktop (1280x720) › Generate Seed Phrase - matches design baseline" classname="visual-regression/design-consistency.spec.ts" time="0.005">
<failure message="design-consistency.spec.ts:59:9 Generate Seed Phrase - matches design baseline" type="FAILURE">
<![CDATA[  [iphone-12] › visual-regression/design-consistency.spec.ts:59:9 › Visual Regression - Design Consistency › desktop (1280x720) › Generate Seed Phrase - matches design baseline 

    Error: browserType.launch: Executable doesn't exist at /home/codespace/.cache/ms-playwright/webkit-2215/pw_run.sh
    ╔═════════════════════════════════════════════════════════════════════════╗
    ║ Looks like Playwright Test or Playwright was just installed or updated. ║
    ║ Please run the following command to download new browsers:              ║
    ║                                                                         ║
    ║     npx playwright install                                              ║
    ║                                                                         ║
    ║ <3 Playwright Team                                                      ║
    ╚═════════════════════════════════════════════════════════════════════════╝

    attachment #1: trace (application/zip) ─────────────────────────────────────────────────────────
    ../../test-results/visual-regression-design-c-f121d-e---matches-design-baseline-iphone-12/trace.zip
    Usage:

        npx playwright show-trace ../../test-results/visual-regression-design-c-f121d-e---matches-design-baseline-iphone-12/trace.zip

    ────────────────────────────────────────────────────────────────────────────────────────────────
]]>
</failure>
<system-out>
<![CDATA[
[[ATTACHMENT|visual-regression-design-c-f121d-e---matches-design-baseline-iphone-12/trace.zip]]
]]>
</system-out>
</testcase>
<testcase name="Visual Regression - Design Consistency › desktop (1280x720) › Verify Seed Phrase - matches design baseline" classname="visual-regression/design-consistency.spec.ts" time="0.004">
<failure message="design-consistency.spec.ts:59:9 Verify Seed Phrase - matches design baseline" type="FAILURE">
<![CDATA[  [iphone-12] › visual-regression/design-consistency.spec.ts:59:9 › Visual Regression - Design Consistency › desktop (1280x720) › Verify Seed Phrase - matches design baseline 

    Error: browserType.launch: Executable doesn't exist at /home/codespace/.cache/ms-playwright/webkit-2215/pw_run.sh
    ╔═════════════════════════════════════════════════════════════════════════╗
    ║ Looks like Playwright Test or Playwright was just installed or updated. ║
    ║ Please run the following command to download new browsers:              ║
    ║                                                                         ║
    ║     npx playwright install                                              ║
    ║                                                                         ║
    ║ <3 Playwright Team                                                      ║
    ╚═════════════════════════════════════════════════════════════════════════╝

    attachment #1: trace (application/zip) ─────────────────────────────────────────────────────────
    ../../test-results/visual-regression-design-c-260c5-e---matches-design-baseline-iphone-12/trace.zip
    Usage:

        npx playwright show-trace ../../test-results/visual-regression-design-c-260c5-e---matches-design-baseline-iphone-12/trace.zip

    ────────────────────────────────────────────────────────────────────────────────────────────────
]]>
</failure>
<system-out>
<![CDATA[
[[ATTACHMENT|visual-regression-design-c-260c5-e---matches-design-baseline-iphone-12/trace.zip]]
]]>
</system-out>
</testcase>
<testcase name="Visual Regression - Design Consistency › desktop (1280x720) › Set Passcode - matches design baseline" classname="visual-regression/design-consistency.spec.ts" time="0.004">
<failure message="design-consistency.spec.ts:59:9 Set Passcode - matches design baseline" type="FAILURE">
<![CDATA[  [iphone-12] › visual-regression/design-consistency.spec.ts:59:9 › Visual Regression - Design Consistency › desktop (1280x720) › Set Passcode - matches design baseline 

    Error: browserType.launch: Executable doesn't exist at /home/codespace/.cache/ms-playwright/webkit-2215/pw_run.sh
    ╔═════════════════════════════════════════════════════════════════════════╗
    ║ Looks like Playwright Test or Playwright was just installed or updated. ║
    ║ Please run the following command to download new browsers:              ║
    ║                                                                         ║
    ║     npx playwright install                                              ║
    ║                                                                         ║
    ║ <3 Playwright Team                                                      ║
    ╚═════════════════════════════════════════════════════════════════════════╝

    attachment #1: trace (application/zip) ─────────────────────────────────────────────────────────
    ../../test-results/visual-regression-design-c-bb489-e---matches-design-baseline-iphone-12/trace.zip
    Usage:

        npx playwright show-trace ../../test-results/visual-regression-design-c-bb489-e---matches-design-baseline-iphone-12/trace.zip

    ────────────────────────────────────────────────────────────────────────────────────────────────
]]>
</failure>
<system-out>
<![CDATA[
[[ATTACHMENT|visual-regression-design-c-bb489-e---matches-design-baseline-iphone-12/trace.zip]]
]]>
</system-out>
</testcase>
<testcase name="Visual Regression - Design Consistency › desktop (1280x720) › Lock Page - matches design baseline" classname="visual-regression/design-consistency.spec.ts" time="0.006">
<failure message="design-consistency.spec.ts:59:9 Lock Page - matches design baseline" type="FAILURE">
<![CDATA[  [iphone-12] › visual-regression/design-consistency.spec.ts:59:9 › Visual Regression - Design Consistency › desktop (1280x720) › Lock Page - matches design baseline 

    Error: browserType.launch: Executable doesn't exist at /home/codespace/.cache/ms-playwright/webkit-2215/pw_run.sh
    ╔═════════════════════════════════════════════════════════════════════════╗
    ║ Looks like Playwright Test or Playwright was just installed or updated. ║
    ║ Please run the following command to download new browsers:              ║
    ║                                                                         ║
    ║     npx playwright install                                              ║
    ║                                                                         ║
    ║ <3 Playwright Team                                                      ║
    ╚═════════════════════════════════════════════════════════════════════════╝

    attachment #1: trace (application/zip) ─────────────────────────────────────────────────────────
    ../../test-results/visual-regression-design-c-3def2-e---matches-design-baseline-iphone-12/trace.zip
    Usage:

        npx playwright show-trace ../../test-results/visual-regression-design-c-3def2-e---matches-design-baseline-iphone-12/trace.zip

    ────────────────────────────────────────────────────────────────────────────────────────────────
]]>
</failure>
<system-out>
<![CDATA[
[[ATTACHMENT|visual-regression-design-c-3def2-e---matches-design-baseline-iphone-12/trace.zip]]
]]>
</system-out>
</testcase>
<testcase name="Visual Regression - Design Consistency › desktop (1280x720) › Credentials - matches design baseline" classname="visual-regression/design-consistency.spec.ts" time="0.004">
<failure message="design-consistency.spec.ts:59:9 Credentials - matches design baseline" type="FAILURE">
<![CDATA[  [iphone-12] › visual-regression/design-consistency.spec.ts:59:9 › Visual Regression - Design Consistency › desktop (1280x720) › Credentials - matches design baseline 

    Error: browserType.launch: Executable doesn't exist at /home/codespace/.cache/ms-playwright/webkit-2215/pw_run.sh
    ╔═════════════════════════════════════════════════════════════════════════╗
    ║ Looks like Playwright Test or Playwright was just installed or updated. ║
    ║ Please run the following command to download new browsers:              ║
    ║                                                                         ║
    ║     npx playwright install                                              ║
    ║                                                                         ║
    ║ <3 Playwright Team                                                      ║
    ╚═════════════════════════════════════════════════════════════════════════╝

    attachment #1: trace (application/zip) ─────────────────────────────────────────────────────────
    ../../test-results/visual-regression-design-c-a3154-s---matches-design-baseline-iphone-12/trace.zip
    Usage:

        npx playwright show-trace ../../test-results/visual-regression-design-c-a3154-s---matches-design-baseline-iphone-12/trace.zip

    ────────────────────────────────────────────────────────────────────────────────────────────────
]]>
</failure>
<system-out>
<![CDATA[
[[ATTACHMENT|visual-regression-design-c-a3154-s---matches-design-baseline-iphone-12/trace.zip]]
]]>
</system-out>
</testcase>
<testcase name="Visual Regression - Design Consistency › desktop (1280x720) › Identifiers - matches design baseline" classname="visual-regression/design-consistency.spec.ts" time="0.005">
<failure message="design-consistency.spec.ts:59:9 Identifiers - matches design baseline" type="FAILURE">
<![CDATA[  [iphone-12] › visual-regression/design-consistency.spec.ts:59:9 › Visual Regression - Design Consistency › desktop (1280x720) › Identifiers - matches design baseline 

    Error: browserType.launch: Executable doesn't exist at /home/codespace/.cache/ms-playwright/webkit-2215/pw_run.sh
    ╔═════════════════════════════════════════════════════════════════════════╗
    ║ Looks like Playwright Test or Playwright was just installed or updated. ║
    ║ Please run the following command to download new browsers:              ║
    ║                                                                         ║
    ║     npx playwright install                                              ║
    ║                                                                         ║
    ║ <3 Playwright Team                                                      ║
    ╚═════════════════════════════════════════════════════════════════════════╝

    attachment #1: trace (application/zip) ─────────────────────────────────────────────────────────
    ../../test-results/visual-regression-design-c-a0f25-s---matches-design-baseline-iphone-12/trace.zip
    Usage:

        npx playwright show-trace ../../test-results/visual-regression-design-c-a0f25-s---matches-design-baseline-iphone-12/trace.zip

    ────────────────────────────────────────────────────────────────────────────────────────────────
]]>
</failure>
<system-out>
<![CDATA[
[[ATTACHMENT|visual-regression-design-c-a0f25-s---matches-design-baseline-iphone-12/trace.zip]]
]]>
</system-out>
</testcase>
<testcase name="Visual Regression - Design Consistency › desktop (1280x720) › Connections - matches design baseline" classname="visual-regression/design-consistency.spec.ts" time="0.004">
<failure message="design-consistency.spec.ts:59:9 Connections - matches design baseline" type="FAILURE">
<![CDATA[  [iphone-12] › visual-regression/design-consistency.spec.ts:59:9 › Visual Regression - Design Consistency › desktop (1280x720) › Connections - matches design baseline 

    Error: browserType.launch: Executable doesn't exist at /home/codespace/.cache/ms-playwright/webkit-2215/pw_run.sh
    ╔═════════════════════════════════════════════════════════════════════════╗
    ║ Looks like Playwright Test or Playwright was just installed or updated. ║
    ║ Please run the following command to download new browsers:              ║
    ║                                                                         ║
    ║     npx playwright install                                              ║
    ║                                                                         ║
    ║ <3 Playwright Team                                                      ║
    ╚═════════════════════════════════════════════════════════════════════════╝

    attachment #1: trace (application/zip) ─────────────────────────────────────────────────────────
    ../../test-results/visual-regression-design-c-5c14a-s---matches-design-baseline-iphone-12/trace.zip
    Usage:

        npx playwright show-trace ../../test-results/visual-regression-design-c-5c14a-s---matches-design-baseline-iphone-12/trace.zip

    ────────────────────────────────────────────────────────────────────────────────────────────────
]]>
</failure>
<system-out>
<![CDATA[
[[ATTACHMENT|visual-regression-design-c-5c14a-s---matches-design-baseline-iphone-12/trace.zip]]
]]>
</system-out>
</testcase>
<testcase name="Visual Regression - Design Consistency › desktop (1280x720) › Notifications - matches design baseline" classname="visual-regression/design-consistency.spec.ts" time="0.005">
<failure message="design-consistency.spec.ts:59:9 Notifications - matches design baseline" type="FAILURE">
<![CDATA[  [iphone-12] › visual-regression/design-consistency.spec.ts:59:9 › Visual Regression - Design Consistency › desktop (1280x720) › Notifications - matches design baseline 

    Error: browserType.launch: Executable doesn't exist at /home/codespace/.cache/ms-playwright/webkit-2215/pw_run.sh
    ╔═════════════════════════════════════════════════════════════════════════╗
    ║ Looks like Playwright Test or Playwright was just installed or updated. ║
    ║ Please run the following command to download new browsers:              ║
    ║                                                                         ║
    ║     npx playwright install                                              ║
    ║                                                                         ║
    ║ <3 Playwright Team                                                      ║
    ╚═════════════════════════════════════════════════════════════════════════╝

    attachment #1: trace (application/zip) ─────────────────────────────────────────────────────────
    ../../test-results/visual-regression-design-c-85645-s---matches-design-baseline-iphone-12/trace.zip
    Usage:

        npx playwright show-trace ../../test-results/visual-regression-design-c-85645-s---matches-design-baseline-iphone-12/trace.zip

    ────────────────────────────────────────────────────────────────────────────────────────────────
]]>
</failure>
<system-out>
<![CDATA[
[[ATTACHMENT|visual-regression-design-c-85645-s---matches-design-baseline-iphone-12/trace.zip]]
]]>
</system-out>
</testcase>
<testcase name="Visual Regression - Design Consistency › desktop (1280x720) › Menu - matches design baseline" classname="visual-regression/design-consistency.spec.ts" time="0.01">
<failure message="design-consistency.spec.ts:59:9 Menu - matches design baseline" type="FAILURE">
<![CDATA[  [iphone-12] › visual-regression/design-consistency.spec.ts:59:9 › Visual Regression - Design Consistency › desktop (1280x720) › Menu - matches design baseline 

    Error: browserType.launch: Executable doesn't exist at /home/codespace/.cache/ms-playwright/webkit-2215/pw_run.sh
    ╔═════════════════════════════════════════════════════════════════════════╗
    ║ Looks like Playwright Test or Playwright was just installed or updated. ║
    ║ Please run the following command to download new browsers:              ║
    ║                                                                         ║
    ║     npx playwright install                                              ║
    ║                                                                         ║
    ║ <3 Playwright Team                                                      ║
    ╚═════════════════════════════════════════════════════════════════════════╝

    attachment #1: trace (application/zip) ─────────────────────────────────────────────────────────
    ../../test-results/visual-regression-design-c-d565c-u---matches-design-baseline-iphone-12/trace.zip
    Usage:

        npx playwright show-trace ../../test-results/visual-regression-design-c-d565c-u---matches-design-baseline-iphone-12/trace.zip

    ────────────────────────────────────────────────────────────────────────────────────────────────
]]>
</failure>
<system-out>
<![CDATA[
[[ATTACHMENT|visual-regression-design-c-d565c-u---matches-design-baseline-iphone-12/trace.zip]]
]]>
</system-out>
</testcase>
<testcase name="Visual Regression - Design Consistency › desktop (1280x720) › Scan - matches design baseline" classname="visual-regression/design-consistency.spec.ts" time="0.005">
<failure message="design-consistency.spec.ts:59:9 Scan - matches design baseline" type="FAILURE">
<![CDATA[  [iphone-12] › visual-regression/design-consistency.spec.ts:59:9 › Visual Regression - Design Consistency › desktop (1280x720) › Scan - matches design baseline 

    Error: browserType.launch: Executable doesn't exist at /home/codespace/.cache/ms-playwright/webkit-2215/pw_run.sh
    ╔═════════════════════════════════════════════════════════════════════════╗
    ║ Looks like Playwright Test or Playwright was just installed or updated. ║
    ║ Please run the following command to download new browsers:              ║
    ║                                                                         ║
    ║     npx playwright install                                              ║
    ║                                                                         ║
    ║ <3 Playwright Team                                                      ║
    ╚═════════════════════════════════════════════════════════════════════════╝

    attachment #1: trace (application/zip) ─────────────────────────────────────────────────────────
    ../../test-results/visual-regression-design-c-94db4-n---matches-design-baseline-iphone-12/trace.zip
    Usage:

        npx playwright show-trace ../../test-results/visual-regression-design-c-94db4-n---matches-design-baseline-iphone-12/trace.zip

    ────────────────────────────────────────────────────────────────────────────────────────────────
]]>
</failure>
<system-out>
<![CDATA[
[[ATTACHMENT|visual-regression-design-c-94db4-n---matches-design-baseline-iphone-12/trace.zip]]
]]>
</system-out>
</testcase>
<testcase name="Component Consistency › Buttons have consistent styling" classname="visual-regression/design-consistency.spec.ts" time="0.004">
<failure message="design-consistency.spec.ts:86:3 Buttons have consistent styling" type="FAILURE">
<![CDATA[  [iphone-12] › visual-regression/design-consistency.spec.ts:86:3 › Component Consistency › Buttons have consistent styling 

    Error: browserType.launch: Executable doesn't exist at /home/codespace/.cache/ms-playwright/webkit-2215/pw_run.sh
    ╔═════════════════════════════════════════════════════════════════════════╗
    ║ Looks like Playwright Test or Playwright was just installed or updated. ║
    ║ Please run the following command to download new browsers:              ║
    ║                                                                         ║
    ║     npx playwright install                                              ║
    ║                                                                         ║
    ║ <3 Playwright Team                                                      ║
    ╚═════════════════════════════════════════════════════════════════════════╝

    attachment #1: trace (application/zip) ─────────────────────────────────────────────────────────
    ../../test-results/visual-regression-design-c-e16f1-ons-have-consistent-styling-iphone-12/trace.zip
    Usage:

        npx playwright show-trace ../../test-results/visual-regression-design-c-e16f1-ons-have-consistent-styling-iphone-12/trace.zip

    ────────────────────────────────────────────────────────────────────────────────────────────────
]]>
</failure>
<system-out>
<![CDATA[
[[ATTACHMENT|visual-regression-design-c-e16f1-ons-have-consistent-styling-iphone-12/trace.zip]]
]]>
</system-out>
</testcase>
<testcase name="Component Consistency › Cards have consistent styling" classname="visual-regression/design-consistency.spec.ts" time="0.004">
<failure message="design-consistency.spec.ts:96:3 Cards have consistent styling" type="FAILURE">
<![CDATA[  [iphone-12] › visual-regression/design-consistency.spec.ts:96:3 › Component Consistency › Cards have consistent styling 

    Error: browserType.launch: Executable doesn't exist at /home/codespace/.cache/ms-playwright/webkit-2215/pw_run.sh
    ╔═════════════════════════════════════════════════════════════════════════╗
    ║ Looks like Playwright Test or Playwright was just installed or updated. ║
    ║ Please run the following command to download new browsers:              ║
    ║                                                                         ║
    ║     npx playwright install                                              ║
    ║                                                                         ║
    ║ <3 Playwright Team                                                      ║
    ╚═════════════════════════════════════════════════════════════════════════╝

    attachment #1: trace (application/zip) ─────────────────────────────────────────────────────────
    ../../test-results/visual-regression-design-c-103ee-rds-have-consistent-styling-iphone-12/trace.zip
    Usage:

        npx playwright show-trace ../../test-results/visual-regression-design-c-103ee-rds-have-consistent-styling-iphone-12/trace.zip

    ────────────────────────────────────────────────────────────────────────────────────────────────
]]>
</failure>
<system-out>
<![CDATA[
[[ATTACHMENT|visual-regression-design-c-103ee-rds-have-consistent-styling-iphone-12/trace.zip]]
]]>
</system-out>
</testcase>
<testcase name="Component Consistency › Typography follows design tokens" classname="visual-regression/design-consistency.spec.ts" time="0.004">
<failure message="design-consistency.spec.ts:106:3 Typography follows design tokens" type="FAILURE">
<![CDATA[  [iphone-12] › visual-regression/design-consistency.spec.ts:106:3 › Component Consistency › Typography follows design tokens 

    Error: browserType.launch: Executable doesn't exist at /home/codespace/.cache/ms-playwright/webkit-2215/pw_run.sh
    ╔═════════════════════════════════════════════════════════════════════════╗
    ║ Looks like Playwright Test or Playwright was just installed or updated. ║
    ║ Please run the following command to download new browsers:              ║
    ║                                                                         ║
    ║     npx playwright install                                              ║
    ║                                                                         ║
    ║ <3 Playwright Team                                                      ║
    ╚═════════════════════════════════════════════════════════════════════════╝

    attachment #1: trace (application/zip) ─────────────────────────────────────────────────────────
    ../../test-results/visual-regression-design-c-f4ce6-raphy-follows-design-tokens-iphone-12/trace.zip
    Usage:

        npx playwright show-trace ../../test-results/visual-regression-design-c-f4ce6-raphy-follows-design-tokens-iphone-12/trace.zip

    ────────────────────────────────────────────────────────────────────────────────────────────────
]]>
</failure>
<system-out>
<![CDATA[
[[ATTACHMENT|visual-regression-design-c-f4ce6-raphy-follows-design-tokens-iphone-12/trace.zip]]
]]>
</system-out>
</testcase>
<testcase name="Component Consistency › Spacing is consistent across pages" classname="visual-regression/design-consistency.spec.ts" time="0.008">
<failure message="design-consistency.spec.ts:118:3 Spacing is consistent across pages" type="FAILURE">
<![CDATA[  [iphone-12] › visual-regression/design-consistency.spec.ts:118:3 › Component Consistency › Spacing is consistent across pages 

    Error: browserType.launch: Executable doesn't exist at /home/codespace/.cache/ms-playwright/webkit-2215/pw_run.sh
    ╔═════════════════════════════════════════════════════════════════════════╗
    ║ Looks like Playwright Test or Playwright was just installed or updated. ║
    ║ Please run the following command to download new browsers:              ║
    ║                                                                         ║
    ║     npx playwright install                                              ║
    ║                                                                         ║
    ║ <3 Playwright Team                                                      ║
    ╚═════════════════════════════════════════════════════════════════════════╝

    attachment #1: trace (application/zip) ─────────────────────────────────────────────────────────
    ../../test-results/visual-regression-design-c-61b65--is-consistent-across-pages-iphone-12/trace.zip
    Usage:

        npx playwright show-trace ../../test-results/visual-regression-design-c-61b65--is-consistent-across-pages-iphone-12/trace.zip

    ────────────────────────────────────────────────────────────────────────────────────────────────
]]>
</failure>
<system-out>
<![CDATA[
[[ATTACHMENT|visual-regression-design-c-61b65--is-consistent-across-pages-iphone-12/trace.zip]]
]]>
</system-out>
</testcase>
<testcase name="Component Consistency › Forms have consistent input styling" classname="visual-regression/design-consistency.spec.ts" time="0.004">
<failure message="design-consistency.spec.ts:136:3 Forms have consistent input styling" type="FAILURE">
<![CDATA[  [iphone-12] › visual-regression/design-consistency.spec.ts:136:3 › Component Consistency › Forms have consistent input styling 

    Error: browserType.launch: Executable doesn't exist at /home/codespace/.cache/ms-playwright/webkit-2215/pw_run.sh
    ╔═════════════════════════════════════════════════════════════════════════╗
    ║ Looks like Playwright Test or Playwright was just installed or updated. ║
    ║ Please run the following command to download new browsers:              ║
    ║                                                                         ║
    ║     npx playwright install                                              ║
    ║                                                                         ║
    ║ <3 Playwright Team                                                      ║
    ╚═════════════════════════════════════════════════════════════════════════╝

    attachment #1: trace (application/zip) ─────────────────────────────────────────────────────────
    ../../test-results/visual-regression-design-c-e6bd1-ve-consistent-input-styling-iphone-12/trace.zip
    Usage:

        npx playwright show-trace ../../test-results/visual-regression-design-c-e6bd1-ve-consistent-input-styling-iphone-12/trace.zip

    ────────────────────────────────────────────────────────────────────────────────────────────────
]]>
</failure>
<system-out>
<![CDATA[
[[ATTACHMENT|visual-regression-design-c-e6bd1-ve-consistent-input-styling-iphone-12/trace.zip]]
]]>
</system-out>
</testcase>
<testcase name="Component Consistency › Colors follow design system" classname="visual-regression/design-consistency.spec.ts" time="0.004">
<failure message="design-consistency.spec.ts:150:3 Colors follow design system" type="FAILURE">
<![CDATA[  [iphone-12] › visual-regression/design-consistency.spec.ts:150:3 › Component Consistency › Colors follow design system 

    Error: browserType.launch: Executable doesn't exist at /home/codespace/.cache/ms-playwright/webkit-2215/pw_run.sh
    ╔═════════════════════════════════════════════════════════════════════════╗
    ║ Looks like Playwright Test or Playwright was just installed or updated. ║
    ║ Please run the following command to download new browsers:              ║
    ║                                                                         ║
    ║     npx playwright install                                              ║
    ║                                                                         ║
    ║ <3 Playwright Team                                                      ║
    ╚═════════════════════════════════════════════════════════════════════════╝

    attachment #1: trace (application/zip) ─────────────────────────────────────────────────────────
    ../../test-results/visual-regression-design-c-ca12e-Colors-follow-design-system-iphone-12/trace.zip
    Usage:

        npx playwright show-trace ../../test-results/visual-regression-design-c-ca12e-Colors-follow-design-system-iphone-12/trace.zip

    ────────────────────────────────────────────────────────────────────────────────────────────────
]]>
</failure>
<system-out>
<![CDATA[
[[ATTACHMENT|visual-regression-design-c-ca12e-Colors-follow-design-system-iphone-12/trace.zip]]
]]>
</system-out>
</testcase>
<testcase name="Responsive Design Consistency › Mobile breakpoint applies correct styles" classname="visual-regression/design-consistency.spec.ts" time="0.004">
<failure message="design-consistency.spec.ts:171:3 Mobile breakpoint applies correct styles" type="FAILURE">
<![CDATA[  [iphone-12] › visual-regression/design-consistency.spec.ts:171:3 › Responsive Design Consistency › Mobile breakpoint applies correct styles 

    Error: browserType.launch: Executable doesn't exist at /home/codespace/.cache/ms-playwright/webkit-2215/pw_run.sh
    ╔═════════════════════════════════════════════════════════════════════════╗
    ║ Looks like Playwright Test or Playwright was just installed or updated. ║
    ║ Please run the following command to download new browsers:              ║
    ║                                                                         ║
    ║     npx playwright install                                              ║
    ║                                                                         ║
    ║ <3 Playwright Team                                                      ║
    ╚═════════════════════════════════════════════════════════════════════════╝

    attachment #1: trace (application/zip) ─────────────────────────────────────────────────────────
    ../../test-results/visual-regression-design-c-24055-oint-applies-correct-styles-iphone-12/trace.zip
    Usage:

        npx playwright show-trace ../../test-results/visual-regression-design-c-24055-oint-applies-correct-styles-iphone-12/trace.zip

    ────────────────────────────────────────────────────────────────────────────────────────────────
]]>
</failure>
<system-out>
<![CDATA[
[[ATTACHMENT|visual-regression-design-c-24055-oint-applies-correct-styles-iphone-12/trace.zip]]
]]>
</system-out>
</testcase>
<testcase name="Responsive Design Consistency › Desktop breakpoint applies correct styles" classname="visual-regression/design-consistency.spec.ts" time="0.004">
<failure message="design-consistency.spec.ts:185:3 Desktop breakpoint applies correct styles" type="FAILURE">
<![CDATA[  [iphone-12] › visual-regression/design-consistency.spec.ts:185:3 › Responsive Design Consistency › Desktop breakpoint applies correct styles 

    Error: browserType.launch: Executable doesn't exist at /home/codespace/.cache/ms-playwright/webkit-2215/pw_run.sh
    ╔═════════════════════════════════════════════════════════════════════════╗
    ║ Looks like Playwright Test or Playwright was just installed or updated. ║
    ║ Please run the following command to download new browsers:              ║
    ║                                                                         ║
    ║     npx playwright install                                              ║
    ║                                                                         ║
    ║ <3 Playwright Team                                                      ║
    ╚═════════════════════════════════════════════════════════════════════════╝

    attachment #1: trace (application/zip) ─────────────────────────────────────────────────────────
    ../../test-results/visual-regression-design-c-facf6-oint-applies-correct-styles-iphone-12/trace.zip
    Usage:

        npx playwright show-trace ../../test-results/visual-regression-design-c-facf6-oint-applies-correct-styles-iphone-12/trace.zip

    ────────────────────────────────────────────────────────────────────────────────────────────────
]]>
</failure>
<system-out>
<![CDATA[
[[ATTACHMENT|visual-regression-design-c-facf6-oint-applies-correct-styles-iphone-12/trace.zip]]
]]>
</system-out>
</testcase>
<testcase name="Responsive Design Consistency › Landscape orientation on mobile works correctly" classname="visual-regression/design-consistency.spec.ts" time="0.004">
<failure message="design-consistency.spec.ts:199:3 Landscape orientation on mobile works correctly" type="FAILURE">
<![CDATA[  [iphone-12] › visual-regression/design-consistency.spec.ts:199:3 › Responsive Design Consistency › Landscape orientation on mobile works correctly 

    Error: browserType.launch: Executable doesn't exist at /home/codespace/.cache/ms-playwright/webkit-2215/pw_run.sh
    ╔═════════════════════════════════════════════════════════════════════════╗
    ║ Looks like Playwright Test or Playwright was just installed or updated. ║
    ║ Please run the following command to download new browsers:              ║
    ║                                                                         ║
    ║     npx playwright install                                              ║
    ║                                                                         ║
    ║ <3 Playwright Team                                                      ║
    ╚═════════════════════════════════════════════════════════════════════════╝

    attachment #1: trace (application/zip) ─────────────────────────────────────────────────────────
    ../../test-results/visual-regression-design-c-adc76-n-on-mobile-works-correctly-iphone-12/trace.zip
    Usage:

        npx playwright show-trace ../../test-results/visual-regression-design-c-adc76-n-on-mobile-works-correctly-iphone-12/trace.zip

    ────────────────────────────────────────────────────────────────────────────────────────────────
]]>
</failure>
<system-out>
<![CDATA[
[[ATTACHMENT|visual-regression-design-c-adc76-n-on-mobile-works-correctly-iphone-12/trace.zip]]
]]>
</system-out>
</testcase>
<testcase name="Animation Consistency › Hover effects are consistent" classname="visual-regression/design-consistency.spec.ts" time="0.003">
<failure message="design-consistency.spec.ts:211:3 Hover effects are consistent" type="FAILURE">
<![CDATA[  [iphone-12] › visual-regression/design-consistency.spec.ts:211:3 › Animation Consistency › Hover effects are consistent 

    Error: browserType.launch: Executable doesn't exist at /home/codespace/.cache/ms-playwright/webkit-2215/pw_run.sh
    ╔═════════════════════════════════════════════════════════════════════════╗
    ║ Looks like Playwright Test or Playwright was just installed or updated. ║
    ║ Please run the following command to download new browsers:              ║
    ║                                                                         ║
    ║     npx playwright install                                              ║
    ║                                                                         ║
    ║ <3 Playwright Team                                                      ║
    ╚═════════════════════════════════════════════════════════════════════════╝

    attachment #1: trace (application/zip) ─────────────────────────────────────────────────────────
    ../../test-results/visual-regression-design-c-911c2-over-effects-are-consistent-iphone-12/trace.zip
    Usage:

        npx playwright show-trace ../../test-results/visual-regression-design-c-911c2-over-effects-are-consistent-iphone-12/trace.zip

    ────────────────────────────────────────────────────────────────────────────────────────────────
]]>
</failure>
<system-out>
<![CDATA[
[[ATTACHMENT|visual-regression-design-c-911c2-over-effects-are-consistent-iphone-12/trace.zip]]
]]>
</system-out>
</testcase>
<testcase name="Animation Consistency › Focus states are visible" classname="visual-regression/design-consistency.spec.ts" time="0.004">
<failure message="design-consistency.spec.ts:228:3 Focus states are visible" type="FAILURE">
<![CDATA[  [iphone-12] › visual-regression/design-consistency.spec.ts:228:3 › Animation Consistency › Focus states are visible 

    Error: browserType.launch: Executable doesn't exist at /home/codespace/.cache/ms-playwright/webkit-2215/pw_run.sh
    ╔═════════════════════════════════════════════════════════════════════════╗
    ║ Looks like Playwright Test or Playwright was just installed or updated. ║
    ║ Please run the following command to download new browsers:              ║
    ║                                                                         ║
    ║     npx playwright install                                              ║
    ║                                                                         ║
    ║ <3 Playwright Team                                                      ║
    ╚═════════════════════════════════════════════════════════════════════════╝

    attachment #1: trace (application/zip) ─────────────────────────────────────────────────────────
    ../../test-results/visual-regression-design-c-82925-cy-Focus-states-are-visible-iphone-12/trace.zip
    Usage:

        npx playwright show-trace ../../test-results/visual-regression-design-c-82925-cy-Focus-states-are-visible-iphone-12/trace.zip

    ────────────────────────────────────────────────────────────────────────────────────────────────
]]>
</failure>
<system-out>
<![CDATA[
[[ATTACHMENT|visual-regression-design-c-82925-cy-Focus-states-are-visible-iphone-12/trace.zip]]
]]>
</system-out>
</testcase>
</testsuite>
<testsuite name="visual-regression/design-consistency.spec.ts" timestamp="2025-10-27T02:13:43.818Z" hostname="iphone-se" tests="67" failures="67" skipped="0" time="0.275" errors="0">
<testcase name="Visual Regression - Design Consistency › mobile-small (375x667) › Biometric Enrollment - matches design baseline" classname="visual-regression/design-consistency.spec.ts" time="0.005">
<failure message="design-consistency.spec.ts:59:9 Biometric Enrollment - matches design baseline" type="FAILURE">
<![CDATA[  [iphone-se] › visual-regression/design-consistency.spec.ts:59:9 › Visual Regression - Design Consistency › mobile-small (375x667) › Biometric Enrollment - matches design baseline 

    Error: browserType.launch: Executable doesn't exist at /home/codespace/.cache/ms-playwright/webkit-2215/pw_run.sh
    ╔═════════════════════════════════════════════════════════════════════════╗
    ║ Looks like Playwright Test or Playwright was just installed or updated. ║
    ║ Please run the following command to download new browsers:              ║
    ║                                                                         ║
    ║     npx playwright install                                              ║
    ║                                                                         ║
    ║ <3 Playwright Team                                                      ║
    ╚═════════════════════════════════════════════════════════════════════════╝

    attachment #1: trace (application/zip) ─────────────────────────────────────────────────────────
    ../../test-results/visual-regression-design-c-2751f-t---matches-design-baseline-iphone-se/trace.zip
    Usage:

        npx playwright show-trace ../../test-results/visual-regression-design-c-2751f-t---matches-design-baseline-iphone-se/trace.zip

    ────────────────────────────────────────────────────────────────────────────────────────────────
]]>
</failure>
<system-out>
<![CDATA[
[[ATTACHMENT|visual-regression-design-c-2751f-t---matches-design-baseline-iphone-se/trace.zip]]
]]>
</system-out>
</testcase>
<testcase name="Visual Regression - Design Consistency › mobile-small (375x667) › Onboarding - matches design baseline" classname="visual-regression/design-consistency.spec.ts" time="0.004">
<failure message="design-consistency.spec.ts:59:9 Onboarding - matches design baseline" type="FAILURE">
<![CDATA[  [iphone-se] › visual-regression/design-consistency.spec.ts:59:9 › Visual Regression - Design Consistency › mobile-small (375x667) › Onboarding - matches design baseline 

    Error: browserType.launch: Executable doesn't exist at /home/codespace/.cache/ms-playwright/webkit-2215/pw_run.sh
    ╔═════════════════════════════════════════════════════════════════════════╗
    ║ Looks like Playwright Test or Playwright was just installed or updated. ║
    ║ Please run the following command to download new browsers:              ║
    ║                                                                         ║
    ║     npx playwright install                                              ║
    ║                                                                         ║
    ║ <3 Playwright Team                                                      ║
    ╚═════════════════════════════════════════════════════════════════════════╝

    attachment #1: trace (application/zip) ─────────────────────────────────────────────────────────
    ../../test-results/visual-regression-design-c-afc69-g---matches-design-baseline-iphone-se/trace.zip
    Usage:

        npx playwright show-trace ../../test-results/visual-regression-design-c-afc69-g---matches-design-baseline-iphone-se/trace.zip

    ────────────────────────────────────────────────────────────────────────────────────────────────
]]>
</failure>
<system-out>
<![CDATA[
[[ATTACHMENT|visual-regression-design-c-afc69-g---matches-design-baseline-iphone-se/trace.zip]]
]]>
</system-out>
</testcase>
<testcase name="Visual Regression - Design Consistency › mobile-small (375x667) › Create Password - matches design baseline" classname="visual-regression/design-consistency.spec.ts" time="0.004">
<failure message="design-consistency.spec.ts:59:9 Create Password - matches design baseline" type="FAILURE">
<![CDATA[  [iphone-se] › visual-regression/design-consistency.spec.ts:59:9 › Visual Regression - Design Consistency › mobile-small (375x667) › Create Password - matches design baseline 

    Error: browserType.launch: Executable doesn't exist at /home/codespace/.cache/ms-playwright/webkit-2215/pw_run.sh
    ╔═════════════════════════════════════════════════════════════════════════╗
    ║ Looks like Playwright Test or Playwright was just installed or updated. ║
    ║ Please run the following command to download new browsers:              ║
    ║                                                                         ║
    ║     npx playwright install                                              ║
    ║                                                                         ║
    ║ <3 Playwright Team                                                      ║
    ╚═════════════════════════════════════════════════════════════════════════╝

    attachment #1: trace (application/zip) ─────────────────────────────────────────────────────────
    ../../test-results/visual-regression-design-c-3e099-d---matches-design-baseline-iphone-se/trace.zip
    Usage:

        npx playwright show-trace ../../test-results/visual-regression-design-c-3e099-d---matches-design-baseline-iphone-se/trace.zip

    ────────────────────────────────────────────────────────────────────────────────────────────────
]]>
</failure>
<system-out>
<![CDATA[
[[ATTACHMENT|visual-regression-design-c-3e099-d---matches-design-baseline-iphone-se/trace.zip]]
]]>
</system-out>
</testcase>
<testcase name="Visual Regression - Design Consistency › mobile-small (375x667) › Setup Biometrics - matches design baseline" classname="visual-regression/design-consistency.spec.ts" time="0.004">
<failure message="design-consistency.spec.ts:59:9 Setup Biometrics - matches design baseline" type="FAILURE">
<![CDATA[  [iphone-se] › visual-regression/design-consistency.spec.ts:59:9 › Visual Regression - Design Consistency › mobile-small (375x667) › Setup Biometrics - matches design baseline 

    Error: browserType.launch: Executable doesn't exist at /home/codespace/.cache/ms-playwright/webkit-2215/pw_run.sh
    ╔═════════════════════════════════════════════════════════════════════════╗
    ║ Looks like Playwright Test or Playwright was just installed or updated. ║
    ║ Please run the following command to download new browsers:              ║
    ║                                                                         ║
    ║     npx playwright install                                              ║
    ║                                                                         ║
    ║ <3 Playwright Team                                                      ║
    ╚═════════════════════════════════════════════════════════════════════════╝

    attachment #1: trace (application/zip) ─────────────────────────────────────────────────────────
    ../../test-results/visual-regression-design-c-eec72-s---matches-design-baseline-iphone-se/trace.zip
    Usage:

        npx playwright show-trace ../../test-results/visual-regression-design-c-eec72-s---matches-design-baseline-iphone-se/trace.zip

    ────────────────────────────────────────────────────────────────────────────────────────────────
]]>
</failure>
<system-out>
<![CDATA[
[[ATTACHMENT|visual-regression-design-c-eec72-s---matches-design-baseline-iphone-se/trace.zip]]
]]>
</system-out>
</testcase>
<testcase name="Visual Regression - Design Consistency › mobile-small (375x667) › Generate Seed Phrase - matches design baseline" classname="visual-regression/design-consistency.spec.ts" time="0.004">
<failure message="design-consistency.spec.ts:59:9 Generate Seed Phrase - matches design baseline" type="FAILURE">
<![CDATA[  [iphone-se] › visual-regression/design-consistency.spec.ts:59:9 › Visual Regression - Design Consistency › mobile-small (375x667) › Generate Seed Phrase - matches design baseline 

    Error: browserType.launch: Executable doesn't exist at /home/codespace/.cache/ms-playwright/webkit-2215/pw_run.sh
    ╔═════════════════════════════════════════════════════════════════════════╗
    ║ Looks like Playwright Test or Playwright was just installed or updated. ║
    ║ Please run the following command to download new browsers:              ║
    ║                                                                         ║
    ║     npx playwright install                                              ║
    ║                                                                         ║
    ║ <3 Playwright Team                                                      ║
    ╚═════════════════════════════════════════════════════════════════════════╝

    attachment #1: trace (application/zip) ─────────────────────────────────────────────────────────
    ../../test-results/visual-regression-design-c-c1a7d-e---matches-design-baseline-iphone-se/trace.zip
    Usage:

        npx playwright show-trace ../../test-results/visual-regression-design-c-c1a7d-e---matches-design-baseline-iphone-se/trace.zip

    ────────────────────────────────────────────────────────────────────────────────────────────────
]]>
</failure>
<system-out>
<![CDATA[
[[ATTACHMENT|visual-regression-design-c-c1a7d-e---matches-design-baseline-iphone-se/trace.zip]]
]]>
</system-out>
</testcase>
<testcase name="Visual Regression - Design Consistency › mobile-small (375x667) › Verify Seed Phrase - matches design baseline" classname="visual-regression/design-consistency.spec.ts" time="0.004">
<failure message="design-consistency.spec.ts:59:9 Verify Seed Phrase - matches design baseline" type="FAILURE">
<![CDATA[  [iphone-se] › visual-regression/design-consistency.spec.ts:59:9 › Visual Regression - Design Consistency › mobile-small (375x667) › Verify Seed Phrase - matches design baseline 

    Error: browserType.launch: Executable doesn't exist at /home/codespace/.cache/ms-playwright/webkit-2215/pw_run.sh
    ╔═════════════════════════════════════════════════════════════════════════╗
    ║ Looks like Playwright Test or Playwright was just installed or updated. ║
    ║ Please run the following command to download new browsers:              ║
    ║                                                                         ║
    ║     npx playwright install                                              ║
    ║                                                                         ║
    ║ <3 Playwright Team                                                      ║
    ╚═════════════════════════════════════════════════════════════════════════╝

    attachment #1: trace (application/zip) ─────────────────────────────────────────────────────────
    ../../test-results/visual-regression-design-c-a97b6-e---matches-design-baseline-iphone-se/trace.zip
    Usage:

        npx playwright show-trace ../../test-results/visual-regression-design-c-a97b6-e---matches-design-baseline-iphone-se/trace.zip

    ────────────────────────────────────────────────────────────────────────────────────────────────
]]>
</failure>
<system-out>
<![CDATA[
[[ATTACHMENT|visual-regression-design-c-a97b6-e---matches-design-baseline-iphone-se/trace.zip]]
]]>
</system-out>
</testcase>
<testcase name="Visual Regression - Design Consistency › mobile-small (375x667) › Set Passcode - matches design baseline" classname="visual-regression/design-consistency.spec.ts" time="0.004">
<failure message="design-consistency.spec.ts:59:9 Set Passcode - matches design baseline" type="FAILURE">
<![CDATA[  [iphone-se] › visual-regression/design-consistency.spec.ts:59:9 › Visual Regression - Design Consistency › mobile-small (375x667) › Set Passcode - matches design baseline 

    Error: browserType.launch: Executable doesn't exist at /home/codespace/.cache/ms-playwright/webkit-2215/pw_run.sh
    ╔═════════════════════════════════════════════════════════════════════════╗
    ║ Looks like Playwright Test or Playwright was just installed or updated. ║
    ║ Please run the following command to download new browsers:              ║
    ║                                                                         ║
    ║     npx playwright install                                              ║
    ║                                                                         ║
    ║ <3 Playwright Team                                                      ║
    ╚═════════════════════════════════════════════════════════════════════════╝

    attachment #1: trace (application/zip) ─────────────────────────────────────────────────────────
    ../../test-results/visual-regression-design-c-1d784-e---matches-design-baseline-iphone-se/trace.zip
    Usage:

        npx playwright show-trace ../../test-results/visual-regression-design-c-1d784-e---matches-design-baseline-iphone-se/trace.zip

    ────────────────────────────────────────────────────────────────────────────────────────────────
]]>
</failure>
<system-out>
<![CDATA[
[[ATTACHMENT|visual-regression-design-c-1d784-e---matches-design-baseline-iphone-se/trace.zip]]
]]>
</system-out>
</testcase>
<testcase name="Visual Regression - Design Consistency › mobile-small (375x667) › Lock Page - matches design baseline" classname="visual-regression/design-consistency.spec.ts" time="0.004">
<failure message="design-consistency.spec.ts:59:9 Lock Page - matches design baseline" type="FAILURE">
<![CDATA[  [iphone-se] › visual-regression/design-consistency.spec.ts:59:9 › Visual Regression - Design Consistency › mobile-small (375x667) › Lock Page - matches design baseline 

    Error: browserType.launch: Executable doesn't exist at /home/codespace/.cache/ms-playwright/webkit-2215/pw_run.sh
    ╔═════════════════════════════════════════════════════════════════════════╗
    ║ Looks like Playwright Test or Playwright was just installed or updated. ║
    ║ Please run the following command to download new browsers:              ║
    ║                                                                         ║
    ║     npx playwright install                                              ║
    ║                                                                         ║
    ║ <3 Playwright Team                                                      ║
    ╚═════════════════════════════════════════════════════════════════════════╝

    attachment #1: trace (application/zip) ─────────────────────────────────────────────────────────
    ../../test-results/visual-regression-design-c-3a010-e---matches-design-baseline-iphone-se/trace.zip
    Usage:

        npx playwright show-trace ../../test-results/visual-regression-design-c-3a010-e---matches-design-baseline-iphone-se/trace.zip

    ────────────────────────────────────────────────────────────────────────────────────────────────
]]>
</failure>
<system-out>
<![CDATA[
[[ATTACHMENT|visual-regression-design-c-3a010-e---matches-design-baseline-iphone-se/trace.zip]]
]]>
</system-out>
</testcase>
<testcase name="Visual Regression - Design Consistency › mobile-small (375x667) › Credentials - matches design baseline" classname="visual-regression/design-consistency.spec.ts" time="0.004">
<failure message="design-consistency.spec.ts:59:9 Credentials - matches design baseline" type="FAILURE">
<![CDATA[  [iphone-se] › visual-regression/design-consistency.spec.ts:59:9 › Visual Regression - Design Consistency › mobile-small (375x667) › Credentials - matches design baseline 

    Error: browserType.launch: Executable doesn't exist at /home/codespace/.cache/ms-playwright/webkit-2215/pw_run.sh
    ╔═════════════════════════════════════════════════════════════════════════╗
    ║ Looks like Playwright Test or Playwright was just installed or updated. ║
    ║ Please run the following command to download new browsers:              ║
    ║                                                                         ║
    ║     npx playwright install                                              ║
    ║                                                                         ║
    ║ <3 Playwright Team                                                      ║
    ╚═════════════════════════════════════════════════════════════════════════╝

    attachment #1: trace (application/zip) ─────────────────────────────────────────────────────────
    ../../test-results/visual-regression-design-c-eb966-s---matches-design-baseline-iphone-se/trace.zip
    Usage:

        npx playwright show-trace ../../test-results/visual-regression-design-c-eb966-s---matches-design-baseline-iphone-se/trace.zip

    ────────────────────────────────────────────────────────────────────────────────────────────────
]]>
</failure>
<system-out>
<![CDATA[
[[ATTACHMENT|visual-regression-design-c-eb966-s---matches-design-baseline-iphone-se/trace.zip]]
]]>
</system-out>
</testcase>
<testcase name="Visual Regression - Design Consistency › mobile-small (375x667) › Identifiers - matches design baseline" classname="visual-regression/design-consistency.spec.ts" time="0.004">
<failure message="design-consistency.spec.ts:59:9 Identifiers - matches design baseline" type="FAILURE">
<![CDATA[  [iphone-se] › visual-regression/design-consistency.spec.ts:59:9 › Visual Regression - Design Consistency › mobile-small (375x667) › Identifiers - matches design baseline 

    Error: browserType.launch: Executable doesn't exist at /home/codespace/.cache/ms-playwright/webkit-2215/pw_run.sh
    ╔═════════════════════════════════════════════════════════════════════════╗
    ║ Looks like Playwright Test or Playwright was just installed or updated. ║
    ║ Please run the following command to download new browsers:              ║
    ║                                                                         ║
    ║     npx playwright install                                              ║
    ║                                                                         ║
    ║ <3 Playwright Team                                                      ║
    ╚═════════════════════════════════════════════════════════════════════════╝

    attachment #1: trace (application/zip) ─────────────────────────────────────────────────────────
    ../../test-results/visual-regression-design-c-eb810-s---matches-design-baseline-iphone-se/trace.zip
    Usage:

        npx playwright show-trace ../../test-results/visual-regression-design-c-eb810-s---matches-design-baseline-iphone-se/trace.zip

    ────────────────────────────────────────────────────────────────────────────────────────────────
]]>
</failure>
<system-out>
<![CDATA[
[[ATTACHMENT|visual-regression-design-c-eb810-s---matches-design-baseline-iphone-se/trace.zip]]
]]>
</system-out>
</testcase>
<testcase name="Visual Regression - Design Consistency › mobile-small (375x667) › Connections - matches design baseline" classname="visual-regression/design-consistency.spec.ts" time="0.004">
<failure message="design-consistency.spec.ts:59:9 Connections - matches design baseline" type="FAILURE">
<![CDATA[  [iphone-se] › visual-regression/design-consistency.spec.ts:59:9 › Visual Regression - Design Consistency › mobile-small (375x667) › Connections - matches design baseline 

    Error: browserType.launch: Executable doesn't exist at /home/codespace/.cache/ms-playwright/webkit-2215/pw_run.sh
    ╔═════════════════════════════════════════════════════════════════════════╗
    ║ Looks like Playwright Test or Playwright was just installed or updated. ║
    ║ Please run the following command to download new browsers:              ║
    ║                                                                         ║
    ║     npx playwright install                                              ║
    ║                                                                         ║
    ║ <3 Playwright Team                                                      ║
    ╚═════════════════════════════════════════════════════════════════════════╝

    attachment #1: trace (application/zip) ─────────────────────────────────────────────────────────
    ../../test-results/visual-regression-design-c-47ea2-s---matches-design-baseline-iphone-se/trace.zip
    Usage:

        npx playwright show-trace ../../test-results/visual-regression-design-c-47ea2-s---matches-design-baseline-iphone-se/trace.zip

    ────────────────────────────────────────────────────────────────────────────────────────────────
]]>
</failure>
<system-out>
<![CDATA[
[[ATTACHMENT|visual-regression-design-c-47ea2-s---matches-design-baseline-iphone-se/trace.zip]]
]]>
</system-out>
</testcase>
<testcase name="Visual Regression - Design Consistency › mobile-small (375x667) › Notifications - matches design baseline" classname="visual-regression/design-consistency.spec.ts" time="0.004">
<failure message="design-consistency.spec.ts:59:9 Notifications - matches design baseline" type="FAILURE">
<![CDATA[  [iphone-se] › visual-regression/design-consistency.spec.ts:59:9 › Visual Regression - Design Consistency › mobile-small (375x667) › Notifications - matches design baseline 

    Error: browserType.launch: Executable doesn't exist at /home/codespace/.cache/ms-playwright/webkit-2215/pw_run.sh
    ╔═════════════════════════════════════════════════════════════════════════╗
    ║ Looks like Playwright Test or Playwright was just installed or updated. ║
    ║ Please run the following command to download new browsers:              ║
    ║                                                                         ║
    ║     npx playwright install                                              ║
    ║                                                                         ║
    ║ <3 Playwright Team                                                      ║
    ╚═════════════════════════════════════════════════════════════════════════╝

    attachment #1: trace (application/zip) ─────────────────────────────────────────────────────────
    ../../test-results/visual-regression-design-c-95a73-s---matches-design-baseline-iphone-se/trace.zip
    Usage:

        npx playwright show-trace ../../test-results/visual-regression-design-c-95a73-s---matches-design-baseline-iphone-se/trace.zip

    ────────────────────────────────────────────────────────────────────────────────────────────────
]]>
</failure>
<system-out>
<![CDATA[
[[ATTACHMENT|visual-regression-design-c-95a73-s---matches-design-baseline-iphone-se/trace.zip]]
]]>
</system-out>
</testcase>
<testcase name="Visual Regression - Design Consistency › mobile-small (375x667) › Menu - matches design baseline" classname="visual-regression/design-consistency.spec.ts" time="0.004">
<failure message="design-consistency.spec.ts:59:9 Menu - matches design baseline" type="FAILURE">
<![CDATA[  [iphone-se] › visual-regression/design-consistency.spec.ts:59:9 › Visual Regression - Design Consistency › mobile-small (375x667) › Menu - matches design baseline 

    Error: browserType.launch: Executable doesn't exist at /home/codespace/.cache/ms-playwright/webkit-2215/pw_run.sh
    ╔═════════════════════════════════════════════════════════════════════════╗
    ║ Looks like Playwright Test or Playwright was just installed or updated. ║
    ║ Please run the following command to download new browsers:              ║
    ║                                                                         ║
    ║     npx playwright install                                              ║
    ║                                                                         ║
    ║ <3 Playwright Team                                                      ║
    ╚═════════════════════════════════════════════════════════════════════════╝

    attachment #1: trace (application/zip) ─────────────────────────────────────────────────────────
    ../../test-results/visual-regression-design-c-67878-u---matches-design-baseline-iphone-se/trace.zip
    Usage:

        npx playwright show-trace ../../test-results/visual-regression-design-c-67878-u---matches-design-baseline-iphone-se/trace.zip

    ────────────────────────────────────────────────────────────────────────────────────────────────
]]>
</failure>
<system-out>
<![CDATA[
[[ATTACHMENT|visual-regression-design-c-67878-u---matches-design-baseline-iphone-se/trace.zip]]
]]>
</system-out>
</testcase>
<testcase name="Visual Regression - Design Consistency › mobile-small (375x667) › Scan - matches design baseline" classname="visual-regression/design-consistency.spec.ts" time="0.005">
<failure message="design-consistency.spec.ts:59:9 Scan - matches design baseline" type="FAILURE">
<![CDATA[  [iphone-se] › visual-regression/design-consistency.spec.ts:59:9 › Visual Regression - Design Consistency › mobile-small (375x667) › Scan - matches design baseline 

    Error: browserType.launch: Executable doesn't exist at /home/codespace/.cache/ms-playwright/webkit-2215/pw_run.sh
    ╔═════════════════════════════════════════════════════════════════════════╗
    ║ Looks like Playwright Test or Playwright was just installed or updated. ║
    ║ Please run the following command to download new browsers:              ║
    ║                                                                         ║
    ║     npx playwright install                                              ║
    ║                                                                         ║
    ║ <3 Playwright Team                                                      ║
    ╚═════════════════════════════════════════════════════════════════════════╝

    attachment #1: trace (application/zip) ─────────────────────────────────────────────────────────
    ../../test-results/visual-regression-design-c-eed57-n---matches-design-baseline-iphone-se/trace.zip
    Usage:

        npx playwright show-trace ../../test-results/visual-regression-design-c-eed57-n---matches-design-baseline-iphone-se/trace.zip

    ────────────────────────────────────────────────────────────────────────────────────────────────
]]>
</failure>
<system-out>
<![CDATA[
[[ATTACHMENT|visual-regression-design-c-eed57-n---matches-design-baseline-iphone-se/trace.zip]]
]]>
</system-out>
</testcase>
<testcase name="Visual Regression - Design Consistency › mobile-medium (393x852) › Biometric Enrollment - matches design baseline" classname="visual-regression/design-consistency.spec.ts" time="0.004">
<failure message="design-consistency.spec.ts:59:9 Biometric Enrollment - matches design baseline" type="FAILURE">
<![CDATA[  [iphone-se] › visual-regression/design-consistency.spec.ts:59:9 › Visual Regression - Design Consistency › mobile-medium (393x852) › Biometric Enrollment - matches design baseline 

    Error: browserType.launch: Executable doesn't exist at /home/codespace/.cache/ms-playwright/webkit-2215/pw_run.sh
    ╔═════════════════════════════════════════════════════════════════════════╗
    ║ Looks like Playwright Test or Playwright was just installed or updated. ║
    ║ Please run the following command to download new browsers:              ║
    ║                                                                         ║
    ║     npx playwright install                                              ║
    ║                                                                         ║
    ║ <3 Playwright Team                                                      ║
    ╚═════════════════════════════════════════════════════════════════════════╝

    attachment #1: trace (application/zip) ─────────────────────────────────────────────────────────
    ../../test-results/visual-regression-design-c-88073-t---matches-design-baseline-iphone-se/trace.zip
    Usage:

        npx playwright show-trace ../../test-results/visual-regression-design-c-88073-t---matches-design-baseline-iphone-se/trace.zip

    ────────────────────────────────────────────────────────────────────────────────────────────────
]]>
</failure>
<system-out>
<![CDATA[
[[ATTACHMENT|visual-regression-design-c-88073-t---matches-design-baseline-iphone-se/trace.zip]]
]]>
</system-out>
</testcase>
<testcase name="Visual Regression - Design Consistency › mobile-medium (393x852) › Onboarding - matches design baseline" classname="visual-regression/design-consistency.spec.ts" time="0.004">
<failure message="design-consistency.spec.ts:59:9 Onboarding - matches design baseline" type="FAILURE">
<![CDATA[  [iphone-se] › visual-regression/design-consistency.spec.ts:59:9 › Visual Regression - Design Consistency › mobile-medium (393x852) › Onboarding - matches design baseline 

    Error: browserType.launch: Executable doesn't exist at /home/codespace/.cache/ms-playwright/webkit-2215/pw_run.sh
    ╔═════════════════════════════════════════════════════════════════════════╗
    ║ Looks like Playwright Test or Playwright was just installed or updated. ║
    ║ Please run the following command to download new browsers:              ║
    ║                                                                         ║
    ║     npx playwright install                                              ║
    ║                                                                         ║
    ║ <3 Playwright Team                                                      ║
    ╚═════════════════════════════════════════════════════════════════════════╝

    attachment #1: trace (application/zip) ─────────────────────────────────────────────────────────
    ../../test-results/visual-regression-design-c-5f6de-g---matches-design-baseline-iphone-se/trace.zip
    Usage:

        npx playwright show-trace ../../test-results/visual-regression-design-c-5f6de-g---matches-design-baseline-iphone-se/trace.zip

    ────────────────────────────────────────────────────────────────────────────────────────────────
]]>
</failure>
<system-out>
<![CDATA[
[[ATTACHMENT|visual-regression-design-c-5f6de-g---matches-design-baseline-iphone-se/trace.zip]]
]]>
</system-out>
</testcase>
<testcase name="Visual Regression - Design Consistency › mobile-medium (393x852) › Create Password - matches design baseline" classname="visual-regression/design-consistency.spec.ts" time="0.004">
<failure message="design-consistency.spec.ts:59:9 Create Password - matches design baseline" type="FAILURE">
<![CDATA[  [iphone-se] › visual-regression/design-consistency.spec.ts:59:9 › Visual Regression - Design Consistency › mobile-medium (393x852) › Create Password - matches design baseline 

    Error: browserType.launch: Executable doesn't exist at /home/codespace/.cache/ms-playwright/webkit-2215/pw_run.sh
    ╔═════════════════════════════════════════════════════════════════════════╗
    ║ Looks like Playwright Test or Playwright was just installed or updated. ║
    ║ Please run the following command to download new browsers:              ║
    ║                                                                         ║
    ║     npx playwright install                                              ║
    ║                                                                         ║
    ║ <3 Playwright Team                                                      ║
    ╚═════════════════════════════════════════════════════════════════════════╝

    attachment #1: trace (application/zip) ─────────────────────────────────────────────────────────
    ../../test-results/visual-regression-design-c-e7d2d-d---matches-design-baseline-iphone-se/trace.zip
    Usage:

        npx playwright show-trace ../../test-results/visual-regression-design-c-e7d2d-d---matches-design-baseline-iphone-se/trace.zip

    ────────────────────────────────────────────────────────────────────────────────────────────────
]]>
</failure>
<system-out>
<![CDATA[
[[ATTACHMENT|visual-regression-design-c-e7d2d-d---matches-design-baseline-iphone-se/trace.zip]]
]]>
</system-out>
</testcase>
<testcase name="Visual Regression - Design Consistency › mobile-medium (393x852) › Setup Biometrics - matches design baseline" classname="visual-regression/design-consistency.spec.ts" time="0.004">
<failure message="design-consistency.spec.ts:59:9 Setup Biometrics - matches design baseline" type="FAILURE">
<![CDATA[  [iphone-se] › visual-regression/design-consistency.spec.ts:59:9 › Visual Regression - Design Consistency › mobile-medium (393x852) › Setup Biometrics - matches design baseline 

    Error: browserType.launch: Executable doesn't exist at /home/codespace/.cache/ms-playwright/webkit-2215/pw_run.sh
    ╔═════════════════════════════════════════════════════════════════════════╗
    ║ Looks like Playwright Test or Playwright was just installed or updated. ║
    ║ Please run the following command to download new browsers:              ║
    ║                                                                         ║
    ║     npx playwright install                                              ║
    ║                                                                         ║
    ║ <3 Playwright Team                                                      ║
    ╚═════════════════════════════════════════════════════════════════════════╝

    attachment #1: trace (application/zip) ─────────────────────────────────────────────────────────
    ../../test-results/visual-regression-design-c-d4b30-s---matches-design-baseline-iphone-se/trace.zip
    Usage:

        npx playwright show-trace ../../test-results/visual-regression-design-c-d4b30-s---matches-design-baseline-iphone-se/trace.zip

    ────────────────────────────────────────────────────────────────────────────────────────────────
]]>
</failure>
<system-out>
<![CDATA[
[[ATTACHMENT|visual-regression-design-c-d4b30-s---matches-design-baseline-iphone-se/trace.zip]]
]]>
</system-out>
</testcase>
<testcase name="Visual Regression - Design Consistency › mobile-medium (393x852) › Generate Seed Phrase - matches design baseline" classname="visual-regression/design-consistency.spec.ts" time="0.004">
<failure message="design-consistency.spec.ts:59:9 Generate Seed Phrase - matches design baseline" type="FAILURE">
<![CDATA[  [iphone-se] › visual-regression/design-consistency.spec.ts:59:9 › Visual Regression - Design Consistency › mobile-medium (393x852) › Generate Seed Phrase - matches design baseline 

    Error: browserType.launch: Executable doesn't exist at /home/codespace/.cache/ms-playwright/webkit-2215/pw_run.sh
    ╔═════════════════════════════════════════════════════════════════════════╗
    ║ Looks like Playwright Test or Playwright was just installed or updated. ║
    ║ Please run the following command to download new browsers:              ║
    ║                                                                         ║
    ║     npx playwright install                                              ║
    ║                                                                         ║
    ║ <3 Playwright Team                                                      ║
    ╚═════════════════════════════════════════════════════════════════════════╝

    attachment #1: trace (application/zip) ─────────────────────────────────────────────────────────
    ../../test-results/visual-regression-design-c-7f4d1-e---matches-design-baseline-iphone-se/trace.zip
    Usage:

        npx playwright show-trace ../../test-results/visual-regression-design-c-7f4d1-e---matches-design-baseline-iphone-se/trace.zip

    ────────────────────────────────────────────────────────────────────────────────────────────────
]]>
</failure>
<system-out>
<![CDATA[
[[ATTACHMENT|visual-regression-design-c-7f4d1-e---matches-design-baseline-iphone-se/trace.zip]]
]]>
</system-out>
</testcase>
<testcase name="Visual Regression - Design Consistency › mobile-medium (393x852) › Verify Seed Phrase - matches design baseline" classname="visual-regression/design-consistency.spec.ts" time="0.005">
<failure message="design-consistency.spec.ts:59:9 Verify Seed Phrase - matches design baseline" type="FAILURE">
<![CDATA[  [iphone-se] › visual-regression/design-consistency.spec.ts:59:9 › Visual Regression - Design Consistency › mobile-medium (393x852) › Verify Seed Phrase - matches design baseline 

    Error: browserType.launch: Executable doesn't exist at /home/codespace/.cache/ms-playwright/webkit-2215/pw_run.sh
    ╔═════════════════════════════════════════════════════════════════════════╗
    ║ Looks like Playwright Test or Playwright was just installed or updated. ║
    ║ Please run the following command to download new browsers:              ║
    ║                                                                         ║
    ║     npx playwright install                                              ║
    ║                                                                         ║
    ║ <3 Playwright Team                                                      ║
    ╚═════════════════════════════════════════════════════════════════════════╝

    attachment #1: trace (application/zip) ─────────────────────────────────────────────────────────
    ../../test-results/visual-regression-design-c-82e95-e---matches-design-baseline-iphone-se/trace.zip
    Usage:

        npx playwright show-trace ../../test-results/visual-regression-design-c-82e95-e---matches-design-baseline-iphone-se/trace.zip

    ────────────────────────────────────────────────────────────────────────────────────────────────
]]>
</failure>
<system-out>
<![CDATA[
[[ATTACHMENT|visual-regression-design-c-82e95-e---matches-design-baseline-iphone-se/trace.zip]]
]]>
</system-out>
</testcase>
<testcase name="Visual Regression - Design Consistency › mobile-medium (393x852) › Set Passcode - matches design baseline" classname="visual-regression/design-consistency.spec.ts" time="0.004">
<failure message="design-consistency.spec.ts:59:9 Set Passcode - matches design baseline" type="FAILURE">
<![CDATA[  [iphone-se] › visual-regression/design-consistency.spec.ts:59:9 › Visual Regression - Design Consistency › mobile-medium (393x852) › Set Passcode - matches design baseline 

    Error: browserType.launch: Executable doesn't exist at /home/codespace/.cache/ms-playwright/webkit-2215/pw_run.sh
    ╔═════════════════════════════════════════════════════════════════════════╗
    ║ Looks like Playwright Test or Playwright was just installed or updated. ║
    ║ Please run the following command to download new browsers:              ║
    ║                                                                         ║
    ║     npx playwright install                                              ║
    ║                                                                         ║
    ║ <3 Playwright Team                                                      ║
    ╚═════════════════════════════════════════════════════════════════════════╝

    attachment #1: trace (application/zip) ─────────────────────────────────────────────────────────
    ../../test-results/visual-regression-design-c-2d4c3-e---matches-design-baseline-iphone-se/trace.zip
    Usage:

        npx playwright show-trace ../../test-results/visual-regression-design-c-2d4c3-e---matches-design-baseline-iphone-se/trace.zip

    ────────────────────────────────────────────────────────────────────────────────────────────────
]]>
</failure>
<system-out>
<![CDATA[
[[ATTACHMENT|visual-regression-design-c-2d4c3-e---matches-design-baseline-iphone-se/trace.zip]]
]]>
</system-out>
</testcase>
<testcase name="Visual Regression - Design Consistency › mobile-medium (393x852) › Lock Page - matches design baseline" classname="visual-regression/design-consistency.spec.ts" time="0.004">
<failure message="design-consistency.spec.ts:59:9 Lock Page - matches design baseline" type="FAILURE">
<![CDATA[  [iphone-se] › visual-regression/design-consistency.spec.ts:59:9 › Visual Regression - Design Consistency › mobile-medium (393x852) › Lock Page - matches design baseline 

    Error: browserType.launch: Executable doesn't exist at /home/codespace/.cache/ms-playwright/webkit-2215/pw_run.sh
    ╔═════════════════════════════════════════════════════════════════════════╗
    ║ Looks like Playwright Test or Playwright was just installed or updated. ║
    ║ Please run the following command to download new browsers:              ║
    ║                                                                         ║
    ║     npx playwright install                                              ║
    ║                                                                         ║
    ║ <3 Playwright Team                                                      ║
    ╚═════════════════════════════════════════════════════════════════════════╝

    attachment #1: trace (application/zip) ─────────────────────────────────────────────────────────
    ../../test-results/visual-regression-design-c-5d0d4-e---matches-design-baseline-iphone-se/trace.zip
    Usage:

        npx playwright show-trace ../../test-results/visual-regression-design-c-5d0d4-e---matches-design-baseline-iphone-se/trace.zip

    ────────────────────────────────────────────────────────────────────────────────────────────────
]]>
</failure>
<system-out>
<![CDATA[
[[ATTACHMENT|visual-regression-design-c-5d0d4-e---matches-design-baseline-iphone-se/trace.zip]]
]]>
</system-out>
</testcase>
<testcase name="Visual Regression - Design Consistency › mobile-medium (393x852) › Credentials - matches design baseline" classname="visual-regression/design-consistency.spec.ts" time="0.004">
<failure message="design-consistency.spec.ts:59:9 Credentials - matches design baseline" type="FAILURE">
<![CDATA[  [iphone-se] › visual-regression/design-consistency.spec.ts:59:9 › Visual Regression - Design Consistency › mobile-medium (393x852) › Credentials - matches design baseline 

    Error: browserType.launch: Executable doesn't exist at /home/codespace/.cache/ms-playwright/webkit-2215/pw_run.sh
    ╔═════════════════════════════════════════════════════════════════════════╗
    ║ Looks like Playwright Test or Playwright was just installed or updated. ║
    ║ Please run the following command to download new browsers:              ║
    ║                                                                         ║
    ║     npx playwright install                                              ║
    ║                                                                         ║
    ║ <3 Playwright Team                                                      ║
    ╚═════════════════════════════════════════════════════════════════════════╝

    attachment #1: trace (application/zip) ─────────────────────────────────────────────────────────
    ../../test-results/visual-regression-design-c-a585d-s---matches-design-baseline-iphone-se/trace.zip
    Usage:

        npx playwright show-trace ../../test-results/visual-regression-design-c-a585d-s---matches-design-baseline-iphone-se/trace.zip

    ────────────────────────────────────────────────────────────────────────────────────────────────
]]>
</failure>
<system-out>
<![CDATA[
[[ATTACHMENT|visual-regression-design-c-a585d-s---matches-design-baseline-iphone-se/trace.zip]]
]]>
</system-out>
</testcase>
<testcase name="Visual Regression - Design Consistency › mobile-medium (393x852) › Identifiers - matches design baseline" classname="visual-regression/design-consistency.spec.ts" time="0.005">
<failure message="design-consistency.spec.ts:59:9 Identifiers - matches design baseline" type="FAILURE">
<![CDATA[  [iphone-se] › visual-regression/design-consistency.spec.ts:59:9 › Visual Regression - Design Consistency › mobile-medium (393x852) › Identifiers - matches design baseline 

    Error: browserType.launch: Executable doesn't exist at /home/codespace/.cache/ms-playwright/webkit-2215/pw_run.sh
    ╔═════════════════════════════════════════════════════════════════════════╗
    ║ Looks like Playwright Test or Playwright was just installed or updated. ║
    ║ Please run the following command to download new browsers:              ║
    ║                                                                         ║
    ║     npx playwright install                                              ║
    ║                                                                         ║
    ║ <3 Playwright Team                                                      ║
    ╚═════════════════════════════════════════════════════════════════════════╝

    attachment #1: trace (application/zip) ─────────────────────────────────────────────────────────
    ../../test-results/visual-regression-design-c-16296-s---matches-design-baseline-iphone-se/trace.zip
    Usage:

        npx playwright show-trace ../../test-results/visual-regression-design-c-16296-s---matches-design-baseline-iphone-se/trace.zip

    ────────────────────────────────────────────────────────────────────────────────────────────────
]]>
</failure>
<system-out>
<![CDATA[
[[ATTACHMENT|visual-regression-design-c-16296-s---matches-design-baseline-iphone-se/trace.zip]]
]]>
</system-out>
</testcase>
<testcase name="Visual Regression - Design Consistency › mobile-medium (393x852) › Connections - matches design baseline" classname="visual-regression/design-consistency.spec.ts" time="0.005">
<failure message="design-consistency.spec.ts:59:9 Connections - matches design baseline" type="FAILURE">
<![CDATA[  [iphone-se] › visual-regression/design-consistency.spec.ts:59:9 › Visual Regression - Design Consistency › mobile-medium (393x852) › Connections - matches design baseline 

    Error: browserType.launch: Executable doesn't exist at /home/codespace/.cache/ms-playwright/webkit-2215/pw_run.sh
    ╔═════════════════════════════════════════════════════════════════════════╗
    ║ Looks like Playwright Test or Playwright was just installed or updated. ║
    ║ Please run the following command to download new browsers:              ║
    ║                                                                         ║
    ║     npx playwright install                                              ║
    ║                                                                         ║
    ║ <3 Playwright Team                                                      ║
    ╚═════════════════════════════════════════════════════════════════════════╝

    attachment #1: trace (application/zip) ─────────────────────────────────────────────────────────
    ../../test-results/visual-regression-design-c-70215-s---matches-design-baseline-iphone-se/trace.zip
    Usage:

        npx playwright show-trace ../../test-results/visual-regression-design-c-70215-s---matches-design-baseline-iphone-se/trace.zip

    ────────────────────────────────────────────────────────────────────────────────────────────────
]]>
</failure>
<system-out>
<![CDATA[
[[ATTACHMENT|visual-regression-design-c-70215-s---matches-design-baseline-iphone-se/trace.zip]]
]]>
</system-out>
</testcase>
<testcase name="Visual Regression - Design Consistency › mobile-medium (393x852) › Notifications - matches design baseline" classname="visual-regression/design-consistency.spec.ts" time="0.004">
<failure message="design-consistency.spec.ts:59:9 Notifications - matches design baseline" type="FAILURE">
<![CDATA[  [iphone-se] › visual-regression/design-consistency.spec.ts:59:9 › Visual Regression - Design Consistency › mobile-medium (393x852) › Notifications - matches design baseline 

    Error: browserType.launch: Executable doesn't exist at /home/codespace/.cache/ms-playwright/webkit-2215/pw_run.sh
    ╔═════════════════════════════════════════════════════════════════════════╗
    ║ Looks like Playwright Test or Playwright was just installed or updated. ║
    ║ Please run the following command to download new browsers:              ║
    ║                                                                         ║
    ║     npx playwright install                                              ║
    ║                                                                         ║
    ║ <3 Playwright Team                                                      ║
    ╚═════════════════════════════════════════════════════════════════════════╝

    attachment #1: trace (application/zip) ─────────────────────────────────────────────────────────
    ../../test-results/visual-regression-design-c-e3487-s---matches-design-baseline-iphone-se/trace.zip
    Usage:

        npx playwright show-trace ../../test-results/visual-regression-design-c-e3487-s---matches-design-baseline-iphone-se/trace.zip

    ────────────────────────────────────────────────────────────────────────────────────────────────
]]>
</failure>
<system-out>
<![CDATA[
[[ATTACHMENT|visual-regression-design-c-e3487-s---matches-design-baseline-iphone-se/trace.zip]]
]]>
</system-out>
</testcase>
<testcase name="Visual Regression - Design Consistency › mobile-medium (393x852) › Menu - matches design baseline" classname="visual-regression/design-consistency.spec.ts" time="0.004">
<failure message="design-consistency.spec.ts:59:9 Menu - matches design baseline" type="FAILURE">
<![CDATA[  [iphone-se] › visual-regression/design-consistency.spec.ts:59:9 › Visual Regression - Design Consistency › mobile-medium (393x852) › Menu - matches design baseline 

    Error: browserType.launch: Executable doesn't exist at /home/codespace/.cache/ms-playwright/webkit-2215/pw_run.sh
    ╔═════════════════════════════════════════════════════════════════════════╗
    ║ Looks like Playwright Test or Playwright was just installed or updated. ║
    ║ Please run the following command to download new browsers:              ║
    ║                                                                         ║
    ║     npx playwright install                                              ║
    ║                                                                         ║
    ║ <3 Playwright Team                                                      ║
    ╚═════════════════════════════════════════════════════════════════════════╝

    attachment #1: trace (application/zip) ─────────────────────────────────────────────────────────
    ../../test-results/visual-regression-design-c-d6e62-u---matches-design-baseline-iphone-se/trace.zip
    Usage:

        npx playwright show-trace ../../test-results/visual-regression-design-c-d6e62-u---matches-design-baseline-iphone-se/trace.zip

    ────────────────────────────────────────────────────────────────────────────────────────────────
]]>
</failure>
<system-out>
<![CDATA[
[[ATTACHMENT|visual-regression-design-c-d6e62-u---matches-design-baseline-iphone-se/trace.zip]]
]]>
</system-out>
</testcase>
<testcase name="Visual Regression - Design Consistency › mobile-medium (393x852) › Scan - matches design baseline" classname="visual-regression/design-consistency.spec.ts" time="0.004">
<failure message="design-consistency.spec.ts:59:9 Scan - matches design baseline" type="FAILURE">
<![CDATA[  [iphone-se] › visual-regression/design-consistency.spec.ts:59:9 › Visual Regression - Design Consistency › mobile-medium (393x852) › Scan - matches design baseline 

    Error: browserType.launch: Executable doesn't exist at /home/codespace/.cache/ms-playwright/webkit-2215/pw_run.sh
    ╔═════════════════════════════════════════════════════════════════════════╗
    ║ Looks like Playwright Test or Playwright was just installed or updated. ║
    ║ Please run the following command to download new browsers:              ║
    ║                                                                         ║
    ║     npx playwright install                                              ║
    ║                                                                         ║
    ║ <3 Playwright Team                                                      ║
    ╚═════════════════════════════════════════════════════════════════════════╝

    attachment #1: trace (application/zip) ─────────────────────────────────────────────────────────
    ../../test-results/visual-regression-design-c-dbac6-n---matches-design-baseline-iphone-se/trace.zip
    Usage:

        npx playwright show-trace ../../test-results/visual-regression-design-c-dbac6-n---matches-design-baseline-iphone-se/trace.zip

    ────────────────────────────────────────────────────────────────────────────────────────────────
]]>
</failure>
<system-out>
<![CDATA[
[[ATTACHMENT|visual-regression-design-c-dbac6-n---matches-design-baseline-iphone-se/trace.zip]]
]]>
</system-out>
</testcase>
<testcase name="Visual Regression - Design Consistency › tablet (768x1024) › Biometric Enrollment - matches design baseline" classname="visual-regression/design-consistency.spec.ts" time="0.004">
<failure message="design-consistency.spec.ts:59:9 Biometric Enrollment - matches design baseline" type="FAILURE">
<![CDATA[  [iphone-se] › visual-regression/design-consistency.spec.ts:59:9 › Visual Regression - Design Consistency › tablet (768x1024) › Biometric Enrollment - matches design baseline 

    Error: browserType.launch: Executable doesn't exist at /home/codespace/.cache/ms-playwright/webkit-2215/pw_run.sh
    ╔═════════════════════════════════════════════════════════════════════════╗
    ║ Looks like Playwright Test or Playwright was just installed or updated. ║
    ║ Please run the following command to download new browsers:              ║
    ║                                                                         ║
    ║     npx playwright install                                              ║
    ║                                                                         ║
    ║ <3 Playwright Team                                                      ║
    ╚═════════════════════════════════════════════════════════════════════════╝

    attachment #1: trace (application/zip) ─────────────────────────────────────────────────────────
    ../../test-results/visual-regression-design-c-8cc3f-t---matches-design-baseline-iphone-se/trace.zip
    Usage:

        npx playwright show-trace ../../test-results/visual-regression-design-c-8cc3f-t---matches-design-baseline-iphone-se/trace.zip

    ────────────────────────────────────────────────────────────────────────────────────────────────
]]>
</failure>
<system-out>
<![CDATA[
[[ATTACHMENT|visual-regression-design-c-8cc3f-t---matches-design-baseline-iphone-se/trace.zip]]
]]>
</system-out>
</testcase>
<testcase name="Visual Regression - Design Consistency › tablet (768x1024) › Onboarding - matches design baseline" classname="visual-regression/design-consistency.spec.ts" time="0.004">
<failure message="design-consistency.spec.ts:59:9 Onboarding - matches design baseline" type="FAILURE">
<![CDATA[  [iphone-se] › visual-regression/design-consistency.spec.ts:59:9 › Visual Regression - Design Consistency › tablet (768x1024) › Onboarding - matches design baseline 

    Error: browserType.launch: Executable doesn't exist at /home/codespace/.cache/ms-playwright/webkit-2215/pw_run.sh
    ╔═════════════════════════════════════════════════════════════════════════╗
    ║ Looks like Playwright Test or Playwright was just installed or updated. ║
    ║ Please run the following command to download new browsers:              ║
    ║                                                                         ║
    ║     npx playwright install                                              ║
    ║                                                                         ║
    ║ <3 Playwright Team                                                      ║
    ╚═════════════════════════════════════════════════════════════════════════╝

    attachment #1: trace (application/zip) ─────────────────────────────────────────────────────────
    ../../test-results/visual-regression-design-c-e9f23-g---matches-design-baseline-iphone-se/trace.zip
    Usage:

        npx playwright show-trace ../../test-results/visual-regression-design-c-e9f23-g---matches-design-baseline-iphone-se/trace.zip

    ────────────────────────────────────────────────────────────────────────────────────────────────
]]>
</failure>
<system-out>
<![CDATA[
[[ATTACHMENT|visual-regression-design-c-e9f23-g---matches-design-baseline-iphone-se/trace.zip]]
]]>
</system-out>
</testcase>
<testcase name="Visual Regression - Design Consistency › tablet (768x1024) › Create Password - matches design baseline" classname="visual-regression/design-consistency.spec.ts" time="0.004">
<failure message="design-consistency.spec.ts:59:9 Create Password - matches design baseline" type="FAILURE">
<![CDATA[  [iphone-se] › visual-regression/design-consistency.spec.ts:59:9 › Visual Regression - Design Consistency › tablet (768x1024) › Create Password - matches design baseline 

    Error: browserType.launch: Executable doesn't exist at /home/codespace/.cache/ms-playwright/webkit-2215/pw_run.sh
    ╔═════════════════════════════════════════════════════════════════════════╗
    ║ Looks like Playwright Test or Playwright was just installed or updated. ║
    ║ Please run the following command to download new browsers:              ║
    ║                                                                         ║
    ║     npx playwright install                                              ║
    ║                                                                         ║
    ║ <3 Playwright Team                                                      ║
    ╚═════════════════════════════════════════════════════════════════════════╝

    attachment #1: trace (application/zip) ─────────────────────────────────────────────────────────
    ../../test-results/visual-regression-design-c-fdbce-d---matches-design-baseline-iphone-se/trace.zip
    Usage:

        npx playwright show-trace ../../test-results/visual-regression-design-c-fdbce-d---matches-design-baseline-iphone-se/trace.zip

    ────────────────────────────────────────────────────────────────────────────────────────────────
]]>
</failure>
<system-out>
<![CDATA[
[[ATTACHMENT|visual-regression-design-c-fdbce-d---matches-design-baseline-iphone-se/trace.zip]]
]]>
</system-out>
</testcase>
<testcase name="Visual Regression - Design Consistency › tablet (768x1024) › Setup Biometrics - matches design baseline" classname="visual-regression/design-consistency.spec.ts" time="0.004">
<failure message="design-consistency.spec.ts:59:9 Setup Biometrics - matches design baseline" type="FAILURE">
<![CDATA[  [iphone-se] › visual-regression/design-consistency.spec.ts:59:9 › Visual Regression - Design Consistency › tablet (768x1024) › Setup Biometrics - matches design baseline 

    Error: browserType.launch: Executable doesn't exist at /home/codespace/.cache/ms-playwright/webkit-2215/pw_run.sh
    ╔═════════════════════════════════════════════════════════════════════════╗
    ║ Looks like Playwright Test or Playwright was just installed or updated. ║
    ║ Please run the following command to download new browsers:              ║
    ║                                                                         ║
    ║     npx playwright install                                              ║
    ║                                                                         ║
    ║ <3 Playwright Team                                                      ║
    ╚═════════════════════════════════════════════════════════════════════════╝

    attachment #1: trace (application/zip) ─────────────────────────────────────────────────────────
    ../../test-results/visual-regression-design-c-a013c-s---matches-design-baseline-iphone-se/trace.zip
    Usage:

        npx playwright show-trace ../../test-results/visual-regression-design-c-a013c-s---matches-design-baseline-iphone-se/trace.zip

    ────────────────────────────────────────────────────────────────────────────────────────────────
]]>
</failure>
<system-out>
<![CDATA[
[[ATTACHMENT|visual-regression-design-c-a013c-s---matches-design-baseline-iphone-se/trace.zip]]
]]>
</system-out>
</testcase>
<testcase name="Visual Regression - Design Consistency › tablet (768x1024) › Generate Seed Phrase - matches design baseline" classname="visual-regression/design-consistency.spec.ts" time="0.004">
<failure message="design-consistency.spec.ts:59:9 Generate Seed Phrase - matches design baseline" type="FAILURE">
<![CDATA[  [iphone-se] › visual-regression/design-consistency.spec.ts:59:9 › Visual Regression - Design Consistency › tablet (768x1024) › Generate Seed Phrase - matches design baseline 

    Error: browserType.launch: Executable doesn't exist at /home/codespace/.cache/ms-playwright/webkit-2215/pw_run.sh
    ╔═════════════════════════════════════════════════════════════════════════╗
    ║ Looks like Playwright Test or Playwright was just installed or updated. ║
    ║ Please run the following command to download new browsers:              ║
    ║                                                                         ║
    ║     npx playwright install                                              ║
    ║                                                                         ║
    ║ <3 Playwright Team                                                      ║
    ╚═════════════════════════════════════════════════════════════════════════╝

    attachment #1: trace (application/zip) ─────────────────────────────────────────────────────────
    ../../test-results/visual-regression-design-c-42083-e---matches-design-baseline-iphone-se/trace.zip
    Usage:

        npx playwright show-trace ../../test-results/visual-regression-design-c-42083-e---matches-design-baseline-iphone-se/trace.zip

    ────────────────────────────────────────────────────────────────────────────────────────────────
]]>
</failure>
<system-out>
<![CDATA[
[[ATTACHMENT|visual-regression-design-c-42083-e---matches-design-baseline-iphone-se/trace.zip]]
]]>
</system-out>
</testcase>
<testcase name="Visual Regression - Design Consistency › tablet (768x1024) › Verify Seed Phrase - matches design baseline" classname="visual-regression/design-consistency.spec.ts" time="0.004">
<failure message="design-consistency.spec.ts:59:9 Verify Seed Phrase - matches design baseline" type="FAILURE">
<![CDATA[  [iphone-se] › visual-regression/design-consistency.spec.ts:59:9 › Visual Regression - Design Consistency › tablet (768x1024) › Verify Seed Phrase - matches design baseline 

    Error: browserType.launch: Executable doesn't exist at /home/codespace/.cache/ms-playwright/webkit-2215/pw_run.sh
    ╔═════════════════════════════════════════════════════════════════════════╗
    ║ Looks like Playwright Test or Playwright was just installed or updated. ║
    ║ Please run the following command to download new browsers:              ║
    ║                                                                         ║
    ║     npx playwright install                                              ║
    ║                                                                         ║
    ║ <3 Playwright Team                                                      ║
    ╚═════════════════════════════════════════════════════════════════════════╝

    attachment #1: trace (application/zip) ─────────────────────────────────────────────────────────
    ../../test-results/visual-regression-design-c-adacf-e---matches-design-baseline-iphone-se/trace.zip
    Usage:

        npx playwright show-trace ../../test-results/visual-regression-design-c-adacf-e---matches-design-baseline-iphone-se/trace.zip

    ────────────────────────────────────────────────────────────────────────────────────────────────
]]>
</failure>
<system-out>
<![CDATA[
[[ATTACHMENT|visual-regression-design-c-adacf-e---matches-design-baseline-iphone-se/trace.zip]]
]]>
</system-out>
</testcase>
<testcase name="Visual Regression - Design Consistency › tablet (768x1024) › Set Passcode - matches design baseline" classname="visual-regression/design-consistency.spec.ts" time="0.004">
<failure message="design-consistency.spec.ts:59:9 Set Passcode - matches design baseline" type="FAILURE">
<![CDATA[  [iphone-se] › visual-regression/design-consistency.spec.ts:59:9 › Visual Regression - Design Consistency › tablet (768x1024) › Set Passcode - matches design baseline 

    Error: browserType.launch: Executable doesn't exist at /home/codespace/.cache/ms-playwright/webkit-2215/pw_run.sh
    ╔═════════════════════════════════════════════════════════════════════════╗
    ║ Looks like Playwright Test or Playwright was just installed or updated. ║
    ║ Please run the following command to download new browsers:              ║
    ║                                                                         ║
    ║     npx playwright install                                              ║
    ║                                                                         ║
    ║ <3 Playwright Team                                                      ║
    ╚═════════════════════════════════════════════════════════════════════════╝

    attachment #1: trace (application/zip) ─────────────────────────────────────────────────────────
    ../../test-results/visual-regression-design-c-8ca48-e---matches-design-baseline-iphone-se/trace.zip
    Usage:

        npx playwright show-trace ../../test-results/visual-regression-design-c-8ca48-e---matches-design-baseline-iphone-se/trace.zip

    ────────────────────────────────────────────────────────────────────────────────────────────────
]]>
</failure>
<system-out>
<![CDATA[
[[ATTACHMENT|visual-regression-design-c-8ca48-e---matches-design-baseline-iphone-se/trace.zip]]
]]>
</system-out>
</testcase>
<testcase name="Visual Regression - Design Consistency › tablet (768x1024) › Lock Page - matches design baseline" classname="visual-regression/design-consistency.spec.ts" time="0.004">
<failure message="design-consistency.spec.ts:59:9 Lock Page - matches design baseline" type="FAILURE">
<![CDATA[  [iphone-se] › visual-regression/design-consistency.spec.ts:59:9 › Visual Regression - Design Consistency › tablet (768x1024) › Lock Page - matches design baseline 

    Error: browserType.launch: Executable doesn't exist at /home/codespace/.cache/ms-playwright/webkit-2215/pw_run.sh
    ╔═════════════════════════════════════════════════════════════════════════╗
    ║ Looks like Playwright Test or Playwright was just installed or updated. ║
    ║ Please run the following command to download new browsers:              ║
    ║                                                                         ║
    ║     npx playwright install                                              ║
    ║                                                                         ║
    ║ <3 Playwright Team                                                      ║
    ╚═════════════════════════════════════════════════════════════════════════╝

    attachment #1: trace (application/zip) ─────────────────────────────────────────────────────────
    ../../test-results/visual-regression-design-c-4fc61-e---matches-design-baseline-iphone-se/trace.zip
    Usage:

        npx playwright show-trace ../../test-results/visual-regression-design-c-4fc61-e---matches-design-baseline-iphone-se/trace.zip

    ────────────────────────────────────────────────────────────────────────────────────────────────
]]>
</failure>
<system-out>
<![CDATA[
[[ATTACHMENT|visual-regression-design-c-4fc61-e---matches-design-baseline-iphone-se/trace.zip]]
]]>
</system-out>
</testcase>
<testcase name="Visual Regression - Design Consistency › tablet (768x1024) › Credentials - matches design baseline" classname="visual-regression/design-consistency.spec.ts" time="0.004">
<failure message="design-consistency.spec.ts:59:9 Credentials - matches design baseline" type="FAILURE">
<![CDATA[  [iphone-se] › visual-regression/design-consistency.spec.ts:59:9 › Visual Regression - Design Consistency › tablet (768x1024) › Credentials - matches design baseline 

    Error: browserType.launch: Executable doesn't exist at /home/codespace/.cache/ms-playwright/webkit-2215/pw_run.sh
    ╔═════════════════════════════════════════════════════════════════════════╗
    ║ Looks like Playwright Test or Playwright was just installed or updated. ║
    ║ Please run the following command to download new browsers:              ║
    ║                                                                         ║
    ║     npx playwright install                                              ║
    ║                                                                         ║
    ║ <3 Playwright Team                                                      ║
    ╚═════════════════════════════════════════════════════════════════════════╝

    attachment #1: trace (application/zip) ─────────────────────────────────────────────────────────
    ../../test-results/visual-regression-design-c-0816e-s---matches-design-baseline-iphone-se/trace.zip
    Usage:

        npx playwright show-trace ../../test-results/visual-regression-design-c-0816e-s---matches-design-baseline-iphone-se/trace.zip

    ────────────────────────────────────────────────────────────────────────────────────────────────
]]>
</failure>
<system-out>
<![CDATA[
[[ATTACHMENT|visual-regression-design-c-0816e-s---matches-design-baseline-iphone-se/trace.zip]]
]]>
</system-out>
</testcase>
<testcase name="Visual Regression - Design Consistency › tablet (768x1024) › Identifiers - matches design baseline" classname="visual-regression/design-consistency.spec.ts" time="0.004">
<failure message="design-consistency.spec.ts:59:9 Identifiers - matches design baseline" type="FAILURE">
<![CDATA[  [iphone-se] › visual-regression/design-consistency.spec.ts:59:9 › Visual Regression - Design Consistency › tablet (768x1024) › Identifiers - matches design baseline 

    Error: browserType.launch: Executable doesn't exist at /home/codespace/.cache/ms-playwright/webkit-2215/pw_run.sh
    ╔═════════════════════════════════════════════════════════════════════════╗
    ║ Looks like Playwright Test or Playwright was just installed or updated. ║
    ║ Please run the following command to download new browsers:              ║
    ║                                                                         ║
    ║     npx playwright install                                              ║
    ║                                                                         ║
    ║ <3 Playwright Team                                                      ║
    ╚═════════════════════════════════════════════════════════════════════════╝

    attachment #1: trace (application/zip) ─────────────────────────────────────────────────────────
    ../../test-results/visual-regression-design-c-e8dea-s---matches-design-baseline-iphone-se/trace.zip
    Usage:

        npx playwright show-trace ../../test-results/visual-regression-design-c-e8dea-s---matches-design-baseline-iphone-se/trace.zip

    ────────────────────────────────────────────────────────────────────────────────────────────────
]]>
</failure>
<system-out>
<![CDATA[
[[ATTACHMENT|visual-regression-design-c-e8dea-s---matches-design-baseline-iphone-se/trace.zip]]
]]>
</system-out>
</testcase>
<testcase name="Visual Regression - Design Consistency › tablet (768x1024) › Connections - matches design baseline" classname="visual-regression/design-consistency.spec.ts" time="0.004">
<failure message="design-consistency.spec.ts:59:9 Connections - matches design baseline" type="FAILURE">
<![CDATA[  [iphone-se] › visual-regression/design-consistency.spec.ts:59:9 › Visual Regression - Design Consistency › tablet (768x1024) › Connections - matches design baseline 

    Error: browserType.launch: Executable doesn't exist at /home/codespace/.cache/ms-playwright/webkit-2215/pw_run.sh
    ╔═════════════════════════════════════════════════════════════════════════╗
    ║ Looks like Playwright Test or Playwright was just installed or updated. ║
    ║ Please run the following command to download new browsers:              ║
    ║                                                                         ║
    ║     npx playwright install                                              ║
    ║                                                                         ║
    ║ <3 Playwright Team                                                      ║
    ╚═════════════════════════════════════════════════════════════════════════╝

    attachment #1: trace (application/zip) ─────────────────────────────────────────────────────────
    ../../test-results/visual-regression-design-c-f3dda-s---matches-design-baseline-iphone-se/trace.zip
    Usage:

        npx playwright show-trace ../../test-results/visual-regression-design-c-f3dda-s---matches-design-baseline-iphone-se/trace.zip

    ────────────────────────────────────────────────────────────────────────────────────────────────
]]>
</failure>
<system-out>
<![CDATA[
[[ATTACHMENT|visual-regression-design-c-f3dda-s---matches-design-baseline-iphone-se/trace.zip]]
]]>
</system-out>
</testcase>
<testcase name="Visual Regression - Design Consistency › tablet (768x1024) › Notifications - matches design baseline" classname="visual-regression/design-consistency.spec.ts" time="0.004">
<failure message="design-consistency.spec.ts:59:9 Notifications - matches design baseline" type="FAILURE">
<![CDATA[  [iphone-se] › visual-regression/design-consistency.spec.ts:59:9 › Visual Regression - Design Consistency › tablet (768x1024) › Notifications - matches design baseline 

    Error: browserType.launch: Executable doesn't exist at /home/codespace/.cache/ms-playwright/webkit-2215/pw_run.sh
    ╔═════════════════════════════════════════════════════════════════════════╗
    ║ Looks like Playwright Test or Playwright was just installed or updated. ║
    ║ Please run the following command to download new browsers:              ║
    ║                                                                         ║
    ║     npx playwright install                                              ║
    ║                                                                         ║
    ║ <3 Playwright Team                                                      ║
    ╚═════════════════════════════════════════════════════════════════════════╝

    attachment #1: trace (application/zip) ─────────────────────────────────────────────────────────
    ../../test-results/visual-regression-design-c-06e6a-s---matches-design-baseline-iphone-se/trace.zip
    Usage:

        npx playwright show-trace ../../test-results/visual-regression-design-c-06e6a-s---matches-design-baseline-iphone-se/trace.zip

    ────────────────────────────────────────────────────────────────────────────────────────────────
]]>
</failure>
<system-out>
<![CDATA[
[[ATTACHMENT|visual-regression-design-c-06e6a-s---matches-design-baseline-iphone-se/trace.zip]]
]]>
</system-out>
</testcase>
<testcase name="Visual Regression - Design Consistency › tablet (768x1024) › Menu - matches design baseline" classname="visual-regression/design-consistency.spec.ts" time="0.004">
<failure message="design-consistency.spec.ts:59:9 Menu - matches design baseline" type="FAILURE">
<![CDATA[  [iphone-se] › visual-regression/design-consistency.spec.ts:59:9 › Visual Regression - Design Consistency › tablet (768x1024) › Menu - matches design baseline 

    Error: browserType.launch: Executable doesn't exist at /home/codespace/.cache/ms-playwright/webkit-2215/pw_run.sh
    ╔═════════════════════════════════════════════════════════════════════════╗
    ║ Looks like Playwright Test or Playwright was just installed or updated. ║
    ║ Please run the following command to download new browsers:              ║
    ║                                                                         ║
    ║     npx playwright install                                              ║
    ║                                                                         ║
    ║ <3 Playwright Team                                                      ║
    ╚═════════════════════════════════════════════════════════════════════════╝

    attachment #1: trace (application/zip) ─────────────────────────────────────────────────────────
    ../../test-results/visual-regression-design-c-59348-u---matches-design-baseline-iphone-se/trace.zip
    Usage:

        npx playwright show-trace ../../test-results/visual-regression-design-c-59348-u---matches-design-baseline-iphone-se/trace.zip

    ────────────────────────────────────────────────────────────────────────────────────────────────
]]>
</failure>
<system-out>
<![CDATA[
[[ATTACHMENT|visual-regression-design-c-59348-u---matches-design-baseline-iphone-se/trace.zip]]
]]>
</system-out>
</testcase>
<testcase name="Visual Regression - Design Consistency › tablet (768x1024) › Scan - matches design baseline" classname="visual-regression/design-consistency.spec.ts" time="0.004">
<failure message="design-consistency.spec.ts:59:9 Scan - matches design baseline" type="FAILURE">
<![CDATA[  [iphone-se] › visual-regression/design-consistency.spec.ts:59:9 › Visual Regression - Design Consistency › tablet (768x1024) › Scan - matches design baseline 

    Error: browserType.launch: Executable doesn't exist at /home/codespace/.cache/ms-playwright/webkit-2215/pw_run.sh
    ╔═════════════════════════════════════════════════════════════════════════╗
    ║ Looks like Playwright Test or Playwright was just installed or updated. ║
    ║ Please run the following command to download new browsers:              ║
    ║                                                                         ║
    ║     npx playwright install                                              ║
    ║                                                                         ║
    ║ <3 Playwright Team                                                      ║
    ╚═════════════════════════════════════════════════════════════════════════╝

    attachment #1: trace (application/zip) ─────────────────────────────────────────────────────────
    ../../test-results/visual-regression-design-c-93218-n---matches-design-baseline-iphone-se/trace.zip
    Usage:

        npx playwright show-trace ../../test-results/visual-regression-design-c-93218-n---matches-design-baseline-iphone-se/trace.zip

    ────────────────────────────────────────────────────────────────────────────────────────────────
]]>
</failure>
<system-out>
<![CDATA[
[[ATTACHMENT|visual-regression-design-c-93218-n---matches-design-baseline-iphone-se/trace.zip]]
]]>
</system-out>
</testcase>
<testcase name="Visual Regression - Design Consistency › desktop (1280x720) › Biometric Enrollment - matches design baseline" classname="visual-regression/design-consistency.spec.ts" time="0.004">
<failure message="design-consistency.spec.ts:59:9 Biometric Enrollment - matches design baseline" type="FAILURE">
<![CDATA[  [iphone-se] › visual-regression/design-consistency.spec.ts:59:9 › Visual Regression - Design Consistency › desktop (1280x720) › Biometric Enrollment - matches design baseline 

    Error: browserType.launch: Executable doesn't exist at /home/codespace/.cache/ms-playwright/webkit-2215/pw_run.sh
    ╔═════════════════════════════════════════════════════════════════════════╗
    ║ Looks like Playwright Test or Playwright was just installed or updated. ║
    ║ Please run the following command to download new browsers:              ║
    ║                                                                         ║
    ║     npx playwright install                                              ║
    ║                                                                         ║
    ║ <3 Playwright Team                                                      ║
    ╚═════════════════════════════════════════════════════════════════════════╝

    attachment #1: trace (application/zip) ─────────────────────────────────────────────────────────
    ../../test-results/visual-regression-design-c-97d20-t---matches-design-baseline-iphone-se/trace.zip
    Usage:

        npx playwright show-trace ../../test-results/visual-regression-design-c-97d20-t---matches-design-baseline-iphone-se/trace.zip

    ────────────────────────────────────────────────────────────────────────────────────────────────
]]>
</failure>
<system-out>
<![CDATA[
[[ATTACHMENT|visual-regression-design-c-97d20-t---matches-design-baseline-iphone-se/trace.zip]]
]]>
</system-out>
</testcase>
<testcase name="Visual Regression - Design Consistency › desktop (1280x720) › Onboarding - matches design baseline" classname="visual-regression/design-consistency.spec.ts" time="0.005">
<failure message="design-consistency.spec.ts:59:9 Onboarding - matches design baseline" type="FAILURE">
<![CDATA[  [iphone-se] › visual-regression/design-consistency.spec.ts:59:9 › Visual Regression - Design Consistency › desktop (1280x720) › Onboarding - matches design baseline 

    Error: browserType.launch: Executable doesn't exist at /home/codespace/.cache/ms-playwright/webkit-2215/pw_run.sh
    ╔═════════════════════════════════════════════════════════════════════════╗
    ║ Looks like Playwright Test or Playwright was just installed or updated. ║
    ║ Please run the following command to download new browsers:              ║
    ║                                                                         ║
    ║     npx playwright install                                              ║
    ║                                                                         ║
    ║ <3 Playwright Team                                                      ║
    ╚═════════════════════════════════════════════════════════════════════════╝

    attachment #1: trace (application/zip) ─────────────────────────────────────────────────────────
    ../../test-results/visual-regression-design-c-e90b5-g---matches-design-baseline-iphone-se/trace.zip
    Usage:

        npx playwright show-trace ../../test-results/visual-regression-design-c-e90b5-g---matches-design-baseline-iphone-se/trace.zip

    ────────────────────────────────────────────────────────────────────────────────────────────────
]]>
</failure>
<system-out>
<![CDATA[
[[ATTACHMENT|visual-regression-design-c-e90b5-g---matches-design-baseline-iphone-se/trace.zip]]
]]>
</system-out>
</testcase>
<testcase name="Visual Regression - Design Consistency › desktop (1280x720) › Create Password - matches design baseline" classname="visual-regression/design-consistency.spec.ts" time="0.005">
<failure message="design-consistency.spec.ts:59:9 Create Password - matches design baseline" type="FAILURE">
<![CDATA[  [iphone-se] › visual-regression/design-consistency.spec.ts:59:9 › Visual Regression - Design Consistency › desktop (1280x720) › Create Password - matches design baseline 

    Error: browserType.launch: Executable doesn't exist at /home/codespace/.cache/ms-playwright/webkit-2215/pw_run.sh
    ╔═════════════════════════════════════════════════════════════════════════╗
    ║ Looks like Playwright Test or Playwright was just installed or updated. ║
    ║ Please run the following command to download new browsers:              ║
    ║                                                                         ║
    ║     npx playwright install                                              ║
    ║                                                                         ║
    ║ <3 Playwright Team                                                      ║
    ╚═════════════════════════════════════════════════════════════════════════╝

    attachment #1: trace (application/zip) ─────────────────────────────────────────────────────────
    ../../test-results/visual-regression-design-c-a895b-d---matches-design-baseline-iphone-se/trace.zip
    Usage:

        npx playwright show-trace ../../test-results/visual-regression-design-c-a895b-d---matches-design-baseline-iphone-se/trace.zip

    ────────────────────────────────────────────────────────────────────────────────────────────────
]]>
</failure>
<system-out>
<![CDATA[
[[ATTACHMENT|visual-regression-design-c-a895b-d---matches-design-baseline-iphone-se/trace.zip]]
]]>
</system-out>
</testcase>
<testcase name="Visual Regression - Design Consistency › desktop (1280x720) › Setup Biometrics - matches design baseline" classname="visual-regression/design-consistency.spec.ts" time="0.005">
<failure message="design-consistency.spec.ts:59:9 Setup Biometrics - matches design baseline" type="FAILURE">
<![CDATA[  [iphone-se] › visual-regression/design-consistency.spec.ts:59:9 › Visual Regression - Design Consistency › desktop (1280x720) › Setup Biometrics - matches design baseline 

    Error: browserType.launch: Executable doesn't exist at /home/codespace/.cache/ms-playwright/webkit-2215/pw_run.sh
    ╔═════════════════════════════════════════════════════════════════════════╗
    ║ Looks like Playwright Test or Playwright was just installed or updated. ║
    ║ Please run the following command to download new browsers:              ║
    ║                                                                         ║
    ║     npx playwright install                                              ║
    ║                                                                         ║
    ║ <3 Playwright Team                                                      ║
    ╚═════════════════════════════════════════════════════════════════════════╝

    attachment #1: trace (application/zip) ─────────────────────────────────────────────────────────
    ../../test-results/visual-regression-design-c-ba6ed-s---matches-design-baseline-iphone-se/trace.zip
    Usage:

        npx playwright show-trace ../../test-results/visual-regression-design-c-ba6ed-s---matches-design-baseline-iphone-se/trace.zip

    ────────────────────────────────────────────────────────────────────────────────────────────────
]]>
</failure>
<system-out>
<![CDATA[
[[ATTACHMENT|visual-regression-design-c-ba6ed-s---matches-design-baseline-iphone-se/trace.zip]]
]]>
</system-out>
</testcase>
<testcase name="Visual Regression - Design Consistency › desktop (1280x720) › Generate Seed Phrase - matches design baseline" classname="visual-regression/design-consistency.spec.ts" time="0.004">
<failure message="design-consistency.spec.ts:59:9 Generate Seed Phrase - matches design baseline" type="FAILURE">
<![CDATA[  [iphone-se] › visual-regression/design-consistency.spec.ts:59:9 › Visual Regression - Design Consistency › desktop (1280x720) › Generate Seed Phrase - matches design baseline 

    Error: browserType.launch: Executable doesn't exist at /home/codespace/.cache/ms-playwright/webkit-2215/pw_run.sh
    ╔═════════════════════════════════════════════════════════════════════════╗
    ║ Looks like Playwright Test or Playwright was just installed or updated. ║
    ║ Please run the following command to download new browsers:              ║
    ║                                                                         ║
    ║     npx playwright install                                              ║
    ║                                                                         ║
    ║ <3 Playwright Team                                                      ║
    ╚═════════════════════════════════════════════════════════════════════════╝

    attachment #1: trace (application/zip) ─────────────────────────────────────────────────────────
    ../../test-results/visual-regression-design-c-f121d-e---matches-design-baseline-iphone-se/trace.zip
    Usage:

        npx playwright show-trace ../../test-results/visual-regression-design-c-f121d-e---matches-design-baseline-iphone-se/trace.zip

    ────────────────────────────────────────────────────────────────────────────────────────────────
]]>
</failure>
<system-out>
<![CDATA[
[[ATTACHMENT|visual-regression-design-c-f121d-e---matches-design-baseline-iphone-se/trace.zip]]
]]>
</system-out>
</testcase>
<testcase name="Visual Regression - Design Consistency › desktop (1280x720) › Verify Seed Phrase - matches design baseline" classname="visual-regression/design-consistency.spec.ts" time="0.005">
<failure message="design-consistency.spec.ts:59:9 Verify Seed Phrase - matches design baseline" type="FAILURE">
<![CDATA[  [iphone-se] › visual-regression/design-consistency.spec.ts:59:9 › Visual Regression - Design Consistency › desktop (1280x720) › Verify Seed Phrase - matches design baseline 

    Error: browserType.launch: Executable doesn't exist at /home/codespace/.cache/ms-playwright/webkit-2215/pw_run.sh
    ╔═════════════════════════════════════════════════════════════════════════╗
    ║ Looks like Playwright Test or Playwright was just installed or updated. ║
    ║ Please run the following command to download new browsers:              ║
    ║                                                                         ║
    ║     npx playwright install                                              ║
    ║                                                                         ║
    ║ <3 Playwright Team                                                      ║
    ╚═════════════════════════════════════════════════════════════════════════╝

    attachment #1: trace (application/zip) ─────────────────────────────────────────────────────────
    ../../test-results/visual-regression-design-c-260c5-e---matches-design-baseline-iphone-se/trace.zip
    Usage:

        npx playwright show-trace ../../test-results/visual-regression-design-c-260c5-e---matches-design-baseline-iphone-se/trace.zip

    ────────────────────────────────────────────────────────────────────────────────────────────────
]]>
</failure>
<system-out>
<![CDATA[
[[ATTACHMENT|visual-regression-design-c-260c5-e---matches-design-baseline-iphone-se/trace.zip]]
]]>
</system-out>
</testcase>
<testcase name="Visual Regression - Design Consistency › desktop (1280x720) › Set Passcode - matches design baseline" classname="visual-regression/design-consistency.spec.ts" time="0.004">
<failure message="design-consistency.spec.ts:59:9 Set Passcode - matches design baseline" type="FAILURE">
<![CDATA[  [iphone-se] › visual-regression/design-consistency.spec.ts:59:9 › Visual Regression - Design Consistency › desktop (1280x720) › Set Passcode - matches design baseline 

    Error: browserType.launch: Executable doesn't exist at /home/codespace/.cache/ms-playwright/webkit-2215/pw_run.sh
    ╔═════════════════════════════════════════════════════════════════════════╗
    ║ Looks like Playwright Test or Playwright was just installed or updated. ║
    ║ Please run the following command to download new browsers:              ║
    ║                                                                         ║
    ║     npx playwright install                                              ║
    ║                                                                         ║
    ║ <3 Playwright Team                                                      ║
    ╚═════════════════════════════════════════════════════════════════════════╝

    attachment #1: trace (application/zip) ─────────────────────────────────────────────────────────
    ../../test-results/visual-regression-design-c-bb489-e---matches-design-baseline-iphone-se/trace.zip
    Usage:

        npx playwright show-trace ../../test-results/visual-regression-design-c-bb489-e---matches-design-baseline-iphone-se/trace.zip

    ────────────────────────────────────────────────────────────────────────────────────────────────
]]>
</failure>
<system-out>
<![CDATA[
[[ATTACHMENT|visual-regression-design-c-bb489-e---matches-design-baseline-iphone-se/trace.zip]]
]]>
</system-out>
</testcase>
<testcase name="Visual Regression - Design Consistency › desktop (1280x720) › Lock Page - matches design baseline" classname="visual-regression/design-consistency.spec.ts" time="0.004">
<failure message="design-consistency.spec.ts:59:9 Lock Page - matches design baseline" type="FAILURE">
<![CDATA[  [iphone-se] › visual-regression/design-consistency.spec.ts:59:9 › Visual Regression - Design Consistency › desktop (1280x720) › Lock Page - matches design baseline 

    Error: browserType.launch: Executable doesn't exist at /home/codespace/.cache/ms-playwright/webkit-2215/pw_run.sh
    ╔═════════════════════════════════════════════════════════════════════════╗
    ║ Looks like Playwright Test or Playwright was just installed or updated. ║
    ║ Please run the following command to download new browsers:              ║
    ║                                                                         ║
    ║     npx playwright install                                              ║
    ║                                                                         ║
    ║ <3 Playwright Team                                                      ║
    ╚═════════════════════════════════════════════════════════════════════════╝

    attachment #1: trace (application/zip) ─────────────────────────────────────────────────────────
    ../../test-results/visual-regression-design-c-3def2-e---matches-design-baseline-iphone-se/trace.zip
    Usage:

        npx playwright show-trace ../../test-results/visual-regression-design-c-3def2-e---matches-design-baseline-iphone-se/trace.zip

    ────────────────────────────────────────────────────────────────────────────────────────────────
]]>
</failure>
<system-out>
<![CDATA[
[[ATTACHMENT|visual-regression-design-c-3def2-e---matches-design-baseline-iphone-se/trace.zip]]
]]>
</system-out>
</testcase>
<testcase name="Visual Regression - Design Consistency › desktop (1280x720) › Credentials - matches design baseline" classname="visual-regression/design-consistency.spec.ts" time="0.004">
<failure message="design-consistency.spec.ts:59:9 Credentials - matches design baseline" type="FAILURE">
<![CDATA[  [iphone-se] › visual-regression/design-consistency.spec.ts:59:9 › Visual Regression - Design Consistency › desktop (1280x720) › Credentials - matches design baseline 

    Error: browserType.launch: Executable doesn't exist at /home/codespace/.cache/ms-playwright/webkit-2215/pw_run.sh
    ╔═════════════════════════════════════════════════════════════════════════╗
    ║ Looks like Playwright Test or Playwright was just installed or updated. ║
    ║ Please run the following command to download new browsers:              ║
    ║                                                                         ║
    ║     npx playwright install                                              ║
    ║                                                                         ║
    ║ <3 Playwright Team                                                      ║
    ╚═════════════════════════════════════════════════════════════════════════╝

    attachment #1: trace (application/zip) ─────────────────────────────────────────────────────────
    ../../test-results/visual-regression-design-c-a3154-s---matches-design-baseline-iphone-se/trace.zip
    Usage:

        npx playwright show-trace ../../test-results/visual-regression-design-c-a3154-s---matches-design-baseline-iphone-se/trace.zip

    ────────────────────────────────────────────────────────────────────────────────────────────────
]]>
</failure>
<system-out>
<![CDATA[
[[ATTACHMENT|visual-regression-design-c-a3154-s---matches-design-baseline-iphone-se/trace.zip]]
]]>
</system-out>
</testcase>
<testcase name="Visual Regression - Design Consistency › desktop (1280x720) › Identifiers - matches design baseline" classname="visual-regression/design-consistency.spec.ts" time="0.004">
<failure message="design-consistency.spec.ts:59:9 Identifiers - matches design baseline" type="FAILURE">
<![CDATA[  [iphone-se] › visual-regression/design-consistency.spec.ts:59:9 › Visual Regression - Design Consistency › desktop (1280x720) › Identifiers - matches design baseline 

    Error: browserType.launch: Executable doesn't exist at /home/codespace/.cache/ms-playwright/webkit-2215/pw_run.sh
    ╔═════════════════════════════════════════════════════════════════════════╗
    ║ Looks like Playwright Test or Playwright was just installed or updated. ║
    ║ Please run the following command to download new browsers:              ║
    ║                                                                         ║
    ║     npx playwright install                                              ║
    ║                                                                         ║
    ║ <3 Playwright Team                                                      ║
    ╚═════════════════════════════════════════════════════════════════════════╝

    attachment #1: trace (application/zip) ─────────────────────────────────────────────────────────
    ../../test-results/visual-regression-design-c-a0f25-s---matches-design-baseline-iphone-se/trace.zip
    Usage:

        npx playwright show-trace ../../test-results/visual-regression-design-c-a0f25-s---matches-design-baseline-iphone-se/trace.zip

    ────────────────────────────────────────────────────────────────────────────────────────────────
]]>
</failure>
<system-out>
<![CDATA[
[[ATTACHMENT|visual-regression-design-c-a0f25-s---matches-design-baseline-iphone-se/trace.zip]]
]]>
</system-out>
</testcase>
<testcase name="Visual Regression - Design Consistency › desktop (1280x720) › Connections - matches design baseline" classname="visual-regression/design-consistency.spec.ts" time="0.004">
<failure message="design-consistency.spec.ts:59:9 Connections - matches design baseline" type="FAILURE">
<![CDATA[  [iphone-se] › visual-regression/design-consistency.spec.ts:59:9 › Visual Regression - Design Consistency › desktop (1280x720) › Connections - matches design baseline 

    Error: browserType.launch: Executable doesn't exist at /home/codespace/.cache/ms-playwright/webkit-2215/pw_run.sh
    ╔═════════════════════════════════════════════════════════════════════════╗
    ║ Looks like Playwright Test or Playwright was just installed or updated. ║
    ║ Please run the following command to download new browsers:              ║
    ║                                                                         ║
    ║     npx playwright install                                              ║
    ║                                                                         ║
    ║ <3 Playwright Team                                                      ║
    ╚═════════════════════════════════════════════════════════════════════════╝

    attachment #1: trace (application/zip) ─────────────────────────────────────────────────────────
    ../../test-results/visual-regression-design-c-5c14a-s---matches-design-baseline-iphone-se/trace.zip
    Usage:

        npx playwright show-trace ../../test-results/visual-regression-design-c-5c14a-s---matches-design-baseline-iphone-se/trace.zip

    ────────────────────────────────────────────────────────────────────────────────────────────────
]]>
</failure>
<system-out>
<![CDATA[
[[ATTACHMENT|visual-regression-design-c-5c14a-s---matches-design-baseline-iphone-se/trace.zip]]
]]>
</system-out>
</testcase>
<testcase name="Visual Regression - Design Consistency › desktop (1280x720) › Notifications - matches design baseline" classname="visual-regression/design-consistency.spec.ts" time="0.004">
<failure message="design-consistency.spec.ts:59:9 Notifications - matches design baseline" type="FAILURE">
<![CDATA[  [iphone-se] › visual-regression/design-consistency.spec.ts:59:9 › Visual Regression - Design Consistency › desktop (1280x720) › Notifications - matches design baseline 

    Error: browserType.launch: Executable doesn't exist at /home/codespace/.cache/ms-playwright/webkit-2215/pw_run.sh
    ╔═════════════════════════════════════════════════════════════════════════╗
    ║ Looks like Playwright Test or Playwright was just installed or updated. ║
    ║ Please run the following command to download new browsers:              ║
    ║                                                                         ║
    ║     npx playwright install                                              ║
    ║                                                                         ║
    ║ <3 Playwright Team                                                      ║
    ╚═════════════════════════════════════════════════════════════════════════╝

    attachment #1: trace (application/zip) ─────────────────────────────────────────────────────────
    ../../test-results/visual-regression-design-c-85645-s---matches-design-baseline-iphone-se/trace.zip
    Usage:

        npx playwright show-trace ../../test-results/visual-regression-design-c-85645-s---matches-design-baseline-iphone-se/trace.zip

    ────────────────────────────────────────────────────────────────────────────────────────────────
]]>
</failure>
<system-out>
<![CDATA[
[[ATTACHMENT|visual-regression-design-c-85645-s---matches-design-baseline-iphone-se/trace.zip]]
]]>
</system-out>
</testcase>
<testcase name="Visual Regression - Design Consistency › desktop (1280x720) › Menu - matches design baseline" classname="visual-regression/design-consistency.spec.ts" time="0.004">
<failure message="design-consistency.spec.ts:59:9 Menu - matches design baseline" type="FAILURE">
<![CDATA[  [iphone-se] › visual-regression/design-consistency.spec.ts:59:9 › Visual Regression - Design Consistency › desktop (1280x720) › Menu - matches design baseline 

    Error: browserType.launch: Executable doesn't exist at /home/codespace/.cache/ms-playwright/webkit-2215/pw_run.sh
    ╔═════════════════════════════════════════════════════════════════════════╗
    ║ Looks like Playwright Test or Playwright was just installed or updated. ║
    ║ Please run the following command to download new browsers:              ║
    ║                                                                         ║
    ║     npx playwright install                                              ║
    ║                                                                         ║
    ║ <3 Playwright Team                                                      ║
    ╚═════════════════════════════════════════════════════════════════════════╝

    attachment #1: trace (application/zip) ─────────────────────────────────────────────────────────
    ../../test-results/visual-regression-design-c-d565c-u---matches-design-baseline-iphone-se/trace.zip
    Usage:

        npx playwright show-trace ../../test-results/visual-regression-design-c-d565c-u---matches-design-baseline-iphone-se/trace.zip

    ────────────────────────────────────────────────────────────────────────────────────────────────
]]>
</failure>
<system-out>
<![CDATA[
[[ATTACHMENT|visual-regression-design-c-d565c-u---matches-design-baseline-iphone-se/trace.zip]]
]]>
</system-out>
</testcase>
<testcase name="Visual Regression - Design Consistency › desktop (1280x720) › Scan - matches design baseline" classname="visual-regression/design-consistency.spec.ts" time="0.004">
<failure message="design-consistency.spec.ts:59:9 Scan - matches design baseline" type="FAILURE">
<![CDATA[  [iphone-se] › visual-regression/design-consistency.spec.ts:59:9 › Visual Regression - Design Consistency › desktop (1280x720) › Scan - matches design baseline 

    Error: browserType.launch: Executable doesn't exist at /home/codespace/.cache/ms-playwright/webkit-2215/pw_run.sh
    ╔═════════════════════════════════════════════════════════════════════════╗
    ║ Looks like Playwright Test or Playwright was just installed or updated. ║
    ║ Please run the following command to download new browsers:              ║
    ║                                                                         ║
    ║     npx playwright install                                              ║
    ║                                                                         ║
    ║ <3 Playwright Team                                                      ║
    ╚═════════════════════════════════════════════════════════════════════════╝

    attachment #1: trace (application/zip) ─────────────────────────────────────────────────────────
    ../../test-results/visual-regression-design-c-94db4-n---matches-design-baseline-iphone-se/trace.zip
    Usage:

        npx playwright show-trace ../../test-results/visual-regression-design-c-94db4-n---matches-design-baseline-iphone-se/trace.zip

    ────────────────────────────────────────────────────────────────────────────────────────────────
]]>
</failure>
<system-out>
<![CDATA[
[[ATTACHMENT|visual-regression-design-c-94db4-n---matches-design-baseline-iphone-se/trace.zip]]
]]>
</system-out>
</testcase>
<testcase name="Component Consistency › Buttons have consistent styling" classname="visual-regression/design-consistency.spec.ts" time="0.004">
<failure message="design-consistency.spec.ts:86:3 Buttons have consistent styling" type="FAILURE">
<![CDATA[  [iphone-se] › visual-regression/design-consistency.spec.ts:86:3 › Component Consistency › Buttons have consistent styling 

    Error: browserType.launch: Executable doesn't exist at /home/codespace/.cache/ms-playwright/webkit-2215/pw_run.sh
    ╔═════════════════════════════════════════════════════════════════════════╗
    ║ Looks like Playwright Test or Playwright was just installed or updated. ║
    ║ Please run the following command to download new browsers:              ║
    ║                                                                         ║
    ║     npx playwright install                                              ║
    ║                                                                         ║
    ║ <3 Playwright Team                                                      ║
    ╚═════════════════════════════════════════════════════════════════════════╝

    attachment #1: trace (application/zip) ─────────────────────────────────────────────────────────
    ../../test-results/visual-regression-design-c-e16f1-ons-have-consistent-styling-iphone-se/trace.zip
    Usage:

        npx playwright show-trace ../../test-results/visual-regression-design-c-e16f1-ons-have-consistent-styling-iphone-se/trace.zip

    ────────────────────────────────────────────────────────────────────────────────────────────────
]]>
</failure>
<system-out>
<![CDATA[
[[ATTACHMENT|visual-regression-design-c-e16f1-ons-have-consistent-styling-iphone-se/trace.zip]]
]]>
</system-out>
</testcase>
<testcase name="Component Consistency › Cards have consistent styling" classname="visual-regression/design-consistency.spec.ts" time="0.004">
<failure message="design-consistency.spec.ts:96:3 Cards have consistent styling" type="FAILURE">
<![CDATA[  [iphone-se] › visual-regression/design-consistency.spec.ts:96:3 › Component Consistency › Cards have consistent styling 

    Error: browserType.launch: Executable doesn't exist at /home/codespace/.cache/ms-playwright/webkit-2215/pw_run.sh
    ╔═════════════════════════════════════════════════════════════════════════╗
    ║ Looks like Playwright Test or Playwright was just installed or updated. ║
    ║ Please run the following command to download new browsers:              ║
    ║                                                                         ║
    ║     npx playwright install                                              ║
    ║                                                                         ║
    ║ <3 Playwright Team                                                      ║
    ╚═════════════════════════════════════════════════════════════════════════╝

    attachment #1: trace (application/zip) ─────────────────────────────────────────────────────────
    ../../test-results/visual-regression-design-c-103ee-rds-have-consistent-styling-iphone-se/trace.zip
    Usage:

        npx playwright show-trace ../../test-results/visual-regression-design-c-103ee-rds-have-consistent-styling-iphone-se/trace.zip

    ────────────────────────────────────────────────────────────────────────────────────────────────
]]>
</failure>
<system-out>
<![CDATA[
[[ATTACHMENT|visual-regression-design-c-103ee-rds-have-consistent-styling-iphone-se/trace.zip]]
]]>
</system-out>
</testcase>
<testcase name="Component Consistency › Typography follows design tokens" classname="visual-regression/design-consistency.spec.ts" time="0.004">
<failure message="design-consistency.spec.ts:106:3 Typography follows design tokens" type="FAILURE">
<![CDATA[  [iphone-se] › visual-regression/design-consistency.spec.ts:106:3 › Component Consistency › Typography follows design tokens 

    Error: browserType.launch: Executable doesn't exist at /home/codespace/.cache/ms-playwright/webkit-2215/pw_run.sh
    ╔═════════════════════════════════════════════════════════════════════════╗
    ║ Looks like Playwright Test or Playwright was just installed or updated. ║
    ║ Please run the following command to download new browsers:              ║
    ║                                                                         ║
    ║     npx playwright install                                              ║
    ║                                                                         ║
    ║ <3 Playwright Team                                                      ║
    ╚═════════════════════════════════════════════════════════════════════════╝

    attachment #1: trace (application/zip) ─────────────────────────────────────────────────────────
    ../../test-results/visual-regression-design-c-f4ce6-raphy-follows-design-tokens-iphone-se/trace.zip
    Usage:

        npx playwright show-trace ../../test-results/visual-regression-design-c-f4ce6-raphy-follows-design-tokens-iphone-se/trace.zip

    ────────────────────────────────────────────────────────────────────────────────────────────────
]]>
</failure>
<system-out>
<![CDATA[
[[ATTACHMENT|visual-regression-design-c-f4ce6-raphy-follows-design-tokens-iphone-se/trace.zip]]
]]>
</system-out>
</testcase>
<testcase name="Component Consistency › Spacing is consistent across pages" classname="visual-regression/design-consistency.spec.ts" time="0.004">
<failure message="design-consistency.spec.ts:118:3 Spacing is consistent across pages" type="FAILURE">
<![CDATA[  [iphone-se] › visual-regression/design-consistency.spec.ts:118:3 › Component Consistency › Spacing is consistent across pages 

    Error: browserType.launch: Executable doesn't exist at /home/codespace/.cache/ms-playwright/webkit-2215/pw_run.sh
    ╔═════════════════════════════════════════════════════════════════════════╗
    ║ Looks like Playwright Test or Playwright was just installed or updated. ║
    ║ Please run the following command to download new browsers:              ║
    ║                                                                         ║
    ║     npx playwright install                                              ║
    ║                                                                         ║
    ║ <3 Playwright Team                                                      ║
    ╚═════════════════════════════════════════════════════════════════════════╝

    attachment #1: trace (application/zip) ─────────────────────────────────────────────────────────
    ../../test-results/visual-regression-design-c-61b65--is-consistent-across-pages-iphone-se/trace.zip
    Usage:

        npx playwright show-trace ../../test-results/visual-regression-design-c-61b65--is-consistent-across-pages-iphone-se/trace.zip

    ────────────────────────────────────────────────────────────────────────────────────────────────
]]>
</failure>
<system-out>
<![CDATA[
[[ATTACHMENT|visual-regression-design-c-61b65--is-consistent-across-pages-iphone-se/trace.zip]]
]]>
</system-out>
</testcase>
<testcase name="Component Consistency › Forms have consistent input styling" classname="visual-regression/design-consistency.spec.ts" time="0.004">
<failure message="design-consistency.spec.ts:136:3 Forms have consistent input styling" type="FAILURE">
<![CDATA[  [iphone-se] › visual-regression/design-consistency.spec.ts:136:3 › Component Consistency › Forms have consistent input styling 

    Error: browserType.launch: Executable doesn't exist at /home/codespace/.cache/ms-playwright/webkit-2215/pw_run.sh
    ╔═════════════════════════════════════════════════════════════════════════╗
    ║ Looks like Playwright Test or Playwright was just installed or updated. ║
    ║ Please run the following command to download new browsers:              ║
    ║                                                                         ║
    ║     npx playwright install                                              ║
    ║                                                                         ║
    ║ <3 Playwright Team                                                      ║
    ╚═════════════════════════════════════════════════════════════════════════╝

    attachment #1: trace (application/zip) ─────────────────────────────────────────────────────────
    ../../test-results/visual-regression-design-c-e6bd1-ve-consistent-input-styling-iphone-se/trace.zip
    Usage:

        npx playwright show-trace ../../test-results/visual-regression-design-c-e6bd1-ve-consistent-input-styling-iphone-se/trace.zip

    ────────────────────────────────────────────────────────────────────────────────────────────────
]]>
</failure>
<system-out>
<![CDATA[
[[ATTACHMENT|visual-regression-design-c-e6bd1-ve-consistent-input-styling-iphone-se/trace.zip]]
]]>
</system-out>
</testcase>
<testcase name="Component Consistency › Colors follow design system" classname="visual-regression/design-consistency.spec.ts" time="0.003">
<failure message="design-consistency.spec.ts:150:3 Colors follow design system" type="FAILURE">
<![CDATA[  [iphone-se] › visual-regression/design-consistency.spec.ts:150:3 › Component Consistency › Colors follow design system 

    Error: browserType.launch: Executable doesn't exist at /home/codespace/.cache/ms-playwright/webkit-2215/pw_run.sh
    ╔═════════════════════════════════════════════════════════════════════════╗
    ║ Looks like Playwright Test or Playwright was just installed or updated. ║
    ║ Please run the following command to download new browsers:              ║
    ║                                                                         ║
    ║     npx playwright install                                              ║
    ║                                                                         ║
    ║ <3 Playwright Team                                                      ║
    ╚═════════════════════════════════════════════════════════════════════════╝

    attachment #1: trace (application/zip) ─────────────────────────────────────────────────────────
    ../../test-results/visual-regression-design-c-ca12e-Colors-follow-design-system-iphone-se/trace.zip
    Usage:

        npx playwright show-trace ../../test-results/visual-regression-design-c-ca12e-Colors-follow-design-system-iphone-se/trace.zip

    ────────────────────────────────────────────────────────────────────────────────────────────────
]]>
</failure>
<system-out>
<![CDATA[
[[ATTACHMENT|visual-regression-design-c-ca12e-Colors-follow-design-system-iphone-se/trace.zip]]
]]>
</system-out>
</testcase>
<testcase name="Responsive Design Consistency › Mobile breakpoint applies correct styles" classname="visual-regression/design-consistency.spec.ts" time="0.004">
<failure message="design-consistency.spec.ts:171:3 Mobile breakpoint applies correct styles" type="FAILURE">
<![CDATA[  [iphone-se] › visual-regression/design-consistency.spec.ts:171:3 › Responsive Design Consistency › Mobile breakpoint applies correct styles 

    Error: browserType.launch: Executable doesn't exist at /home/codespace/.cache/ms-playwright/webkit-2215/pw_run.sh
    ╔═════════════════════════════════════════════════════════════════════════╗
    ║ Looks like Playwright Test or Playwright was just installed or updated. ║
    ║ Please run the following command to download new browsers:              ║
    ║                                                                         ║
    ║     npx playwright install                                              ║
    ║                                                                         ║
    ║ <3 Playwright Team                                                      ║
    ╚═════════════════════════════════════════════════════════════════════════╝

    attachment #1: trace (application/zip) ─────────────────────────────────────────────────────────
    ../../test-results/visual-regression-design-c-24055-oint-applies-correct-styles-iphone-se/trace.zip
    Usage:

        npx playwright show-trace ../../test-results/visual-regression-design-c-24055-oint-applies-correct-styles-iphone-se/trace.zip

    ────────────────────────────────────────────────────────────────────────────────────────────────
]]>
</failure>
<system-out>
<![CDATA[
[[ATTACHMENT|visual-regression-design-c-24055-oint-applies-correct-styles-iphone-se/trace.zip]]
]]>
</system-out>
</testcase>
<testcase name="Responsive Design Consistency › Desktop breakpoint applies correct styles" classname="visual-regression/design-consistency.spec.ts" time="0.003">
<failure message="design-consistency.spec.ts:185:3 Desktop breakpoint applies correct styles" type="FAILURE">
<![CDATA[  [iphone-se] › visual-regression/design-consistency.spec.ts:185:3 › Responsive Design Consistency › Desktop breakpoint applies correct styles 

    Error: browserType.launch: Executable doesn't exist at /home/codespace/.cache/ms-playwright/webkit-2215/pw_run.sh
    ╔═════════════════════════════════════════════════════════════════════════╗
    ║ Looks like Playwright Test or Playwright was just installed or updated. ║
    ║ Please run the following command to download new browsers:              ║
    ║                                                                         ║
    ║     npx playwright install                                              ║
    ║                                                                         ║
    ║ <3 Playwright Team                                                      ║
    ╚═════════════════════════════════════════════════════════════════════════╝

    attachment #1: trace (application/zip) ─────────────────────────────────────────────────────────
    ../../test-results/visual-regression-design-c-facf6-oint-applies-correct-styles-iphone-se/trace.zip
    Usage:

        npx playwright show-trace ../../test-results/visual-regression-design-c-facf6-oint-applies-correct-styles-iphone-se/trace.zip

    ────────────────────────────────────────────────────────────────────────────────────────────────
]]>
</failure>
<system-out>
<![CDATA[
[[ATTACHMENT|visual-regression-design-c-facf6-oint-applies-correct-styles-iphone-se/trace.zip]]
]]>
</system-out>
</testcase>
<testcase name="Responsive Design Consistency › Landscape orientation on mobile works correctly" classname="visual-regression/design-consistency.spec.ts" time="0.004">
<failure message="design-consistency.spec.ts:199:3 Landscape orientation on mobile works correctly" type="FAILURE">
<![CDATA[  [iphone-se] › visual-regression/design-consistency.spec.ts:199:3 › Responsive Design Consistency › Landscape orientation on mobile works correctly 

    Error: browserType.launch: Executable doesn't exist at /home/codespace/.cache/ms-playwright/webkit-2215/pw_run.sh
    ╔═════════════════════════════════════════════════════════════════════════╗
    ║ Looks like Playwright Test or Playwright was just installed or updated. ║
    ║ Please run the following command to download new browsers:              ║
    ║                                                                         ║
    ║     npx playwright install                                              ║
    ║                                                                         ║
    ║ <3 Playwright Team                                                      ║
    ╚═════════════════════════════════════════════════════════════════════════╝

    attachment #1: trace (application/zip) ─────────────────────────────────────────────────────────
    ../../test-results/visual-regression-design-c-adc76-n-on-mobile-works-correctly-iphone-se/trace.zip
    Usage:

        npx playwright show-trace ../../test-results/visual-regression-design-c-adc76-n-on-mobile-works-correctly-iphone-se/trace.zip

    ────────────────────────────────────────────────────────────────────────────────────────────────
]]>
</failure>
<system-out>
<![CDATA[
[[ATTACHMENT|visual-regression-design-c-adc76-n-on-mobile-works-correctly-iphone-se/trace.zip]]
]]>
</system-out>
</testcase>
<testcase name="Animation Consistency › Hover effects are consistent" classname="visual-regression/design-consistency.spec.ts" time="0.004">
<failure message="design-consistency.spec.ts:211:3 Hover effects are consistent" type="FAILURE">
<![CDATA[  [iphone-se] › visual-regression/design-consistency.spec.ts:211:3 › Animation Consistency › Hover effects are consistent 

    Error: browserType.launch: Executable doesn't exist at /home/codespace/.cache/ms-playwright/webkit-2215/pw_run.sh
    ╔═════════════════════════════════════════════════════════════════════════╗
    ║ Looks like Playwright Test or Playwright was just installed or updated. ║
    ║ Please run the following command to download new browsers:              ║
    ║                                                                         ║
    ║     npx playwright install                                              ║
    ║                                                                         ║
    ║ <3 Playwright Team                                                      ║
    ╚═════════════════════════════════════════════════════════════════════════╝

    attachment #1: trace (application/zip) ─────────────────────────────────────────────────────────
    ../../test-results/visual-regression-design-c-911c2-over-effects-are-consistent-iphone-se/trace.zip
    Usage:

        npx playwright show-trace ../../test-results/visual-regression-design-c-911c2-over-effects-are-consistent-iphone-se/trace.zip

    ────────────────────────────────────────────────────────────────────────────────────────────────
]]>
</failure>
<system-out>
<![CDATA[
[[ATTACHMENT|visual-regression-design-c-911c2-over-effects-are-consistent-iphone-se/trace.zip]]
]]>
</system-out>
</testcase>
<testcase name="Animation Consistency › Focus states are visible" classname="visual-regression/design-consistency.spec.ts" time="0.004">
<failure message="design-consistency.spec.ts:228:3 Focus states are visible" type="FAILURE">
<![CDATA[  [iphone-se] › visual-regression/design-consistency.spec.ts:228:3 › Animation Consistency › Focus states are visible 

    Error: browserType.launch: Executable doesn't exist at /home/codespace/.cache/ms-playwright/webkit-2215/pw_run.sh
    ╔═════════════════════════════════════════════════════════════════════════╗
    ║ Looks like Playwright Test or Playwright was just installed or updated. ║
    ║ Please run the following command to download new browsers:              ║
    ║                                                                         ║
    ║     npx playwright install                                              ║
    ║                                                                         ║
    ║ <3 Playwright Team                                                      ║
    ╚═════════════════════════════════════════════════════════════════════════╝

    attachment #1: trace (application/zip) ─────────────────────────────────────────────────────────
    ../../test-results/visual-regression-design-c-82925-cy-Focus-states-are-visible-iphone-se/trace.zip
    Usage:

        npx playwright show-trace ../../test-results/visual-regression-design-c-82925-cy-Focus-states-are-visible-iphone-se/trace.zip

    ────────────────────────────────────────────────────────────────────────────────────────────────
]]>
</failure>
<system-out>
<![CDATA[
[[ATTACHMENT|visual-regression-design-c-82925-cy-Focus-states-are-visible-iphone-se/trace.zip]]
]]>
</system-out>
</testcase>
</testsuite>
<testsuite name="visual-regression/design-consistency.spec.ts" timestamp="2025-10-27T02:13:43.818Z" hostname="pixel-5" tests="67" failures="67" skipped="0" time="0.283" errors="0">
<testcase name="Visual Regression - Design Consistency › mobile-small (375x667) › Biometric Enrollment - matches design baseline" classname="visual-regression/design-consistency.spec.ts" time="0.005">
<failure message="design-consistency.spec.ts:59:9 Biometric Enrollment - matches design baseline" type="FAILURE">
<![CDATA[  [pixel-5] › visual-regression/design-consistency.spec.ts:59:9 › Visual Regression - Design Consistency › mobile-small (375x667) › Biometric Enrollment - matches design baseline 

    Error: browserType.launch: Executable doesn't exist at /home/codespace/.cache/ms-playwright/chromium_headless_shell-1194/chrome-linux/headless_shell
    ╔═════════════════════════════════════════════════════════════════════════╗
    ║ Looks like Playwright Test or Playwright was just installed or updated. ║
    ║ Please run the following command to download new browsers:              ║
    ║                                                                         ║
    ║     npx playwright install                                              ║
    ║                                                                         ║
    ║ <3 Playwright Team                                                      ║
    ╚═════════════════════════════════════════════════════════════════════════╝

    attachment #1: trace (application/zip) ─────────────────────────────────────────────────────────
    ../../test-results/visual-regression-design-c-2751f-t---matches-design-baseline-pixel-5/trace.zip
    Usage:

        npx playwright show-trace ../../test-results/visual-regression-design-c-2751f-t---matches-design-baseline-pixel-5/trace.zip

    ────────────────────────────────────────────────────────────────────────────────────────────────
]]>
</failure>
<system-out>
<![CDATA[
[[ATTACHMENT|visual-regression-design-c-2751f-t---matches-design-baseline-pixel-5/trace.zip]]
]]>
</system-out>
</testcase>
<testcase name="Visual Regression - Design Consistency › mobile-small (375x667) › Onboarding - matches design baseline" classname="visual-regression/design-consistency.spec.ts" time="0.005">
<failure message="design-consistency.spec.ts:59:9 Onboarding - matches design baseline" type="FAILURE">
<![CDATA[  [pixel-5] › visual-regression/design-consistency.spec.ts:59:9 › Visual Regression - Design Consistency › mobile-small (375x667) › Onboarding - matches design baseline 

    Error: browserType.launch: Executable doesn't exist at /home/codespace/.cache/ms-playwright/chromium_headless_shell-1194/chrome-linux/headless_shell
    ╔═════════════════════════════════════════════════════════════════════════╗
    ║ Looks like Playwright Test or Playwright was just installed or updated. ║
    ║ Please run the following command to download new browsers:              ║
    ║                                                                         ║
    ║     npx playwright install                                              ║
    ║                                                                         ║
    ║ <3 Playwright Team                                                      ║
    ╚═════════════════════════════════════════════════════════════════════════╝

    attachment #1: trace (application/zip) ─────────────────────────────────────────────────────────
    ../../test-results/visual-regression-design-c-afc69-g---matches-design-baseline-pixel-5/trace.zip
    Usage:

        npx playwright show-trace ../../test-results/visual-regression-design-c-afc69-g---matches-design-baseline-pixel-5/trace.zip

    ────────────────────────────────────────────────────────────────────────────────────────────────
]]>
</failure>
<system-out>
<![CDATA[
[[ATTACHMENT|visual-regression-design-c-afc69-g---matches-design-baseline-pixel-5/trace.zip]]
]]>
</system-out>
</testcase>
<testcase name="Visual Regression - Design Consistency › mobile-small (375x667) › Create Password - matches design baseline" classname="visual-regression/design-consistency.spec.ts" time="0.004">
<failure message="design-consistency.spec.ts:59:9 Create Password - matches design baseline" type="FAILURE">
<![CDATA[  [pixel-5] › visual-regression/design-consistency.spec.ts:59:9 › Visual Regression - Design Consistency › mobile-small (375x667) › Create Password - matches design baseline 

    Error: browserType.launch: Executable doesn't exist at /home/codespace/.cache/ms-playwright/chromium_headless_shell-1194/chrome-linux/headless_shell
    ╔═════════════════════════════════════════════════════════════════════════╗
    ║ Looks like Playwright Test or Playwright was just installed or updated. ║
    ║ Please run the following command to download new browsers:              ║
    ║                                                                         ║
    ║     npx playwright install                                              ║
    ║                                                                         ║
    ║ <3 Playwright Team                                                      ║
    ╚═════════════════════════════════════════════════════════════════════════╝

    attachment #1: trace (application/zip) ─────────────────────────────────────────────────────────
    ../../test-results/visual-regression-design-c-3e099-d---matches-design-baseline-pixel-5/trace.zip
    Usage:

        npx playwright show-trace ../../test-results/visual-regression-design-c-3e099-d---matches-design-baseline-pixel-5/trace.zip

    ────────────────────────────────────────────────────────────────────────────────────────────────
]]>
</failure>
<system-out>
<![CDATA[
[[ATTACHMENT|visual-regression-design-c-3e099-d---matches-design-baseline-pixel-5/trace.zip]]
]]>
</system-out>
</testcase>
<testcase name="Visual Regression - Design Consistency › mobile-small (375x667) › Setup Biometrics - matches design baseline" classname="visual-regression/design-consistency.spec.ts" time="0.004">
<failure message="design-consistency.spec.ts:59:9 Setup Biometrics - matches design baseline" type="FAILURE">
<![CDATA[  [pixel-5] › visual-regression/design-consistency.spec.ts:59:9 › Visual Regression - Design Consistency › mobile-small (375x667) › Setup Biometrics - matches design baseline 

    Error: browserType.launch: Executable doesn't exist at /home/codespace/.cache/ms-playwright/chromium_headless_shell-1194/chrome-linux/headless_shell
    ╔═════════════════════════════════════════════════════════════════════════╗
    ║ Looks like Playwright Test or Playwright was just installed or updated. ║
    ║ Please run the following command to download new browsers:              ║
    ║                                                                         ║
    ║     npx playwright install                                              ║
    ║                                                                         ║
    ║ <3 Playwright Team                                                      ║
    ╚═════════════════════════════════════════════════════════════════════════╝

    attachment #1: trace (application/zip) ─────────────────────────────────────────────────────────
    ../../test-results/visual-regression-design-c-eec72-s---matches-design-baseline-pixel-5/trace.zip
    Usage:

        npx playwright show-trace ../../test-results/visual-regression-design-c-eec72-s---matches-design-baseline-pixel-5/trace.zip

    ────────────────────────────────────────────────────────────────────────────────────────────────
]]>
</failure>
<system-out>
<![CDATA[
[[ATTACHMENT|visual-regression-design-c-eec72-s---matches-design-baseline-pixel-5/trace.zip]]
]]>
</system-out>
</testcase>
<testcase name="Visual Regression - Design Consistency › mobile-small (375x667) › Generate Seed Phrase - matches design baseline" classname="visual-regression/design-consistency.spec.ts" time="0.004">
<failure message="design-consistency.spec.ts:59:9 Generate Seed Phrase - matches design baseline" type="FAILURE">
<![CDATA[  [pixel-5] › visual-regression/design-consistency.spec.ts:59:9 › Visual Regression - Design Consistency › mobile-small (375x667) › Generate Seed Phrase - matches design baseline 

    Error: browserType.launch: Executable doesn't exist at /home/codespace/.cache/ms-playwright/chromium_headless_shell-1194/chrome-linux/headless_shell
    ╔═════════════════════════════════════════════════════════════════════════╗
    ║ Looks like Playwright Test or Playwright was just installed or updated. ║
    ║ Please run the following command to download new browsers:              ║
    ║                                                                         ║
    ║     npx playwright install                                              ║
    ║                                                                         ║
    ║ <3 Playwright Team                                                      ║
    ╚═════════════════════════════════════════════════════════════════════════╝

    attachment #1: trace (application/zip) ─────────────────────────────────────────────────────────
    ../../test-results/visual-regression-design-c-c1a7d-e---matches-design-baseline-pixel-5/trace.zip
    Usage:

        npx playwright show-trace ../../test-results/visual-regression-design-c-c1a7d-e---matches-design-baseline-pixel-5/trace.zip

    ────────────────────────────────────────────────────────────────────────────────────────────────
]]>
</failure>
<system-out>
<![CDATA[
[[ATTACHMENT|visual-regression-design-c-c1a7d-e---matches-design-baseline-pixel-5/trace.zip]]
]]>
</system-out>
</testcase>
<testcase name="Visual Regression - Design Consistency › mobile-small (375x667) › Verify Seed Phrase - matches design baseline" classname="visual-regression/design-consistency.spec.ts" time="0.004">
<failure message="design-consistency.spec.ts:59:9 Verify Seed Phrase - matches design baseline" type="FAILURE">
<![CDATA[  [pixel-5] › visual-regression/design-consistency.spec.ts:59:9 › Visual Regression - Design Consistency › mobile-small (375x667) › Verify Seed Phrase - matches design baseline 

    Error: browserType.launch: Executable doesn't exist at /home/codespace/.cache/ms-playwright/chromium_headless_shell-1194/chrome-linux/headless_shell
    ╔═════════════════════════════════════════════════════════════════════════╗
    ║ Looks like Playwright Test or Playwright was just installed or updated. ║
    ║ Please run the following command to download new browsers:              ║
    ║                                                                         ║
    ║     npx playwright install                                              ║
    ║                                                                         ║
    ║ <3 Playwright Team                                                      ║
    ╚═════════════════════════════════════════════════════════════════════════╝

    attachment #1: trace (application/zip) ─────────────────────────────────────────────────────────
    ../../test-results/visual-regression-design-c-a97b6-e---matches-design-baseline-pixel-5/trace.zip
    Usage:

        npx playwright show-trace ../../test-results/visual-regression-design-c-a97b6-e---matches-design-baseline-pixel-5/trace.zip

    ────────────────────────────────────────────────────────────────────────────────────────────────
]]>
</failure>
<system-out>
<![CDATA[
[[ATTACHMENT|visual-regression-design-c-a97b6-e---matches-design-baseline-pixel-5/trace.zip]]
]]>
</system-out>
</testcase>
<testcase name="Visual Regression - Design Consistency › mobile-small (375x667) › Set Passcode - matches design baseline" classname="visual-regression/design-consistency.spec.ts" time="0.004">
<failure message="design-consistency.spec.ts:59:9 Set Passcode - matches design baseline" type="FAILURE">
<![CDATA[  [pixel-5] › visual-regression/design-consistency.spec.ts:59:9 › Visual Regression - Design Consistency › mobile-small (375x667) › Set Passcode - matches design baseline 

    Error: browserType.launch: Executable doesn't exist at /home/codespace/.cache/ms-playwright/chromium_headless_shell-1194/chrome-linux/headless_shell
    ╔═════════════════════════════════════════════════════════════════════════╗
    ║ Looks like Playwright Test or Playwright was just installed or updated. ║
    ║ Please run the following command to download new browsers:              ║
    ║                                                                         ║
    ║     npx playwright install                                              ║
    ║                                                                         ║
    ║ <3 Playwright Team                                                      ║
    ╚═════════════════════════════════════════════════════════════════════════╝

    attachment #1: trace (application/zip) ─────────────────────────────────────────────────────────
    ../../test-results/visual-regression-design-c-1d784-e---matches-design-baseline-pixel-5/trace.zip
    Usage:

        npx playwright show-trace ../../test-results/visual-regression-design-c-1d784-e---matches-design-baseline-pixel-5/trace.zip

    ────────────────────────────────────────────────────────────────────────────────────────────────
]]>
</failure>
<system-out>
<![CDATA[
[[ATTACHMENT|visual-regression-design-c-1d784-e---matches-design-baseline-pixel-5/trace.zip]]
]]>
</system-out>
</testcase>
<testcase name="Visual Regression - Design Consistency › mobile-small (375x667) › Lock Page - matches design baseline" classname="visual-regression/design-consistency.spec.ts" time="0.005">
<failure message="design-consistency.spec.ts:59:9 Lock Page - matches design baseline" type="FAILURE">
<![CDATA[  [pixel-5] › visual-regression/design-consistency.spec.ts:59:9 › Visual Regression - Design Consistency › mobile-small (375x667) › Lock Page - matches design baseline 

    Error: browserType.launch: Executable doesn't exist at /home/codespace/.cache/ms-playwright/chromium_headless_shell-1194/chrome-linux/headless_shell
    ╔═════════════════════════════════════════════════════════════════════════╗
    ║ Looks like Playwright Test or Playwright was just installed or updated. ║
    ║ Please run the following command to download new browsers:              ║
    ║                                                                         ║
    ║     npx playwright install                                              ║
    ║                                                                         ║
    ║ <3 Playwright Team                                                      ║
    ╚═════════════════════════════════════════════════════════════════════════╝

    attachment #1: trace (application/zip) ─────────────────────────────────────────────────────────
    ../../test-results/visual-regression-design-c-3a010-e---matches-design-baseline-pixel-5/trace.zip
    Usage:

        npx playwright show-trace ../../test-results/visual-regression-design-c-3a010-e---matches-design-baseline-pixel-5/trace.zip

    ────────────────────────────────────────────────────────────────────────────────────────────────
]]>
</failure>
<system-out>
<![CDATA[
[[ATTACHMENT|visual-regression-design-c-3a010-e---matches-design-baseline-pixel-5/trace.zip]]
]]>
</system-out>
</testcase>
<testcase name="Visual Regression - Design Consistency › mobile-small (375x667) › Credentials - matches design baseline" classname="visual-regression/design-consistency.spec.ts" time="0.004">
<failure message="design-consistency.spec.ts:59:9 Credentials - matches design baseline" type="FAILURE">
<![CDATA[  [pixel-5] › visual-regression/design-consistency.spec.ts:59:9 › Visual Regression - Design Consistency › mobile-small (375x667) › Credentials - matches design baseline 

    Error: browserType.launch: Executable doesn't exist at /home/codespace/.cache/ms-playwright/chromium_headless_shell-1194/chrome-linux/headless_shell
    ╔═════════════════════════════════════════════════════════════════════════╗
    ║ Looks like Playwright Test or Playwright was just installed or updated. ║
    ║ Please run the following command to download new browsers:              ║
    ║                                                                         ║
    ║     npx playwright install                                              ║
    ║                                                                         ║
    ║ <3 Playwright Team                                                      ║
    ╚═════════════════════════════════════════════════════════════════════════╝

    attachment #1: trace (application/zip) ─────────────────────────────────────────────────────────
    ../../test-results/visual-regression-design-c-eb966-s---matches-design-baseline-pixel-5/trace.zip
    Usage:

        npx playwright show-trace ../../test-results/visual-regression-design-c-eb966-s---matches-design-baseline-pixel-5/trace.zip

    ────────────────────────────────────────────────────────────────────────────────────────────────
]]>
</failure>
<system-out>
<![CDATA[
[[ATTACHMENT|visual-regression-design-c-eb966-s---matches-design-baseline-pixel-5/trace.zip]]
]]>
</system-out>
</testcase>
<testcase name="Visual Regression - Design Consistency › mobile-small (375x667) › Identifiers - matches design baseline" classname="visual-regression/design-consistency.spec.ts" time="0.004">
<failure message="design-consistency.spec.ts:59:9 Identifiers - matches design baseline" type="FAILURE">
<![CDATA[  [pixel-5] › visual-regression/design-consistency.spec.ts:59:9 › Visual Regression - Design Consistency › mobile-small (375x667) › Identifiers - matches design baseline 

    Error: browserType.launch: Executable doesn't exist at /home/codespace/.cache/ms-playwright/chromium_headless_shell-1194/chrome-linux/headless_shell
    ╔═════════════════════════════════════════════════════════════════════════╗
    ║ Looks like Playwright Test or Playwright was just installed or updated. ║
    ║ Please run the following command to download new browsers:              ║
    ║                                                                         ║
    ║     npx playwright install                                              ║
    ║                                                                         ║
    ║ <3 Playwright Team                                                      ║
    ╚═════════════════════════════════════════════════════════════════════════╝

    attachment #1: trace (application/zip) ─────────────────────────────────────────────────────────
    ../../test-results/visual-regression-design-c-eb810-s---matches-design-baseline-pixel-5/trace.zip
    Usage:

        npx playwright show-trace ../../test-results/visual-regression-design-c-eb810-s---matches-design-baseline-pixel-5/trace.zip

    ────────────────────────────────────────────────────────────────────────────────────────────────
]]>
</failure>
<system-out>
<![CDATA[
[[ATTACHMENT|visual-regression-design-c-eb810-s---matches-design-baseline-pixel-5/trace.zip]]
]]>
</system-out>
</testcase>
<testcase name="Visual Regression - Design Consistency › mobile-small (375x667) › Connections - matches design baseline" classname="visual-regression/design-consistency.spec.ts" time="0.005">
<failure message="design-consistency.spec.ts:59:9 Connections - matches design baseline" type="FAILURE">
<![CDATA[  [pixel-5] › visual-regression/design-consistency.spec.ts:59:9 › Visual Regression - Design Consistency › mobile-small (375x667) › Connections - matches design baseline 

    Error: browserType.launch: Executable doesn't exist at /home/codespace/.cache/ms-playwright/chromium_headless_shell-1194/chrome-linux/headless_shell
    ╔═════════════════════════════════════════════════════════════════════════╗
    ║ Looks like Playwright Test or Playwright was just installed or updated. ║
    ║ Please run the following command to download new browsers:              ║
    ║                                                                         ║
    ║     npx playwright install                                              ║
    ║                                                                         ║
    ║ <3 Playwright Team                                                      ║
    ╚═════════════════════════════════════════════════════════════════════════╝

    attachment #1: trace (application/zip) ─────────────────────────────────────────────────────────
    ../../test-results/visual-regression-design-c-47ea2-s---matches-design-baseline-pixel-5/trace.zip
    Usage:

        npx playwright show-trace ../../test-results/visual-regression-design-c-47ea2-s---matches-design-baseline-pixel-5/trace.zip

    ────────────────────────────────────────────────────────────────────────────────────────────────
]]>
</failure>
<system-out>
<![CDATA[
[[ATTACHMENT|visual-regression-design-c-47ea2-s---matches-design-baseline-pixel-5/trace.zip]]
]]>
</system-out>
</testcase>
<testcase name="Visual Regression - Design Consistency › mobile-small (375x667) › Notifications - matches design baseline" classname="visual-regression/design-consistency.spec.ts" time="0.004">
<failure message="design-consistency.spec.ts:59:9 Notifications - matches design baseline" type="FAILURE">
<![CDATA[  [pixel-5] › visual-regression/design-consistency.spec.ts:59:9 › Visual Regression - Design Consistency › mobile-small (375x667) › Notifications - matches design baseline 

    Error: browserType.launch: Executable doesn't exist at /home/codespace/.cache/ms-playwright/chromium_headless_shell-1194/chrome-linux/headless_shell
    ╔═════════════════════════════════════════════════════════════════════════╗
    ║ Looks like Playwright Test or Playwright was just installed or updated. ║
    ║ Please run the following command to download new browsers:              ║
    ║                                                                         ║
    ║     npx playwright install                                              ║
    ║                                                                         ║
    ║ <3 Playwright Team                                                      ║
    ╚═════════════════════════════════════════════════════════════════════════╝

    attachment #1: trace (application/zip) ─────────────────────────────────────────────────────────
    ../../test-results/visual-regression-design-c-95a73-s---matches-design-baseline-pixel-5/trace.zip
    Usage:

        npx playwright show-trace ../../test-results/visual-regression-design-c-95a73-s---matches-design-baseline-pixel-5/trace.zip

    ────────────────────────────────────────────────────────────────────────────────────────────────
]]>
</failure>
<system-out>
<![CDATA[
[[ATTACHMENT|visual-regression-design-c-95a73-s---matches-design-baseline-pixel-5/trace.zip]]
]]>
</system-out>
</testcase>
<testcase name="Visual Regression - Design Consistency › mobile-small (375x667) › Menu - matches design baseline" classname="visual-regression/design-consistency.spec.ts" time="0.004">
<failure message="design-consistency.spec.ts:59:9 Menu - matches design baseline" type="FAILURE">
<![CDATA[  [pixel-5] › visual-regression/design-consistency.spec.ts:59:9 › Visual Regression - Design Consistency › mobile-small (375x667) › Menu - matches design baseline 

    Error: browserType.launch: Executable doesn't exist at /home/codespace/.cache/ms-playwright/chromium_headless_shell-1194/chrome-linux/headless_shell
    ╔═════════════════════════════════════════════════════════════════════════╗
    ║ Looks like Playwright Test or Playwright was just installed or updated. ║
    ║ Please run the following command to download new browsers:              ║
    ║                                                                         ║
    ║     npx playwright install                                              ║
    ║                                                                         ║
    ║ <3 Playwright Team                                                      ║
    ╚═════════════════════════════════════════════════════════════════════════╝

    attachment #1: trace (application/zip) ─────────────────────────────────────────────────────────
    ../../test-results/visual-regression-design-c-67878-u---matches-design-baseline-pixel-5/trace.zip
    Usage:

        npx playwright show-trace ../../test-results/visual-regression-design-c-67878-u---matches-design-baseline-pixel-5/trace.zip

    ────────────────────────────────────────────────────────────────────────────────────────────────
]]>
</failure>
<system-out>
<![CDATA[
[[ATTACHMENT|visual-regression-design-c-67878-u---matches-design-baseline-pixel-5/trace.zip]]
]]>
</system-out>
</testcase>
<testcase name="Visual Regression - Design Consistency › mobile-small (375x667) › Scan - matches design baseline" classname="visual-regression/design-consistency.spec.ts" time="0.009">
<failure message="design-consistency.spec.ts:59:9 Scan - matches design baseline" type="FAILURE">
<![CDATA[  [pixel-5] › visual-regression/design-consistency.spec.ts:59:9 › Visual Regression - Design Consistency › mobile-small (375x667) › Scan - matches design baseline 

    Error: browserType.launch: Executable doesn't exist at /home/codespace/.cache/ms-playwright/chromium_headless_shell-1194/chrome-linux/headless_shell
    ╔═════════════════════════════════════════════════════════════════════════╗
    ║ Looks like Playwright Test or Playwright was just installed or updated. ║
    ║ Please run the following command to download new browsers:              ║
    ║                                                                         ║
    ║     npx playwright install                                              ║
    ║                                                                         ║
    ║ <3 Playwright Team                                                      ║
    ╚═════════════════════════════════════════════════════════════════════════╝

    attachment #1: trace (application/zip) ─────────────────────────────────────────────────────────
    ../../test-results/visual-regression-design-c-eed57-n---matches-design-baseline-pixel-5/trace.zip
    Usage:

        npx playwright show-trace ../../test-results/visual-regression-design-c-eed57-n---matches-design-baseline-pixel-5/trace.zip

    ────────────────────────────────────────────────────────────────────────────────────────────────
]]>
</failure>
<system-out>
<![CDATA[
[[ATTACHMENT|visual-regression-design-c-eed57-n---matches-design-baseline-pixel-5/trace.zip]]
]]>
</system-out>
</testcase>
<testcase name="Visual Regression - Design Consistency › mobile-medium (393x852) › Biometric Enrollment - matches design baseline" classname="visual-regression/design-consistency.spec.ts" time="0.004">
<failure message="design-consistency.spec.ts:59:9 Biometric Enrollment - matches design baseline" type="FAILURE">
<![CDATA[  [pixel-5] › visual-regression/design-consistency.spec.ts:59:9 › Visual Regression - Design Consistency › mobile-medium (393x852) › Biometric Enrollment - matches design baseline 

    Error: browserType.launch: Executable doesn't exist at /home/codespace/.cache/ms-playwright/chromium_headless_shell-1194/chrome-linux/headless_shell
    ╔═════════════════════════════════════════════════════════════════════════╗
    ║ Looks like Playwright Test or Playwright was just installed or updated. ║
    ║ Please run the following command to download new browsers:              ║
    ║                                                                         ║
    ║     npx playwright install                                              ║
    ║                                                                         ║
    ║ <3 Playwright Team                                                      ║
    ╚═════════════════════════════════════════════════════════════════════════╝

    attachment #1: trace (application/zip) ─────────────────────────────────────────────────────────
    ../../test-results/visual-regression-design-c-88073-t---matches-design-baseline-pixel-5/trace.zip
    Usage:

        npx playwright show-trace ../../test-results/visual-regression-design-c-88073-t---matches-design-baseline-pixel-5/trace.zip

    ────────────────────────────────────────────────────────────────────────────────────────────────
]]>
</failure>
<system-out>
<![CDATA[
[[ATTACHMENT|visual-regression-design-c-88073-t---matches-design-baseline-pixel-5/trace.zip]]
]]>
</system-out>
</testcase>
<testcase name="Visual Regression - Design Consistency › mobile-medium (393x852) › Onboarding - matches design baseline" classname="visual-regression/design-consistency.spec.ts" time="0.005">
<failure message="design-consistency.spec.ts:59:9 Onboarding - matches design baseline" type="FAILURE">
<![CDATA[  [pixel-5] › visual-regression/design-consistency.spec.ts:59:9 › Visual Regression - Design Consistency › mobile-medium (393x852) › Onboarding - matches design baseline 

    Error: browserType.launch: Executable doesn't exist at /home/codespace/.cache/ms-playwright/chromium_headless_shell-1194/chrome-linux/headless_shell
    ╔═════════════════════════════════════════════════════════════════════════╗
    ║ Looks like Playwright Test or Playwright was just installed or updated. ║
    ║ Please run the following command to download new browsers:              ║
    ║                                                                         ║
    ║     npx playwright install                                              ║
    ║                                                                         ║
    ║ <3 Playwright Team                                                      ║
    ╚═════════════════════════════════════════════════════════════════════════╝

    attachment #1: trace (application/zip) ─────────────────────────────────────────────────────────
    ../../test-results/visual-regression-design-c-5f6de-g---matches-design-baseline-pixel-5/trace.zip
    Usage:

        npx playwright show-trace ../../test-results/visual-regression-design-c-5f6de-g---matches-design-baseline-pixel-5/trace.zip

    ────────────────────────────────────────────────────────────────────────────────────────────────
]]>
</failure>
<system-out>
<![CDATA[
[[ATTACHMENT|visual-regression-design-c-5f6de-g---matches-design-baseline-pixel-5/trace.zip]]
]]>
</system-out>
</testcase>
<testcase name="Visual Regression - Design Consistency › mobile-medium (393x852) › Create Password - matches design baseline" classname="visual-regression/design-consistency.spec.ts" time="0.004">
<failure message="design-consistency.spec.ts:59:9 Create Password - matches design baseline" type="FAILURE">
<![CDATA[  [pixel-5] › visual-regression/design-consistency.spec.ts:59:9 › Visual Regression - Design Consistency › mobile-medium (393x852) › Create Password - matches design baseline 

    Error: browserType.launch: Executable doesn't exist at /home/codespace/.cache/ms-playwright/chromium_headless_shell-1194/chrome-linux/headless_shell
    ╔═════════════════════════════════════════════════════════════════════════╗
    ║ Looks like Playwright Test or Playwright was just installed or updated. ║
    ║ Please run the following command to download new browsers:              ║
    ║                                                                         ║
    ║     npx playwright install                                              ║
    ║                                                                         ║
    ║ <3 Playwright Team                                                      ║
    ╚═════════════════════════════════════════════════════════════════════════╝

    attachment #1: trace (application/zip) ─────────────────────────────────────────────────────────
    ../../test-results/visual-regression-design-c-e7d2d-d---matches-design-baseline-pixel-5/trace.zip
    Usage:

        npx playwright show-trace ../../test-results/visual-regression-design-c-e7d2d-d---matches-design-baseline-pixel-5/trace.zip

    ────────────────────────────────────────────────────────────────────────────────────────────────
]]>
</failure>
<system-out>
<![CDATA[
[[ATTACHMENT|visual-regression-design-c-e7d2d-d---matches-design-baseline-pixel-5/trace.zip]]
]]>
</system-out>
</testcase>
<testcase name="Visual Regression - Design Consistency › mobile-medium (393x852) › Setup Biometrics - matches design baseline" classname="visual-regression/design-consistency.spec.ts" time="0.004">
<failure message="design-consistency.spec.ts:59:9 Setup Biometrics - matches design baseline" type="FAILURE">
<![CDATA[  [pixel-5] › visual-regression/design-consistency.spec.ts:59:9 › Visual Regression - Design Consistency › mobile-medium (393x852) › Setup Biometrics - matches design baseline 

    Error: browserType.launch: Executable doesn't exist at /home/codespace/.cache/ms-playwright/chromium_headless_shell-1194/chrome-linux/headless_shell
    ╔═════════════════════════════════════════════════════════════════════════╗
    ║ Looks like Playwright Test or Playwright was just installed or updated. ║
    ║ Please run the following command to download new browsers:              ║
    ║                                                                         ║
    ║     npx playwright install                                              ║
    ║                                                                         ║
    ║ <3 Playwright Team                                                      ║
    ╚═════════════════════════════════════════════════════════════════════════╝

    attachment #1: trace (application/zip) ─────────────────────────────────────────────────────────
    ../../test-results/visual-regression-design-c-d4b30-s---matches-design-baseline-pixel-5/trace.zip
    Usage:

        npx playwright show-trace ../../test-results/visual-regression-design-c-d4b30-s---matches-design-baseline-pixel-5/trace.zip

    ────────────────────────────────────────────────────────────────────────────────────────────────
]]>
</failure>
<system-out>
<![CDATA[
[[ATTACHMENT|visual-regression-design-c-d4b30-s---matches-design-baseline-pixel-5/trace.zip]]
]]>
</system-out>
</testcase>
<testcase name="Visual Regression - Design Consistency › mobile-medium (393x852) › Generate Seed Phrase - matches design baseline" classname="visual-regression/design-consistency.spec.ts" time="0.005">
<failure message="design-consistency.spec.ts:59:9 Generate Seed Phrase - matches design baseline" type="FAILURE">
<![CDATA[  [pixel-5] › visual-regression/design-consistency.spec.ts:59:9 › Visual Regression - Design Consistency › mobile-medium (393x852) › Generate Seed Phrase - matches design baseline 

    Error: browserType.launch: Executable doesn't exist at /home/codespace/.cache/ms-playwright/chromium_headless_shell-1194/chrome-linux/headless_shell
    ╔═════════════════════════════════════════════════════════════════════════╗
    ║ Looks like Playwright Test or Playwright was just installed or updated. ║
    ║ Please run the following command to download new browsers:              ║
    ║                                                                         ║
    ║     npx playwright install                                              ║
    ║                                                                         ║
    ║ <3 Playwright Team                                                      ║
    ╚═════════════════════════════════════════════════════════════════════════╝

    attachment #1: trace (application/zip) ─────────────────────────────────────────────────────────
    ../../test-results/visual-regression-design-c-7f4d1-e---matches-design-baseline-pixel-5/trace.zip
    Usage:

        npx playwright show-trace ../../test-results/visual-regression-design-c-7f4d1-e---matches-design-baseline-pixel-5/trace.zip

    ────────────────────────────────────────────────────────────────────────────────────────────────
]]>
</failure>
<system-out>
<![CDATA[
[[ATTACHMENT|visual-regression-design-c-7f4d1-e---matches-design-baseline-pixel-5/trace.zip]]
]]>
</system-out>
</testcase>
<testcase name="Visual Regression - Design Consistency › mobile-medium (393x852) › Verify Seed Phrase - matches design baseline" classname="visual-regression/design-consistency.spec.ts" time="0.005">
<failure message="design-consistency.spec.ts:59:9 Verify Seed Phrase - matches design baseline" type="FAILURE">
<![CDATA[  [pixel-5] › visual-regression/design-consistency.spec.ts:59:9 › Visual Regression - Design Consistency › mobile-medium (393x852) › Verify Seed Phrase - matches design baseline 

    Error: browserType.launch: Executable doesn't exist at /home/codespace/.cache/ms-playwright/chromium_headless_shell-1194/chrome-linux/headless_shell
    ╔═════════════════════════════════════════════════════════════════════════╗
    ║ Looks like Playwright Test or Playwright was just installed or updated. ║
    ║ Please run the following command to download new browsers:              ║
    ║                                                                         ║
    ║     npx playwright install                                              ║
    ║                                                                         ║
    ║ <3 Playwright Team                                                      ║
    ╚═════════════════════════════════════════════════════════════════════════╝

    attachment #1: trace (application/zip) ─────────────────────────────────────────────────────────
    ../../test-results/visual-regression-design-c-82e95-e---matches-design-baseline-pixel-5/trace.zip
    Usage:

        npx playwright show-trace ../../test-results/visual-regression-design-c-82e95-e---matches-design-baseline-pixel-5/trace.zip

    ────────────────────────────────────────────────────────────────────────────────────────────────
]]>
</failure>
<system-out>
<![CDATA[
[[ATTACHMENT|visual-regression-design-c-82e95-e---matches-design-baseline-pixel-5/trace.zip]]
]]>
</system-out>
</testcase>
<testcase name="Visual Regression - Design Consistency › mobile-medium (393x852) › Set Passcode - matches design baseline" classname="visual-regression/design-consistency.spec.ts" time="0.004">
<failure message="design-consistency.spec.ts:59:9 Set Passcode - matches design baseline" type="FAILURE">
<![CDATA[  [pixel-5] › visual-regression/design-consistency.spec.ts:59:9 › Visual Regression - Design Consistency › mobile-medium (393x852) › Set Passcode - matches design baseline 

    Error: browserType.launch: Executable doesn't exist at /home/codespace/.cache/ms-playwright/chromium_headless_shell-1194/chrome-linux/headless_shell
    ╔═════════════════════════════════════════════════════════════════════════╗
    ║ Looks like Playwright Test or Playwright was just installed or updated. ║
    ║ Please run the following command to download new browsers:              ║
    ║                                                                         ║
    ║     npx playwright install                                              ║
    ║                                                                         ║
    ║ <3 Playwright Team                                                      ║
    ╚═════════════════════════════════════════════════════════════════════════╝

    attachment #1: trace (application/zip) ─────────────────────────────────────────────────────────
    ../../test-results/visual-regression-design-c-2d4c3-e---matches-design-baseline-pixel-5/trace.zip
    Usage:

        npx playwright show-trace ../../test-results/visual-regression-design-c-2d4c3-e---matches-design-baseline-pixel-5/trace.zip

    ────────────────────────────────────────────────────────────────────────────────────────────────
]]>
</failure>
<system-out>
<![CDATA[
[[ATTACHMENT|visual-regression-design-c-2d4c3-e---matches-design-baseline-pixel-5/trace.zip]]
]]>
</system-out>
</testcase>
<testcase name="Visual Regression - Design Consistency › mobile-medium (393x852) › Lock Page - matches design baseline" classname="visual-regression/design-consistency.spec.ts" time="0.004">
<failure message="design-consistency.spec.ts:59:9 Lock Page - matches design baseline" type="FAILURE">
<![CDATA[  [pixel-5] › visual-regression/design-consistency.spec.ts:59:9 › Visual Regression - Design Consistency › mobile-medium (393x852) › Lock Page - matches design baseline 

    Error: browserType.launch: Executable doesn't exist at /home/codespace/.cache/ms-playwright/chromium_headless_shell-1194/chrome-linux/headless_shell
    ╔═════════════════════════════════════════════════════════════════════════╗
    ║ Looks like Playwright Test or Playwright was just installed or updated. ║
    ║ Please run the following command to download new browsers:              ║
    ║                                                                         ║
    ║     npx playwright install                                              ║
    ║                                                                         ║
    ║ <3 Playwright Team                                                      ║
    ╚═════════════════════════════════════════════════════════════════════════╝

    attachment #1: trace (application/zip) ─────────────────────────────────────────────────────────
    ../../test-results/visual-regression-design-c-5d0d4-e---matches-design-baseline-pixel-5/trace.zip
    Usage:

        npx playwright show-trace ../../test-results/visual-regression-design-c-5d0d4-e---matches-design-baseline-pixel-5/trace.zip

    ────────────────────────────────────────────────────────────────────────────────────────────────
]]>
</failure>
<system-out>
<![CDATA[
[[ATTACHMENT|visual-regression-design-c-5d0d4-e---matches-design-baseline-pixel-5/trace.zip]]
]]>
</system-out>
</testcase>
<testcase name="Visual Regression - Design Consistency › mobile-medium (393x852) › Credentials - matches design baseline" classname="visual-regression/design-consistency.spec.ts" time="0.004">
<failure message="design-consistency.spec.ts:59:9 Credentials - matches design baseline" type="FAILURE">
<![CDATA[  [pixel-5] › visual-regression/design-consistency.spec.ts:59:9 › Visual Regression - Design Consistency › mobile-medium (393x852) › Credentials - matches design baseline 

    Error: browserType.launch: Executable doesn't exist at /home/codespace/.cache/ms-playwright/chromium_headless_shell-1194/chrome-linux/headless_shell
    ╔═════════════════════════════════════════════════════════════════════════╗
    ║ Looks like Playwright Test or Playwright was just installed or updated. ║
    ║ Please run the following command to download new browsers:              ║
    ║                                                                         ║
    ║     npx playwright install                                              ║
    ║                                                                         ║
    ║ <3 Playwright Team                                                      ║
    ╚═════════════════════════════════════════════════════════════════════════╝

    attachment #1: trace (application/zip) ─────────────────────────────────────────────────────────
    ../../test-results/visual-regression-design-c-a585d-s---matches-design-baseline-pixel-5/trace.zip
    Usage:

        npx playwright show-trace ../../test-results/visual-regression-design-c-a585d-s---matches-design-baseline-pixel-5/trace.zip

    ────────────────────────────────────────────────────────────────────────────────────────────────
]]>
</failure>
<system-out>
<![CDATA[
[[ATTACHMENT|visual-regression-design-c-a585d-s---matches-design-baseline-pixel-5/trace.zip]]
]]>
</system-out>
</testcase>
<testcase name="Visual Regression - Design Consistency › mobile-medium (393x852) › Identifiers - matches design baseline" classname="visual-regression/design-consistency.spec.ts" time="0.004">
<failure message="design-consistency.spec.ts:59:9 Identifiers - matches design baseline" type="FAILURE">
<![CDATA[  [pixel-5] › visual-regression/design-consistency.spec.ts:59:9 › Visual Regression - Design Consistency › mobile-medium (393x852) › Identifiers - matches design baseline 

    Error: browserType.launch: Executable doesn't exist at /home/codespace/.cache/ms-playwright/chromium_headless_shell-1194/chrome-linux/headless_shell
    ╔═════════════════════════════════════════════════════════════════════════╗
    ║ Looks like Playwright Test or Playwright was just installed or updated. ║
    ║ Please run the following command to download new browsers:              ║
    ║                                                                         ║
    ║     npx playwright install                                              ║
    ║                                                                         ║
    ║ <3 Playwright Team                                                      ║
    ╚═════════════════════════════════════════════════════════════════════════╝

    attachment #1: trace (application/zip) ─────────────────────────────────────────────────────────
    ../../test-results/visual-regression-design-c-16296-s---matches-design-baseline-pixel-5/trace.zip
    Usage:

        npx playwright show-trace ../../test-results/visual-regression-design-c-16296-s---matches-design-baseline-pixel-5/trace.zip

    ────────────────────────────────────────────────────────────────────────────────────────────────
]]>
</failure>
<system-out>
<![CDATA[
[[ATTACHMENT|visual-regression-design-c-16296-s---matches-design-baseline-pixel-5/trace.zip]]
]]>
</system-out>
</testcase>
<testcase name="Visual Regression - Design Consistency › mobile-medium (393x852) › Connections - matches design baseline" classname="visual-regression/design-consistency.spec.ts" time="0.004">
<failure message="design-consistency.spec.ts:59:9 Connections - matches design baseline" type="FAILURE">
<![CDATA[  [pixel-5] › visual-regression/design-consistency.spec.ts:59:9 › Visual Regression - Design Consistency › mobile-medium (393x852) › Connections - matches design baseline 

    Error: browserType.launch: Executable doesn't exist at /home/codespace/.cache/ms-playwright/chromium_headless_shell-1194/chrome-linux/headless_shell
    ╔═════════════════════════════════════════════════════════════════════════╗
    ║ Looks like Playwright Test or Playwright was just installed or updated. ║
    ║ Please run the following command to download new browsers:              ║
    ║                                                                         ║
    ║     npx playwright install                                              ║
    ║                                                                         ║
    ║ <3 Playwright Team                                                      ║
    ╚═════════════════════════════════════════════════════════════════════════╝

    attachment #1: trace (application/zip) ─────────────────────────────────────────────────────────
    ../../test-results/visual-regression-design-c-70215-s---matches-design-baseline-pixel-5/trace.zip
    Usage:

        npx playwright show-trace ../../test-results/visual-regression-design-c-70215-s---matches-design-baseline-pixel-5/trace.zip

    ────────────────────────────────────────────────────────────────────────────────────────────────
]]>
</failure>
<system-out>
<![CDATA[
[[ATTACHMENT|visual-regression-design-c-70215-s---matches-design-baseline-pixel-5/trace.zip]]
]]>
</system-out>
</testcase>
<testcase name="Visual Regression - Design Consistency › mobile-medium (393x852) › Notifications - matches design baseline" classname="visual-regression/design-consistency.spec.ts" time="0.004">
<failure message="design-consistency.spec.ts:59:9 Notifications - matches design baseline" type="FAILURE">
<![CDATA[  [pixel-5] › visual-regression/design-consistency.spec.ts:59:9 › Visual Regression - Design Consistency › mobile-medium (393x852) › Notifications - matches design baseline 

    Error: browserType.launch: Executable doesn't exist at /home/codespace/.cache/ms-playwright/chromium_headless_shell-1194/chrome-linux/headless_shell
    ╔═════════════════════════════════════════════════════════════════════════╗
    ║ Looks like Playwright Test or Playwright was just installed or updated. ║
    ║ Please run the following command to download new browsers:              ║
    ║                                                                         ║
    ║     npx playwright install                                              ║
    ║                                                                         ║
    ║ <3 Playwright Team                                                      ║
    ╚═════════════════════════════════════════════════════════════════════════╝

    attachment #1: trace (application/zip) ─────────────────────────────────────────────────────────
    ../../test-results/visual-regression-design-c-e3487-s---matches-design-baseline-pixel-5/trace.zip
    Usage:

        npx playwright show-trace ../../test-results/visual-regression-design-c-e3487-s---matches-design-baseline-pixel-5/trace.zip

    ────────────────────────────────────────────────────────────────────────────────────────────────
]]>
</failure>
<system-out>
<![CDATA[
[[ATTACHMENT|visual-regression-design-c-e3487-s---matches-design-baseline-pixel-5/trace.zip]]
]]>
</system-out>
</testcase>
<testcase name="Visual Regression - Design Consistency › mobile-medium (393x852) › Menu - matches design baseline" classname="visual-regression/design-consistency.spec.ts" time="0.005">
<failure message="design-consistency.spec.ts:59:9 Menu - matches design baseline" type="FAILURE">
<![CDATA[  [pixel-5] › visual-regression/design-consistency.spec.ts:59:9 › Visual Regression - Design Consistency › mobile-medium (393x852) › Menu - matches design baseline 

    Error: browserType.launch: Executable doesn't exist at /home/codespace/.cache/ms-playwright/chromium_headless_shell-1194/chrome-linux/headless_shell
    ╔═════════════════════════════════════════════════════════════════════════╗
    ║ Looks like Playwright Test or Playwright was just installed or updated. ║
    ║ Please run the following command to download new browsers:              ║
    ║                                                                         ║
    ║     npx playwright install                                              ║
    ║                                                                         ║
    ║ <3 Playwright Team                                                      ║
    ╚═════════════════════════════════════════════════════════════════════════╝

    attachment #1: trace (application/zip) ─────────────────────────────────────────────────────────
    ../../test-results/visual-regression-design-c-d6e62-u---matches-design-baseline-pixel-5/trace.zip
    Usage:

        npx playwright show-trace ../../test-results/visual-regression-design-c-d6e62-u---matches-design-baseline-pixel-5/trace.zip

    ────────────────────────────────────────────────────────────────────────────────────────────────
]]>
</failure>
<system-out>
<![CDATA[
[[ATTACHMENT|visual-regression-design-c-d6e62-u---matches-design-baseline-pixel-5/trace.zip]]
]]>
</system-out>
</testcase>
<testcase name="Visual Regression - Design Consistency › mobile-medium (393x852) › Scan - matches design baseline" classname="visual-regression/design-consistency.spec.ts" time="0.004">
<failure message="design-consistency.spec.ts:59:9 Scan - matches design baseline" type="FAILURE">
<![CDATA[  [pixel-5] › visual-regression/design-consistency.spec.ts:59:9 › Visual Regression - Design Consistency › mobile-medium (393x852) › Scan - matches design baseline 

    Error: browserType.launch: Executable doesn't exist at /home/codespace/.cache/ms-playwright/chromium_headless_shell-1194/chrome-linux/headless_shell
    ╔═════════════════════════════════════════════════════════════════════════╗
    ║ Looks like Playwright Test or Playwright was just installed or updated. ║
    ║ Please run the following command to download new browsers:              ║
    ║                                                                         ║
    ║     npx playwright install                                              ║
    ║                                                                         ║
    ║ <3 Playwright Team                                                      ║
    ╚═════════════════════════════════════════════════════════════════════════╝

    attachment #1: trace (application/zip) ─────────────────────────────────────────────────────────
    ../../test-results/visual-regression-design-c-dbac6-n---matches-design-baseline-pixel-5/trace.zip
    Usage:

        npx playwright show-trace ../../test-results/visual-regression-design-c-dbac6-n---matches-design-baseline-pixel-5/trace.zip

    ────────────────────────────────────────────────────────────────────────────────────────────────
]]>
</failure>
<system-out>
<![CDATA[
[[ATTACHMENT|visual-regression-design-c-dbac6-n---matches-design-baseline-pixel-5/trace.zip]]
]]>
</system-out>
</testcase>
<testcase name="Visual Regression - Design Consistency › tablet (768x1024) › Biometric Enrollment - matches design baseline" classname="visual-regression/design-consistency.spec.ts" time="0.004">
<failure message="design-consistency.spec.ts:59:9 Biometric Enrollment - matches design baseline" type="FAILURE">
<![CDATA[  [pixel-5] › visual-regression/design-consistency.spec.ts:59:9 › Visual Regression - Design Consistency › tablet (768x1024) › Biometric Enrollment - matches design baseline 

    Error: browserType.launch: Executable doesn't exist at /home/codespace/.cache/ms-playwright/chromium_headless_shell-1194/chrome-linux/headless_shell
    ╔═════════════════════════════════════════════════════════════════════════╗
    ║ Looks like Playwright Test or Playwright was just installed or updated. ║
    ║ Please run the following command to download new browsers:              ║
    ║                                                                         ║
    ║     npx playwright install                                              ║
    ║                                                                         ║
    ║ <3 Playwright Team                                                      ║
    ╚═════════════════════════════════════════════════════════════════════════╝

    attachment #1: trace (application/zip) ─────────────────────────────────────────────────────────
    ../../test-results/visual-regression-design-c-8cc3f-t---matches-design-baseline-pixel-5/trace.zip
    Usage:

        npx playwright show-trace ../../test-results/visual-regression-design-c-8cc3f-t---matches-design-baseline-pixel-5/trace.zip

    ────────────────────────────────────────────────────────────────────────────────────────────────
]]>
</failure>
<system-out>
<![CDATA[
[[ATTACHMENT|visual-regression-design-c-8cc3f-t---matches-design-baseline-pixel-5/trace.zip]]
]]>
</system-out>
</testcase>
<testcase name="Visual Regression - Design Consistency › tablet (768x1024) › Onboarding - matches design baseline" classname="visual-regression/design-consistency.spec.ts" time="0.004">
<failure message="design-consistency.spec.ts:59:9 Onboarding - matches design baseline" type="FAILURE">
<![CDATA[  [pixel-5] › visual-regression/design-consistency.spec.ts:59:9 › Visual Regression - Design Consistency › tablet (768x1024) › Onboarding - matches design baseline 

    Error: browserType.launch: Executable doesn't exist at /home/codespace/.cache/ms-playwright/chromium_headless_shell-1194/chrome-linux/headless_shell
    ╔═════════════════════════════════════════════════════════════════════════╗
    ║ Looks like Playwright Test or Playwright was just installed or updated. ║
    ║ Please run the following command to download new browsers:              ║
    ║                                                                         ║
    ║     npx playwright install                                              ║
    ║                                                                         ║
    ║ <3 Playwright Team                                                      ║
    ╚═════════════════════════════════════════════════════════════════════════╝

    attachment #1: trace (application/zip) ─────────────────────────────────────────────────────────
    ../../test-results/visual-regression-design-c-e9f23-g---matches-design-baseline-pixel-5/trace.zip
    Usage:

        npx playwright show-trace ../../test-results/visual-regression-design-c-e9f23-g---matches-design-baseline-pixel-5/trace.zip

    ────────────────────────────────────────────────────────────────────────────────────────────────
]]>
</failure>
<system-out>
<![CDATA[
[[ATTACHMENT|visual-regression-design-c-e9f23-g---matches-design-baseline-pixel-5/trace.zip]]
]]>
</system-out>
</testcase>
<testcase name="Visual Regression - Design Consistency › tablet (768x1024) › Create Password - matches design baseline" classname="visual-regression/design-consistency.spec.ts" time="0.004">
<failure message="design-consistency.spec.ts:59:9 Create Password - matches design baseline" type="FAILURE">
<![CDATA[  [pixel-5] › visual-regression/design-consistency.spec.ts:59:9 › Visual Regression - Design Consistency › tablet (768x1024) › Create Password - matches design baseline 

    Error: browserType.launch: Executable doesn't exist at /home/codespace/.cache/ms-playwright/chromium_headless_shell-1194/chrome-linux/headless_shell
    ╔═════════════════════════════════════════════════════════════════════════╗
    ║ Looks like Playwright Test or Playwright was just installed or updated. ║
    ║ Please run the following command to download new browsers:              ║
    ║                                                                         ║
    ║     npx playwright install                                              ║
    ║                                                                         ║
    ║ <3 Playwright Team                                                      ║
    ╚═════════════════════════════════════════════════════════════════════════╝

    attachment #1: trace (application/zip) ─────────────────────────────────────────────────────────
    ../../test-results/visual-regression-design-c-fdbce-d---matches-design-baseline-pixel-5/trace.zip
    Usage:

        npx playwright show-trace ../../test-results/visual-regression-design-c-fdbce-d---matches-design-baseline-pixel-5/trace.zip

    ────────────────────────────────────────────────────────────────────────────────────────────────
]]>
</failure>
<system-out>
<![CDATA[
[[ATTACHMENT|visual-regression-design-c-fdbce-d---matches-design-baseline-pixel-5/trace.zip]]
]]>
</system-out>
</testcase>
<testcase name="Visual Regression - Design Consistency › tablet (768x1024) › Setup Biometrics - matches design baseline" classname="visual-regression/design-consistency.spec.ts" time="0.004">
<failure message="design-consistency.spec.ts:59:9 Setup Biometrics - matches design baseline" type="FAILURE">
<![CDATA[  [pixel-5] › visual-regression/design-consistency.spec.ts:59:9 › Visual Regression - Design Consistency › tablet (768x1024) › Setup Biometrics - matches design baseline 

    Error: browserType.launch: Executable doesn't exist at /home/codespace/.cache/ms-playwright/chromium_headless_shell-1194/chrome-linux/headless_shell
    ╔═════════════════════════════════════════════════════════════════════════╗
    ║ Looks like Playwright Test or Playwright was just installed or updated. ║
    ║ Please run the following command to download new browsers:              ║
    ║                                                                         ║
    ║     npx playwright install                                              ║
    ║                                                                         ║
    ║ <3 Playwright Team                                                      ║
    ╚═════════════════════════════════════════════════════════════════════════╝

    attachment #1: trace (application/zip) ─────────────────────────────────────────────────────────
    ../../test-results/visual-regression-design-c-a013c-s---matches-design-baseline-pixel-5/trace.zip
    Usage:

        npx playwright show-trace ../../test-results/visual-regression-design-c-a013c-s---matches-design-baseline-pixel-5/trace.zip

    ────────────────────────────────────────────────────────────────────────────────────────────────
]]>
</failure>
<system-out>
<![CDATA[
[[ATTACHMENT|visual-regression-design-c-a013c-s---matches-design-baseline-pixel-5/trace.zip]]
]]>
</system-out>
</testcase>
<testcase name="Visual Regression - Design Consistency › tablet (768x1024) › Generate Seed Phrase - matches design baseline" classname="visual-regression/design-consistency.spec.ts" time="0.005">
<failure message="design-consistency.spec.ts:59:9 Generate Seed Phrase - matches design baseline" type="FAILURE">
<![CDATA[  [pixel-5] › visual-regression/design-consistency.spec.ts:59:9 › Visual Regression - Design Consistency › tablet (768x1024) › Generate Seed Phrase - matches design baseline 

    Error: browserType.launch: Executable doesn't exist at /home/codespace/.cache/ms-playwright/chromium_headless_shell-1194/chrome-linux/headless_shell
    ╔═════════════════════════════════════════════════════════════════════════╗
    ║ Looks like Playwright Test or Playwright was just installed or updated. ║
    ║ Please run the following command to download new browsers:              ║
    ║                                                                         ║
    ║     npx playwright install                                              ║
    ║                                                                         ║
    ║ <3 Playwright Team                                                      ║
    ╚═════════════════════════════════════════════════════════════════════════╝

    attachment #1: trace (application/zip) ─────────────────────────────────────────────────────────
    ../../test-results/visual-regression-design-c-42083-e---matches-design-baseline-pixel-5/trace.zip
    Usage:

        npx playwright show-trace ../../test-results/visual-regression-design-c-42083-e---matches-design-baseline-pixel-5/trace.zip

    ────────────────────────────────────────────────────────────────────────────────────────────────
]]>
</failure>
<system-out>
<![CDATA[
[[ATTACHMENT|visual-regression-design-c-42083-e---matches-design-baseline-pixel-5/trace.zip]]
]]>
</system-out>
</testcase>
<testcase name="Visual Regression - Design Consistency › tablet (768x1024) › Verify Seed Phrase - matches design baseline" classname="visual-regression/design-consistency.spec.ts" time="0.005">
<failure message="design-consistency.spec.ts:59:9 Verify Seed Phrase - matches design baseline" type="FAILURE">
<![CDATA[  [pixel-5] › visual-regression/design-consistency.spec.ts:59:9 › Visual Regression - Design Consistency › tablet (768x1024) › Verify Seed Phrase - matches design baseline 

    Error: browserType.launch: Executable doesn't exist at /home/codespace/.cache/ms-playwright/chromium_headless_shell-1194/chrome-linux/headless_shell
    ╔═════════════════════════════════════════════════════════════════════════╗
    ║ Looks like Playwright Test or Playwright was just installed or updated. ║
    ║ Please run the following command to download new browsers:              ║
    ║                                                                         ║
    ║     npx playwright install                                              ║
    ║                                                                         ║
    ║ <3 Playwright Team                                                      ║
    ╚═════════════════════════════════════════════════════════════════════════╝

    attachment #1: trace (application/zip) ─────────────────────────────────────────────────────────
    ../../test-results/visual-regression-design-c-adacf-e---matches-design-baseline-pixel-5/trace.zip
    Usage:

        npx playwright show-trace ../../test-results/visual-regression-design-c-adacf-e---matches-design-baseline-pixel-5/trace.zip

    ────────────────────────────────────────────────────────────────────────────────────────────────
]]>
</failure>
<system-out>
<![CDATA[
[[ATTACHMENT|visual-regression-design-c-adacf-e---matches-design-baseline-pixel-5/trace.zip]]
]]>
</system-out>
</testcase>
<testcase name="Visual Regression - Design Consistency › tablet (768x1024) › Set Passcode - matches design baseline" classname="visual-regression/design-consistency.spec.ts" time="0.004">
<failure message="design-consistency.spec.ts:59:9 Set Passcode - matches design baseline" type="FAILURE">
<![CDATA[  [pixel-5] › visual-regression/design-consistency.spec.ts:59:9 › Visual Regression - Design Consistency › tablet (768x1024) › Set Passcode - matches design baseline 

    Error: browserType.launch: Executable doesn't exist at /home/codespace/.cache/ms-playwright/chromium_headless_shell-1194/chrome-linux/headless_shell
    ╔═════════════════════════════════════════════════════════════════════════╗
    ║ Looks like Playwright Test or Playwright was just installed or updated. ║
    ║ Please run the following command to download new browsers:              ║
    ║                                                                         ║
    ║     npx playwright install                                              ║
    ║                                                                         ║
    ║ <3 Playwright Team                                                      ║
    ╚═════════════════════════════════════════════════════════════════════════╝

    attachment #1: trace (application/zip) ─────────────────────────────────────────────────────────
    ../../test-results/visual-regression-design-c-8ca48-e---matches-design-baseline-pixel-5/trace.zip
    Usage:

        npx playwright show-trace ../../test-results/visual-regression-design-c-8ca48-e---matches-design-baseline-pixel-5/trace.zip

    ────────────────────────────────────────────────────────────────────────────────────────────────
]]>
</failure>
<system-out>
<![CDATA[
[[ATTACHMENT|visual-regression-design-c-8ca48-e---matches-design-baseline-pixel-5/trace.zip]]
]]>
</system-out>
</testcase>
<testcase name="Visual Regression - Design Consistency › tablet (768x1024) › Lock Page - matches design baseline" classname="visual-regression/design-consistency.spec.ts" time="0.004">
<failure message="design-consistency.spec.ts:59:9 Lock Page - matches design baseline" type="FAILURE">
<![CDATA[  [pixel-5] › visual-regression/design-consistency.spec.ts:59:9 › Visual Regression - Design Consistency › tablet (768x1024) › Lock Page - matches design baseline 

    Error: browserType.launch: Executable doesn't exist at /home/codespace/.cache/ms-playwright/chromium_headless_shell-1194/chrome-linux/headless_shell
    ╔═════════════════════════════════════════════════════════════════════════╗
    ║ Looks like Playwright Test or Playwright was just installed or updated. ║
    ║ Please run the following command to download new browsers:              ║
    ║                                                                         ║
    ║     npx playwright install                                              ║
    ║                                                                         ║
    ║ <3 Playwright Team                                                      ║
    ╚═════════════════════════════════════════════════════════════════════════╝

    attachment #1: trace (application/zip) ─────────────────────────────────────────────────────────
    ../../test-results/visual-regression-design-c-4fc61-e---matches-design-baseline-pixel-5/trace.zip
    Usage:

        npx playwright show-trace ../../test-results/visual-regression-design-c-4fc61-e---matches-design-baseline-pixel-5/trace.zip

    ────────────────────────────────────────────────────────────────────────────────────────────────
]]>
</failure>
<system-out>
<![CDATA[
[[ATTACHMENT|visual-regression-design-c-4fc61-e---matches-design-baseline-pixel-5/trace.zip]]
]]>
</system-out>
</testcase>
<testcase name="Visual Regression - Design Consistency › tablet (768x1024) › Credentials - matches design baseline" classname="visual-regression/design-consistency.spec.ts" time="0.004">
<failure message="design-consistency.spec.ts:59:9 Credentials - matches design baseline" type="FAILURE">
<![CDATA[  [pixel-5] › visual-regression/design-consistency.spec.ts:59:9 › Visual Regression - Design Consistency › tablet (768x1024) › Credentials - matches design baseline 

    Error: browserType.launch: Executable doesn't exist at /home/codespace/.cache/ms-playwright/chromium_headless_shell-1194/chrome-linux/headless_shell
    ╔═════════════════════════════════════════════════════════════════════════╗
    ║ Looks like Playwright Test or Playwright was just installed or updated. ║
    ║ Please run the following command to download new browsers:              ║
    ║                                                                         ║
    ║     npx playwright install                                              ║
    ║                                                                         ║
    ║ <3 Playwright Team                                                      ║
    ╚═════════════════════════════════════════════════════════════════════════╝

    attachment #1: trace (application/zip) ─────────────────────────────────────────────────────────
    ../../test-results/visual-regression-design-c-0816e-s---matches-design-baseline-pixel-5/trace.zip
    Usage:

        npx playwright show-trace ../../test-results/visual-regression-design-c-0816e-s---matches-design-baseline-pixel-5/trace.zip

    ────────────────────────────────────────────────────────────────────────────────────────────────
]]>
</failure>
<system-out>
<![CDATA[
[[ATTACHMENT|visual-regression-design-c-0816e-s---matches-design-baseline-pixel-5/trace.zip]]
]]>
</system-out>
</testcase>
<testcase name="Visual Regression - Design Consistency › tablet (768x1024) › Identifiers - matches design baseline" classname="visual-regression/design-consistency.spec.ts" time="0.005">
<failure message="design-consistency.spec.ts:59:9 Identifiers - matches design baseline" type="FAILURE">
<![CDATA[  [pixel-5] › visual-regression/design-consistency.spec.ts:59:9 › Visual Regression - Design Consistency › tablet (768x1024) › Identifiers - matches design baseline 

    Error: browserType.launch: Executable doesn't exist at /home/codespace/.cache/ms-playwright/chromium_headless_shell-1194/chrome-linux/headless_shell
    ╔═════════════════════════════════════════════════════════════════════════╗
    ║ Looks like Playwright Test or Playwright was just installed or updated. ║
    ║ Please run the following command to download new browsers:              ║
    ║                                                                         ║
    ║     npx playwright install                                              ║
    ║                                                                         ║
    ║ <3 Playwright Team                                                      ║
    ╚═════════════════════════════════════════════════════════════════════════╝

    attachment #1: trace (application/zip) ─────────────────────────────────────────────────────────
    ../../test-results/visual-regression-design-c-e8dea-s---matches-design-baseline-pixel-5/trace.zip
    Usage:

        npx playwright show-trace ../../test-results/visual-regression-design-c-e8dea-s---matches-design-baseline-pixel-5/trace.zip

    ────────────────────────────────────────────────────────────────────────────────────────────────
]]>
</failure>
<system-out>
<![CDATA[
[[ATTACHMENT|visual-regression-design-c-e8dea-s---matches-design-baseline-pixel-5/trace.zip]]
]]>
</system-out>
</testcase>
<testcase name="Visual Regression - Design Consistency › tablet (768x1024) › Connections - matches design baseline" classname="visual-regression/design-consistency.spec.ts" time="0.004">
<failure message="design-consistency.spec.ts:59:9 Connections - matches design baseline" type="FAILURE">
<![CDATA[  [pixel-5] › visual-regression/design-consistency.spec.ts:59:9 › Visual Regression - Design Consistency › tablet (768x1024) › Connections - matches design baseline 

    Error: browserType.launch: Executable doesn't exist at /home/codespace/.cache/ms-playwright/chromium_headless_shell-1194/chrome-linux/headless_shell
    ╔═════════════════════════════════════════════════════════════════════════╗
    ║ Looks like Playwright Test or Playwright was just installed or updated. ║
    ║ Please run the following command to download new browsers:              ║
    ║                                                                         ║
    ║     npx playwright install                                              ║
    ║                                                                         ║
    ║ <3 Playwright Team                                                      ║
    ╚═════════════════════════════════════════════════════════════════════════╝

    attachment #1: trace (application/zip) ─────────────────────────────────────────────────────────
    ../../test-results/visual-regression-design-c-f3dda-s---matches-design-baseline-pixel-5/trace.zip
    Usage:

        npx playwright show-trace ../../test-results/visual-regression-design-c-f3dda-s---matches-design-baseline-pixel-5/trace.zip

    ────────────────────────────────────────────────────────────────────────────────────────────────
]]>
</failure>
<system-out>
<![CDATA[
[[ATTACHMENT|visual-regression-design-c-f3dda-s---matches-design-baseline-pixel-5/trace.zip]]
]]>
</system-out>
</testcase>
<testcase name="Visual Regression - Design Consistency › tablet (768x1024) › Notifications - matches design baseline" classname="visual-regression/design-consistency.spec.ts" time="0.004">
<failure message="design-consistency.spec.ts:59:9 Notifications - matches design baseline" type="FAILURE">
<![CDATA[  [pixel-5] › visual-regression/design-consistency.spec.ts:59:9 › Visual Regression - Design Consistency › tablet (768x1024) › Notifications - matches design baseline 

    Error: browserType.launch: Executable doesn't exist at /home/codespace/.cache/ms-playwright/chromium_headless_shell-1194/chrome-linux/headless_shell
    ╔═════════════════════════════════════════════════════════════════════════╗
    ║ Looks like Playwright Test or Playwright was just installed or updated. ║
    ║ Please run the following command to download new browsers:              ║
    ║                                                                         ║
    ║     npx playwright install                                              ║
    ║                                                                         ║
    ║ <3 Playwright Team                                                      ║
    ╚═════════════════════════════════════════════════════════════════════════╝

    attachment #1: trace (application/zip) ─────────────────────────────────────────────────────────
    ../../test-results/visual-regression-design-c-06e6a-s---matches-design-baseline-pixel-5/trace.zip
    Usage:

        npx playwright show-trace ../../test-results/visual-regression-design-c-06e6a-s---matches-design-baseline-pixel-5/trace.zip

    ────────────────────────────────────────────────────────────────────────────────────────────────
]]>
</failure>
<system-out>
<![CDATA[
[[ATTACHMENT|visual-regression-design-c-06e6a-s---matches-design-baseline-pixel-5/trace.zip]]
]]>
</system-out>
</testcase>
<testcase name="Visual Regression - Design Consistency › tablet (768x1024) › Menu - matches design baseline" classname="visual-regression/design-consistency.spec.ts" time="0.004">
<failure message="design-consistency.spec.ts:59:9 Menu - matches design baseline" type="FAILURE">
<![CDATA[  [pixel-5] › visual-regression/design-consistency.spec.ts:59:9 › Visual Regression - Design Consistency › tablet (768x1024) › Menu - matches design baseline 

    Error: browserType.launch: Executable doesn't exist at /home/codespace/.cache/ms-playwright/chromium_headless_shell-1194/chrome-linux/headless_shell
    ╔═════════════════════════════════════════════════════════════════════════╗
    ║ Looks like Playwright Test or Playwright was just installed or updated. ║
    ║ Please run the following command to download new browsers:              ║
    ║                                                                         ║
    ║     npx playwright install                                              ║
    ║                                                                         ║
    ║ <3 Playwright Team                                                      ║
    ╚═════════════════════════════════════════════════════════════════════════╝

    attachment #1: trace (application/zip) ─────────────────────────────────────────────────────────
    ../../test-results/visual-regression-design-c-59348-u---matches-design-baseline-pixel-5/trace.zip
    Usage:

        npx playwright show-trace ../../test-results/visual-regression-design-c-59348-u---matches-design-baseline-pixel-5/trace.zip

    ────────────────────────────────────────────────────────────────────────────────────────────────
]]>
</failure>
<system-out>
<![CDATA[
[[ATTACHMENT|visual-regression-design-c-59348-u---matches-design-baseline-pixel-5/trace.zip]]
]]>
</system-out>
</testcase>
<testcase name="Visual Regression - Design Consistency › tablet (768x1024) › Scan - matches design baseline" classname="visual-regression/design-consistency.spec.ts" time="0.005">
<failure message="design-consistency.spec.ts:59:9 Scan - matches design baseline" type="FAILURE">
<![CDATA[  [pixel-5] › visual-regression/design-consistency.spec.ts:59:9 › Visual Regression - Design Consistency › tablet (768x1024) › Scan - matches design baseline 

    Error: browserType.launch: Executable doesn't exist at /home/codespace/.cache/ms-playwright/chromium_headless_shell-1194/chrome-linux/headless_shell
    ╔═════════════════════════════════════════════════════════════════════════╗
    ║ Looks like Playwright Test or Playwright was just installed or updated. ║
    ║ Please run the following command to download new browsers:              ║
    ║                                                                         ║
    ║     npx playwright install                                              ║
    ║                                                                         ║
    ║ <3 Playwright Team                                                      ║
    ╚═════════════════════════════════════════════════════════════════════════╝

    attachment #1: trace (application/zip) ─────────────────────────────────────────────────────────
    ../../test-results/visual-regression-design-c-93218-n---matches-design-baseline-pixel-5/trace.zip
    Usage:

        npx playwright show-trace ../../test-results/visual-regression-design-c-93218-n---matches-design-baseline-pixel-5/trace.zip

    ────────────────────────────────────────────────────────────────────────────────────────────────
]]>
</failure>
<system-out>
<![CDATA[
[[ATTACHMENT|visual-regression-design-c-93218-n---matches-design-baseline-pixel-5/trace.zip]]
]]>
</system-out>
</testcase>
<testcase name="Visual Regression - Design Consistency › desktop (1280x720) › Biometric Enrollment - matches design baseline" classname="visual-regression/design-consistency.spec.ts" time="0.005">
<failure message="design-consistency.spec.ts:59:9 Biometric Enrollment - matches design baseline" type="FAILURE">
<![CDATA[  [pixel-5] › visual-regression/design-consistency.spec.ts:59:9 › Visual Regression - Design Consistency › desktop (1280x720) › Biometric Enrollment - matches design baseline 

    Error: browserType.launch: Executable doesn't exist at /home/codespace/.cache/ms-playwright/chromium_headless_shell-1194/chrome-linux/headless_shell
    ╔═════════════════════════════════════════════════════════════════════════╗
    ║ Looks like Playwright Test or Playwright was just installed or updated. ║
    ║ Please run the following command to download new browsers:              ║
    ║                                                                         ║
    ║     npx playwright install                                              ║
    ║                                                                         ║
    ║ <3 Playwright Team                                                      ║
    ╚═════════════════════════════════════════════════════════════════════════╝

    attachment #1: trace (application/zip) ─────────────────────────────────────────────────────────
    ../../test-results/visual-regression-design-c-97d20-t---matches-design-baseline-pixel-5/trace.zip
    Usage:

        npx playwright show-trace ../../test-results/visual-regression-design-c-97d20-t---matches-design-baseline-pixel-5/trace.zip

    ────────────────────────────────────────────────────────────────────────────────────────────────
]]>
</failure>
<system-out>
<![CDATA[
[[ATTACHMENT|visual-regression-design-c-97d20-t---matches-design-baseline-pixel-5/trace.zip]]
]]>
</system-out>
</testcase>
<testcase name="Visual Regression - Design Consistency › desktop (1280x720) › Onboarding - matches design baseline" classname="visual-regression/design-consistency.spec.ts" time="0.004">
<failure message="design-consistency.spec.ts:59:9 Onboarding - matches design baseline" type="FAILURE">
<![CDATA[  [pixel-5] › visual-regression/design-consistency.spec.ts:59:9 › Visual Regression - Design Consistency › desktop (1280x720) › Onboarding - matches design baseline 

    Error: browserType.launch: Executable doesn't exist at /home/codespace/.cache/ms-playwright/chromium_headless_shell-1194/chrome-linux/headless_shell
    ╔═════════════════════════════════════════════════════════════════════════╗
    ║ Looks like Playwright Test or Playwright was just installed or updated. ║
    ║ Please run the following command to download new browsers:              ║
    ║                                                                         ║
    ║     npx playwright install                                              ║
    ║                                                                         ║
    ║ <3 Playwright Team                                                      ║
    ╚═════════════════════════════════════════════════════════════════════════╝

    attachment #1: trace (application/zip) ─────────────────────────────────────────────────────────
    ../../test-results/visual-regression-design-c-e90b5-g---matches-design-baseline-pixel-5/trace.zip
    Usage:

        npx playwright show-trace ../../test-results/visual-regression-design-c-e90b5-g---matches-design-baseline-pixel-5/trace.zip

    ────────────────────────────────────────────────────────────────────────────────────────────────
]]>
</failure>
<system-out>
<![CDATA[
[[ATTACHMENT|visual-regression-design-c-e90b5-g---matches-design-baseline-pixel-5/trace.zip]]
]]>
</system-out>
</testcase>
<testcase name="Visual Regression - Design Consistency › desktop (1280x720) › Create Password - matches design baseline" classname="visual-regression/design-consistency.spec.ts" time="0.004">
<failure message="design-consistency.spec.ts:59:9 Create Password - matches design baseline" type="FAILURE">
<![CDATA[  [pixel-5] › visual-regression/design-consistency.spec.ts:59:9 › Visual Regression - Design Consistency › desktop (1280x720) › Create Password - matches design baseline 

    Error: browserType.launch: Executable doesn't exist at /home/codespace/.cache/ms-playwright/chromium_headless_shell-1194/chrome-linux/headless_shell
    ╔═════════════════════════════════════════════════════════════════════════╗
    ║ Looks like Playwright Test or Playwright was just installed or updated. ║
    ║ Please run the following command to download new browsers:              ║
    ║                                                                         ║
    ║     npx playwright install                                              ║
    ║                                                                         ║
    ║ <3 Playwright Team                                                      ║
    ╚═════════════════════════════════════════════════════════════════════════╝

    attachment #1: trace (application/zip) ─────────────────────────────────────────────────────────
    ../../test-results/visual-regression-design-c-a895b-d---matches-design-baseline-pixel-5/trace.zip
    Usage:

        npx playwright show-trace ../../test-results/visual-regression-design-c-a895b-d---matches-design-baseline-pixel-5/trace.zip

    ────────────────────────────────────────────────────────────────────────────────────────────────
]]>
</failure>
<system-out>
<![CDATA[
[[ATTACHMENT|visual-regression-design-c-a895b-d---matches-design-baseline-pixel-5/trace.zip]]
]]>
</system-out>
</testcase>
<testcase name="Visual Regression - Design Consistency › desktop (1280x720) › Setup Biometrics - matches design baseline" classname="visual-regression/design-consistency.spec.ts" time="0.004">
<failure message="design-consistency.spec.ts:59:9 Setup Biometrics - matches design baseline" type="FAILURE">
<![CDATA[  [pixel-5] › visual-regression/design-consistency.spec.ts:59:9 › Visual Regression - Design Consistency › desktop (1280x720) › Setup Biometrics - matches design baseline 

    Error: browserType.launch: Executable doesn't exist at /home/codespace/.cache/ms-playwright/chromium_headless_shell-1194/chrome-linux/headless_shell
    ╔═════════════════════════════════════════════════════════════════════════╗
    ║ Looks like Playwright Test or Playwright was just installed or updated. ║
    ║ Please run the following command to download new browsers:              ║
    ║                                                                         ║
    ║     npx playwright install                                              ║
    ║                                                                         ║
    ║ <3 Playwright Team                                                      ║
    ╚═════════════════════════════════════════════════════════════════════════╝

    attachment #1: trace (application/zip) ─────────────────────────────────────────────────────────
    ../../test-results/visual-regression-design-c-ba6ed-s---matches-design-baseline-pixel-5/trace.zip
    Usage:

        npx playwright show-trace ../../test-results/visual-regression-design-c-ba6ed-s---matches-design-baseline-pixel-5/trace.zip

    ────────────────────────────────────────────────────────────────────────────────────────────────
]]>
</failure>
<system-out>
<![CDATA[
[[ATTACHMENT|visual-regression-design-c-ba6ed-s---matches-design-baseline-pixel-5/trace.zip]]
]]>
</system-out>
</testcase>
<testcase name="Visual Regression - Design Consistency › desktop (1280x720) › Generate Seed Phrase - matches design baseline" classname="visual-regression/design-consistency.spec.ts" time="0.004">
<failure message="design-consistency.spec.ts:59:9 Generate Seed Phrase - matches design baseline" type="FAILURE">
<![CDATA[  [pixel-5] › visual-regression/design-consistency.spec.ts:59:9 › Visual Regression - Design Consistency › desktop (1280x720) › Generate Seed Phrase - matches design baseline 

    Error: browserType.launch: Executable doesn't exist at /home/codespace/.cache/ms-playwright/chromium_headless_shell-1194/chrome-linux/headless_shell
    ╔═════════════════════════════════════════════════════════════════════════╗
    ║ Looks like Playwright Test or Playwright was just installed or updated. ║
    ║ Please run the following command to download new browsers:              ║
    ║                                                                         ║
    ║     npx playwright install                                              ║
    ║                                                                         ║
    ║ <3 Playwright Team                                                      ║
    ╚═════════════════════════════════════════════════════════════════════════╝

    attachment #1: trace (application/zip) ─────────────────────────────────────────────────────────
    ../../test-results/visual-regression-design-c-f121d-e---matches-design-baseline-pixel-5/trace.zip
    Usage:

        npx playwright show-trace ../../test-results/visual-regression-design-c-f121d-e---matches-design-baseline-pixel-5/trace.zip

    ────────────────────────────────────────────────────────────────────────────────────────────────
]]>
</failure>
<system-out>
<![CDATA[
[[ATTACHMENT|visual-regression-design-c-f121d-e---matches-design-baseline-pixel-5/trace.zip]]
]]>
</system-out>
</testcase>
<testcase name="Visual Regression - Design Consistency › desktop (1280x720) › Verify Seed Phrase - matches design baseline" classname="visual-regression/design-consistency.spec.ts" time="0.005">
<failure message="design-consistency.spec.ts:59:9 Verify Seed Phrase - matches design baseline" type="FAILURE">
<![CDATA[  [pixel-5] › visual-regression/design-consistency.spec.ts:59:9 › Visual Regression - Design Consistency › desktop (1280x720) › Verify Seed Phrase - matches design baseline 

    Error: browserType.launch: Executable doesn't exist at /home/codespace/.cache/ms-playwright/chromium_headless_shell-1194/chrome-linux/headless_shell
    ╔═════════════════════════════════════════════════════════════════════════╗
    ║ Looks like Playwright Test or Playwright was just installed or updated. ║
    ║ Please run the following command to download new browsers:              ║
    ║                                                                         ║
    ║     npx playwright install                                              ║
    ║                                                                         ║
    ║ <3 Playwright Team                                                      ║
    ╚═════════════════════════════════════════════════════════════════════════╝

    attachment #1: trace (application/zip) ─────────────────────────────────────────────────────────
    ../../test-results/visual-regression-design-c-260c5-e---matches-design-baseline-pixel-5/trace.zip
    Usage:

        npx playwright show-trace ../../test-results/visual-regression-design-c-260c5-e---matches-design-baseline-pixel-5/trace.zip

    ────────────────────────────────────────────────────────────────────────────────────────────────
]]>
</failure>
<system-out>
<![CDATA[
[[ATTACHMENT|visual-regression-design-c-260c5-e---matches-design-baseline-pixel-5/trace.zip]]
]]>
</system-out>
</testcase>
<testcase name="Visual Regression - Design Consistency › desktop (1280x720) › Set Passcode - matches design baseline" classname="visual-regression/design-consistency.spec.ts" time="0.004">
<failure message="design-consistency.spec.ts:59:9 Set Passcode - matches design baseline" type="FAILURE">
<![CDATA[  [pixel-5] › visual-regression/design-consistency.spec.ts:59:9 › Visual Regression - Design Consistency › desktop (1280x720) › Set Passcode - matches design baseline 

    Error: browserType.launch: Executable doesn't exist at /home/codespace/.cache/ms-playwright/chromium_headless_shell-1194/chrome-linux/headless_shell
    ╔═════════════════════════════════════════════════════════════════════════╗
    ║ Looks like Playwright Test or Playwright was just installed or updated. ║
    ║ Please run the following command to download new browsers:              ║
    ║                                                                         ║
    ║     npx playwright install                                              ║
    ║                                                                         ║
    ║ <3 Playwright Team                                                      ║
    ╚═════════════════════════════════════════════════════════════════════════╝

    attachment #1: trace (application/zip) ─────────────────────────────────────────────────────────
    ../../test-results/visual-regression-design-c-bb489-e---matches-design-baseline-pixel-5/trace.zip
    Usage:

        npx playwright show-trace ../../test-results/visual-regression-design-c-bb489-e---matches-design-baseline-pixel-5/trace.zip

    ────────────────────────────────────────────────────────────────────────────────────────────────
]]>
</failure>
<system-out>
<![CDATA[
[[ATTACHMENT|visual-regression-design-c-bb489-e---matches-design-baseline-pixel-5/trace.zip]]
]]>
</system-out>
</testcase>
<testcase name="Visual Regression - Design Consistency › desktop (1280x720) › Lock Page - matches design baseline" classname="visual-regression/design-consistency.spec.ts" time="0.004">
<failure message="design-consistency.spec.ts:59:9 Lock Page - matches design baseline" type="FAILURE">
<![CDATA[  [pixel-5] › visual-regression/design-consistency.spec.ts:59:9 › Visual Regression - Design Consistency › desktop (1280x720) › Lock Page - matches design baseline 

    Error: browserType.launch: Executable doesn't exist at /home/codespace/.cache/ms-playwright/chromium_headless_shell-1194/chrome-linux/headless_shell
    ╔═════════════════════════════════════════════════════════════════════════╗
    ║ Looks like Playwright Test or Playwright was just installed or updated. ║
    ║ Please run the following command to download new browsers:              ║
    ║                                                                         ║
    ║     npx playwright install                                              ║
    ║                                                                         ║
    ║ <3 Playwright Team                                                      ║
    ╚═════════════════════════════════════════════════════════════════════════╝

    attachment #1: trace (application/zip) ─────────────────────────────────────────────────────────
    ../../test-results/visual-regression-design-c-3def2-e---matches-design-baseline-pixel-5/trace.zip
    Usage:

        npx playwright show-trace ../../test-results/visual-regression-design-c-3def2-e---matches-design-baseline-pixel-5/trace.zip

    ────────────────────────────────────────────────────────────────────────────────────────────────
]]>
</failure>
<system-out>
<![CDATA[
[[ATTACHMENT|visual-regression-design-c-3def2-e---matches-design-baseline-pixel-5/trace.zip]]
]]>
</system-out>
</testcase>
<testcase name="Visual Regression - Design Consistency › desktop (1280x720) › Credentials - matches design baseline" classname="visual-regression/design-consistency.spec.ts" time="0.004">
<failure message="design-consistency.spec.ts:59:9 Credentials - matches design baseline" type="FAILURE">
<![CDATA[  [pixel-5] › visual-regression/design-consistency.spec.ts:59:9 › Visual Regression - Design Consistency › desktop (1280x720) › Credentials - matches design baseline 

    Error: browserType.launch: Executable doesn't exist at /home/codespace/.cache/ms-playwright/chromium_headless_shell-1194/chrome-linux/headless_shell
    ╔═════════════════════════════════════════════════════════════════════════╗
    ║ Looks like Playwright Test or Playwright was just installed or updated. ║
    ║ Please run the following command to download new browsers:              ║
    ║                                                                         ║
    ║     npx playwright install                                              ║
    ║                                                                         ║
    ║ <3 Playwright Team                                                      ║
    ╚═════════════════════════════════════════════════════════════════════════╝

    attachment #1: trace (application/zip) ─────────────────────────────────────────────────────────
    ../../test-results/visual-regression-design-c-a3154-s---matches-design-baseline-pixel-5/trace.zip
    Usage:

        npx playwright show-trace ../../test-results/visual-regression-design-c-a3154-s---matches-design-baseline-pixel-5/trace.zip

    ────────────────────────────────────────────────────────────────────────────────────────────────
]]>
</failure>
<system-out>
<![CDATA[
[[ATTACHMENT|visual-regression-design-c-a3154-s---matches-design-baseline-pixel-5/trace.zip]]
]]>
</system-out>
</testcase>
<testcase name="Visual Regression - Design Consistency › desktop (1280x720) › Identifiers - matches design baseline" classname="visual-regression/design-consistency.spec.ts" time="0.004">
<failure message="design-consistency.spec.ts:59:9 Identifiers - matches design baseline" type="FAILURE">
<![CDATA[  [pixel-5] › visual-regression/design-consistency.spec.ts:59:9 › Visual Regression - Design Consistency › desktop (1280x720) › Identifiers - matches design baseline 

    Error: browserType.launch: Executable doesn't exist at /home/codespace/.cache/ms-playwright/chromium_headless_shell-1194/chrome-linux/headless_shell
    ╔═════════════════════════════════════════════════════════════════════════╗
    ║ Looks like Playwright Test or Playwright was just installed or updated. ║
    ║ Please run the following command to download new browsers:              ║
    ║                                                                         ║
    ║     npx playwright install                                              ║
    ║                                                                         ║
    ║ <3 Playwright Team                                                      ║
    ╚═════════════════════════════════════════════════════════════════════════╝

    attachment #1: trace (application/zip) ─────────────────────────────────────────────────────────
    ../../test-results/visual-regression-design-c-a0f25-s---matches-design-baseline-pixel-5/trace.zip
    Usage:

        npx playwright show-trace ../../test-results/visual-regression-design-c-a0f25-s---matches-design-baseline-pixel-5/trace.zip

    ────────────────────────────────────────────────────────────────────────────────────────────────
]]>
</failure>
<system-out>
<![CDATA[
[[ATTACHMENT|visual-regression-design-c-a0f25-s---matches-design-baseline-pixel-5/trace.zip]]
]]>
</system-out>
</testcase>
<testcase name="Visual Regression - Design Consistency › desktop (1280x720) › Connections - matches design baseline" classname="visual-regression/design-consistency.spec.ts" time="0.004">
<failure message="design-consistency.spec.ts:59:9 Connections - matches design baseline" type="FAILURE">
<![CDATA[  [pixel-5] › visual-regression/design-consistency.spec.ts:59:9 › Visual Regression - Design Consistency › desktop (1280x720) › Connections - matches design baseline 

    Error: browserType.launch: Executable doesn't exist at /home/codespace/.cache/ms-playwright/chromium_headless_shell-1194/chrome-linux/headless_shell
    ╔═════════════════════════════════════════════════════════════════════════╗
    ║ Looks like Playwright Test or Playwright was just installed or updated. ║
    ║ Please run the following command to download new browsers:              ║
    ║                                                                         ║
    ║     npx playwright install                                              ║
    ║                                                                         ║
    ║ <3 Playwright Team                                                      ║
    ╚═════════════════════════════════════════════════════════════════════════╝

    attachment #1: trace (application/zip) ─────────────────────────────────────────────────────────
    ../../test-results/visual-regression-design-c-5c14a-s---matches-design-baseline-pixel-5/trace.zip
    Usage:

        npx playwright show-trace ../../test-results/visual-regression-design-c-5c14a-s---matches-design-baseline-pixel-5/trace.zip

    ────────────────────────────────────────────────────────────────────────────────────────────────
]]>
</failure>
<system-out>
<![CDATA[
[[ATTACHMENT|visual-regression-design-c-5c14a-s---matches-design-baseline-pixel-5/trace.zip]]
]]>
</system-out>
</testcase>
<testcase name="Visual Regression - Design Consistency › desktop (1280x720) › Notifications - matches design baseline" classname="visual-regression/design-consistency.spec.ts" time="0.004">
<failure message="design-consistency.spec.ts:59:9 Notifications - matches design baseline" type="FAILURE">
<![CDATA[  [pixel-5] › visual-regression/design-consistency.spec.ts:59:9 › Visual Regression - Design Consistency › desktop (1280x720) › Notifications - matches design baseline 

    Error: browserType.launch: Executable doesn't exist at /home/codespace/.cache/ms-playwright/chromium_headless_shell-1194/chrome-linux/headless_shell
    ╔═════════════════════════════════════════════════════════════════════════╗
    ║ Looks like Playwright Test or Playwright was just installed or updated. ║
    ║ Please run the following command to download new browsers:              ║
    ║                                                                         ║
    ║     npx playwright install                                              ║
    ║                                                                         ║
    ║ <3 Playwright Team                                                      ║
    ╚═════════════════════════════════════════════════════════════════════════╝

    attachment #1: trace (application/zip) ─────────────────────────────────────────────────────────
    ../../test-results/visual-regression-design-c-85645-s---matches-design-baseline-pixel-5/trace.zip
    Usage:

        npx playwright show-trace ../../test-results/visual-regression-design-c-85645-s---matches-design-baseline-pixel-5/trace.zip

    ────────────────────────────────────────────────────────────────────────────────────────────────
]]>
</failure>
<system-out>
<![CDATA[
[[ATTACHMENT|visual-regression-design-c-85645-s---matches-design-baseline-pixel-5/trace.zip]]
]]>
</system-out>
</testcase>
<testcase name="Visual Regression - Design Consistency › desktop (1280x720) › Menu - matches design baseline" classname="visual-regression/design-consistency.spec.ts" time="0.004">
<failure message="design-consistency.spec.ts:59:9 Menu - matches design baseline" type="FAILURE">
<![CDATA[  [pixel-5] › visual-regression/design-consistency.spec.ts:59:9 › Visual Regression - Design Consistency › desktop (1280x720) › Menu - matches design baseline 

    Error: browserType.launch: Executable doesn't exist at /home/codespace/.cache/ms-playwright/chromium_headless_shell-1194/chrome-linux/headless_shell
    ╔═════════════════════════════════════════════════════════════════════════╗
    ║ Looks like Playwright Test or Playwright was just installed or updated. ║
    ║ Please run the following command to download new browsers:              ║
    ║                                                                         ║
    ║     npx playwright install                                              ║
    ║                                                                         ║
    ║ <3 Playwright Team                                                      ║
    ╚═════════════════════════════════════════════════════════════════════════╝

    attachment #1: trace (application/zip) ─────────────────────────────────────────────────────────
    ../../test-results/visual-regression-design-c-d565c-u---matches-design-baseline-pixel-5/trace.zip
    Usage:

        npx playwright show-trace ../../test-results/visual-regression-design-c-d565c-u---matches-design-baseline-pixel-5/trace.zip

    ────────────────────────────────────────────────────────────────────────────────────────────────
]]>
</failure>
<system-out>
<![CDATA[
[[ATTACHMENT|visual-regression-design-c-d565c-u---matches-design-baseline-pixel-5/trace.zip]]
]]>
</system-out>
</testcase>
<testcase name="Visual Regression - Design Consistency › desktop (1280x720) › Scan - matches design baseline" classname="visual-regression/design-consistency.spec.ts" time="0.004">
<failure message="design-consistency.spec.ts:59:9 Scan - matches design baseline" type="FAILURE">
<![CDATA[  [pixel-5] › visual-regression/design-consistency.spec.ts:59:9 › Visual Regression - Design Consistency › desktop (1280x720) › Scan - matches design baseline 

    Error: browserType.launch: Executable doesn't exist at /home/codespace/.cache/ms-playwright/chromium_headless_shell-1194/chrome-linux/headless_shell
    ╔═════════════════════════════════════════════════════════════════════════╗
    ║ Looks like Playwright Test or Playwright was just installed or updated. ║
    ║ Please run the following command to download new browsers:              ║
    ║                                                                         ║
    ║     npx playwright install                                              ║
    ║                                                                         ║
    ║ <3 Playwright Team                                                      ║
    ╚═════════════════════════════════════════════════════════════════════════╝

    attachment #1: trace (application/zip) ─────────────────────────────────────────────────────────
    ../../test-results/visual-regression-design-c-94db4-n---matches-design-baseline-pixel-5/trace.zip
    Usage:

        npx playwright show-trace ../../test-results/visual-regression-design-c-94db4-n---matches-design-baseline-pixel-5/trace.zip

    ────────────────────────────────────────────────────────────────────────────────────────────────
]]>
</failure>
<system-out>
<![CDATA[
[[ATTACHMENT|visual-regression-design-c-94db4-n---matches-design-baseline-pixel-5/trace.zip]]
]]>
</system-out>
</testcase>
<testcase name="Component Consistency › Buttons have consistent styling" classname="visual-regression/design-consistency.spec.ts" time="0.004">
<failure message="design-consistency.spec.ts:86:3 Buttons have consistent styling" type="FAILURE">
<![CDATA[  [pixel-5] › visual-regression/design-consistency.spec.ts:86:3 › Component Consistency › Buttons have consistent styling 

    Error: browserType.launch: Executable doesn't exist at /home/codespace/.cache/ms-playwright/chromium_headless_shell-1194/chrome-linux/headless_shell
    ╔═════════════════════════════════════════════════════════════════════════╗
    ║ Looks like Playwright Test or Playwright was just installed or updated. ║
    ║ Please run the following command to download new browsers:              ║
    ║                                                                         ║
    ║     npx playwright install                                              ║
    ║                                                                         ║
    ║ <3 Playwright Team                                                      ║
    ╚═════════════════════════════════════════════════════════════════════════╝

    attachment #1: trace (application/zip) ─────────────────────────────────────────────────────────
    ../../test-results/visual-regression-design-c-e16f1-ons-have-consistent-styling-pixel-5/trace.zip
    Usage:

        npx playwright show-trace ../../test-results/visual-regression-design-c-e16f1-ons-have-consistent-styling-pixel-5/trace.zip

    ────────────────────────────────────────────────────────────────────────────────────────────────
]]>
</failure>
<system-out>
<![CDATA[
[[ATTACHMENT|visual-regression-design-c-e16f1-ons-have-consistent-styling-pixel-5/trace.zip]]
]]>
</system-out>
</testcase>
<testcase name="Component Consistency › Cards have consistent styling" classname="visual-regression/design-consistency.spec.ts" time="0.004">
<failure message="design-consistency.spec.ts:96:3 Cards have consistent styling" type="FAILURE">
<![CDATA[  [pixel-5] › visual-regression/design-consistency.spec.ts:96:3 › Component Consistency › Cards have consistent styling 

    Error: browserType.launch: Executable doesn't exist at /home/codespace/.cache/ms-playwright/chromium_headless_shell-1194/chrome-linux/headless_shell
    ╔═════════════════════════════════════════════════════════════════════════╗
    ║ Looks like Playwright Test or Playwright was just installed or updated. ║
    ║ Please run the following command to download new browsers:              ║
    ║                                                                         ║
    ║     npx playwright install                                              ║
    ║                                                                         ║
    ║ <3 Playwright Team                                                      ║
    ╚═════════════════════════════════════════════════════════════════════════╝

    attachment #1: trace (application/zip) ─────────────────────────────────────────────────────────
    ../../test-results/visual-regression-design-c-103ee-rds-have-consistent-styling-pixel-5/trace.zip
    Usage:

        npx playwright show-trace ../../test-results/visual-regression-design-c-103ee-rds-have-consistent-styling-pixel-5/trace.zip

    ────────────────────────────────────────────────────────────────────────────────────────────────
]]>
</failure>
<system-out>
<![CDATA[
[[ATTACHMENT|visual-regression-design-c-103ee-rds-have-consistent-styling-pixel-5/trace.zip]]
]]>
</system-out>
</testcase>
<testcase name="Component Consistency › Typography follows design tokens" classname="visual-regression/design-consistency.spec.ts" time="0.004">
<failure message="design-consistency.spec.ts:106:3 Typography follows design tokens" type="FAILURE">
<![CDATA[  [pixel-5] › visual-regression/design-consistency.spec.ts:106:3 › Component Consistency › Typography follows design tokens 

    Error: browserType.launch: Executable doesn't exist at /home/codespace/.cache/ms-playwright/chromium_headless_shell-1194/chrome-linux/headless_shell
    ╔═════════════════════════════════════════════════════════════════════════╗
    ║ Looks like Playwright Test or Playwright was just installed or updated. ║
    ║ Please run the following command to download new browsers:              ║
    ║                                                                         ║
    ║     npx playwright install                                              ║
    ║                                                                         ║
    ║ <3 Playwright Team                                                      ║
    ╚═════════════════════════════════════════════════════════════════════════╝

    attachment #1: trace (application/zip) ─────────────────────────────────────────────────────────
    ../../test-results/visual-regression-design-c-f4ce6-raphy-follows-design-tokens-pixel-5/trace.zip
    Usage:

        npx playwright show-trace ../../test-results/visual-regression-design-c-f4ce6-raphy-follows-design-tokens-pixel-5/trace.zip

    ────────────────────────────────────────────────────────────────────────────────────────────────
]]>
</failure>
<system-out>
<![CDATA[
[[ATTACHMENT|visual-regression-design-c-f4ce6-raphy-follows-design-tokens-pixel-5/trace.zip]]
]]>
</system-out>
</testcase>
<testcase name="Component Consistency › Spacing is consistent across pages" classname="visual-regression/design-consistency.spec.ts" time="0.004">
<failure message="design-consistency.spec.ts:118:3 Spacing is consistent across pages" type="FAILURE">
<![CDATA[  [pixel-5] › visual-regression/design-consistency.spec.ts:118:3 › Component Consistency › Spacing is consistent across pages 

    Error: browserType.launch: Executable doesn't exist at /home/codespace/.cache/ms-playwright/chromium_headless_shell-1194/chrome-linux/headless_shell
    ╔═════════════════════════════════════════════════════════════════════════╗
    ║ Looks like Playwright Test or Playwright was just installed or updated. ║
    ║ Please run the following command to download new browsers:              ║
    ║                                                                         ║
    ║     npx playwright install                                              ║
    ║                                                                         ║
    ║ <3 Playwright Team                                                      ║
    ╚═════════════════════════════════════════════════════════════════════════╝

    attachment #1: trace (application/zip) ─────────────────────────────────────────────────────────
    ../../test-results/visual-regression-design-c-61b65--is-consistent-across-pages-pixel-5/trace.zip
    Usage:

        npx playwright show-trace ../../test-results/visual-regression-design-c-61b65--is-consistent-across-pages-pixel-5/trace.zip

    ────────────────────────────────────────────────────────────────────────────────────────────────
]]>
</failure>
<system-out>
<![CDATA[
[[ATTACHMENT|visual-regression-design-c-61b65--is-consistent-across-pages-pixel-5/trace.zip]]
]]>
</system-out>
</testcase>
<testcase name="Component Consistency › Forms have consistent input styling" classname="visual-regression/design-consistency.spec.ts" time="0.003">
<failure message="design-consistency.spec.ts:136:3 Forms have consistent input styling" type="FAILURE">
<![CDATA[  [pixel-5] › visual-regression/design-consistency.spec.ts:136:3 › Component Consistency › Forms have consistent input styling 

    Error: browserType.launch: Executable doesn't exist at /home/codespace/.cache/ms-playwright/chromium_headless_shell-1194/chrome-linux/headless_shell
    ╔═════════════════════════════════════════════════════════════════════════╗
    ║ Looks like Playwright Test or Playwright was just installed or updated. ║
    ║ Please run the following command to download new browsers:              ║
    ║                                                                         ║
    ║     npx playwright install                                              ║
    ║                                                                         ║
    ║ <3 Playwright Team                                                      ║
    ╚═════════════════════════════════════════════════════════════════════════╝

    attachment #1: trace (application/zip) ─────────────────────────────────────────────────────────
    ../../test-results/visual-regression-design-c-e6bd1-ve-consistent-input-styling-pixel-5/trace.zip
    Usage:

        npx playwright show-trace ../../test-results/visual-regression-design-c-e6bd1-ve-consistent-input-styling-pixel-5/trace.zip

    ────────────────────────────────────────────────────────────────────────────────────────────────
]]>
</failure>
<system-out>
<![CDATA[
[[ATTACHMENT|visual-regression-design-c-e6bd1-ve-consistent-input-styling-pixel-5/trace.zip]]
]]>
</system-out>
</testcase>
<testcase name="Component Consistency › Colors follow design system" classname="visual-regression/design-consistency.spec.ts" time="0.003">
<failure message="design-consistency.spec.ts:150:3 Colors follow design system" type="FAILURE">
<![CDATA[  [pixel-5] › visual-regression/design-consistency.spec.ts:150:3 › Component Consistency › Colors follow design system 

    Error: browserType.launch: Executable doesn't exist at /home/codespace/.cache/ms-playwright/chromium_headless_shell-1194/chrome-linux/headless_shell
    ╔═════════════════════════════════════════════════════════════════════════╗
    ║ Looks like Playwright Test or Playwright was just installed or updated. ║
    ║ Please run the following command to download new browsers:              ║
    ║                                                                         ║
    ║     npx playwright install                                              ║
    ║                                                                         ║
    ║ <3 Playwright Team                                                      ║
    ╚═════════════════════════════════════════════════════════════════════════╝

    attachment #1: trace (application/zip) ─────────────────────────────────────────────────────────
    ../../test-results/visual-regression-design-c-ca12e-Colors-follow-design-system-pixel-5/trace.zip
    Usage:

        npx playwright show-trace ../../test-results/visual-regression-design-c-ca12e-Colors-follow-design-system-pixel-5/trace.zip

    ────────────────────────────────────────────────────────────────────────────────────────────────
]]>
</failure>
<system-out>
<![CDATA[
[[ATTACHMENT|visual-regression-design-c-ca12e-Colors-follow-design-system-pixel-5/trace.zip]]
]]>
</system-out>
</testcase>
<testcase name="Responsive Design Consistency › Mobile breakpoint applies correct styles" classname="visual-regression/design-consistency.spec.ts" time="0.004">
<failure message="design-consistency.spec.ts:171:3 Mobile breakpoint applies correct styles" type="FAILURE">
<![CDATA[  [pixel-5] › visual-regression/design-consistency.spec.ts:171:3 › Responsive Design Consistency › Mobile breakpoint applies correct styles 

    Error: browserType.launch: Executable doesn't exist at /home/codespace/.cache/ms-playwright/chromium_headless_shell-1194/chrome-linux/headless_shell
    ╔═════════════════════════════════════════════════════════════════════════╗
    ║ Looks like Playwright Test or Playwright was just installed or updated. ║
    ║ Please run the following command to download new browsers:              ║
    ║                                                                         ║
    ║     npx playwright install                                              ║
    ║                                                                         ║
    ║ <3 Playwright Team                                                      ║
    ╚═════════════════════════════════════════════════════════════════════════╝

    attachment #1: trace (application/zip) ─────────────────────────────────────────────────────────
    ../../test-results/visual-regression-design-c-24055-oint-applies-correct-styles-pixel-5/trace.zip
    Usage:

        npx playwright show-trace ../../test-results/visual-regression-design-c-24055-oint-applies-correct-styles-pixel-5/trace.zip

    ────────────────────────────────────────────────────────────────────────────────────────────────
]]>
</failure>
<system-out>
<![CDATA[
[[ATTACHMENT|visual-regression-design-c-24055-oint-applies-correct-styles-pixel-5/trace.zip]]
]]>
</system-out>
</testcase>
<testcase name="Responsive Design Consistency › Desktop breakpoint applies correct styles" classname="visual-regression/design-consistency.spec.ts" time="0.004">
<failure message="design-consistency.spec.ts:185:3 Desktop breakpoint applies correct styles" type="FAILURE">
<![CDATA[  [pixel-5] › visual-regression/design-consistency.spec.ts:185:3 › Responsive Design Consistency › Desktop breakpoint applies correct styles 

    Error: browserType.launch: Executable doesn't exist at /home/codespace/.cache/ms-playwright/chromium_headless_shell-1194/chrome-linux/headless_shell
    ╔═════════════════════════════════════════════════════════════════════════╗
    ║ Looks like Playwright Test or Playwright was just installed or updated. ║
    ║ Please run the following command to download new browsers:              ║
    ║                                                                         ║
    ║     npx playwright install                                              ║
    ║                                                                         ║
    ║ <3 Playwright Team                                                      ║
    ╚═════════════════════════════════════════════════════════════════════════╝

    attachment #1: trace (application/zip) ─────────────────────────────────────────────────────────
    ../../test-results/visual-regression-design-c-facf6-oint-applies-correct-styles-pixel-5/trace.zip
    Usage:

        npx playwright show-trace ../../test-results/visual-regression-design-c-facf6-oint-applies-correct-styles-pixel-5/trace.zip

    ────────────────────────────────────────────────────────────────────────────────────────────────
]]>
</failure>
<system-out>
<![CDATA[
[[ATTACHMENT|visual-regression-design-c-facf6-oint-applies-correct-styles-pixel-5/trace.zip]]
]]>
</system-out>
</testcase>
<testcase name="Responsive Design Consistency › Landscape orientation on mobile works correctly" classname="visual-regression/design-consistency.spec.ts" time="0.004">
<failure message="design-consistency.spec.ts:199:3 Landscape orientation on mobile works correctly" type="FAILURE">
<![CDATA[  [pixel-5] › visual-regression/design-consistency.spec.ts:199:3 › Responsive Design Consistency › Landscape orientation on mobile works correctly 

    Error: browserType.launch: Executable doesn't exist at /home/codespace/.cache/ms-playwright/chromium_headless_shell-1194/chrome-linux/headless_shell
    ╔═════════════════════════════════════════════════════════════════════════╗
    ║ Looks like Playwright Test or Playwright was just installed or updated. ║
    ║ Please run the following command to download new browsers:              ║
    ║                                                                         ║
    ║     npx playwright install                                              ║
    ║                                                                         ║
    ║ <3 Playwright Team                                                      ║
    ╚═════════════════════════════════════════════════════════════════════════╝

    attachment #1: trace (application/zip) ─────────────────────────────────────────────────────────
    ../../test-results/visual-regression-design-c-adc76-n-on-mobile-works-correctly-pixel-5/trace.zip
    Usage:

        npx playwright show-trace ../../test-results/visual-regression-design-c-adc76-n-on-mobile-works-correctly-pixel-5/trace.zip

    ────────────────────────────────────────────────────────────────────────────────────────────────
]]>
</failure>
<system-out>
<![CDATA[
[[ATTACHMENT|visual-regression-design-c-adc76-n-on-mobile-works-correctly-pixel-5/trace.zip]]
]]>
</system-out>
</testcase>
<testcase name="Animation Consistency › Hover effects are consistent" classname="visual-regression/design-consistency.spec.ts" time="0.003">
<failure message="design-consistency.spec.ts:211:3 Hover effects are consistent" type="FAILURE">
<![CDATA[  [pixel-5] › visual-regression/design-consistency.spec.ts:211:3 › Animation Consistency › Hover effects are consistent 

    Error: browserType.launch: Executable doesn't exist at /home/codespace/.cache/ms-playwright/chromium_headless_shell-1194/chrome-linux/headless_shell
    ╔═════════════════════════════════════════════════════════════════════════╗
    ║ Looks like Playwright Test or Playwright was just installed or updated. ║
    ║ Please run the following command to download new browsers:              ║
    ║                                                                         ║
    ║     npx playwright install                                              ║
    ║                                                                         ║
    ║ <3 Playwright Team                                                      ║
    ╚═════════════════════════════════════════════════════════════════════════╝

    attachment #1: trace (application/zip) ─────────────────────────────────────────────────────────
    ../../test-results/visual-regression-design-c-911c2-over-effects-are-consistent-pixel-5/trace.zip
    Usage:

        npx playwright show-trace ../../test-results/visual-regression-design-c-911c2-over-effects-are-consistent-pixel-5/trace.zip

    ────────────────────────────────────────────────────────────────────────────────────────────────
]]>
</failure>
<system-out>
<![CDATA[
[[ATTACHMENT|visual-regression-design-c-911c2-over-effects-are-consistent-pixel-5/trace.zip]]
]]>
</system-out>
</testcase>
<testcase name="Animation Consistency › Focus states are visible" classname="visual-regression/design-consistency.spec.ts" time="0.003">
<failure message="design-consistency.spec.ts:228:3 Focus states are visible" type="FAILURE">
<![CDATA[  [pixel-5] › visual-regression/design-consistency.spec.ts:228:3 › Animation Consistency › Focus states are visible 

    Error: browserType.launch: Executable doesn't exist at /home/codespace/.cache/ms-playwright/chromium_headless_shell-1194/chrome-linux/headless_shell
    ╔═════════════════════════════════════════════════════════════════════════╗
    ║ Looks like Playwright Test or Playwright was just installed or updated. ║
    ║ Please run the following command to download new browsers:              ║
    ║                                                                         ║
    ║     npx playwright install                                              ║
    ║                                                                         ║
    ║ <3 Playwright Team                                                      ║
    ╚═════════════════════════════════════════════════════════════════════════╝

    attachment #1: trace (application/zip) ─────────────────────────────────────────────────────────
    ../../test-results/visual-regression-design-c-82925-cy-Focus-states-are-visible-pixel-5/trace.zip
    Usage:

        npx playwright show-trace ../../test-results/visual-regression-design-c-82925-cy-Focus-states-are-visible-pixel-5/trace.zip

    ────────────────────────────────────────────────────────────────────────────────────────────────
]]>
</failure>
<system-out>
<![CDATA[
[[ATTACHMENT|visual-regression-design-c-82925-cy-Focus-states-are-visible-pixel-5/trace.zip]]
]]>
</system-out>
</testcase>
</testsuite>
<testsuite name="visual-regression/design-consistency.spec.ts" timestamp="2025-10-27T02:13:43.818Z" hostname="ipad-pro" tests="67" failures="67" skipped="0" time="0.285" errors="0">
<testcase name="Visual Regression - Design Consistency › mobile-small (375x667) › Biometric Enrollment - matches design baseline" classname="visual-regression/design-consistency.spec.ts" time="0.004">
<failure message="design-consistency.spec.ts:59:9 Biometric Enrollment - matches design baseline" type="FAILURE">
<![CDATA[  [ipad-pro] › visual-regression/design-consistency.spec.ts:59:9 › Visual Regression - Design Consistency › mobile-small (375x667) › Biometric Enrollment - matches design baseline 

    Error: browserType.launch: Executable doesn't exist at /home/codespace/.cache/ms-playwright/chromium_headless_shell-1194/chrome-linux/headless_shell
    ╔═════════════════════════════════════════════════════════════════════════╗
    ║ Looks like Playwright Test or Playwright was just installed or updated. ║
    ║ Please run the following command to download new browsers:              ║
    ║                                                                         ║
    ║     npx playwright install                                              ║
    ║                                                                         ║
    ║ <3 Playwright Team                                                      ║
    ╚═════════════════════════════════════════════════════════════════════════╝

    attachment #1: trace (application/zip) ─────────────────────────────────────────────────────────
    ../../test-results/visual-regression-design-c-2751f-t---matches-design-baseline-ipad-pro/trace.zip
    Usage:

        npx playwright show-trace ../../test-results/visual-regression-design-c-2751f-t---matches-design-baseline-ipad-pro/trace.zip

    ────────────────────────────────────────────────────────────────────────────────────────────────
]]>
</failure>
<system-out>
<![CDATA[
[[ATTACHMENT|visual-regression-design-c-2751f-t---matches-design-baseline-ipad-pro/trace.zip]]
]]>
</system-out>
</testcase>
<testcase name="Visual Regression - Design Consistency › mobile-small (375x667) › Onboarding - matches design baseline" classname="visual-regression/design-consistency.spec.ts" time="0.005">
<failure message="design-consistency.spec.ts:59:9 Onboarding - matches design baseline" type="FAILURE">
<![CDATA[  [ipad-pro] › visual-regression/design-consistency.spec.ts:59:9 › Visual Regression - Design Consistency › mobile-small (375x667) › Onboarding - matches design baseline 

    Error: browserType.launch: Executable doesn't exist at /home/codespace/.cache/ms-playwright/chromium_headless_shell-1194/chrome-linux/headless_shell
    ╔═════════════════════════════════════════════════════════════════════════╗
    ║ Looks like Playwright Test or Playwright was just installed or updated. ║
    ║ Please run the following command to download new browsers:              ║
    ║                                                                         ║
    ║     npx playwright install                                              ║
    ║                                                                         ║
    ║ <3 Playwright Team                                                      ║
    ╚═════════════════════════════════════════════════════════════════════════╝

    attachment #1: trace (application/zip) ─────────────────────────────────────────────────────────
    ../../test-results/visual-regression-design-c-afc69-g---matches-design-baseline-ipad-pro/trace.zip
    Usage:

        npx playwright show-trace ../../test-results/visual-regression-design-c-afc69-g---matches-design-baseline-ipad-pro/trace.zip

    ────────────────────────────────────────────────────────────────────────────────────────────────
]]>
</failure>
<system-out>
<![CDATA[
[[ATTACHMENT|visual-regression-design-c-afc69-g---matches-design-baseline-ipad-pro/trace.zip]]
]]>
</system-out>
</testcase>
<testcase name="Visual Regression - Design Consistency › mobile-small (375x667) › Create Password - matches design baseline" classname="visual-regression/design-consistency.spec.ts" time="0.005">
<failure message="design-consistency.spec.ts:59:9 Create Password - matches design baseline" type="FAILURE">
<![CDATA[  [ipad-pro] › visual-regression/design-consistency.spec.ts:59:9 › Visual Regression - Design Consistency › mobile-small (375x667) › Create Password - matches design baseline 

    Error: browserType.launch: Executable doesn't exist at /home/codespace/.cache/ms-playwright/chromium_headless_shell-1194/chrome-linux/headless_shell
    ╔═════════════════════════════════════════════════════════════════════════╗
    ║ Looks like Playwright Test or Playwright was just installed or updated. ║
    ║ Please run the following command to download new browsers:              ║
    ║                                                                         ║
    ║     npx playwright install                                              ║
    ║                                                                         ║
    ║ <3 Playwright Team                                                      ║
    ╚═════════════════════════════════════════════════════════════════════════╝

    attachment #1: trace (application/zip) ─────────────────────────────────────────────────────────
    ../../test-results/visual-regression-design-c-3e099-d---matches-design-baseline-ipad-pro/trace.zip
    Usage:

        npx playwright show-trace ../../test-results/visual-regression-design-c-3e099-d---matches-design-baseline-ipad-pro/trace.zip

    ────────────────────────────────────────────────────────────────────────────────────────────────
]]>
</failure>
<system-out>
<![CDATA[
[[ATTACHMENT|visual-regression-design-c-3e099-d---matches-design-baseline-ipad-pro/trace.zip]]
]]>
</system-out>
</testcase>
<testcase name="Visual Regression - Design Consistency › mobile-small (375x667) › Setup Biometrics - matches design baseline" classname="visual-regression/design-consistency.spec.ts" time="0.004">
<failure message="design-consistency.spec.ts:59:9 Setup Biometrics - matches design baseline" type="FAILURE">
<![CDATA[  [ipad-pro] › visual-regression/design-consistency.spec.ts:59:9 › Visual Regression - Design Consistency › mobile-small (375x667) › Setup Biometrics - matches design baseline 

    Error: browserType.launch: Executable doesn't exist at /home/codespace/.cache/ms-playwright/chromium_headless_shell-1194/chrome-linux/headless_shell
    ╔═════════════════════════════════════════════════════════════════════════╗
    ║ Looks like Playwright Test or Playwright was just installed or updated. ║
    ║ Please run the following command to download new browsers:              ║
    ║                                                                         ║
    ║     npx playwright install                                              ║
    ║                                                                         ║
    ║ <3 Playwright Team                                                      ║
    ╚═════════════════════════════════════════════════════════════════════════╝

    attachment #1: trace (application/zip) ─────────────────────────────────────────────────────────
    ../../test-results/visual-regression-design-c-eec72-s---matches-design-baseline-ipad-pro/trace.zip
    Usage:

        npx playwright show-trace ../../test-results/visual-regression-design-c-eec72-s---matches-design-baseline-ipad-pro/trace.zip

    ────────────────────────────────────────────────────────────────────────────────────────────────
]]>
</failure>
<system-out>
<![CDATA[
[[ATTACHMENT|visual-regression-design-c-eec72-s---matches-design-baseline-ipad-pro/trace.zip]]
]]>
</system-out>
</testcase>
<testcase name="Visual Regression - Design Consistency › mobile-small (375x667) › Generate Seed Phrase - matches design baseline" classname="visual-regression/design-consistency.spec.ts" time="0.004">
<failure message="design-consistency.spec.ts:59:9 Generate Seed Phrase - matches design baseline" type="FAILURE">
<![CDATA[  [ipad-pro] › visual-regression/design-consistency.spec.ts:59:9 › Visual Regression - Design Consistency › mobile-small (375x667) › Generate Seed Phrase - matches design baseline 

    Error: browserType.launch: Executable doesn't exist at /home/codespace/.cache/ms-playwright/chromium_headless_shell-1194/chrome-linux/headless_shell
    ╔═════════════════════════════════════════════════════════════════════════╗
    ║ Looks like Playwright Test or Playwright was just installed or updated. ║
    ║ Please run the following command to download new browsers:              ║
    ║                                                                         ║
    ║     npx playwright install                                              ║
    ║                                                                         ║
    ║ <3 Playwright Team                                                      ║
    ╚═════════════════════════════════════════════════════════════════════════╝

    attachment #1: trace (application/zip) ─────────────────────────────────────────────────────────
    ../../test-results/visual-regression-design-c-c1a7d-e---matches-design-baseline-ipad-pro/trace.zip
    Usage:

        npx playwright show-trace ../../test-results/visual-regression-design-c-c1a7d-e---matches-design-baseline-ipad-pro/trace.zip

    ────────────────────────────────────────────────────────────────────────────────────────────────
]]>
</failure>
<system-out>
<![CDATA[
[[ATTACHMENT|visual-regression-design-c-c1a7d-e---matches-design-baseline-ipad-pro/trace.zip]]
]]>
</system-out>
</testcase>
<testcase name="Visual Regression - Design Consistency › mobile-small (375x667) › Verify Seed Phrase - matches design baseline" classname="visual-regression/design-consistency.spec.ts" time="0.004">
<failure message="design-consistency.spec.ts:59:9 Verify Seed Phrase - matches design baseline" type="FAILURE">
<![CDATA[  [ipad-pro] › visual-regression/design-consistency.spec.ts:59:9 › Visual Regression - Design Consistency › mobile-small (375x667) › Verify Seed Phrase - matches design baseline 

    Error: browserType.launch: Executable doesn't exist at /home/codespace/.cache/ms-playwright/chromium_headless_shell-1194/chrome-linux/headless_shell
    ╔═════════════════════════════════════════════════════════════════════════╗
    ║ Looks like Playwright Test or Playwright was just installed or updated. ║
    ║ Please run the following command to download new browsers:              ║
    ║                                                                         ║
    ║     npx playwright install                                              ║
    ║                                                                         ║
    ║ <3 Playwright Team                                                      ║
    ╚═════════════════════════════════════════════════════════════════════════╝

    attachment #1: trace (application/zip) ─────────────────────────────────────────────────────────
    ../../test-results/visual-regression-design-c-a97b6-e---matches-design-baseline-ipad-pro/trace.zip
    Usage:

        npx playwright show-trace ../../test-results/visual-regression-design-c-a97b6-e---matches-design-baseline-ipad-pro/trace.zip

    ────────────────────────────────────────────────────────────────────────────────────────────────
]]>
</failure>
<system-out>
<![CDATA[
[[ATTACHMENT|visual-regression-design-c-a97b6-e---matches-design-baseline-ipad-pro/trace.zip]]
]]>
</system-out>
</testcase>
<testcase name="Visual Regression - Design Consistency › mobile-small (375x667) › Set Passcode - matches design baseline" classname="visual-regression/design-consistency.spec.ts" time="0.005">
<failure message="design-consistency.spec.ts:59:9 Set Passcode - matches design baseline" type="FAILURE">
<![CDATA[  [ipad-pro] › visual-regression/design-consistency.spec.ts:59:9 › Visual Regression - Design Consistency › mobile-small (375x667) › Set Passcode - matches design baseline 

    Error: browserType.launch: Executable doesn't exist at /home/codespace/.cache/ms-playwright/chromium_headless_shell-1194/chrome-linux/headless_shell
    ╔═════════════════════════════════════════════════════════════════════════╗
    ║ Looks like Playwright Test or Playwright was just installed or updated. ║
    ║ Please run the following command to download new browsers:              ║
    ║                                                                         ║
    ║     npx playwright install                                              ║
    ║                                                                         ║
    ║ <3 Playwright Team                                                      ║
    ╚═════════════════════════════════════════════════════════════════════════╝

    attachment #1: trace (application/zip) ─────────────────────────────────────────────────────────
    ../../test-results/visual-regression-design-c-1d784-e---matches-design-baseline-ipad-pro/trace.zip
    Usage:

        npx playwright show-trace ../../test-results/visual-regression-design-c-1d784-e---matches-design-baseline-ipad-pro/trace.zip

    ────────────────────────────────────────────────────────────────────────────────────────────────
]]>
</failure>
<system-out>
<![CDATA[
[[ATTACHMENT|visual-regression-design-c-1d784-e---matches-design-baseline-ipad-pro/trace.zip]]
]]>
</system-out>
</testcase>
<testcase name="Visual Regression - Design Consistency › mobile-small (375x667) › Lock Page - matches design baseline" classname="visual-regression/design-consistency.spec.ts" time="0.004">
<failure message="design-consistency.spec.ts:59:9 Lock Page - matches design baseline" type="FAILURE">
<![CDATA[  [ipad-pro] › visual-regression/design-consistency.spec.ts:59:9 › Visual Regression - Design Consistency › mobile-small (375x667) › Lock Page - matches design baseline 

    Error: browserType.launch: Executable doesn't exist at /home/codespace/.cache/ms-playwright/chromium_headless_shell-1194/chrome-linux/headless_shell
    ╔═════════════════════════════════════════════════════════════════════════╗
    ║ Looks like Playwright Test or Playwright was just installed or updated. ║
    ║ Please run the following command to download new browsers:              ║
    ║                                                                         ║
    ║     npx playwright install                                              ║
    ║                                                                         ║
    ║ <3 Playwright Team                                                      ║
    ╚═════════════════════════════════════════════════════════════════════════╝

    attachment #1: trace (application/zip) ─────────────────────────────────────────────────────────
    ../../test-results/visual-regression-design-c-3a010-e---matches-design-baseline-ipad-pro/trace.zip
    Usage:

        npx playwright show-trace ../../test-results/visual-regression-design-c-3a010-e---matches-design-baseline-ipad-pro/trace.zip

    ────────────────────────────────────────────────────────────────────────────────────────────────
]]>
</failure>
<system-out>
<![CDATA[
[[ATTACHMENT|visual-regression-design-c-3a010-e---matches-design-baseline-ipad-pro/trace.zip]]
]]>
</system-out>
</testcase>
<testcase name="Visual Regression - Design Consistency › mobile-small (375x667) › Credentials - matches design baseline" classname="visual-regression/design-consistency.spec.ts" time="0.004">
<failure message="design-consistency.spec.ts:59:9 Credentials - matches design baseline" type="FAILURE">
<![CDATA[  [ipad-pro] › visual-regression/design-consistency.spec.ts:59:9 › Visual Regression - Design Consistency › mobile-small (375x667) › Credentials - matches design baseline 

    Error: browserType.launch: Executable doesn't exist at /home/codespace/.cache/ms-playwright/chromium_headless_shell-1194/chrome-linux/headless_shell
    ╔═════════════════════════════════════════════════════════════════════════╗
    ║ Looks like Playwright Test or Playwright was just installed or updated. ║
    ║ Please run the following command to download new browsers:              ║
    ║                                                                         ║
    ║     npx playwright install                                              ║
    ║                                                                         ║
    ║ <3 Playwright Team                                                      ║
    ╚═════════════════════════════════════════════════════════════════════════╝

    attachment #1: trace (application/zip) ─────────────────────────────────────────────────────────
    ../../test-results/visual-regression-design-c-eb966-s---matches-design-baseline-ipad-pro/trace.zip
    Usage:

        npx playwright show-trace ../../test-results/visual-regression-design-c-eb966-s---matches-design-baseline-ipad-pro/trace.zip

    ────────────────────────────────────────────────────────────────────────────────────────────────
]]>
</failure>
<system-out>
<![CDATA[
[[ATTACHMENT|visual-regression-design-c-eb966-s---matches-design-baseline-ipad-pro/trace.zip]]
]]>
</system-out>
</testcase>
<testcase name="Visual Regression - Design Consistency › mobile-small (375x667) › Identifiers - matches design baseline" classname="visual-regression/design-consistency.spec.ts" time="0.005">
<failure message="design-consistency.spec.ts:59:9 Identifiers - matches design baseline" type="FAILURE">
<![CDATA[  [ipad-pro] › visual-regression/design-consistency.spec.ts:59:9 › Visual Regression - Design Consistency › mobile-small (375x667) › Identifiers - matches design baseline 

    Error: browserType.launch: Executable doesn't exist at /home/codespace/.cache/ms-playwright/chromium_headless_shell-1194/chrome-linux/headless_shell
    ╔═════════════════════════════════════════════════════════════════════════╗
    ║ Looks like Playwright Test or Playwright was just installed or updated. ║
    ║ Please run the following command to download new browsers:              ║
    ║                                                                         ║
    ║     npx playwright install                                              ║
    ║                                                                         ║
    ║ <3 Playwright Team                                                      ║
    ╚═════════════════════════════════════════════════════════════════════════╝

    attachment #1: trace (application/zip) ─────────────────────────────────────────────────────────
    ../../test-results/visual-regression-design-c-eb810-s---matches-design-baseline-ipad-pro/trace.zip
    Usage:

        npx playwright show-trace ../../test-results/visual-regression-design-c-eb810-s---matches-design-baseline-ipad-pro/trace.zip

    ────────────────────────────────────────────────────────────────────────────────────────────────
]]>
</failure>
<system-out>
<![CDATA[
[[ATTACHMENT|visual-regression-design-c-eb810-s---matches-design-baseline-ipad-pro/trace.zip]]
]]>
</system-out>
</testcase>
<testcase name="Visual Regression - Design Consistency › mobile-small (375x667) › Connections - matches design baseline" classname="visual-regression/design-consistency.spec.ts" time="0.004">
<failure message="design-consistency.spec.ts:59:9 Connections - matches design baseline" type="FAILURE">
<![CDATA[  [ipad-pro] › visual-regression/design-consistency.spec.ts:59:9 › Visual Regression - Design Consistency › mobile-small (375x667) › Connections - matches design baseline 

    Error: browserType.launch: Executable doesn't exist at /home/codespace/.cache/ms-playwright/chromium_headless_shell-1194/chrome-linux/headless_shell
    ╔═════════════════════════════════════════════════════════════════════════╗
    ║ Looks like Playwright Test or Playwright was just installed or updated. ║
    ║ Please run the following command to download new browsers:              ║
    ║                                                                         ║
    ║     npx playwright install                                              ║
    ║                                                                         ║
    ║ <3 Playwright Team                                                      ║
    ╚═════════════════════════════════════════════════════════════════════════╝

    attachment #1: trace (application/zip) ─────────────────────────────────────────────────────────
    ../../test-results/visual-regression-design-c-47ea2-s---matches-design-baseline-ipad-pro/trace.zip
    Usage:

        npx playwright show-trace ../../test-results/visual-regression-design-c-47ea2-s---matches-design-baseline-ipad-pro/trace.zip

    ────────────────────────────────────────────────────────────────────────────────────────────────
]]>
</failure>
<system-out>
<![CDATA[
[[ATTACHMENT|visual-regression-design-c-47ea2-s---matches-design-baseline-ipad-pro/trace.zip]]
]]>
</system-out>
</testcase>
<testcase name="Visual Regression - Design Consistency › mobile-small (375x667) › Notifications - matches design baseline" classname="visual-regression/design-consistency.spec.ts" time="0.004">
<failure message="design-consistency.spec.ts:59:9 Notifications - matches design baseline" type="FAILURE">
<![CDATA[  [ipad-pro] › visual-regression/design-consistency.spec.ts:59:9 › Visual Regression - Design Consistency › mobile-small (375x667) › Notifications - matches design baseline 

    Error: browserType.launch: Executable doesn't exist at /home/codespace/.cache/ms-playwright/chromium_headless_shell-1194/chrome-linux/headless_shell
    ╔═════════════════════════════════════════════════════════════════════════╗
    ║ Looks like Playwright Test or Playwright was just installed or updated. ║
    ║ Please run the following command to download new browsers:              ║
    ║                                                                         ║
    ║     npx playwright install                                              ║
    ║                                                                         ║
    ║ <3 Playwright Team                                                      ║
    ╚═════════════════════════════════════════════════════════════════════════╝

    attachment #1: trace (application/zip) ─────────────────────────────────────────────────────────
    ../../test-results/visual-regression-design-c-95a73-s---matches-design-baseline-ipad-pro/trace.zip
    Usage:

        npx playwright show-trace ../../test-results/visual-regression-design-c-95a73-s---matches-design-baseline-ipad-pro/trace.zip

    ────────────────────────────────────────────────────────────────────────────────────────────────
]]>
</failure>
<system-out>
<![CDATA[
[[ATTACHMENT|visual-regression-design-c-95a73-s---matches-design-baseline-ipad-pro/trace.zip]]
]]>
</system-out>
</testcase>
<testcase name="Visual Regression - Design Consistency › mobile-small (375x667) › Menu - matches design baseline" classname="visual-regression/design-consistency.spec.ts" time="0.004">
<failure message="design-consistency.spec.ts:59:9 Menu - matches design baseline" type="FAILURE">
<![CDATA[  [ipad-pro] › visual-regression/design-consistency.spec.ts:59:9 › Visual Regression - Design Consistency › mobile-small (375x667) › Menu - matches design baseline 

    Error: browserType.launch: Executable doesn't exist at /home/codespace/.cache/ms-playwright/chromium_headless_shell-1194/chrome-linux/headless_shell
    ╔═════════════════════════════════════════════════════════════════════════╗
    ║ Looks like Playwright Test or Playwright was just installed or updated. ║
    ║ Please run the following command to download new browsers:              ║
    ║                                                                         ║
    ║     npx playwright install                                              ║
    ║                                                                         ║
    ║ <3 Playwright Team                                                      ║
    ╚═════════════════════════════════════════════════════════════════════════╝

    attachment #1: trace (application/zip) ─────────────────────────────────────────────────────────
    ../../test-results/visual-regression-design-c-67878-u---matches-design-baseline-ipad-pro/trace.zip
    Usage:

        npx playwright show-trace ../../test-results/visual-regression-design-c-67878-u---matches-design-baseline-ipad-pro/trace.zip

    ────────────────────────────────────────────────────────────────────────────────────────────────
]]>
</failure>
<system-out>
<![CDATA[
[[ATTACHMENT|visual-regression-design-c-67878-u---matches-design-baseline-ipad-pro/trace.zip]]
]]>
</system-out>
</testcase>
<testcase name="Visual Regression - Design Consistency › mobile-small (375x667) › Scan - matches design baseline" classname="visual-regression/design-consistency.spec.ts" time="0.005">
<failure message="design-consistency.spec.ts:59:9 Scan - matches design baseline" type="FAILURE">
<![CDATA[  [ipad-pro] › visual-regression/design-consistency.spec.ts:59:9 › Visual Regression - Design Consistency › mobile-small (375x667) › Scan - matches design baseline 

    Error: browserType.launch: Executable doesn't exist at /home/codespace/.cache/ms-playwright/chromium_headless_shell-1194/chrome-linux/headless_shell
    ╔═════════════════════════════════════════════════════════════════════════╗
    ║ Looks like Playwright Test or Playwright was just installed or updated. ║
    ║ Please run the following command to download new browsers:              ║
    ║                                                                         ║
    ║     npx playwright install                                              ║
    ║                                                                         ║
    ║ <3 Playwright Team                                                      ║
    ╚═════════════════════════════════════════════════════════════════════════╝

    attachment #1: trace (application/zip) ─────────────────────────────────────────────────────────
    ../../test-results/visual-regression-design-c-eed57-n---matches-design-baseline-ipad-pro/trace.zip
    Usage:

        npx playwright show-trace ../../test-results/visual-regression-design-c-eed57-n---matches-design-baseline-ipad-pro/trace.zip

    ────────────────────────────────────────────────────────────────────────────────────────────────
]]>
</failure>
<system-out>
<![CDATA[
[[ATTACHMENT|visual-regression-design-c-eed57-n---matches-design-baseline-ipad-pro/trace.zip]]
]]>
</system-out>
</testcase>
<testcase name="Visual Regression - Design Consistency › mobile-medium (393x852) › Biometric Enrollment - matches design baseline" classname="visual-regression/design-consistency.spec.ts" time="0.004">
<failure message="design-consistency.spec.ts:59:9 Biometric Enrollment - matches design baseline" type="FAILURE">
<![CDATA[  [ipad-pro] › visual-regression/design-consistency.spec.ts:59:9 › Visual Regression - Design Consistency › mobile-medium (393x852) › Biometric Enrollment - matches design baseline 

    Error: browserType.launch: Executable doesn't exist at /home/codespace/.cache/ms-playwright/chromium_headless_shell-1194/chrome-linux/headless_shell
    ╔═════════════════════════════════════════════════════════════════════════╗
    ║ Looks like Playwright Test or Playwright was just installed or updated. ║
    ║ Please run the following command to download new browsers:              ║
    ║                                                                         ║
    ║     npx playwright install                                              ║
    ║                                                                         ║
    ║ <3 Playwright Team                                                      ║
    ╚═════════════════════════════════════════════════════════════════════════╝

    attachment #1: trace (application/zip) ─────────────────────────────────────────────────────────
    ../../test-results/visual-regression-design-c-88073-t---matches-design-baseline-ipad-pro/trace.zip
    Usage:

        npx playwright show-trace ../../test-results/visual-regression-design-c-88073-t---matches-design-baseline-ipad-pro/trace.zip

    ────────────────────────────────────────────────────────────────────────────────────────────────
]]>
</failure>
<system-out>
<![CDATA[
[[ATTACHMENT|visual-regression-design-c-88073-t---matches-design-baseline-ipad-pro/trace.zip]]
]]>
</system-out>
</testcase>
<testcase name="Visual Regression - Design Consistency › mobile-medium (393x852) › Onboarding - matches design baseline" classname="visual-regression/design-consistency.spec.ts" time="0.005">
<failure message="design-consistency.spec.ts:59:9 Onboarding - matches design baseline" type="FAILURE">
<![CDATA[  [ipad-pro] › visual-regression/design-consistency.spec.ts:59:9 › Visual Regression - Design Consistency › mobile-medium (393x852) › Onboarding - matches design baseline 

    Error: browserType.launch: Executable doesn't exist at /home/codespace/.cache/ms-playwright/chromium_headless_shell-1194/chrome-linux/headless_shell
    ╔═════════════════════════════════════════════════════════════════════════╗
    ║ Looks like Playwright Test or Playwright was just installed or updated. ║
    ║ Please run the following command to download new browsers:              ║
    ║                                                                         ║
    ║     npx playwright install                                              ║
    ║                                                                         ║
    ║ <3 Playwright Team                                                      ║
    ╚═════════════════════════════════════════════════════════════════════════╝

    attachment #1: trace (application/zip) ─────────────────────────────────────────────────────────
    ../../test-results/visual-regression-design-c-5f6de-g---matches-design-baseline-ipad-pro/trace.zip
    Usage:

        npx playwright show-trace ../../test-results/visual-regression-design-c-5f6de-g---matches-design-baseline-ipad-pro/trace.zip

    ────────────────────────────────────────────────────────────────────────────────────────────────
]]>
</failure>
<system-out>
<![CDATA[
[[ATTACHMENT|visual-regression-design-c-5f6de-g---matches-design-baseline-ipad-pro/trace.zip]]
]]>
</system-out>
</testcase>
<testcase name="Visual Regression - Design Consistency › mobile-medium (393x852) › Create Password - matches design baseline" classname="visual-regression/design-consistency.spec.ts" time="0.004">
<failure message="design-consistency.spec.ts:59:9 Create Password - matches design baseline" type="FAILURE">
<![CDATA[  [ipad-pro] › visual-regression/design-consistency.spec.ts:59:9 › Visual Regression - Design Consistency › mobile-medium (393x852) › Create Password - matches design baseline 

    Error: browserType.launch: Executable doesn't exist at /home/codespace/.cache/ms-playwright/chromium_headless_shell-1194/chrome-linux/headless_shell
    ╔═════════════════════════════════════════════════════════════════════════╗
    ║ Looks like Playwright Test or Playwright was just installed or updated. ║
    ║ Please run the following command to download new browsers:              ║
    ║                                                                         ║
    ║     npx playwright install                                              ║
    ║                                                                         ║
    ║ <3 Playwright Team                                                      ║
    ╚═════════════════════════════════════════════════════════════════════════╝

    attachment #1: trace (application/zip) ─────────────────────────────────────────────────────────
    ../../test-results/visual-regression-design-c-e7d2d-d---matches-design-baseline-ipad-pro/trace.zip
    Usage:

        npx playwright show-trace ../../test-results/visual-regression-design-c-e7d2d-d---matches-design-baseline-ipad-pro/trace.zip

    ────────────────────────────────────────────────────────────────────────────────────────────────
]]>
</failure>
<system-out>
<![CDATA[
[[ATTACHMENT|visual-regression-design-c-e7d2d-d---matches-design-baseline-ipad-pro/trace.zip]]
]]>
</system-out>
</testcase>
<testcase name="Visual Regression - Design Consistency › mobile-medium (393x852) › Setup Biometrics - matches design baseline" classname="visual-regression/design-consistency.spec.ts" time="0.004">
<failure message="design-consistency.spec.ts:59:9 Setup Biometrics - matches design baseline" type="FAILURE">
<![CDATA[  [ipad-pro] › visual-regression/design-consistency.spec.ts:59:9 › Visual Regression - Design Consistency › mobile-medium (393x852) › Setup Biometrics - matches design baseline 

    Error: browserType.launch: Executable doesn't exist at /home/codespace/.cache/ms-playwright/chromium_headless_shell-1194/chrome-linux/headless_shell
    ╔═════════════════════════════════════════════════════════════════════════╗
    ║ Looks like Playwright Test or Playwright was just installed or updated. ║
    ║ Please run the following command to download new browsers:              ║
    ║                                                                         ║
    ║     npx playwright install                                              ║
    ║                                                                         ║
    ║ <3 Playwright Team                                                      ║
    ╚═════════════════════════════════════════════════════════════════════════╝

    attachment #1: trace (application/zip) ─────────────────────────────────────────────────────────
    ../../test-results/visual-regression-design-c-d4b30-s---matches-design-baseline-ipad-pro/trace.zip
    Usage:

        npx playwright show-trace ../../test-results/visual-regression-design-c-d4b30-s---matches-design-baseline-ipad-pro/trace.zip

    ────────────────────────────────────────────────────────────────────────────────────────────────
]]>
</failure>
<system-out>
<![CDATA[
[[ATTACHMENT|visual-regression-design-c-d4b30-s---matches-design-baseline-ipad-pro/trace.zip]]
]]>
</system-out>
</testcase>
<testcase name="Visual Regression - Design Consistency › mobile-medium (393x852) › Generate Seed Phrase - matches design baseline" classname="visual-regression/design-consistency.spec.ts" time="0.005">
<failure message="design-consistency.spec.ts:59:9 Generate Seed Phrase - matches design baseline" type="FAILURE">
<![CDATA[  [ipad-pro] › visual-regression/design-consistency.spec.ts:59:9 › Visual Regression - Design Consistency › mobile-medium (393x852) › Generate Seed Phrase - matches design baseline 

    Error: browserType.launch: Executable doesn't exist at /home/codespace/.cache/ms-playwright/chromium_headless_shell-1194/chrome-linux/headless_shell
    ╔═════════════════════════════════════════════════════════════════════════╗
    ║ Looks like Playwright Test or Playwright was just installed or updated. ║
    ║ Please run the following command to download new browsers:              ║
    ║                                                                         ║
    ║     npx playwright install                                              ║
    ║                                                                         ║
    ║ <3 Playwright Team                                                      ║
    ╚═════════════════════════════════════════════════════════════════════════╝

    attachment #1: trace (application/zip) ─────────────────────────────────────────────────────────
    ../../test-results/visual-regression-design-c-7f4d1-e---matches-design-baseline-ipad-pro/trace.zip
    Usage:

        npx playwright show-trace ../../test-results/visual-regression-design-c-7f4d1-e---matches-design-baseline-ipad-pro/trace.zip

    ────────────────────────────────────────────────────────────────────────────────────────────────
]]>
</failure>
<system-out>
<![CDATA[
[[ATTACHMENT|visual-regression-design-c-7f4d1-e---matches-design-baseline-ipad-pro/trace.zip]]
]]>
</system-out>
</testcase>
<testcase name="Visual Regression - Design Consistency › mobile-medium (393x852) › Verify Seed Phrase - matches design baseline" classname="visual-regression/design-consistency.spec.ts" time="0.004">
<failure message="design-consistency.spec.ts:59:9 Verify Seed Phrase - matches design baseline" type="FAILURE">
<![CDATA[  [ipad-pro] › visual-regression/design-consistency.spec.ts:59:9 › Visual Regression - Design Consistency › mobile-medium (393x852) › Verify Seed Phrase - matches design baseline 

    Error: browserType.launch: Executable doesn't exist at /home/codespace/.cache/ms-playwright/chromium_headless_shell-1194/chrome-linux/headless_shell
    ╔═════════════════════════════════════════════════════════════════════════╗
    ║ Looks like Playwright Test or Playwright was just installed or updated. ║
    ║ Please run the following command to download new browsers:              ║
    ║                                                                         ║
    ║     npx playwright install                                              ║
    ║                                                                         ║
    ║ <3 Playwright Team                                                      ║
    ╚═════════════════════════════════════════════════════════════════════════╝

    attachment #1: trace (application/zip) ─────────────────────────────────────────────────────────
    ../../test-results/visual-regression-design-c-82e95-e---matches-design-baseline-ipad-pro/trace.zip
    Usage:

        npx playwright show-trace ../../test-results/visual-regression-design-c-82e95-e---matches-design-baseline-ipad-pro/trace.zip

    ────────────────────────────────────────────────────────────────────────────────────────────────
]]>
</failure>
<system-out>
<![CDATA[
[[ATTACHMENT|visual-regression-design-c-82e95-e---matches-design-baseline-ipad-pro/trace.zip]]
]]>
</system-out>
</testcase>
<testcase name="Visual Regression - Design Consistency › mobile-medium (393x852) › Set Passcode - matches design baseline" classname="visual-regression/design-consistency.spec.ts" time="0.004">
<failure message="design-consistency.spec.ts:59:9 Set Passcode - matches design baseline" type="FAILURE">
<![CDATA[  [ipad-pro] › visual-regression/design-consistency.spec.ts:59:9 › Visual Regression - Design Consistency › mobile-medium (393x852) › Set Passcode - matches design baseline 

    Error: browserType.launch: Executable doesn't exist at /home/codespace/.cache/ms-playwright/chromium_headless_shell-1194/chrome-linux/headless_shell
    ╔═════════════════════════════════════════════════════════════════════════╗
    ║ Looks like Playwright Test or Playwright was just installed or updated. ║
    ║ Please run the following command to download new browsers:              ║
    ║                                                                         ║
    ║     npx playwright install                                              ║
    ║                                                                         ║
    ║ <3 Playwright Team                                                      ║
    ╚═════════════════════════════════════════════════════════════════════════╝

    attachment #1: trace (application/zip) ─────────────────────────────────────────────────────────
    ../../test-results/visual-regression-design-c-2d4c3-e---matches-design-baseline-ipad-pro/trace.zip
    Usage:

        npx playwright show-trace ../../test-results/visual-regression-design-c-2d4c3-e---matches-design-baseline-ipad-pro/trace.zip

    ────────────────────────────────────────────────────────────────────────────────────────────────
]]>
</failure>
<system-out>
<![CDATA[
[[ATTACHMENT|visual-regression-design-c-2d4c3-e---matches-design-baseline-ipad-pro/trace.zip]]
]]>
</system-out>
</testcase>
<testcase name="Visual Regression - Design Consistency › mobile-medium (393x852) › Lock Page - matches design baseline" classname="visual-regression/design-consistency.spec.ts" time="0.004">
<failure message="design-consistency.spec.ts:59:9 Lock Page - matches design baseline" type="FAILURE">
<![CDATA[  [ipad-pro] › visual-regression/design-consistency.spec.ts:59:9 › Visual Regression - Design Consistency › mobile-medium (393x852) › Lock Page - matches design baseline 

    Error: browserType.launch: Executable doesn't exist at /home/codespace/.cache/ms-playwright/chromium_headless_shell-1194/chrome-linux/headless_shell
    ╔═════════════════════════════════════════════════════════════════════════╗
    ║ Looks like Playwright Test or Playwright was just installed or updated. ║
    ║ Please run the following command to download new browsers:              ║
    ║                                                                         ║
    ║     npx playwright install                                              ║
    ║                                                                         ║
    ║ <3 Playwright Team                                                      ║
    ╚═════════════════════════════════════════════════════════════════════════╝

    attachment #1: trace (application/zip) ─────────────────────────────────────────────────────────
    ../../test-results/visual-regression-design-c-5d0d4-e---matches-design-baseline-ipad-pro/trace.zip
    Usage:

        npx playwright show-trace ../../test-results/visual-regression-design-c-5d0d4-e---matches-design-baseline-ipad-pro/trace.zip

    ────────────────────────────────────────────────────────────────────────────────────────────────
]]>
</failure>
<system-out>
<![CDATA[
[[ATTACHMENT|visual-regression-design-c-5d0d4-e---matches-design-baseline-ipad-pro/trace.zip]]
]]>
</system-out>
</testcase>
<testcase name="Visual Regression - Design Consistency › mobile-medium (393x852) › Credentials - matches design baseline" classname="visual-regression/design-consistency.spec.ts" time="0.004">
<failure message="design-consistency.spec.ts:59:9 Credentials - matches design baseline" type="FAILURE">
<![CDATA[  [ipad-pro] › visual-regression/design-consistency.spec.ts:59:9 › Visual Regression - Design Consistency › mobile-medium (393x852) › Credentials - matches design baseline 

    Error: browserType.launch: Executable doesn't exist at /home/codespace/.cache/ms-playwright/chromium_headless_shell-1194/chrome-linux/headless_shell
    ╔═════════════════════════════════════════════════════════════════════════╗
    ║ Looks like Playwright Test or Playwright was just installed or updated. ║
    ║ Please run the following command to download new browsers:              ║
    ║                                                                         ║
    ║     npx playwright install                                              ║
    ║                                                                         ║
    ║ <3 Playwright Team                                                      ║
    ╚═════════════════════════════════════════════════════════════════════════╝

    attachment #1: trace (application/zip) ─────────────────────────────────────────────────────────
    ../../test-results/visual-regression-design-c-a585d-s---matches-design-baseline-ipad-pro/trace.zip
    Usage:

        npx playwright show-trace ../../test-results/visual-regression-design-c-a585d-s---matches-design-baseline-ipad-pro/trace.zip

    ────────────────────────────────────────────────────────────────────────────────────────────────
]]>
</failure>
<system-out>
<![CDATA[
[[ATTACHMENT|visual-regression-design-c-a585d-s---matches-design-baseline-ipad-pro/trace.zip]]
]]>
</system-out>
</testcase>
<testcase name="Visual Regression - Design Consistency › mobile-medium (393x852) › Identifiers - matches design baseline" classname="visual-regression/design-consistency.spec.ts" time="0.004">
<failure message="design-consistency.spec.ts:59:9 Identifiers - matches design baseline" type="FAILURE">
<![CDATA[  [ipad-pro] › visual-regression/design-consistency.spec.ts:59:9 › Visual Regression - Design Consistency › mobile-medium (393x852) › Identifiers - matches design baseline 

    Error: browserType.launch: Executable doesn't exist at /home/codespace/.cache/ms-playwright/chromium_headless_shell-1194/chrome-linux/headless_shell
    ╔═════════════════════════════════════════════════════════════════════════╗
    ║ Looks like Playwright Test or Playwright was just installed or updated. ║
    ║ Please run the following command to download new browsers:              ║
    ║                                                                         ║
    ║     npx playwright install                                              ║
    ║                                                                         ║
    ║ <3 Playwright Team                                                      ║
    ╚═════════════════════════════════════════════════════════════════════════╝

    attachment #1: trace (application/zip) ─────────────────────────────────────────────────────────
    ../../test-results/visual-regression-design-c-16296-s---matches-design-baseline-ipad-pro/trace.zip
    Usage:

        npx playwright show-trace ../../test-results/visual-regression-design-c-16296-s---matches-design-baseline-ipad-pro/trace.zip

    ────────────────────────────────────────────────────────────────────────────────────────────────
]]>
</failure>
<system-out>
<![CDATA[
[[ATTACHMENT|visual-regression-design-c-16296-s---matches-design-baseline-ipad-pro/trace.zip]]
]]>
</system-out>
</testcase>
<testcase name="Visual Regression - Design Consistency › mobile-medium (393x852) › Connections - matches design baseline" classname="visual-regression/design-consistency.spec.ts" time="0.004">
<failure message="design-consistency.spec.ts:59:9 Connections - matches design baseline" type="FAILURE">
<![CDATA[  [ipad-pro] › visual-regression/design-consistency.spec.ts:59:9 › Visual Regression - Design Consistency › mobile-medium (393x852) › Connections - matches design baseline 

    Error: browserType.launch: Executable doesn't exist at /home/codespace/.cache/ms-playwright/chromium_headless_shell-1194/chrome-linux/headless_shell
    ╔═════════════════════════════════════════════════════════════════════════╗
    ║ Looks like Playwright Test or Playwright was just installed or updated. ║
    ║ Please run the following command to download new browsers:              ║
    ║                                                                         ║
    ║     npx playwright install                                              ║
    ║                                                                         ║
    ║ <3 Playwright Team                                                      ║
    ╚═════════════════════════════════════════════════════════════════════════╝

    attachment #1: trace (application/zip) ─────────────────────────────────────────────────────────
    ../../test-results/visual-regression-design-c-70215-s---matches-design-baseline-ipad-pro/trace.zip
    Usage:

        npx playwright show-trace ../../test-results/visual-regression-design-c-70215-s---matches-design-baseline-ipad-pro/trace.zip

    ────────────────────────────────────────────────────────────────────────────────────────────────
]]>
</failure>
<system-out>
<![CDATA[
[[ATTACHMENT|visual-regression-design-c-70215-s---matches-design-baseline-ipad-pro/trace.zip]]
]]>
</system-out>
</testcase>
<testcase name="Visual Regression - Design Consistency › mobile-medium (393x852) › Notifications - matches design baseline" classname="visual-regression/design-consistency.spec.ts" time="0.004">
<failure message="design-consistency.spec.ts:59:9 Notifications - matches design baseline" type="FAILURE">
<![CDATA[  [ipad-pro] › visual-regression/design-consistency.spec.ts:59:9 › Visual Regression - Design Consistency › mobile-medium (393x852) › Notifications - matches design baseline 

    Error: browserType.launch: Executable doesn't exist at /home/codespace/.cache/ms-playwright/chromium_headless_shell-1194/chrome-linux/headless_shell
    ╔═════════════════════════════════════════════════════════════════════════╗
    ║ Looks like Playwright Test or Playwright was just installed or updated. ║
    ║ Please run the following command to download new browsers:              ║
    ║                                                                         ║
    ║     npx playwright install                                              ║
    ║                                                                         ║
    ║ <3 Playwright Team                                                      ║
    ╚═════════════════════════════════════════════════════════════════════════╝

    attachment #1: trace (application/zip) ─────────────────────────────────────────────────────────
    ../../test-results/visual-regression-design-c-e3487-s---matches-design-baseline-ipad-pro/trace.zip
    Usage:

        npx playwright show-trace ../../test-results/visual-regression-design-c-e3487-s---matches-design-baseline-ipad-pro/trace.zip

    ────────────────────────────────────────────────────────────────────────────────────────────────
]]>
</failure>
<system-out>
<![CDATA[
[[ATTACHMENT|visual-regression-design-c-e3487-s---matches-design-baseline-ipad-pro/trace.zip]]
]]>
</system-out>
</testcase>
<testcase name="Visual Regression - Design Consistency › mobile-medium (393x852) › Menu - matches design baseline" classname="visual-regression/design-consistency.spec.ts" time="0.005">
<failure message="design-consistency.spec.ts:59:9 Menu - matches design baseline" type="FAILURE">
<![CDATA[  [ipad-pro] › visual-regression/design-consistency.spec.ts:59:9 › Visual Regression - Design Consistency › mobile-medium (393x852) › Menu - matches design baseline 

    Error: browserType.launch: Executable doesn't exist at /home/codespace/.cache/ms-playwright/chromium_headless_shell-1194/chrome-linux/headless_shell
    ╔═════════════════════════════════════════════════════════════════════════╗
    ║ Looks like Playwright Test or Playwright was just installed or updated. ║
    ║ Please run the following command to download new browsers:              ║
    ║                                                                         ║
    ║     npx playwright install                                              ║
    ║                                                                         ║
    ║ <3 Playwright Team                                                      ║
    ╚═════════════════════════════════════════════════════════════════════════╝

    attachment #1: trace (application/zip) ─────────────────────────────────────────────────────────
    ../../test-results/visual-regression-design-c-d6e62-u---matches-design-baseline-ipad-pro/trace.zip
    Usage:

        npx playwright show-trace ../../test-results/visual-regression-design-c-d6e62-u---matches-design-baseline-ipad-pro/trace.zip

    ────────────────────────────────────────────────────────────────────────────────────────────────
]]>
</failure>
<system-out>
<![CDATA[
[[ATTACHMENT|visual-regression-design-c-d6e62-u---matches-design-baseline-ipad-pro/trace.zip]]
]]>
</system-out>
</testcase>
<testcase name="Visual Regression - Design Consistency › mobile-medium (393x852) › Scan - matches design baseline" classname="visual-regression/design-consistency.spec.ts" time="0.004">
<failure message="design-consistency.spec.ts:59:9 Scan - matches design baseline" type="FAILURE">
<![CDATA[  [ipad-pro] › visual-regression/design-consistency.spec.ts:59:9 › Visual Regression - Design Consistency › mobile-medium (393x852) › Scan - matches design baseline 

    Error: browserType.launch: Executable doesn't exist at /home/codespace/.cache/ms-playwright/chromium_headless_shell-1194/chrome-linux/headless_shell
    ╔═════════════════════════════════════════════════════════════════════════╗
    ║ Looks like Playwright Test or Playwright was just installed or updated. ║
    ║ Please run the following command to download new browsers:              ║
    ║                                                                         ║
    ║     npx playwright install                                              ║
    ║                                                                         ║
    ║ <3 Playwright Team                                                      ║
    ╚═════════════════════════════════════════════════════════════════════════╝

    attachment #1: trace (application/zip) ─────────────────────────────────────────────────────────
    ../../test-results/visual-regression-design-c-dbac6-n---matches-design-baseline-ipad-pro/trace.zip
    Usage:

        npx playwright show-trace ../../test-results/visual-regression-design-c-dbac6-n---matches-design-baseline-ipad-pro/trace.zip

    ────────────────────────────────────────────────────────────────────────────────────────────────
]]>
</failure>
<system-out>
<![CDATA[
[[ATTACHMENT|visual-regression-design-c-dbac6-n---matches-design-baseline-ipad-pro/trace.zip]]
]]>
</system-out>
</testcase>
<testcase name="Visual Regression - Design Consistency › tablet (768x1024) › Biometric Enrollment - matches design baseline" classname="visual-regression/design-consistency.spec.ts" time="0.005">
<failure message="design-consistency.spec.ts:59:9 Biometric Enrollment - matches design baseline" type="FAILURE">
<![CDATA[  [ipad-pro] › visual-regression/design-consistency.spec.ts:59:9 › Visual Regression - Design Consistency › tablet (768x1024) › Biometric Enrollment - matches design baseline 

    Error: browserType.launch: Executable doesn't exist at /home/codespace/.cache/ms-playwright/chromium_headless_shell-1194/chrome-linux/headless_shell
    ╔═════════════════════════════════════════════════════════════════════════╗
    ║ Looks like Playwright Test or Playwright was just installed or updated. ║
    ║ Please run the following command to download new browsers:              ║
    ║                                                                         ║
    ║     npx playwright install                                              ║
    ║                                                                         ║
    ║ <3 Playwright Team                                                      ║
    ╚═════════════════════════════════════════════════════════════════════════╝

    attachment #1: trace (application/zip) ─────────────────────────────────────────────────────────
    ../../test-results/visual-regression-design-c-8cc3f-t---matches-design-baseline-ipad-pro/trace.zip
    Usage:

        npx playwright show-trace ../../test-results/visual-regression-design-c-8cc3f-t---matches-design-baseline-ipad-pro/trace.zip

    ────────────────────────────────────────────────────────────────────────────────────────────────
]]>
</failure>
<system-out>
<![CDATA[
[[ATTACHMENT|visual-regression-design-c-8cc3f-t---matches-design-baseline-ipad-pro/trace.zip]]
]]>
</system-out>
</testcase>
<testcase name="Visual Regression - Design Consistency › tablet (768x1024) › Onboarding - matches design baseline" classname="visual-regression/design-consistency.spec.ts" time="0.004">
<failure message="design-consistency.spec.ts:59:9 Onboarding - matches design baseline" type="FAILURE">
<![CDATA[  [ipad-pro] › visual-regression/design-consistency.spec.ts:59:9 › Visual Regression - Design Consistency › tablet (768x1024) › Onboarding - matches design baseline 

    Error: browserType.launch: Executable doesn't exist at /home/codespace/.cache/ms-playwright/chromium_headless_shell-1194/chrome-linux/headless_shell
    ╔═════════════════════════════════════════════════════════════════════════╗
    ║ Looks like Playwright Test or Playwright was just installed or updated. ║
    ║ Please run the following command to download new browsers:              ║
    ║                                                                         ║
    ║     npx playwright install                                              ║
    ║                                                                         ║
    ║ <3 Playwright Team                                                      ║
    ╚═════════════════════════════════════════════════════════════════════════╝

    attachment #1: trace (application/zip) ─────────────────────────────────────────────────────────
    ../../test-results/visual-regression-design-c-e9f23-g---matches-design-baseline-ipad-pro/trace.zip
    Usage:

        npx playwright show-trace ../../test-results/visual-regression-design-c-e9f23-g---matches-design-baseline-ipad-pro/trace.zip

    ────────────────────────────────────────────────────────────────────────────────────────────────
]]>
</failure>
<system-out>
<![CDATA[
[[ATTACHMENT|visual-regression-design-c-e9f23-g---matches-design-baseline-ipad-pro/trace.zip]]
]]>
</system-out>
</testcase>
<testcase name="Visual Regression - Design Consistency › tablet (768x1024) › Create Password - matches design baseline" classname="visual-regression/design-consistency.spec.ts" time="0.004">
<failure message="design-consistency.spec.ts:59:9 Create Password - matches design baseline" type="FAILURE">
<![CDATA[  [ipad-pro] › visual-regression/design-consistency.spec.ts:59:9 › Visual Regression - Design Consistency › tablet (768x1024) › Create Password - matches design baseline 

    Error: browserType.launch: Executable doesn't exist at /home/codespace/.cache/ms-playwright/chromium_headless_shell-1194/chrome-linux/headless_shell
    ╔═════════════════════════════════════════════════════════════════════════╗
    ║ Looks like Playwright Test or Playwright was just installed or updated. ║
    ║ Please run the following command to download new browsers:              ║
    ║                                                                         ║
    ║     npx playwright install                                              ║
    ║                                                                         ║
    ║ <3 Playwright Team                                                      ║
    ╚═════════════════════════════════════════════════════════════════════════╝

    attachment #1: trace (application/zip) ─────────────────────────────────────────────────────────
    ../../test-results/visual-regression-design-c-fdbce-d---matches-design-baseline-ipad-pro/trace.zip
    Usage:

        npx playwright show-trace ../../test-results/visual-regression-design-c-fdbce-d---matches-design-baseline-ipad-pro/trace.zip

    ────────────────────────────────────────────────────────────────────────────────────────────────
]]>
</failure>
<system-out>
<![CDATA[
[[ATTACHMENT|visual-regression-design-c-fdbce-d---matches-design-baseline-ipad-pro/trace.zip]]
]]>
</system-out>
</testcase>
<testcase name="Visual Regression - Design Consistency › tablet (768x1024) › Setup Biometrics - matches design baseline" classname="visual-regression/design-consistency.spec.ts" time="0.004">
<failure message="design-consistency.spec.ts:59:9 Setup Biometrics - matches design baseline" type="FAILURE">
<![CDATA[  [ipad-pro] › visual-regression/design-consistency.spec.ts:59:9 › Visual Regression - Design Consistency › tablet (768x1024) › Setup Biometrics - matches design baseline 

    Error: browserType.launch: Executable doesn't exist at /home/codespace/.cache/ms-playwright/chromium_headless_shell-1194/chrome-linux/headless_shell
    ╔═════════════════════════════════════════════════════════════════════════╗
    ║ Looks like Playwright Test or Playwright was just installed or updated. ║
    ║ Please run the following command to download new browsers:              ║
    ║                                                                         ║
    ║     npx playwright install                                              ║
    ║                                                                         ║
    ║ <3 Playwright Team                                                      ║
    ╚═════════════════════════════════════════════════════════════════════════╝

    attachment #1: trace (application/zip) ─────────────────────────────────────────────────────────
    ../../test-results/visual-regression-design-c-a013c-s---matches-design-baseline-ipad-pro/trace.zip
    Usage:

        npx playwright show-trace ../../test-results/visual-regression-design-c-a013c-s---matches-design-baseline-ipad-pro/trace.zip

    ────────────────────────────────────────────────────────────────────────────────────────────────
]]>
</failure>
<system-out>
<![CDATA[
[[ATTACHMENT|visual-regression-design-c-a013c-s---matches-design-baseline-ipad-pro/trace.zip]]
]]>
</system-out>
</testcase>
<testcase name="Visual Regression - Design Consistency › tablet (768x1024) › Generate Seed Phrase - matches design baseline" classname="visual-regression/design-consistency.spec.ts" time="0.005">
<failure message="design-consistency.spec.ts:59:9 Generate Seed Phrase - matches design baseline" type="FAILURE">
<![CDATA[  [ipad-pro] › visual-regression/design-consistency.spec.ts:59:9 › Visual Regression - Design Consistency › tablet (768x1024) › Generate Seed Phrase - matches design baseline 

    Error: browserType.launch: Executable doesn't exist at /home/codespace/.cache/ms-playwright/chromium_headless_shell-1194/chrome-linux/headless_shell
    ╔═════════════════════════════════════════════════════════════════════════╗
    ║ Looks like Playwright Test or Playwright was just installed or updated. ║
    ║ Please run the following command to download new browsers:              ║
    ║                                                                         ║
    ║     npx playwright install                                              ║
    ║                                                                         ║
    ║ <3 Playwright Team                                                      ║
    ╚═════════════════════════════════════════════════════════════════════════╝

    attachment #1: trace (application/zip) ─────────────────────────────────────────────────────────
    ../../test-results/visual-regression-design-c-42083-e---matches-design-baseline-ipad-pro/trace.zip
    Usage:

        npx playwright show-trace ../../test-results/visual-regression-design-c-42083-e---matches-design-baseline-ipad-pro/trace.zip

    ────────────────────────────────────────────────────────────────────────────────────────────────
]]>
</failure>
<system-out>
<![CDATA[
[[ATTACHMENT|visual-regression-design-c-42083-e---matches-design-baseline-ipad-pro/trace.zip]]
]]>
</system-out>
</testcase>
<testcase name="Visual Regression - Design Consistency › tablet (768x1024) › Verify Seed Phrase - matches design baseline" classname="visual-regression/design-consistency.spec.ts" time="0.004">
<failure message="design-consistency.spec.ts:59:9 Verify Seed Phrase - matches design baseline" type="FAILURE">
<![CDATA[  [ipad-pro] › visual-regression/design-consistency.spec.ts:59:9 › Visual Regression - Design Consistency › tablet (768x1024) › Verify Seed Phrase - matches design baseline 

    Error: browserType.launch: Executable doesn't exist at /home/codespace/.cache/ms-playwright/chromium_headless_shell-1194/chrome-linux/headless_shell
    ╔═════════════════════════════════════════════════════════════════════════╗
    ║ Looks like Playwright Test or Playwright was just installed or updated. ║
    ║ Please run the following command to download new browsers:              ║
    ║                                                                         ║
    ║     npx playwright install                                              ║
    ║                                                                         ║
    ║ <3 Playwright Team                                                      ║
    ╚═════════════════════════════════════════════════════════════════════════╝

    attachment #1: trace (application/zip) ─────────────────────────────────────────────────────────
    ../../test-results/visual-regression-design-c-adacf-e---matches-design-baseline-ipad-pro/trace.zip
    Usage:

        npx playwright show-trace ../../test-results/visual-regression-design-c-adacf-e---matches-design-baseline-ipad-pro/trace.zip

    ────────────────────────────────────────────────────────────────────────────────────────────────
]]>
</failure>
<system-out>
<![CDATA[
[[ATTACHMENT|visual-regression-design-c-adacf-e---matches-design-baseline-ipad-pro/trace.zip]]
]]>
</system-out>
</testcase>
<testcase name="Visual Regression - Design Consistency › tablet (768x1024) › Set Passcode - matches design baseline" classname="visual-regression/design-consistency.spec.ts" time="0.005">
<failure message="design-consistency.spec.ts:59:9 Set Passcode - matches design baseline" type="FAILURE">
<![CDATA[  [ipad-pro] › visual-regression/design-consistency.spec.ts:59:9 › Visual Regression - Design Consistency › tablet (768x1024) › Set Passcode - matches design baseline 

    Error: browserType.launch: Executable doesn't exist at /home/codespace/.cache/ms-playwright/chromium_headless_shell-1194/chrome-linux/headless_shell
    ╔═════════════════════════════════════════════════════════════════════════╗
    ║ Looks like Playwright Test or Playwright was just installed or updated. ║
    ║ Please run the following command to download new browsers:              ║
    ║                                                                         ║
    ║     npx playwright install                                              ║
    ║                                                                         ║
    ║ <3 Playwright Team                                                      ║
    ╚═════════════════════════════════════════════════════════════════════════╝

    attachment #1: trace (application/zip) ─────────────────────────────────────────────────────────
    ../../test-results/visual-regression-design-c-8ca48-e---matches-design-baseline-ipad-pro/trace.zip
    Usage:

        npx playwright show-trace ../../test-results/visual-regression-design-c-8ca48-e---matches-design-baseline-ipad-pro/trace.zip

    ────────────────────────────────────────────────────────────────────────────────────────────────
]]>
</failure>
<system-out>
<![CDATA[
[[ATTACHMENT|visual-regression-design-c-8ca48-e---matches-design-baseline-ipad-pro/trace.zip]]
]]>
</system-out>
</testcase>
<testcase name="Visual Regression - Design Consistency › tablet (768x1024) › Lock Page - matches design baseline" classname="visual-regression/design-consistency.spec.ts" time="0.004">
<failure message="design-consistency.spec.ts:59:9 Lock Page - matches design baseline" type="FAILURE">
<![CDATA[  [ipad-pro] › visual-regression/design-consistency.spec.ts:59:9 › Visual Regression - Design Consistency › tablet (768x1024) › Lock Page - matches design baseline 

    Error: browserType.launch: Executable doesn't exist at /home/codespace/.cache/ms-playwright/chromium_headless_shell-1194/chrome-linux/headless_shell
    ╔═════════════════════════════════════════════════════════════════════════╗
    ║ Looks like Playwright Test or Playwright was just installed or updated. ║
    ║ Please run the following command to download new browsers:              ║
    ║                                                                         ║
    ║     npx playwright install                                              ║
    ║                                                                         ║
    ║ <3 Playwright Team                                                      ║
    ╚═════════════════════════════════════════════════════════════════════════╝

    attachment #1: trace (application/zip) ─────────────────────────────────────────────────────────
    ../../test-results/visual-regression-design-c-4fc61-e---matches-design-baseline-ipad-pro/trace.zip
    Usage:

        npx playwright show-trace ../../test-results/visual-regression-design-c-4fc61-e---matches-design-baseline-ipad-pro/trace.zip

    ────────────────────────────────────────────────────────────────────────────────────────────────
]]>
</failure>
<system-out>
<![CDATA[
[[ATTACHMENT|visual-regression-design-c-4fc61-e---matches-design-baseline-ipad-pro/trace.zip]]
]]>
</system-out>
</testcase>
<testcase name="Visual Regression - Design Consistency › tablet (768x1024) › Credentials - matches design baseline" classname="visual-regression/design-consistency.spec.ts" time="0.004">
<failure message="design-consistency.spec.ts:59:9 Credentials - matches design baseline" type="FAILURE">
<![CDATA[  [ipad-pro] › visual-regression/design-consistency.spec.ts:59:9 › Visual Regression - Design Consistency › tablet (768x1024) › Credentials - matches design baseline 

    Error: browserType.launch: Executable doesn't exist at /home/codespace/.cache/ms-playwright/chromium_headless_shell-1194/chrome-linux/headless_shell
    ╔═════════════════════════════════════════════════════════════════════════╗
    ║ Looks like Playwright Test or Playwright was just installed or updated. ║
    ║ Please run the following command to download new browsers:              ║
    ║                                                                         ║
    ║     npx playwright install                                              ║
    ║                                                                         ║
    ║ <3 Playwright Team                                                      ║
    ╚═════════════════════════════════════════════════════════════════════════╝

    attachment #1: trace (application/zip) ─────────────────────────────────────────────────────────
    ../../test-results/visual-regression-design-c-0816e-s---matches-design-baseline-ipad-pro/trace.zip
    Usage:

        npx playwright show-trace ../../test-results/visual-regression-design-c-0816e-s---matches-design-baseline-ipad-pro/trace.zip

    ────────────────────────────────────────────────────────────────────────────────────────────────
]]>
</failure>
<system-out>
<![CDATA[
[[ATTACHMENT|visual-regression-design-c-0816e-s---matches-design-baseline-ipad-pro/trace.zip]]
]]>
</system-out>
</testcase>
<testcase name="Visual Regression - Design Consistency › tablet (768x1024) › Identifiers - matches design baseline" classname="visual-regression/design-consistency.spec.ts" time="0.004">
<failure message="design-consistency.spec.ts:59:9 Identifiers - matches design baseline" type="FAILURE">
<![CDATA[  [ipad-pro] › visual-regression/design-consistency.spec.ts:59:9 › Visual Regression - Design Consistency › tablet (768x1024) › Identifiers - matches design baseline 

    Error: browserType.launch: Executable doesn't exist at /home/codespace/.cache/ms-playwright/chromium_headless_shell-1194/chrome-linux/headless_shell
    ╔═════════════════════════════════════════════════════════════════════════╗
    ║ Looks like Playwright Test or Playwright was just installed or updated. ║
    ║ Please run the following command to download new browsers:              ║
    ║                                                                         ║
    ║     npx playwright install                                              ║
    ║                                                                         ║
    ║ <3 Playwright Team                                                      ║
    ╚═════════════════════════════════════════════════════════════════════════╝

    attachment #1: trace (application/zip) ─────────────────────────────────────────────────────────
    ../../test-results/visual-regression-design-c-e8dea-s---matches-design-baseline-ipad-pro/trace.zip
    Usage:

        npx playwright show-trace ../../test-results/visual-regression-design-c-e8dea-s---matches-design-baseline-ipad-pro/trace.zip

    ────────────────────────────────────────────────────────────────────────────────────────────────
]]>
</failure>
<system-out>
<![CDATA[
[[ATTACHMENT|visual-regression-design-c-e8dea-s---matches-design-baseline-ipad-pro/trace.zip]]
]]>
</system-out>
</testcase>
<testcase name="Visual Regression - Design Consistency › tablet (768x1024) › Connections - matches design baseline" classname="visual-regression/design-consistency.spec.ts" time="0.004">
<failure message="design-consistency.spec.ts:59:9 Connections - matches design baseline" type="FAILURE">
<![CDATA[  [ipad-pro] › visual-regression/design-consistency.spec.ts:59:9 › Visual Regression - Design Consistency › tablet (768x1024) › Connections - matches design baseline 

    Error: browserType.launch: Executable doesn't exist at /home/codespace/.cache/ms-playwright/chromium_headless_shell-1194/chrome-linux/headless_shell
    ╔═════════════════════════════════════════════════════════════════════════╗
    ║ Looks like Playwright Test or Playwright was just installed or updated. ║
    ║ Please run the following command to download new browsers:              ║
    ║                                                                         ║
    ║     npx playwright install                                              ║
    ║                                                                         ║
    ║ <3 Playwright Team                                                      ║
    ╚═════════════════════════════════════════════════════════════════════════╝

    attachment #1: trace (application/zip) ─────────────────────────────────────────────────────────
    ../../test-results/visual-regression-design-c-f3dda-s---matches-design-baseline-ipad-pro/trace.zip
    Usage:

        npx playwright show-trace ../../test-results/visual-regression-design-c-f3dda-s---matches-design-baseline-ipad-pro/trace.zip

    ────────────────────────────────────────────────────────────────────────────────────────────────
]]>
</failure>
<system-out>
<![CDATA[
[[ATTACHMENT|visual-regression-design-c-f3dda-s---matches-design-baseline-ipad-pro/trace.zip]]
]]>
</system-out>
</testcase>
<testcase name="Visual Regression - Design Consistency › tablet (768x1024) › Notifications - matches design baseline" classname="visual-regression/design-consistency.spec.ts" time="0.005">
<failure message="design-consistency.spec.ts:59:9 Notifications - matches design baseline" type="FAILURE">
<![CDATA[  [ipad-pro] › visual-regression/design-consistency.spec.ts:59:9 › Visual Regression - Design Consistency › tablet (768x1024) › Notifications - matches design baseline 

    Error: browserType.launch: Executable doesn't exist at /home/codespace/.cache/ms-playwright/chromium_headless_shell-1194/chrome-linux/headless_shell
    ╔═════════════════════════════════════════════════════════════════════════╗
    ║ Looks like Playwright Test or Playwright was just installed or updated. ║
    ║ Please run the following command to download new browsers:              ║
    ║                                                                         ║
    ║     npx playwright install                                              ║
    ║                                                                         ║
    ║ <3 Playwright Team                                                      ║
    ╚═════════════════════════════════════════════════════════════════════════╝

    attachment #1: trace (application/zip) ─────────────────────────────────────────────────────────
    ../../test-results/visual-regression-design-c-06e6a-s---matches-design-baseline-ipad-pro/trace.zip
    Usage:

        npx playwright show-trace ../../test-results/visual-regression-design-c-06e6a-s---matches-design-baseline-ipad-pro/trace.zip

    ────────────────────────────────────────────────────────────────────────────────────────────────
]]>
</failure>
<system-out>
<![CDATA[
[[ATTACHMENT|visual-regression-design-c-06e6a-s---matches-design-baseline-ipad-pro/trace.zip]]
]]>
</system-out>
</testcase>
<testcase name="Visual Regression - Design Consistency › tablet (768x1024) › Menu - matches design baseline" classname="visual-regression/design-consistency.spec.ts" time="0.004">
<failure message="design-consistency.spec.ts:59:9 Menu - matches design baseline" type="FAILURE">
<![CDATA[  [ipad-pro] › visual-regression/design-consistency.spec.ts:59:9 › Visual Regression - Design Consistency › tablet (768x1024) › Menu - matches design baseline 

    Error: browserType.launch: Executable doesn't exist at /home/codespace/.cache/ms-playwright/chromium_headless_shell-1194/chrome-linux/headless_shell
    ╔═════════════════════════════════════════════════════════════════════════╗
    ║ Looks like Playwright Test or Playwright was just installed or updated. ║
    ║ Please run the following command to download new browsers:              ║
    ║                                                                         ║
    ║     npx playwright install                                              ║
    ║                                                                         ║
    ║ <3 Playwright Team                                                      ║
    ╚═════════════════════════════════════════════════════════════════════════╝

    attachment #1: trace (application/zip) ─────────────────────────────────────────────────────────
    ../../test-results/visual-regression-design-c-59348-u---matches-design-baseline-ipad-pro/trace.zip
    Usage:

        npx playwright show-trace ../../test-results/visual-regression-design-c-59348-u---matches-design-baseline-ipad-pro/trace.zip

    ────────────────────────────────────────────────────────────────────────────────────────────────
]]>
</failure>
<system-out>
<![CDATA[
[[ATTACHMENT|visual-regression-design-c-59348-u---matches-design-baseline-ipad-pro/trace.zip]]
]]>
</system-out>
</testcase>
<testcase name="Visual Regression - Design Consistency › tablet (768x1024) › Scan - matches design baseline" classname="visual-regression/design-consistency.spec.ts" time="0.004">
<failure message="design-consistency.spec.ts:59:9 Scan - matches design baseline" type="FAILURE">
<![CDATA[  [ipad-pro] › visual-regression/design-consistency.spec.ts:59:9 › Visual Regression - Design Consistency › tablet (768x1024) › Scan - matches design baseline 

    Error: browserType.launch: Executable doesn't exist at /home/codespace/.cache/ms-playwright/chromium_headless_shell-1194/chrome-linux/headless_shell
    ╔═════════════════════════════════════════════════════════════════════════╗
    ║ Looks like Playwright Test or Playwright was just installed or updated. ║
    ║ Please run the following command to download new browsers:              ║
    ║                                                                         ║
    ║     npx playwright install                                              ║
    ║                                                                         ║
    ║ <3 Playwright Team                                                      ║
    ╚═════════════════════════════════════════════════════════════════════════╝

    attachment #1: trace (application/zip) ─────────────────────────────────────────────────────────
    ../../test-results/visual-regression-design-c-93218-n---matches-design-baseline-ipad-pro/trace.zip
    Usage:

        npx playwright show-trace ../../test-results/visual-regression-design-c-93218-n---matches-design-baseline-ipad-pro/trace.zip

    ────────────────────────────────────────────────────────────────────────────────────────────────
]]>
</failure>
<system-out>
<![CDATA[
[[ATTACHMENT|visual-regression-design-c-93218-n---matches-design-baseline-ipad-pro/trace.zip]]
]]>
</system-out>
</testcase>
<testcase name="Visual Regression - Design Consistency › desktop (1280x720) › Biometric Enrollment - matches design baseline" classname="visual-regression/design-consistency.spec.ts" time="0.005">
<failure message="design-consistency.spec.ts:59:9 Biometric Enrollment - matches design baseline" type="FAILURE">
<![CDATA[  [ipad-pro] › visual-regression/design-consistency.spec.ts:59:9 › Visual Regression - Design Consistency › desktop (1280x720) › Biometric Enrollment - matches design baseline 

    Error: browserType.launch: Executable doesn't exist at /home/codespace/.cache/ms-playwright/chromium_headless_shell-1194/chrome-linux/headless_shell
    ╔═════════════════════════════════════════════════════════════════════════╗
    ║ Looks like Playwright Test or Playwright was just installed or updated. ║
    ║ Please run the following command to download new browsers:              ║
    ║                                                                         ║
    ║     npx playwright install                                              ║
    ║                                                                         ║
    ║ <3 Playwright Team                                                      ║
    ╚═════════════════════════════════════════════════════════════════════════╝

    attachment #1: trace (application/zip) ─────────────────────────────────────────────────────────
    ../../test-results/visual-regression-design-c-97d20-t---matches-design-baseline-ipad-pro/trace.zip
    Usage:

        npx playwright show-trace ../../test-results/visual-regression-design-c-97d20-t---matches-design-baseline-ipad-pro/trace.zip

    ────────────────────────────────────────────────────────────────────────────────────────────────
]]>
</failure>
<system-out>
<![CDATA[
[[ATTACHMENT|visual-regression-design-c-97d20-t---matches-design-baseline-ipad-pro/trace.zip]]
]]>
</system-out>
</testcase>
<testcase name="Visual Regression - Design Consistency › desktop (1280x720) › Onboarding - matches design baseline" classname="visual-regression/design-consistency.spec.ts" time="0.004">
<failure message="design-consistency.spec.ts:59:9 Onboarding - matches design baseline" type="FAILURE">
<![CDATA[  [ipad-pro] › visual-regression/design-consistency.spec.ts:59:9 › Visual Regression - Design Consistency › desktop (1280x720) › Onboarding - matches design baseline 

    Error: browserType.launch: Executable doesn't exist at /home/codespace/.cache/ms-playwright/chromium_headless_shell-1194/chrome-linux/headless_shell
    ╔═════════════════════════════════════════════════════════════════════════╗
    ║ Looks like Playwright Test or Playwright was just installed or updated. ║
    ║ Please run the following command to download new browsers:              ║
    ║                                                                         ║
    ║     npx playwright install                                              ║
    ║                                                                         ║
    ║ <3 Playwright Team                                                      ║
    ╚═════════════════════════════════════════════════════════════════════════╝

    attachment #1: trace (application/zip) ─────────────────────────────────────────────────────────
    ../../test-results/visual-regression-design-c-e90b5-g---matches-design-baseline-ipad-pro/trace.zip
    Usage:

        npx playwright show-trace ../../test-results/visual-regression-design-c-e90b5-g---matches-design-baseline-ipad-pro/trace.zip

    ────────────────────────────────────────────────────────────────────────────────────────────────
]]>
</failure>
<system-out>
<![CDATA[
[[ATTACHMENT|visual-regression-design-c-e90b5-g---matches-design-baseline-ipad-pro/trace.zip]]
]]>
</system-out>
</testcase>
<testcase name="Visual Regression - Design Consistency › desktop (1280x720) › Create Password - matches design baseline" classname="visual-regression/design-consistency.spec.ts" time="0.004">
<failure message="design-consistency.spec.ts:59:9 Create Password - matches design baseline" type="FAILURE">
<![CDATA[  [ipad-pro] › visual-regression/design-consistency.spec.ts:59:9 › Visual Regression - Design Consistency › desktop (1280x720) › Create Password - matches design baseline 

    Error: browserType.launch: Executable doesn't exist at /home/codespace/.cache/ms-playwright/chromium_headless_shell-1194/chrome-linux/headless_shell
    ╔═════════════════════════════════════════════════════════════════════════╗
    ║ Looks like Playwright Test or Playwright was just installed or updated. ║
    ║ Please run the following command to download new browsers:              ║
    ║                                                                         ║
    ║     npx playwright install                                              ║
    ║                                                                         ║
    ║ <3 Playwright Team                                                      ║
    ╚═════════════════════════════════════════════════════════════════════════╝

    attachment #1: trace (application/zip) ─────────────────────────────────────────────────────────
    ../../test-results/visual-regression-design-c-a895b-d---matches-design-baseline-ipad-pro/trace.zip
    Usage:

        npx playwright show-trace ../../test-results/visual-regression-design-c-a895b-d---matches-design-baseline-ipad-pro/trace.zip

    ────────────────────────────────────────────────────────────────────────────────────────────────
]]>
</failure>
<system-out>
<![CDATA[
[[ATTACHMENT|visual-regression-design-c-a895b-d---matches-design-baseline-ipad-pro/trace.zip]]
]]>
</system-out>
</testcase>
<testcase name="Visual Regression - Design Consistency › desktop (1280x720) › Setup Biometrics - matches design baseline" classname="visual-regression/design-consistency.spec.ts" time="0.005">
<failure message="design-consistency.spec.ts:59:9 Setup Biometrics - matches design baseline" type="FAILURE">
<![CDATA[  [ipad-pro] › visual-regression/design-consistency.spec.ts:59:9 › Visual Regression - Design Consistency › desktop (1280x720) › Setup Biometrics - matches design baseline 

    Error: browserType.launch: Executable doesn't exist at /home/codespace/.cache/ms-playwright/chromium_headless_shell-1194/chrome-linux/headless_shell
    ╔═════════════════════════════════════════════════════════════════════════╗
    ║ Looks like Playwright Test or Playwright was just installed or updated. ║
    ║ Please run the following command to download new browsers:              ║
    ║                                                                         ║
    ║     npx playwright install                                              ║
    ║                                                                         ║
    ║ <3 Playwright Team                                                      ║
    ╚═════════════════════════════════════════════════════════════════════════╝

    attachment #1: trace (application/zip) ─────────────────────────────────────────────────────────
    ../../test-results/visual-regression-design-c-ba6ed-s---matches-design-baseline-ipad-pro/trace.zip
    Usage:

        npx playwright show-trace ../../test-results/visual-regression-design-c-ba6ed-s---matches-design-baseline-ipad-pro/trace.zip

    ────────────────────────────────────────────────────────────────────────────────────────────────
]]>
</failure>
<system-out>
<![CDATA[
[[ATTACHMENT|visual-regression-design-c-ba6ed-s---matches-design-baseline-ipad-pro/trace.zip]]
]]>
</system-out>
</testcase>
<testcase name="Visual Regression - Design Consistency › desktop (1280x720) › Generate Seed Phrase - matches design baseline" classname="visual-regression/design-consistency.spec.ts" time="0.004">
<failure message="design-consistency.spec.ts:59:9 Generate Seed Phrase - matches design baseline" type="FAILURE">
<![CDATA[  [ipad-pro] › visual-regression/design-consistency.spec.ts:59:9 › Visual Regression - Design Consistency › desktop (1280x720) › Generate Seed Phrase - matches design baseline 

    Error: browserType.launch: Executable doesn't exist at /home/codespace/.cache/ms-playwright/chromium_headless_shell-1194/chrome-linux/headless_shell
    ╔═════════════════════════════════════════════════════════════════════════╗
    ║ Looks like Playwright Test or Playwright was just installed or updated. ║
    ║ Please run the following command to download new browsers:              ║
    ║                                                                         ║
    ║     npx playwright install                                              ║
    ║                                                                         ║
    ║ <3 Playwright Team                                                      ║
    ╚═════════════════════════════════════════════════════════════════════════╝

    attachment #1: trace (application/zip) ─────────────────────────────────────────────────────────
    ../../test-results/visual-regression-design-c-f121d-e---matches-design-baseline-ipad-pro/trace.zip
    Usage:

        npx playwright show-trace ../../test-results/visual-regression-design-c-f121d-e---matches-design-baseline-ipad-pro/trace.zip

    ────────────────────────────────────────────────────────────────────────────────────────────────
]]>
</failure>
<system-out>
<![CDATA[
[[ATTACHMENT|visual-regression-design-c-f121d-e---matches-design-baseline-ipad-pro/trace.zip]]
]]>
</system-out>
</testcase>
<testcase name="Visual Regression - Design Consistency › desktop (1280x720) › Verify Seed Phrase - matches design baseline" classname="visual-regression/design-consistency.spec.ts" time="0.005">
<failure message="design-consistency.spec.ts:59:9 Verify Seed Phrase - matches design baseline" type="FAILURE">
<![CDATA[  [ipad-pro] › visual-regression/design-consistency.spec.ts:59:9 › Visual Regression - Design Consistency › desktop (1280x720) › Verify Seed Phrase - matches design baseline 

    Error: browserType.launch: Executable doesn't exist at /home/codespace/.cache/ms-playwright/chromium_headless_shell-1194/chrome-linux/headless_shell
    ╔═════════════════════════════════════════════════════════════════════════╗
    ║ Looks like Playwright Test or Playwright was just installed or updated. ║
    ║ Please run the following command to download new browsers:              ║
    ║                                                                         ║
    ║     npx playwright install                                              ║
    ║                                                                         ║
    ║ <3 Playwright Team                                                      ║
    ╚═════════════════════════════════════════════════════════════════════════╝

    attachment #1: trace (application/zip) ─────────────────────────────────────────────────────────
    ../../test-results/visual-regression-design-c-260c5-e---matches-design-baseline-ipad-pro/trace.zip
    Usage:

        npx playwright show-trace ../../test-results/visual-regression-design-c-260c5-e---matches-design-baseline-ipad-pro/trace.zip

    ────────────────────────────────────────────────────────────────────────────────────────────────
]]>
</failure>
<system-out>
<![CDATA[
[[ATTACHMENT|visual-regression-design-c-260c5-e---matches-design-baseline-ipad-pro/trace.zip]]
]]>
</system-out>
</testcase>
<testcase name="Visual Regression - Design Consistency › desktop (1280x720) › Set Passcode - matches design baseline" classname="visual-regression/design-consistency.spec.ts" time="0.004">
<failure message="design-consistency.spec.ts:59:9 Set Passcode - matches design baseline" type="FAILURE">
<![CDATA[  [ipad-pro] › visual-regression/design-consistency.spec.ts:59:9 › Visual Regression - Design Consistency › desktop (1280x720) › Set Passcode - matches design baseline 

    Error: browserType.launch: Executable doesn't exist at /home/codespace/.cache/ms-playwright/chromium_headless_shell-1194/chrome-linux/headless_shell
    ╔═════════════════════════════════════════════════════════════════════════╗
    ║ Looks like Playwright Test or Playwright was just installed or updated. ║
    ║ Please run the following command to download new browsers:              ║
    ║                                                                         ║
    ║     npx playwright install                                              ║
    ║                                                                         ║
    ║ <3 Playwright Team                                                      ║
    ╚═════════════════════════════════════════════════════════════════════════╝

    attachment #1: trace (application/zip) ─────────────────────────────────────────────────────────
    ../../test-results/visual-regression-design-c-bb489-e---matches-design-baseline-ipad-pro/trace.zip
    Usage:

        npx playwright show-trace ../../test-results/visual-regression-design-c-bb489-e---matches-design-baseline-ipad-pro/trace.zip

    ────────────────────────────────────────────────────────────────────────────────────────────────
]]>
</failure>
<system-out>
<![CDATA[
[[ATTACHMENT|visual-regression-design-c-bb489-e---matches-design-baseline-ipad-pro/trace.zip]]
]]>
</system-out>
</testcase>
<testcase name="Visual Regression - Design Consistency › desktop (1280x720) › Lock Page - matches design baseline" classname="visual-regression/design-consistency.spec.ts" time="0.004">
<failure message="design-consistency.spec.ts:59:9 Lock Page - matches design baseline" type="FAILURE">
<![CDATA[  [ipad-pro] › visual-regression/design-consistency.spec.ts:59:9 › Visual Regression - Design Consistency › desktop (1280x720) › Lock Page - matches design baseline 

    Error: browserType.launch: Executable doesn't exist at /home/codespace/.cache/ms-playwright/chromium_headless_shell-1194/chrome-linux/headless_shell
    ╔═════════════════════════════════════════════════════════════════════════╗
    ║ Looks like Playwright Test or Playwright was just installed or updated. ║
    ║ Please run the following command to download new browsers:              ║
    ║                                                                         ║
    ║     npx playwright install                                              ║
    ║                                                                         ║
    ║ <3 Playwright Team                                                      ║
    ╚═════════════════════════════════════════════════════════════════════════╝

    attachment #1: trace (application/zip) ─────────────────────────────────────────────────────────
    ../../test-results/visual-regression-design-c-3def2-e---matches-design-baseline-ipad-pro/trace.zip
    Usage:

        npx playwright show-trace ../../test-results/visual-regression-design-c-3def2-e---matches-design-baseline-ipad-pro/trace.zip

    ────────────────────────────────────────────────────────────────────────────────────────────────
]]>
</failure>
<system-out>
<![CDATA[
[[ATTACHMENT|visual-regression-design-c-3def2-e---matches-design-baseline-ipad-pro/trace.zip]]
]]>
</system-out>
</testcase>
<testcase name="Visual Regression - Design Consistency › desktop (1280x720) › Credentials - matches design baseline" classname="visual-regression/design-consistency.spec.ts" time="0.005">
<failure message="design-consistency.spec.ts:59:9 Credentials - matches design baseline" type="FAILURE">
<![CDATA[  [ipad-pro] › visual-regression/design-consistency.spec.ts:59:9 › Visual Regression - Design Consistency › desktop (1280x720) › Credentials - matches design baseline 

    Error: browserType.launch: Executable doesn't exist at /home/codespace/.cache/ms-playwright/chromium_headless_shell-1194/chrome-linux/headless_shell
    ╔═════════════════════════════════════════════════════════════════════════╗
    ║ Looks like Playwright Test or Playwright was just installed or updated. ║
    ║ Please run the following command to download new browsers:              ║
    ║                                                                         ║
    ║     npx playwright install                                              ║
    ║                                                                         ║
    ║ <3 Playwright Team                                                      ║
    ╚═════════════════════════════════════════════════════════════════════════╝

    attachment #1: trace (application/zip) ─────────────────────────────────────────────────────────
    ../../test-results/visual-regression-design-c-a3154-s---matches-design-baseline-ipad-pro/trace.zip
    Usage:

        npx playwright show-trace ../../test-results/visual-regression-design-c-a3154-s---matches-design-baseline-ipad-pro/trace.zip

    ────────────────────────────────────────────────────────────────────────────────────────────────
]]>
</failure>
<system-out>
<![CDATA[
[[ATTACHMENT|visual-regression-design-c-a3154-s---matches-design-baseline-ipad-pro/trace.zip]]
]]>
</system-out>
</testcase>
<testcase name="Visual Regression - Design Consistency › desktop (1280x720) › Identifiers - matches design baseline" classname="visual-regression/design-consistency.spec.ts" time="0.005">
<failure message="design-consistency.spec.ts:59:9 Identifiers - matches design baseline" type="FAILURE">
<![CDATA[  [ipad-pro] › visual-regression/design-consistency.spec.ts:59:9 › Visual Regression - Design Consistency › desktop (1280x720) › Identifiers - matches design baseline 

    Error: browserType.launch: Executable doesn't exist at /home/codespace/.cache/ms-playwright/chromium_headless_shell-1194/chrome-linux/headless_shell
    ╔═════════════════════════════════════════════════════════════════════════╗
    ║ Looks like Playwright Test or Playwright was just installed or updated. ║
    ║ Please run the following command to download new browsers:              ║
    ║                                                                         ║
    ║     npx playwright install                                              ║
    ║                                                                         ║
    ║ <3 Playwright Team                                                      ║
    ╚═════════════════════════════════════════════════════════════════════════╝

    attachment #1: trace (application/zip) ─────────────────────────────────────────────────────────
    ../../test-results/visual-regression-design-c-a0f25-s---matches-design-baseline-ipad-pro/trace.zip
    Usage:

        npx playwright show-trace ../../test-results/visual-regression-design-c-a0f25-s---matches-design-baseline-ipad-pro/trace.zip

    ────────────────────────────────────────────────────────────────────────────────────────────────
]]>
</failure>
<system-out>
<![CDATA[
[[ATTACHMENT|visual-regression-design-c-a0f25-s---matches-design-baseline-ipad-pro/trace.zip]]
]]>
</system-out>
</testcase>
<testcase name="Visual Regression - Design Consistency › desktop (1280x720) › Connections - matches design baseline" classname="visual-regression/design-consistency.spec.ts" time="0.004">
<failure message="design-consistency.spec.ts:59:9 Connections - matches design baseline" type="FAILURE">
<![CDATA[  [ipad-pro] › visual-regression/design-consistency.spec.ts:59:9 › Visual Regression - Design Consistency › desktop (1280x720) › Connections - matches design baseline 

    Error: browserType.launch: Executable doesn't exist at /home/codespace/.cache/ms-playwright/chromium_headless_shell-1194/chrome-linux/headless_shell
    ╔═════════════════════════════════════════════════════════════════════════╗
    ║ Looks like Playwright Test or Playwright was just installed or updated. ║
    ║ Please run the following command to download new browsers:              ║
    ║                                                                         ║
    ║     npx playwright install                                              ║
    ║                                                                         ║
    ║ <3 Playwright Team                                                      ║
    ╚═════════════════════════════════════════════════════════════════════════╝

    attachment #1: trace (application/zip) ─────────────────────────────────────────────────────────
    ../../test-results/visual-regression-design-c-5c14a-s---matches-design-baseline-ipad-pro/trace.zip
    Usage:

        npx playwright show-trace ../../test-results/visual-regression-design-c-5c14a-s---matches-design-baseline-ipad-pro/trace.zip

    ────────────────────────────────────────────────────────────────────────────────────────────────
]]>
</failure>
<system-out>
<![CDATA[
[[ATTACHMENT|visual-regression-design-c-5c14a-s---matches-design-baseline-ipad-pro/trace.zip]]
]]>
</system-out>
</testcase>
<testcase name="Visual Regression - Design Consistency › desktop (1280x720) › Notifications - matches design baseline" classname="visual-regression/design-consistency.spec.ts" time="0.004">
<failure message="design-consistency.spec.ts:59:9 Notifications - matches design baseline" type="FAILURE">
<![CDATA[  [ipad-pro] › visual-regression/design-consistency.spec.ts:59:9 › Visual Regression - Design Consistency › desktop (1280x720) › Notifications - matches design baseline 

    Error: browserType.launch: Executable doesn't exist at /home/codespace/.cache/ms-playwright/chromium_headless_shell-1194/chrome-linux/headless_shell
    ╔═════════════════════════════════════════════════════════════════════════╗
    ║ Looks like Playwright Test or Playwright was just installed or updated. ║
    ║ Please run the following command to download new browsers:              ║
    ║                                                                         ║
    ║     npx playwright install                                              ║
    ║                                                                         ║
    ║ <3 Playwright Team                                                      ║
    ╚═════════════════════════════════════════════════════════════════════════╝

    attachment #1: trace (application/zip) ─────────────────────────────────────────────────────────
    ../../test-results/visual-regression-design-c-85645-s---matches-design-baseline-ipad-pro/trace.zip
    Usage:

        npx playwright show-trace ../../test-results/visual-regression-design-c-85645-s---matches-design-baseline-ipad-pro/trace.zip

    ────────────────────────────────────────────────────────────────────────────────────────────────
]]>
</failure>
<system-out>
<![CDATA[
[[ATTACHMENT|visual-regression-design-c-85645-s---matches-design-baseline-ipad-pro/trace.zip]]
]]>
</system-out>
</testcase>
<testcase name="Visual Regression - Design Consistency › desktop (1280x720) › Menu - matches design baseline" classname="visual-regression/design-consistency.spec.ts" time="0.004">
<failure message="design-consistency.spec.ts:59:9 Menu - matches design baseline" type="FAILURE">
<![CDATA[  [ipad-pro] › visual-regression/design-consistency.spec.ts:59:9 › Visual Regression - Design Consistency › desktop (1280x720) › Menu - matches design baseline 

    Error: browserType.launch: Executable doesn't exist at /home/codespace/.cache/ms-playwright/chromium_headless_shell-1194/chrome-linux/headless_shell
    ╔═════════════════════════════════════════════════════════════════════════╗
    ║ Looks like Playwright Test or Playwright was just installed or updated. ║
    ║ Please run the following command to download new browsers:              ║
    ║                                                                         ║
    ║     npx playwright install                                              ║
    ║                                                                         ║
    ║ <3 Playwright Team                                                      ║
    ╚═════════════════════════════════════════════════════════════════════════╝

    attachment #1: trace (application/zip) ─────────────────────────────────────────────────────────
    ../../test-results/visual-regression-design-c-d565c-u---matches-design-baseline-ipad-pro/trace.zip
    Usage:

        npx playwright show-trace ../../test-results/visual-regression-design-c-d565c-u---matches-design-baseline-ipad-pro/trace.zip

    ────────────────────────────────────────────────────────────────────────────────────────────────
]]>
</failure>
<system-out>
<![CDATA[
[[ATTACHMENT|visual-regression-design-c-d565c-u---matches-design-baseline-ipad-pro/trace.zip]]
]]>
</system-out>
</testcase>
<testcase name="Visual Regression - Design Consistency › desktop (1280x720) › Scan - matches design baseline" classname="visual-regression/design-consistency.spec.ts" time="0.004">
<failure message="design-consistency.spec.ts:59:9 Scan - matches design baseline" type="FAILURE">
<![CDATA[  [ipad-pro] › visual-regression/design-consistency.spec.ts:59:9 › Visual Regression - Design Consistency › desktop (1280x720) › Scan - matches design baseline 

    Error: browserType.launch: Executable doesn't exist at /home/codespace/.cache/ms-playwright/chromium_headless_shell-1194/chrome-linux/headless_shell
    ╔═════════════════════════════════════════════════════════════════════════╗
    ║ Looks like Playwright Test or Playwright was just installed or updated. ║
    ║ Please run the following command to download new browsers:              ║
    ║                                                                         ║
    ║     npx playwright install                                              ║
    ║                                                                         ║
    ║ <3 Playwright Team                                                      ║
    ╚═════════════════════════════════════════════════════════════════════════╝

    attachment #1: trace (application/zip) ─────────────────────────────────────────────────────────
    ../../test-results/visual-regression-design-c-94db4-n---matches-design-baseline-ipad-pro/trace.zip
    Usage:

        npx playwright show-trace ../../test-results/visual-regression-design-c-94db4-n---matches-design-baseline-ipad-pro/trace.zip

    ────────────────────────────────────────────────────────────────────────────────────────────────
]]>
</failure>
<system-out>
<![CDATA[
[[ATTACHMENT|visual-regression-design-c-94db4-n---matches-design-baseline-ipad-pro/trace.zip]]
]]>
</system-out>
</testcase>
<testcase name="Component Consistency › Buttons have consistent styling" classname="visual-regression/design-consistency.spec.ts" time="0.004">
<failure message="design-consistency.spec.ts:86:3 Buttons have consistent styling" type="FAILURE">
<![CDATA[  [ipad-pro] › visual-regression/design-consistency.spec.ts:86:3 › Component Consistency › Buttons have consistent styling 

    Error: browserType.launch: Executable doesn't exist at /home/codespace/.cache/ms-playwright/chromium_headless_shell-1194/chrome-linux/headless_shell
    ╔═════════════════════════════════════════════════════════════════════════╗
    ║ Looks like Playwright Test or Playwright was just installed or updated. ║
    ║ Please run the following command to download new browsers:              ║
    ║                                                                         ║
    ║     npx playwright install                                              ║
    ║                                                                         ║
    ║ <3 Playwright Team                                                      ║
    ╚═════════════════════════════════════════════════════════════════════════╝

    attachment #1: trace (application/zip) ─────────────────────────────────────────────────────────
    ../../test-results/visual-regression-design-c-e16f1-ons-have-consistent-styling-ipad-pro/trace.zip
    Usage:

        npx playwright show-trace ../../test-results/visual-regression-design-c-e16f1-ons-have-consistent-styling-ipad-pro/trace.zip

    ────────────────────────────────────────────────────────────────────────────────────────────────
]]>
</failure>
<system-out>
<![CDATA[
[[ATTACHMENT|visual-regression-design-c-e16f1-ons-have-consistent-styling-ipad-pro/trace.zip]]
]]>
</system-out>
</testcase>
<testcase name="Component Consistency › Cards have consistent styling" classname="visual-regression/design-consistency.spec.ts" time="0.004">
<failure message="design-consistency.spec.ts:96:3 Cards have consistent styling" type="FAILURE">
<![CDATA[  [ipad-pro] › visual-regression/design-consistency.spec.ts:96:3 › Component Consistency › Cards have consistent styling 

    Error: browserType.launch: Executable doesn't exist at /home/codespace/.cache/ms-playwright/chromium_headless_shell-1194/chrome-linux/headless_shell
    ╔═════════════════════════════════════════════════════════════════════════╗
    ║ Looks like Playwright Test or Playwright was just installed or updated. ║
    ║ Please run the following command to download new browsers:              ║
    ║                                                                         ║
    ║     npx playwright install                                              ║
    ║                                                                         ║
    ║ <3 Playwright Team                                                      ║
    ╚═════════════════════════════════════════════════════════════════════════╝

    attachment #1: trace (application/zip) ─────────────────────────────────────────────────────────
    ../../test-results/visual-regression-design-c-103ee-rds-have-consistent-styling-ipad-pro/trace.zip
    Usage:

        npx playwright show-trace ../../test-results/visual-regression-design-c-103ee-rds-have-consistent-styling-ipad-pro/trace.zip

    ────────────────────────────────────────────────────────────────────────────────────────────────
]]>
</failure>
<system-out>
<![CDATA[
[[ATTACHMENT|visual-regression-design-c-103ee-rds-have-consistent-styling-ipad-pro/trace.zip]]
]]>
</system-out>
</testcase>
<testcase name="Component Consistency › Typography follows design tokens" classname="visual-regression/design-consistency.spec.ts" time="0.004">
<failure message="design-consistency.spec.ts:106:3 Typography follows design tokens" type="FAILURE">
<![CDATA[  [ipad-pro] › visual-regression/design-consistency.spec.ts:106:3 › Component Consistency › Typography follows design tokens 

    Error: browserType.launch: Executable doesn't exist at /home/codespace/.cache/ms-playwright/chromium_headless_shell-1194/chrome-linux/headless_shell
    ╔═════════════════════════════════════════════════════════════════════════╗
    ║ Looks like Playwright Test or Playwright was just installed or updated. ║
    ║ Please run the following command to download new browsers:              ║
    ║                                                                         ║
    ║     npx playwright install                                              ║
    ║                                                                         ║
    ║ <3 Playwright Team                                                      ║
    ╚═════════════════════════════════════════════════════════════════════════╝

    attachment #1: trace (application/zip) ─────────────────────────────────────────────────────────
    ../../test-results/visual-regression-design-c-f4ce6-raphy-follows-design-tokens-ipad-pro/trace.zip
    Usage:

        npx playwright show-trace ../../test-results/visual-regression-design-c-f4ce6-raphy-follows-design-tokens-ipad-pro/trace.zip

    ────────────────────────────────────────────────────────────────────────────────────────────────
]]>
</failure>
<system-out>
<![CDATA[
[[ATTACHMENT|visual-regression-design-c-f4ce6-raphy-follows-design-tokens-ipad-pro/trace.zip]]
]]>
</system-out>
</testcase>
<testcase name="Component Consistency › Spacing is consistent across pages" classname="visual-regression/design-consistency.spec.ts" time="0.004">
<failure message="design-consistency.spec.ts:118:3 Spacing is consistent across pages" type="FAILURE">
<![CDATA[  [ipad-pro] › visual-regression/design-consistency.spec.ts:118:3 › Component Consistency › Spacing is consistent across pages 

    Error: browserType.launch: Executable doesn't exist at /home/codespace/.cache/ms-playwright/chromium_headless_shell-1194/chrome-linux/headless_shell
    ╔═════════════════════════════════════════════════════════════════════════╗
    ║ Looks like Playwright Test or Playwright was just installed or updated. ║
    ║ Please run the following command to download new browsers:              ║
    ║                                                                         ║
    ║     npx playwright install                                              ║
    ║                                                                         ║
    ║ <3 Playwright Team                                                      ║
    ╚═════════════════════════════════════════════════════════════════════════╝

    attachment #1: trace (application/zip) ─────────────────────────────────────────────────────────
    ../../test-results/visual-regression-design-c-61b65--is-consistent-across-pages-ipad-pro/trace.zip
    Usage:

        npx playwright show-trace ../../test-results/visual-regression-design-c-61b65--is-consistent-across-pages-ipad-pro/trace.zip

    ────────────────────────────────────────────────────────────────────────────────────────────────
]]>
</failure>
<system-out>
<![CDATA[
[[ATTACHMENT|visual-regression-design-c-61b65--is-consistent-across-pages-ipad-pro/trace.zip]]
]]>
</system-out>
</testcase>
<testcase name="Component Consistency › Forms have consistent input styling" classname="visual-regression/design-consistency.spec.ts" time="0.004">
<failure message="design-consistency.spec.ts:136:3 Forms have consistent input styling" type="FAILURE">
<![CDATA[  [ipad-pro] › visual-regression/design-consistency.spec.ts:136:3 › Component Consistency › Forms have consistent input styling 

    Error: browserType.launch: Executable doesn't exist at /home/codespace/.cache/ms-playwright/chromium_headless_shell-1194/chrome-linux/headless_shell
    ╔═════════════════════════════════════════════════════════════════════════╗
    ║ Looks like Playwright Test or Playwright was just installed or updated. ║
    ║ Please run the following command to download new browsers:              ║
    ║                                                                         ║
    ║     npx playwright install                                              ║
    ║                                                                         ║
    ║ <3 Playwright Team                                                      ║
    ╚═════════════════════════════════════════════════════════════════════════╝

    attachment #1: trace (application/zip) ─────────────────────────────────────────────────────────
    ../../test-results/visual-regression-design-c-e6bd1-ve-consistent-input-styling-ipad-pro/trace.zip
    Usage:

        npx playwright show-trace ../../test-results/visual-regression-design-c-e6bd1-ve-consistent-input-styling-ipad-pro/trace.zip

    ────────────────────────────────────────────────────────────────────────────────────────────────
]]>
</failure>
<system-out>
<![CDATA[
[[ATTACHMENT|visual-regression-design-c-e6bd1-ve-consistent-input-styling-ipad-pro/trace.zip]]
]]>
</system-out>
</testcase>
<testcase name="Component Consistency › Colors follow design system" classname="visual-regression/design-consistency.spec.ts" time="0.004">
<failure message="design-consistency.spec.ts:150:3 Colors follow design system" type="FAILURE">
<![CDATA[  [ipad-pro] › visual-regression/design-consistency.spec.ts:150:3 › Component Consistency › Colors follow design system 

    Error: browserType.launch: Executable doesn't exist at /home/codespace/.cache/ms-playwright/chromium_headless_shell-1194/chrome-linux/headless_shell
    ╔═════════════════════════════════════════════════════════════════════════╗
    ║ Looks like Playwright Test or Playwright was just installed or updated. ║
    ║ Please run the following command to download new browsers:              ║
    ║                                                                         ║
    ║     npx playwright install                                              ║
    ║                                                                         ║
    ║ <3 Playwright Team                                                      ║
    ╚═════════════════════════════════════════════════════════════════════════╝

    attachment #1: trace (application/zip) ─────────────────────────────────────────────────────────
    ../../test-results/visual-regression-design-c-ca12e-Colors-follow-design-system-ipad-pro/trace.zip
    Usage:

        npx playwright show-trace ../../test-results/visual-regression-design-c-ca12e-Colors-follow-design-system-ipad-pro/trace.zip

    ────────────────────────────────────────────────────────────────────────────────────────────────
]]>
</failure>
<system-out>
<![CDATA[
[[ATTACHMENT|visual-regression-design-c-ca12e-Colors-follow-design-system-ipad-pro/trace.zip]]
]]>
</system-out>
</testcase>
<testcase name="Responsive Design Consistency › Mobile breakpoint applies correct styles" classname="visual-regression/design-consistency.spec.ts" time="0.004">
<failure message="design-consistency.spec.ts:171:3 Mobile breakpoint applies correct styles" type="FAILURE">
<![CDATA[  [ipad-pro] › visual-regression/design-consistency.spec.ts:171:3 › Responsive Design Consistency › Mobile breakpoint applies correct styles 

    Error: browserType.launch: Executable doesn't exist at /home/codespace/.cache/ms-playwright/chromium_headless_shell-1194/chrome-linux/headless_shell
    ╔═════════════════════════════════════════════════════════════════════════╗
    ║ Looks like Playwright Test or Playwright was just installed or updated. ║
    ║ Please run the following command to download new browsers:              ║
    ║                                                                         ║
    ║     npx playwright install                                              ║
    ║                                                                         ║
    ║ <3 Playwright Team                                                      ║
    ╚═════════════════════════════════════════════════════════════════════════╝

    attachment #1: trace (application/zip) ─────────────────────────────────────────────────────────
    ../../test-results/visual-regression-design-c-24055-oint-applies-correct-styles-ipad-pro/trace.zip
    Usage:

        npx playwright show-trace ../../test-results/visual-regression-design-c-24055-oint-applies-correct-styles-ipad-pro/trace.zip

    ────────────────────────────────────────────────────────────────────────────────────────────────
]]>
</failure>
<system-out>
<![CDATA[
[[ATTACHMENT|visual-regression-design-c-24055-oint-applies-correct-styles-ipad-pro/trace.zip]]
]]>
</system-out>
</testcase>
<testcase name="Responsive Design Consistency › Desktop breakpoint applies correct styles" classname="visual-regression/design-consistency.spec.ts" time="0.004">
<failure message="design-consistency.spec.ts:185:3 Desktop breakpoint applies correct styles" type="FAILURE">
<![CDATA[  [ipad-pro] › visual-regression/design-consistency.spec.ts:185:3 › Responsive Design Consistency › Desktop breakpoint applies correct styles 

    Error: browserType.launch: Executable doesn't exist at /home/codespace/.cache/ms-playwright/chromium_headless_shell-1194/chrome-linux/headless_shell
    ╔═════════════════════════════════════════════════════════════════════════╗
    ║ Looks like Playwright Test or Playwright was just installed or updated. ║
    ║ Please run the following command to download new browsers:              ║
    ║                                                                         ║
    ║     npx playwright install                                              ║
    ║                                                                         ║
    ║ <3 Playwright Team                                                      ║
    ╚═════════════════════════════════════════════════════════════════════════╝

    attachment #1: trace (application/zip) ─────────────────────────────────────────────────────────
    ../../test-results/visual-regression-design-c-facf6-oint-applies-correct-styles-ipad-pro/trace.zip
    Usage:

        npx playwright show-trace ../../test-results/visual-regression-design-c-facf6-oint-applies-correct-styles-ipad-pro/trace.zip

    ────────────────────────────────────────────────────────────────────────────────────────────────
]]>
</failure>
<system-out>
<![CDATA[
[[ATTACHMENT|visual-regression-design-c-facf6-oint-applies-correct-styles-ipad-pro/trace.zip]]
]]>
</system-out>
</testcase>
<testcase name="Responsive Design Consistency › Landscape orientation on mobile works correctly" classname="visual-regression/design-consistency.spec.ts" time="0.004">
<failure message="design-consistency.spec.ts:199:3 Landscape orientation on mobile works correctly" type="FAILURE">
<![CDATA[  [ipad-pro] › visual-regression/design-consistency.spec.ts:199:3 › Responsive Design Consistency › Landscape orientation on mobile works correctly 

    Error: browserType.launch: Executable doesn't exist at /home/codespace/.cache/ms-playwright/chromium_headless_shell-1194/chrome-linux/headless_shell
    ╔═════════════════════════════════════════════════════════════════════════╗
    ║ Looks like Playwright Test or Playwright was just installed or updated. ║
    ║ Please run the following command to download new browsers:              ║
    ║                                                                         ║
    ║     npx playwright install                                              ║
    ║                                                                         ║
    ║ <3 Playwright Team                                                      ║
    ╚═════════════════════════════════════════════════════════════════════════╝

    attachment #1: trace (application/zip) ─────────────────────────────────────────────────────────
    ../../test-results/visual-regression-design-c-adc76-n-on-mobile-works-correctly-ipad-pro/trace.zip
    Usage:

        npx playwright show-trace ../../test-results/visual-regression-design-c-adc76-n-on-mobile-works-correctly-ipad-pro/trace.zip

    ────────────────────────────────────────────────────────────────────────────────────────────────
]]>
</failure>
<system-out>
<![CDATA[
[[ATTACHMENT|visual-regression-design-c-adc76-n-on-mobile-works-correctly-ipad-pro/trace.zip]]
]]>
</system-out>
</testcase>
<testcase name="Animation Consistency › Hover effects are consistent" classname="visual-regression/design-consistency.spec.ts" time="0.004">
<failure message="design-consistency.spec.ts:211:3 Hover effects are consistent" type="FAILURE">
<![CDATA[  [ipad-pro] › visual-regression/design-consistency.spec.ts:211:3 › Animation Consistency › Hover effects are consistent 

    Error: browserType.launch: Executable doesn't exist at /home/codespace/.cache/ms-playwright/chromium_headless_shell-1194/chrome-linux/headless_shell
    ╔═════════════════════════════════════════════════════════════════════════╗
    ║ Looks like Playwright Test or Playwright was just installed or updated. ║
    ║ Please run the following command to download new browsers:              ║
    ║                                                                         ║
    ║     npx playwright install                                              ║
    ║                                                                         ║
    ║ <3 Playwright Team                                                      ║
    ╚═════════════════════════════════════════════════════════════════════════╝

    attachment #1: trace (application/zip) ─────────────────────────────────────────────────────────
    ../../test-results/visual-regression-design-c-911c2-over-effects-are-consistent-ipad-pro/trace.zip
    Usage:

        npx playwright show-trace ../../test-results/visual-regression-design-c-911c2-over-effects-are-consistent-ipad-pro/trace.zip

    ────────────────────────────────────────────────────────────────────────────────────────────────
]]>
</failure>
<system-out>
<![CDATA[
[[ATTACHMENT|visual-regression-design-c-911c2-over-effects-are-consistent-ipad-pro/trace.zip]]
]]>
</system-out>
</testcase>
<testcase name="Animation Consistency › Focus states are visible" classname="visual-regression/design-consistency.spec.ts" time="0.004">
<failure message="design-consistency.spec.ts:228:3 Focus states are visible" type="FAILURE">
<![CDATA[  [ipad-pro] › visual-regression/design-consistency.spec.ts:228:3 › Animation Consistency › Focus states are visible 

    Error: browserType.launch: Executable doesn't exist at /home/codespace/.cache/ms-playwright/chromium_headless_shell-1194/chrome-linux/headless_shell
    ╔═════════════════════════════════════════════════════════════════════════╗
    ║ Looks like Playwright Test or Playwright was just installed or updated. ║
    ║ Please run the following command to download new browsers:              ║
    ║                                                                         ║
    ║     npx playwright install                                              ║
    ║                                                                         ║
    ║ <3 Playwright Team                                                      ║
    ╚═════════════════════════════════════════════════════════════════════════╝

    attachment #1: trace (application/zip) ─────────────────────────────────────────────────────────
    ../../test-results/visual-regression-design-c-82925-cy-Focus-states-are-visible-ipad-pro/trace.zip
    Usage:

        npx playwright show-trace ../../test-results/visual-regression-design-c-82925-cy-Focus-states-are-visible-ipad-pro/trace.zip

    ────────────────────────────────────────────────────────────────────────────────────────────────
]]>
</failure>
<system-out>
<![CDATA[
[[ATTACHMENT|visual-regression-design-c-82925-cy-Focus-states-are-visible-ipad-pro/trace.zip]]
]]>
</system-out>
</testcase>
</testsuite>
</testsuites>